Log file open, 11/16/19 02:11:16
LogWindows: Failed to load 'aqProf.dll' (GetLastError=126)
LogWindows: File 'aqProf.dll' does not exist
LogWindows: Failed to load 'VtuneApi.dll' (GetLastError=126)
LogWindows: File 'VtuneApi.dll' does not exist
LogWindows: Failed to load 'VtuneApi32e.dll' (GetLastError=126)
LogWindows: File 'VtuneApi32e.dll' does not exist
LogConsoleResponse: Display: Failed to find resolution value strings in scalability ini. Falling back to default.
LogInit: Display: Running engine for game: TimeRush
LogPakFile: Registered encryption key '00000000000000000000000000000000': 0 pak files mounted, 0 remain pending
LogPlatformFile: Not using cached read wrapper
LogTaskGraph: Started task graph with 5 named threads and 23 total threads with 3 sets of task threads.
LogStats: Stats thread started at 0.334283
LogD3D11RHI: Loaded GFSDK_Aftermath_Lib.x64.dll
LogICUInternationalization: ICU TimeZone Detection - Raw Offset: +0:00, Platform Override: ''
LogPluginManager: Mounting plugin Paper2D
LogPluginManager: Mounting plugin AISupport
LogPluginManager: Mounting plugin LightPropagationVolume
LogPluginManager: Mounting plugin ActorLayerUtilities
LogPluginManager: Mounting plugin AnimationSharing
LogPluginManager: Mounting plugin CLionSourceCodeAccess
LogPluginManager: Mounting plugin CodeLiteSourceCodeAccess
LogPluginManager: Mounting plugin GitSourceControl
LogPluginManager: Mounting plugin KDevelopSourceCodeAccess
LogPluginManager: Mounting plugin NullSourceCodeAccess
LogPluginManager: Mounting plugin PerforceSourceControl
LogPluginManager: Mounting plugin SubversionSourceControl
LogPluginManager: Mounting plugin UObjectPlugin
LogPluginManager: Mounting plugin VisualStudioCodeSourceCodeAccess
LogPluginManager: Mounting plugin VisualStudioSourceCodeAccess
LogPluginManager: Mounting plugin XCodeSourceCodeAccess
LogPluginManager: Mounting plugin AssetManagerEditor
LogPluginManager: Mounting plugin CryptoKeys
LogPluginManager: Mounting plugin DataValidation
LogPluginManager: Mounting plugin FacialAnimation
LogPluginManager: Mounting plugin GameplayTagsEditor
LogPluginManager: Mounting plugin MacGraphicsSwitching
LogPluginManager: Mounting plugin MaterialAnalyzer
LogPluginManager: Mounting plugin MobileLauncherProfileWizard
LogPluginManager: Mounting plugin PluginBrowser
LogPluginManager: Mounting plugin SpeedTreeImporter
LogPluginManager: Mounting plugin DatasmithContent
LogPluginManager: Mounting plugin VariantManagerContent
LogPluginManager: Mounting plugin AlembicImporter
LogPluginManager: Mounting plugin AppleImageUtils
LogPluginManager: Mounting plugin AppleVision
LogPluginManager: Mounting plugin BackChannel
LogPluginManager: Mounting plugin CharacterAI
LogPluginManager: Mounting plugin GeometryCache
LogPluginManager: Mounting plugin HTML5Networking
LogPluginManager: Mounting plugin ProxyLODPlugin
LogPluginManager: Mounting plugin SkeletalReduction
LogPluginManager: Mounting plugin MagicLeap
LogPluginManager: Mounting plugin MagicLeapMedia
LogPluginManager: Mounting plugin AndroidMedia
LogPluginManager: Mounting plugin AvfMedia
LogPluginManager: Mounting plugin ImgMedia
LogPluginManager: Mounting plugin LinearTimecode
LogPluginManager: Mounting plugin MediaCompositing
LogPluginManager: Mounting plugin MediaPlayerEditor
LogPluginManager: Mounting plugin WebMMedia
LogPluginManager: Mounting plugin WmfMedia
LogPluginManager: Mounting plugin TcpMessaging
LogPluginManager: Mounting plugin UdpMessaging
LogPluginManager: Mounting plugin ActorSequence
LogPluginManager: Mounting plugin LevelSequenceEditor
LogPluginManager: Mounting plugin MatineeToLevelSequence
LogPluginManager: Mounting plugin NetcodeUnitTest
LogPluginManager: Mounting plugin NUTUnrealEngine4
LogPluginManager: Mounting plugin OnlineSubsystemGooglePlay
LogPluginManager: Mounting plugin OnlineSubsystemIOS
LogPluginManager: Mounting plugin OnlineSubsystem
LogPluginManager: Mounting plugin OnlineSubsystemNull
LogPluginManager: Mounting plugin OnlineSubsystemUtils
LogPluginManager: Mounting plugin LauncherChunkInstaller
LogPluginManager: Mounting plugin AndroidDeviceProfileSelector
LogPluginManager: Mounting plugin AndroidMoviePlayer
LogPluginManager: Mounting plugin AndroidPermission
LogPluginManager: Mounting plugin AppleMoviePlayer
LogPluginManager: Mounting plugin ArchVisCharacter
LogPluginManager: Mounting plugin AudioCapture
LogPluginManager: Mounting plugin CableComponent
LogPluginManager: Mounting plugin CustomMeshComponent
LogPluginManager: Mounting plugin EditableMesh
LogPluginManager: Mounting plugin ExampleDeviceProfileSelector
LogPluginManager: Mounting plugin Firebase
LogPluginManager: Mounting plugin GoogleCloudMessaging
LogPluginManager: Mounting plugin IOSDeviceProfileSelector
LogPluginManager: Mounting plugin LinuxDeviceProfileSelector
LogPluginManager: Mounting plugin LocationServicesBPLibrary
LogPluginManager: Mounting plugin MobilePatchingUtils
LogPluginManager: Mounting plugin OculusVR
LogPluginManager: Mounting plugin PhysXVehicles
LogPluginManager: Mounting plugin ProceduralMeshComponent
LogPluginManager: Mounting plugin RuntimePhysXCooking
LogPluginManager: Mounting plugin SignificanceManager
LogPluginManager: Mounting plugin SteamVR
LogPluginManager: Mounting plugin WebMMoviePlayer
LogPluginManager: Mounting plugin WindowsMoviePlayer
LogInit: Using libcurl 7.55.1-DEV
LogInit:  - built for x86_64-pc-win32
LogInit:  - supports SSL with OpenSSL/1.1.1
LogInit:  - supports HTTP deflate (compression) using libz 1.2.8
LogInit:  - other features:
LogInit:      CURL_VERSION_SSL
LogInit:      CURL_VERSION_LIBZ
LogInit:      CURL_VERSION_IPV6
LogInit:      CURL_VERSION_ASYNCHDNS
LogInit:      CURL_VERSION_LARGEFILE
LogInit:      CURL_VERSION_IDN
LogInit:  CurlRequestOptions (configurable via config and command line):
LogInit:  - bVerifyPeer = true  - Libcurl will verify peer certificate
LogInit:  - bUseHttpProxy = false  - Libcurl will NOT use HTTP proxy
LogInit:  - bDontReuseConnections = false  - Libcurl will reuse connections
LogInit:  - MaxHostConnections = 16  - Libcurl will limit the number of connections to a host
LogInit:  - LocalHostAddr = Default
LogInit:  - BufferSize = 65536
LogInit: WinSock: version 1.1 (2.2), MaxSocks=32767, MaxUdp=65467
LogInit: Build: ++UE4+Release-4.22-CL-7053642
LogInit: Engine Version: 4.22.3-7053642+++UE4+Release-4.22
LogInit: Compatible Engine Version: 4.22.0-5660361+++UE4+Release-4.22
LogInit: Net CL: 5660361
LogInit: OS: Windows 10 (Release 1809) (), CPU: Intel(R) Core(TM) i7-6700HQ CPU @ 2.60GHz, GPU: Intel(R) HD Graphics 530
LogInit: Compiled (64-bit): Jun 18 2019 03:09:11
LogInit: Compiled with Visual C++: 19.16.27025.01
LogInit: Build Configuration: Development
LogInit: Branch Name: ++UE4+Release-4.22
LogInit: Command Line:  /Game/Maps/Prototype -game -PIEVIACONSOLE -ResX=1280 -ResY=720 -Multiprocess -messaging -SessionName="Play in Standalone Game" -windowed
LogInit: Base Directory: D:/Games/UE_4.22/Engine/Binaries/Win64/
LogInit: Installed Engine Build: 1
LogDevObjectVersion: Number of dev versions registered: 23
LogDevObjectVersion:   Dev-Blueprints (B0D832E4-1F89-4F0D-ACCF-7EB736FD4AA2): 10
LogDevObjectVersion:   Dev-Build (E1C64328-A22C-4D53-A36C-8E866417BD8C): 0
LogDevObjectVersion:   Dev-Core (375EC13C-06E4-48FB-B500-84F0262A717E): 3
LogDevObjectVersion:   Dev-Editor (E4B068ED-F494-42E9-A231-DA0B2E46BB41): 30
LogDevObjectVersion:   Dev-Framework (CFFC743F-43B0-4480-9391-14DF171D2073): 35
LogDevObjectVersion:   Dev-Mobile (B02B49B5-BB20-44E9-A304-32B752E40360): 2
LogDevObjectVersion:   Dev-Networking (A4E4105C-59A1-49B5-A7C5-40C4547EDFEE): 0
LogDevObjectVersion:   Dev-Online (39C831C9-5AE6-47DC-9A44-9C173E1C8E7C): 0
LogDevObjectVersion:   Dev-Physics (78F01B33-EBEA-4F98-B9B4-84EACCB95AA2): 0
LogDevObjectVersion:   Dev-Platform (6631380F-2D4D-43E0-8009-CF276956A95A): 0
LogDevObjectVersion:   Dev-Rendering (12F88B9F-8875-4AFC-A67C-D90C383ABD29): 28
LogDevObjectVersion:   Dev-Sequencer (7B5AE74C-D270-4C10-A958-57980B212A5A): 11
LogDevObjectVersion:   Dev-VR (D7296918-1DD6-4BDD-9DE2-64A83CC13884): 2
LogDevObjectVersion:   Dev-LoadTimes (C2A15278-BFE7-4AFE-6C17-90FF531DF755): 1
LogDevObjectVersion:   Private-Geometry (6EACA3D4-40EC-4CC1-B786-8BED09428FC5): 3
LogDevObjectVersion:   Dev-AnimPhys (29E575DD-E0A3-4627-9D10-D276232CDCEA): 17
LogDevObjectVersion:   Dev-Anim (AF43A65D-7FD3-4947-9873-3E8ED9C1BB05): 2
LogDevObjectVersion:   Dev-ReflectionCapture (6B266CEC-1EC7-4B8F-A30B-E4D90942FC07): 1
LogDevObjectVersion:   Dev-Automation (0DF73D61-A23F-47EA-B727-89E90C41499A): 1
LogDevObjectVersion:   FortniteMain (601D1886-AC64-4F84-AA16-D3DE0DEAC7D6): 25
LogDevObjectVersion:   Dev-Enterprise (9DFFBCD6-494F-0158-E221-12823C92A888): 6
LogDevObjectVersion:   Dev-Niagara (F2AED0AC-9AFE-416F-8664-AA7FFA26D6FC): 1
LogDevObjectVersion:   Dev-Destruction (174F1F0B-B4C6-45A5-B13F-2EE8D0FB917D): 2
LogInit: Presizing for max 16777216 objects, including 0 objects not considered by GC, pre-allocating 0 bytes for permanent pool.
LogInit: Object subsystem initialized
LogConfig: Setting CVar [[con.DebugEarlyDefault:1]]
LogConfig: Setting CVar [[r.setres:1280x720]]
[2019.11.16-02.11.18:074][  0]LogConfig: Setting CVar [[con.DebugEarlyDefault:1]]
[2019.11.16-02.11.18:074][  0]LogConfig: Setting CVar [[r.setres:1280x720]]
[2019.11.16-02.11.18:074][  0]LogConfig: Applying CVar settings from Section [/Script/Engine.RendererSettings] File [D:/Universidade Europeia/GitHub/TimeRush/TimeRush/Saved/Config/Windows/Engine.ini]
[2019.11.16-02.11.18:074][  0]LogConfig: Setting CVar [[r.GPUCrashDebugging:0]]
[2019.11.16-02.11.18:074][  0]LogConfig: Setting CVar [[r.DefaultFeature.AutoExposure.ExtendDefaultLuminanceRange:1]]
[2019.11.16-02.11.18:074][  0]LogConfig: Applying CVar settings from Section [/Script/Engine.RendererOverrideSettings] File [D:/Universidade Europeia/GitHub/TimeRush/TimeRush/Saved/Config/Windows/Engine.ini]
[2019.11.16-02.11.18:074][  0]LogConfig: Applying CVar settings from Section [/Script/Engine.StreamingSettings] File [D:/Universidade Europeia/GitHub/TimeRush/TimeRush/Saved/Config/Windows/Engine.ini]
[2019.11.16-02.11.18:075][  0]LogConfig: Setting CVar [[s.MinBulkDataSizeForAsyncLoading:131072]]
[2019.11.16-02.11.18:075][  0]LogConfig: Setting CVar [[s.AsyncLoadingThreadEnabled:0]]
[2019.11.16-02.11.18:075][  0]LogConfig: Setting CVar [[s.EventDrivenLoaderEnabled:1]]
[2019.11.16-02.11.18:075][  0]LogConfig: Setting CVar [[s.WarnIfTimeLimitExceeded:0]]
[2019.11.16-02.11.18:075][  0]LogConfig: Setting CVar [[s.TimeLimitExceededMultiplier:1.5]]
[2019.11.16-02.11.18:075][  0]LogConfig: Setting CVar [[s.TimeLimitExceededMinTime:0.005]]
[2019.11.16-02.11.18:075][  0]LogConfig: Setting CVar [[s.UseBackgroundLevelStreaming:1]]
[2019.11.16-02.11.18:075][  0]LogConfig: Setting CVar [[s.PriorityAsyncLoadingExtraTime:15.0]]
[2019.11.16-02.11.18:075][  0]LogConfig: Setting CVar [[s.LevelStreamingActorsUpdateTimeLimit:5.0]]
[2019.11.16-02.11.18:075][  0]LogConfig: Setting CVar [[s.PriorityLevelStreamingActorsUpdateExtraTime:5.0]]
[2019.11.16-02.11.18:075][  0]LogConfig: Setting CVar [[s.LevelStreamingComponentsRegistrationGranularity:10]]
[2019.11.16-02.11.18:076][  0]LogConfig: Setting CVar [[s.UnregisterComponentsTimeLimit:1.0]]
[2019.11.16-02.11.18:076][  0]LogConfig: Setting CVar [[s.LevelStreamingComponentsUnregistrationGranularity:5]]
[2019.11.16-02.11.18:076][  0]LogConfig: Applying CVar settings from Section [/Script/Engine.GarbageCollectionSettings] File [D:/Universidade Europeia/GitHub/TimeRush/TimeRush/Saved/Config/Windows/Engine.ini]
[2019.11.16-02.11.18:076][  0]LogConfig: Setting CVar [[gc.MaxObjectsNotConsideredByGC:1]]
[2019.11.16-02.11.18:076][  0]LogConfig: Setting CVar [[gc.SizeOfPermanentObjectPool:0]]
[2019.11.16-02.11.18:076][  0]LogConfig: Setting CVar [[gc.FlushStreamingOnGC:0]]
[2019.11.16-02.11.18:076][  0]LogConfig: Setting CVar [[gc.NumRetriesBeforeForcingGC:10]]
[2019.11.16-02.11.18:076][  0]LogConfig: Setting CVar [[gc.AllowParallelGC:1]]
[2019.11.16-02.11.18:076][  0]LogConfig: Setting CVar [[gc.TimeBetweenPurgingPendingKillObjects:61.1]]
[2019.11.16-02.11.18:076][  0]LogConfig: Setting CVar [[gc.MaxObjectsInEditor:16777216]]
[2019.11.16-02.11.18:076][  0]LogConfig: Setting CVar [[gc.IncrementalBeginDestroyEnabled:1]]
[2019.11.16-02.11.18:076][  0]LogConfig: Setting CVar [[gc.CreateGCClusters:1]]
[2019.11.16-02.11.18:076][  0]LogConfig: Setting CVar [[gc.MinGCClusterSize:5]]
[2019.11.16-02.11.18:076][  0]LogConfig: Setting CVar [[gc.ActorClusteringEnabled:0]]
[2019.11.16-02.11.18:076][  0]LogConfig: Setting CVar [[gc.BlueprintClusteringEnabled:0]]
[2019.11.16-02.11.18:076][  0]LogConfig: Setting CVar [[gc.UseDisregardForGCOnDedicatedServers:0]]
[2019.11.16-02.11.18:076][  0]LogConfig: Applying CVar settings from Section [/Script/Engine.NetworkSettings] File [D:/Universidade Europeia/GitHub/TimeRush/TimeRush/Saved/Config/Windows/Engine.ini]
[2019.11.16-02.11.18:076][  0]LogConfig: Applying CVar settings from Section [/Script/UnrealEd.CookerSettings] File [D:/Universidade Europeia/GitHub/TimeRush/TimeRush/Saved/Config/Windows/Engine.ini]
[2019.11.16-02.11.18:081][  0]LogConfig: Applying CVar settings from Section [ViewDistanceQuality@3] File [D:/Universidade Europeia/GitHub/TimeRush/TimeRush/Saved/Config/Windows/Scalability.ini]
[2019.11.16-02.11.18:081][  0]LogConfig: Setting CVar [[r.SkeletalMeshLODBias:0]]
[2019.11.16-02.11.18:081][  0]LogConfig: Setting CVar [[r.ViewDistanceScale:1.0]]
[2019.11.16-02.11.18:081][  0]LogConfig: Applying CVar settings from Section [AntiAliasingQuality@3] File [D:/Universidade Europeia/GitHub/TimeRush/TimeRush/Saved/Config/Windows/Scalability.ini]
[2019.11.16-02.11.18:081][  0]LogConfig: Setting CVar [[r.PostProcessAAQuality:4]]
[2019.11.16-02.11.18:081][  0]LogConfig: Applying CVar settings from Section [ShadowQuality@3] File [D:/Universidade Europeia/GitHub/TimeRush/TimeRush/Saved/Config/Windows/Scalability.ini]
[2019.11.16-02.11.18:081][  0]LogConfig: Setting CVar [[r.LightFunctionQuality:1]]
[2019.11.16-02.11.18:081][  0]LogConfig: Setting CVar [[r.ShadowQuality:5]]
[2019.11.16-02.11.18:081][  0]LogConfig: Setting CVar [[r.Shadow.CSM.MaxCascades:10]]
[2019.11.16-02.11.18:081][  0]LogConfig: Setting CVar [[r.Shadow.MaxResolution:2048]]
[2019.11.16-02.11.18:081][  0]LogConfig: Setting CVar [[r.Shadow.MaxCSMResolution:2048]]
[2019.11.16-02.11.18:081][  0]LogConfig: Setting CVar [[r.Shadow.RadiusThreshold:0.01]]
[2019.11.16-02.11.18:081][  0]LogConfig: Setting CVar [[r.Shadow.DistanceScale:1.0]]
[2019.11.16-02.11.18:081][  0]LogConfig: Setting CVar [[r.Shadow.CSM.TransitionScale:1.0]]
[2019.11.16-02.11.18:081][  0]LogConfig: Setting CVar [[r.Shadow.PreShadowResolutionFactor:1.0]]
[2019.11.16-02.11.18:081][  0]LogConfig: Setting CVar [[r.DistanceFieldShadowing:1]]
[2019.11.16-02.11.18:081][  0]LogConfig: Setting CVar [[r.DistanceFieldAO:1]]
[2019.11.16-02.11.18:081][  0]LogConfig: Setting CVar [[r.AOQuality:2]]
[2019.11.16-02.11.18:081][  0]LogConfig: Setting CVar [[r.VolumetricFog:1]]
[2019.11.16-02.11.18:081][  0]LogConfig: Setting CVar [[r.VolumetricFog.GridPixelSize:8]]
[2019.11.16-02.11.18:081][  0]LogConfig: Setting CVar [[r.VolumetricFog.GridSizeZ:128]]
[2019.11.16-02.11.18:081][  0]LogConfig: Setting CVar [[r.VolumetricFog.HistoryMissSupersampleCount:4]]
[2019.11.16-02.11.18:081][  0]LogConfig: Setting CVar [[r.LightMaxDrawDistanceScale:1]]
[2019.11.16-02.11.18:081][  0]LogConfig: Setting CVar [[r.CapsuleShadows:1]]
[2019.11.16-02.11.18:081][  0]LogConfig: Applying CVar settings from Section [PostProcessQuality@3] File [D:/Universidade Europeia/GitHub/TimeRush/TimeRush/Saved/Config/Windows/Scalability.ini]
[2019.11.16-02.11.18:081][  0]LogConfig: Setting CVar [[r.MotionBlurQuality:4]]
[2019.11.16-02.11.18:082][  0]LogConfig: Setting CVar [[r.AmbientOcclusionMipLevelFactor:0.4]]
[2019.11.16-02.11.18:082][  0]LogConfig: Setting CVar [[r.AmbientOcclusionMaxQuality:100]]
[2019.11.16-02.11.18:082][  0]LogConfig: Setting CVar [[r.AmbientOcclusionLevels:-1]]
[2019.11.16-02.11.18:082][  0]LogConfig: Setting CVar [[r.AmbientOcclusionRadiusScale:1.0]]
[2019.11.16-02.11.18:082][  0]LogConfig: Setting CVar [[r.DepthOfFieldQuality:2]]
[2019.11.16-02.11.18:082][  0]LogConfig: Setting CVar [[r.RenderTargetPoolMin:400]]
[2019.11.16-02.11.18:082][  0]LogConfig: Setting CVar [[r.LensFlareQuality:2]]
[2019.11.16-02.11.18:082][  0]LogConfig: Setting CVar [[r.SceneColorFringeQuality:1]]
[2019.11.16-02.11.18:082][  0]LogConfig: Setting CVar [[r.EyeAdaptationQuality:2]]
[2019.11.16-02.11.18:082][  0]LogConfig: Setting CVar [[r.BloomQuality:5]]
[2019.11.16-02.11.18:082][  0]LogConfig: Setting CVar [[r.FastBlurThreshold:100]]
[2019.11.16-02.11.18:082][  0]LogConfig: Setting CVar [[r.Upscale.Quality:3]]
[2019.11.16-02.11.18:082][  0]LogConfig: Setting CVar [[r.Tonemapper.GrainQuantization:1]]
[2019.11.16-02.11.18:082][  0]LogConfig: Setting CVar [[r.LightShaftQuality:1]]
[2019.11.16-02.11.18:082][  0]LogConfig: Setting CVar [[r.Filter.SizeScale:1]]
[2019.11.16-02.11.18:082][  0]LogConfig: Setting CVar [[r.Tonemapper.Quality:5]]
[2019.11.16-02.11.18:082][  0]LogConfig: Setting CVar [[r.DOF.Gather.AccumulatorQuality:1        ; higher gathering accumulator quality]]
[2019.11.16-02.11.18:082][  0]LogConfig: Setting CVar [[r.DOF.Gather.PostfilterMethod:1          ; Median3x3 postfilering method]]
[2019.11.16-02.11.18:082][  0]LogConfig: Setting CVar [[r.DOF.Gather.EnableBokehSettings:0       ; no bokeh simulation when gathering]]
[2019.11.16-02.11.18:082][  0]LogConfig: Setting CVar [[r.DOF.Gather.RingCount:4                 ; medium number of samples when gathering]]
[2019.11.16-02.11.18:082][  0]LogConfig: Setting CVar [[r.DOF.Scatter.ForegroundCompositing:1    ; additive foreground scattering]]
[2019.11.16-02.11.18:082][  0]LogConfig: Setting CVar [[r.DOF.Scatter.BackgroundCompositing:2    ; additive background scattering]]
[2019.11.16-02.11.18:082][  0]LogConfig: Setting CVar [[r.DOF.Scatter.EnableBokehSettings:1      ; bokeh simulation when scattering]]
[2019.11.16-02.11.18:082][  0]LogConfig: Setting CVar [[r.DOF.Scatter.MaxSpriteRatio:0.1         ; only a maximum of 10% of scattered bokeh]]
[2019.11.16-02.11.18:082][  0]LogConfig: Setting CVar [[r.DOF.Recombine.Quality:1                ; cheap slight out of focus]]
[2019.11.16-02.11.18:082][  0]LogConfig: Setting CVar [[r.DOF.Recombine.EnableBokehSettings:0    ; no bokeh simulation on slight out of focus]]
[2019.11.16-02.11.18:082][  0]LogConfig: Setting CVar [[r.DOF.TemporalAAQuality:1                ; more stable temporal accumulation]]
[2019.11.16-02.11.18:082][  0]LogConfig: Setting CVar [[r.DOF.Kernel.MaxForegroundRadius:0.025]]
[2019.11.16-02.11.18:082][  0]LogConfig: Setting CVar [[r.DOF.Kernel.MaxBackgroundRadius:0.025]]
[2019.11.16-02.11.18:082][  0]LogConfig: Applying CVar settings from Section [TextureQuality@3] File [D:/Universidade Europeia/GitHub/TimeRush/TimeRush/Saved/Config/Windows/Scalability.ini]
[2019.11.16-02.11.18:083][  0]LogConfig: Setting CVar [[r.Streaming.MipBias:0]]
[2019.11.16-02.11.18:083][  0]LogConfig: Setting CVar [[r.Streaming.AmortizeCPUToGPUCopy:0]]
[2019.11.16-02.11.18:083][  0]LogConfig: Setting CVar [[r.Streaming.MaxNumTexturesToStreamPerFrame:0]]
[2019.11.16-02.11.18:083][  0]LogConfig: Setting CVar [[r.Streaming.Boost:1]]
[2019.11.16-02.11.18:083][  0]LogConfig: Setting CVar [[r.MaxAnisotropy:8]]
[2019.11.16-02.11.18:083][  0]LogConfig: Setting CVar [[r.Streaming.LimitPoolSizeToVRAM:0]]
[2019.11.16-02.11.18:083][  0]LogConfig: Setting CVar [[r.Streaming.PoolSize:1000]]
[2019.11.16-02.11.18:083][  0]LogConfig: Setting CVar [[r.Streaming.MaxEffectiveScreenSize:0]]
[2019.11.16-02.11.18:083][  0]LogConfig: Applying CVar settings from Section [EffectsQuality@3] File [D:/Universidade Europeia/GitHub/TimeRush/TimeRush/Saved/Config/Windows/Scalability.ini]
[2019.11.16-02.11.18:083][  0]LogConfig: Setting CVar [[r.TranslucencyLightingVolumeDim:64]]
[2019.11.16-02.11.18:083][  0]LogConfig: Setting CVar [[r.RefractionQuality:2]]
[2019.11.16-02.11.18:083][  0]LogConfig: Setting CVar [[r.SSR.Quality:3]]
[2019.11.16-02.11.18:083][  0]LogConfig: Setting CVar [[r.SceneColorFormat:4]]
[2019.11.16-02.11.18:083][  0]LogConfig: Setting CVar [[r.DetailMode:2]]
[2019.11.16-02.11.18:083][  0]LogConfig: Setting CVar [[r.TranslucencyVolumeBlur:1]]
[2019.11.16-02.11.18:083][  0]LogConfig: Setting CVar [[r.MaterialQualityLevel:1 ; High quality]]
[2019.11.16-02.11.18:083][  0]LogConfig: Setting CVar [[r.SSS.Scale:1]]
[2019.11.16-02.11.18:083][  0]LogConfig: Setting CVar [[r.SSS.SampleSet:2]]
[2019.11.16-02.11.18:083][  0]LogConfig: Setting CVar [[r.SSS.Quality:1]]
[2019.11.16-02.11.18:083][  0]LogConfig: Setting CVar [[r.SSS.HalfRes:1]]
[2019.11.16-02.11.18:083][  0]LogConfig: Setting CVar [[r.EmitterSpawnRateScale:1.0]]
[2019.11.16-02.11.18:083][  0]LogConfig: Setting CVar [[r.ParticleLightQuality:2]]
[2019.11.16-02.11.18:083][  0]LogConfig: Applying CVar settings from Section [FoliageQuality@3] File [D:/Universidade Europeia/GitHub/TimeRush/TimeRush/Saved/Config/Windows/Scalability.ini]
[2019.11.16-02.11.18:083][  0]LogConfig: Setting CVar [[foliage.DensityScale:1.0]]
[2019.11.16-02.11.18:083][  0]LogConfig: Setting CVar [[grass.DensityScale:1.0]]
[2019.11.16-02.11.18:084][  0]LogInit: Selected Device Profile: [Windows]
[2019.11.16-02.11.18:084][  0]LogInit: Applying CVar settings loaded from the selected device profile: [Windows]
[2019.11.16-02.11.18:102][  0]LogHAL: Display: Platform has ~ 16 GB [17073463296 / 17179869184 / 16], which maps to Larger [LargestMinGB=32, LargerMinGB=12, DefaultMinGB=8, SmallerMinGB=6, SmallestMinGB=0)
[2019.11.16-02.11.18:102][  0]LogConfig: Setting CVar [[r.Vulkan.UseRealUBs:0		; Required until we fix HLR fall-out]]
[2019.11.16-02.11.18:102][  0]LogInit: Going up to parent DeviceProfile []
[2019.11.16-02.11.18:102][  0]LogConfig: Applying CVar settings from Section [ViewDistanceQuality@3] File [D:/Universidade Europeia/GitHub/TimeRush/TimeRush/Saved/Config/Windows/Scalability.ini]
[2019.11.16-02.11.18:102][  0]LogConfig: Setting CVar [[r.SkeletalMeshLODBias:0]]
[2019.11.16-02.11.18:102][  0]LogConfig: Setting CVar [[r.ViewDistanceScale:1.0]]
[2019.11.16-02.11.18:102][  0]LogConfig: Applying CVar settings from Section [AntiAliasingQuality@3] File [D:/Universidade Europeia/GitHub/TimeRush/TimeRush/Saved/Config/Windows/Scalability.ini]
[2019.11.16-02.11.18:102][  0]LogConfig: Setting CVar [[r.PostProcessAAQuality:4]]
[2019.11.16-02.11.18:102][  0]LogConfig: Applying CVar settings from Section [ShadowQuality@3] File [D:/Universidade Europeia/GitHub/TimeRush/TimeRush/Saved/Config/Windows/Scalability.ini]
[2019.11.16-02.11.18:102][  0]LogConfig: Setting CVar [[r.LightFunctionQuality:1]]
[2019.11.16-02.11.18:102][  0]LogConfig: Setting CVar [[r.ShadowQuality:5]]
[2019.11.16-02.11.18:102][  0]LogConfig: Setting CVar [[r.Shadow.CSM.MaxCascades:10]]
[2019.11.16-02.11.18:102][  0]LogConfig: Setting CVar [[r.Shadow.MaxResolution:2048]]
[2019.11.16-02.11.18:102][  0]LogConfig: Setting CVar [[r.Shadow.MaxCSMResolution:2048]]
[2019.11.16-02.11.18:102][  0]LogConfig: Setting CVar [[r.Shadow.RadiusThreshold:0.01]]
[2019.11.16-02.11.18:102][  0]LogConfig: Setting CVar [[r.Shadow.DistanceScale:1.0]]
[2019.11.16-02.11.18:102][  0]LogConfig: Setting CVar [[r.Shadow.CSM.TransitionScale:1.0]]
[2019.11.16-02.11.18:102][  0]LogConfig: Setting CVar [[r.Shadow.PreShadowResolutionFactor:1.0]]
[2019.11.16-02.11.18:102][  0]LogConfig: Setting CVar [[r.DistanceFieldShadowing:1]]
[2019.11.16-02.11.18:102][  0]LogConfig: Setting CVar [[r.DistanceFieldAO:1]]
[2019.11.16-02.11.18:102][  0]LogConfig: Setting CVar [[r.AOQuality:2]]
[2019.11.16-02.11.18:102][  0]LogConfig: Setting CVar [[r.VolumetricFog:1]]
[2019.11.16-02.11.18:102][  0]LogConfig: Setting CVar [[r.VolumetricFog.GridPixelSize:8]]
[2019.11.16-02.11.18:102][  0]LogConfig: Setting CVar [[r.VolumetricFog.GridSizeZ:128]]
[2019.11.16-02.11.18:102][  0]LogConfig: Setting CVar [[r.VolumetricFog.HistoryMissSupersampleCount:4]]
[2019.11.16-02.11.18:102][  0]LogConfig: Setting CVar [[r.LightMaxDrawDistanceScale:1]]
[2019.11.16-02.11.18:103][  0]LogConfig: Setting CVar [[r.CapsuleShadows:1]]
[2019.11.16-02.11.18:103][  0]LogConfig: Applying CVar settings from Section [PostProcessQuality@3] File [D:/Universidade Europeia/GitHub/TimeRush/TimeRush/Saved/Config/Windows/Scalability.ini]
[2019.11.16-02.11.18:103][  0]LogConfig: Setting CVar [[r.MotionBlurQuality:4]]
[2019.11.16-02.11.18:103][  0]LogConfig: Setting CVar [[r.AmbientOcclusionMipLevelFactor:0.4]]
[2019.11.16-02.11.18:103][  0]LogConfig: Setting CVar [[r.AmbientOcclusionMaxQuality:100]]
[2019.11.16-02.11.18:103][  0]LogConfig: Setting CVar [[r.AmbientOcclusionLevels:-1]]
[2019.11.16-02.11.18:103][  0]LogConfig: Setting CVar [[r.AmbientOcclusionRadiusScale:1.0]]
[2019.11.16-02.11.18:103][  0]LogConfig: Setting CVar [[r.DepthOfFieldQuality:2]]
[2019.11.16-02.11.18:103][  0]LogConfig: Setting CVar [[r.RenderTargetPoolMin:400]]
[2019.11.16-02.11.18:103][  0]LogConfig: Setting CVar [[r.LensFlareQuality:2]]
[2019.11.16-02.11.18:103][  0]LogConfig: Setting CVar [[r.SceneColorFringeQuality:1]]
[2019.11.16-02.11.18:103][  0]LogConfig: Setting CVar [[r.EyeAdaptationQuality:2]]
[2019.11.16-02.11.18:103][  0]LogConfig: Setting CVar [[r.BloomQuality:5]]
[2019.11.16-02.11.18:103][  0]LogConfig: Setting CVar [[r.FastBlurThreshold:100]]
[2019.11.16-02.11.18:103][  0]LogConfig: Setting CVar [[r.Upscale.Quality:3]]
[2019.11.16-02.11.18:103][  0]LogConfig: Setting CVar [[r.Tonemapper.GrainQuantization:1]]
[2019.11.16-02.11.18:103][  0]LogConfig: Setting CVar [[r.LightShaftQuality:1]]
[2019.11.16-02.11.18:103][  0]LogConfig: Setting CVar [[r.Filter.SizeScale:1]]
[2019.11.16-02.11.18:103][  0]LogConfig: Setting CVar [[r.Tonemapper.Quality:5]]
[2019.11.16-02.11.18:103][  0]LogConfig: Setting CVar [[r.DOF.Gather.AccumulatorQuality:1        ; higher gathering accumulator quality]]
[2019.11.16-02.11.18:103][  0]LogConfig: Setting CVar [[r.DOF.Gather.PostfilterMethod:1          ; Median3x3 postfilering method]]
[2019.11.16-02.11.18:103][  0]LogConfig: Setting CVar [[r.DOF.Gather.EnableBokehSettings:0       ; no bokeh simulation when gathering]]
[2019.11.16-02.11.18:103][  0]LogConfig: Setting CVar [[r.DOF.Gather.RingCount:4                 ; medium number of samples when gathering]]
[2019.11.16-02.11.18:104][  0]LogConfig: Setting CVar [[r.DOF.Scatter.ForegroundCompositing:1    ; additive foreground scattering]]
[2019.11.16-02.11.18:104][  0]LogConfig: Setting CVar [[r.DOF.Scatter.BackgroundCompositing:2    ; additive background scattering]]
[2019.11.16-02.11.18:104][  0]LogConfig: Setting CVar [[r.DOF.Scatter.EnableBokehSettings:1      ; bokeh simulation when scattering]]
[2019.11.16-02.11.18:104][  0]LogConfig: Setting CVar [[r.DOF.Scatter.MaxSpriteRatio:0.1         ; only a maximum of 10% of scattered bokeh]]
[2019.11.16-02.11.18:104][  0]LogConfig: Setting CVar [[r.DOF.Recombine.Quality:1                ; cheap slight out of focus]]
[2019.11.16-02.11.18:104][  0]LogConfig: Setting CVar [[r.DOF.Recombine.EnableBokehSettings:0    ; no bokeh simulation on slight out of focus]]
[2019.11.16-02.11.18:104][  0]LogConfig: Setting CVar [[r.DOF.TemporalAAQuality:1                ; more stable temporal accumulation]]
[2019.11.16-02.11.18:104][  0]LogConfig: Setting CVar [[r.DOF.Kernel.MaxForegroundRadius:0.025]]
[2019.11.16-02.11.18:104][  0]LogConfig: Setting CVar [[r.DOF.Kernel.MaxBackgroundRadius:0.025]]
[2019.11.16-02.11.18:104][  0]LogConfig: Applying CVar settings from Section [TextureQuality@3] File [D:/Universidade Europeia/GitHub/TimeRush/TimeRush/Saved/Config/Windows/Scalability.ini]
[2019.11.16-02.11.18:104][  0]LogConfig: Setting CVar [[r.Streaming.MipBias:0]]
[2019.11.16-02.11.18:104][  0]LogConfig: Setting CVar [[r.Streaming.AmortizeCPUToGPUCopy:0]]
[2019.11.16-02.11.18:104][  0]LogConfig: Setting CVar [[r.Streaming.MaxNumTexturesToStreamPerFrame:0]]
[2019.11.16-02.11.18:104][  0]LogConfig: Setting CVar [[r.Streaming.Boost:1]]
[2019.11.16-02.11.18:104][  0]LogConfig: Setting CVar [[r.MaxAnisotropy:8]]
[2019.11.16-02.11.18:104][  0]LogConfig: Setting CVar [[r.Streaming.LimitPoolSizeToVRAM:0]]
[2019.11.16-02.11.18:104][  0]LogConfig: Setting CVar [[r.Streaming.PoolSize:1000]]
[2019.11.16-02.11.18:104][  0]LogConfig: Setting CVar [[r.Streaming.MaxEffectiveScreenSize:0]]
[2019.11.16-02.11.18:104][  0]LogConfig: Applying CVar settings from Section [EffectsQuality@3] File [D:/Universidade Europeia/GitHub/TimeRush/TimeRush/Saved/Config/Windows/Scalability.ini]
[2019.11.16-02.11.18:104][  0]LogConfig: Setting CVar [[r.TranslucencyLightingVolumeDim:64]]
[2019.11.16-02.11.18:104][  0]LogConfig: Setting CVar [[r.RefractionQuality:2]]
[2019.11.16-02.11.18:104][  0]LogConfig: Setting CVar [[r.SSR.Quality:3]]
[2019.11.16-02.11.18:104][  0]LogConfig: Setting CVar [[r.SceneColorFormat:4]]
[2019.11.16-02.11.18:104][  0]LogConfig: Setting CVar [[r.DetailMode:2]]
[2019.11.16-02.11.18:104][  0]LogConfig: Setting CVar [[r.TranslucencyVolumeBlur:1]]
[2019.11.16-02.11.18:105][  0]LogConfig: Setting CVar [[r.MaterialQualityLevel:1 ; High quality]]
[2019.11.16-02.11.18:105][  0]LogConfig: Setting CVar [[r.SSS.Scale:1]]
[2019.11.16-02.11.18:105][  0]LogConfig: Setting CVar [[r.SSS.SampleSet:2]]
[2019.11.16-02.11.18:105][  0]LogConfig: Setting CVar [[r.SSS.Quality:1]]
[2019.11.16-02.11.18:105][  0]LogConfig: Setting CVar [[r.SSS.HalfRes:1]]
[2019.11.16-02.11.18:105][  0]LogConfig: Setting CVar [[r.EmitterSpawnRateScale:1.0]]
[2019.11.16-02.11.18:105][  0]LogConfig: Setting CVar [[r.ParticleLightQuality:2]]
[2019.11.16-02.11.18:105][  0]LogConfig: Applying CVar settings from Section [FoliageQuality@3] File [D:/Universidade Europeia/GitHub/TimeRush/TimeRush/Saved/Config/Windows/Scalability.ini]
[2019.11.16-02.11.18:105][  0]LogConfig: Setting CVar [[foliage.DensityScale:1.0]]
[2019.11.16-02.11.18:105][  0]LogConfig: Setting CVar [[grass.DensityScale:1.0]]
[2019.11.16-02.11.18:105][  0]LogConfig: Applying CVar settings from Section [Startup] File [../../../Engine/Config/ConsoleVariables.ini]
[2019.11.16-02.11.18:106][  0]LogConfig: Setting CVar [[net.UseAdaptiveNetUpdateFrequency:0]]
[2019.11.16-02.11.18:106][  0]LogConfig: Setting CVar [[p.chaos.AllowCreatePhysxBodies:1]]
[2019.11.16-02.11.18:106][  0]LogConfig: Applying CVar settings from Section [ConsoleVariables] File [D:/Universidade Europeia/GitHub/TimeRush/TimeRush/Saved/Config/Windows/Engine.ini]
[2019.11.16-02.11.18:106][  0]LogInit: Computer: DESKTOP-P7E93EO
[2019.11.16-02.11.18:106][  0]LogInit: User: riZ
[2019.11.16-02.11.18:106][  0]LogInit: CPU Page size=4096, Cores=4
[2019.11.16-02.11.18:106][  0]LogInit: High frequency timer resolution =10.000000 MHz
[2019.11.16-02.11.18:107][  0]LogMemory: Memory total: Physical=15.9GB (16GB approx)
[2019.11.16-02.11.18:107][  0]LogMemory: Platform Memory Stats for Windows
[2019.11.16-02.11.18:107][  0]LogMemory: Process Physical Memory: 98.43 MB used, 98.44 MB peak
[2019.11.16-02.11.18:107][  0]LogMemory: Process Virtual Memory: 93.01 MB used, 93.01 MB peak
[2019.11.16-02.11.18:107][  0]LogMemory: Physical Memory: 12729.86 MB used,  3552.67 MB free, 16282.52 MB total
[2019.11.16-02.11.18:107][  0]LogMemory: Virtual Memory: 4647.12 MB used,  134213080.00 MB free, 134217728.00 MB total
[2019.11.16-02.11.18:454][  0]LogInit: Using OS detected language (en-US).
[2019.11.16-02.11.18:454][  0]LogInit: Using OS detected locale (en-US).
[2019.11.16-02.11.18:457][  0]LogTextLocalizationManager: No specific localization for 'en-US' exists, so the 'en' localization will be used.
[2019.11.16-02.11.19:277][  0]LogSlate: New Slate User Created.  User Index 0, Is Virtual User: 0
[2019.11.16-02.11.19:277][  0]LogSlate: Slate User Registered.  User Index 0, Is Virtual User: 0
[2019.11.16-02.11.19:386][  0]LogHMD: Failed to initialize OpenVR with code 110
[2019.11.16-02.11.19:386][  0]LogD3D11RHI: D3D11 adapters:
[2019.11.16-02.11.19:525][  0]LogD3D11RHI:    0. 'NVIDIA GeForce GTX 960M' (Feature Level 11_0)
[2019.11.16-02.11.19:525][  0]LogD3D11RHI:       2010/0/8141 MB DedicatedVideo/DedicatedSystem/SharedSystem, Outputs:1, VendorId:0x10de
[2019.11.16-02.11.19:541][  0]LogD3D11RHI:    1. 'Intel(R) HD Graphics 530' (Feature Level 11_0)
[2019.11.16-02.11.19:541][  0]LogD3D11RHI:       128/0/8141 MB DedicatedVideo/DedicatedSystem/SharedSystem, Outputs:0, VendorId:0x8086
[2019.11.16-02.11.19:545][  0]LogD3D11RHI:    2. 'Microsoft Basic Render Driver' (Feature Level 11_0)
[2019.11.16-02.11.19:545][  0]LogD3D11RHI:       0/0/8141 MB DedicatedVideo/DedicatedSystem/SharedSystem, Outputs:0, VendorId:0x1414
[2019.11.16-02.11.19:545][  0]LogD3D11RHI: Chosen D3D11 Adapter: 0
[2019.11.16-02.11.19:596][  0]LogD3D11RHI: Creating new Direct3DDevice
[2019.11.16-02.11.19:596][  0]LogD3D11RHI:     GPU DeviceId: 0x139b (for the marketing name, search the web for "GPU Device Id")
[2019.11.16-02.11.19:596][  0]LogWindows: EnumDisplayDevices:
[2019.11.16-02.11.19:597][  0]LogWindows:    0. 'Intel(R) HD Graphics 530' (P:1 D:1)
[2019.11.16-02.11.19:597][  0]LogWindows:    1. 'Intel(R) HD Graphics 530' (P:0 D:0)
[2019.11.16-02.11.19:598][  0]LogWindows:    2. 'Intel(R) HD Graphics 530' (P:0 D:0)
[2019.11.16-02.11.19:598][  0]LogWindows: DebugString: PrimaryIsNotTheChoosenAdapter PrimaryIsNotTheChoosenAdapter PrimaryIsNotTheChoosenAdapter FoundDriverCount:0 
[2019.11.16-02.11.19:598][  0]LogD3D11RHI:     Adapter Name: NVIDIA GeForce GTX 960M
[2019.11.16-02.11.19:598][  0]LogD3D11RHI:   Driver Version: Unknown (internal:Unknown, unified:Unknown)
[2019.11.16-02.11.19:598][  0]LogD3D11RHI:      Driver Date: Unknown
[2019.11.16-02.11.19:598][  0]LogRHI: Texture pool is 1407 MB (70% of 2010 MB)
[2019.11.16-02.11.19:656][  0]LogD3D11RHI: Async texture creation enabled
[2019.11.16-02.11.19:661][  0]LogRendererCore: FGlobalReadBuffer::InitRHI
[2019.11.16-02.11.19:661][  0]LogRendererCore: FGlobalReadBuffer::InitRHI
[2019.11.16-02.11.19:661][  0]LogRendererCore: FGlobalReadBuffer::InitRHI
[2019.11.16-02.11.19:670][  0]LogD3D11RHI: GPU Timing Frequency: 1000.000000 (Debug: 2 1)
[2019.11.16-02.11.20:309][  0]LogTemp: Display: Module 'WindowsClientTargetPlatform' loaded TargetPlatform 'WindowsClient'
[2019.11.16-02.11.20:398][  0]LogTemp: Display: Module 'WindowsNoEditorTargetPlatform' loaded TargetPlatform 'WindowsNoEditor'
[2019.11.16-02.11.20:428][  0]LogTemp: Display: Module 'WindowsServerTargetPlatform' loaded TargetPlatform 'WindowsServer'
[2019.11.16-02.11.20:440][  0]LogTemp: Display: Module 'WindowsTargetPlatform' loaded TargetPlatform 'Windows'
[2019.11.16-02.11.20:440][  0]LogTargetPlatformManager: Display: Building Assets For Windows
[2019.11.16-02.11.20:563][  0]LogAudioDebug: Display: Lib vorbis DLL was dynamically loaded.
[2019.11.16-02.11.20:953][  0]LogShaderCompilers: Guid format shader working directory is -15 characters bigger than the processId version (../../../../../Universidade Europeia/GitHub/TimeRush/TimeRush/Intermediate/Shaders/WorkingDirectory/1832/).
[2019.11.16-02.11.20:953][  0]LogShaderCompilers: Cleaned the shader compiler working directory 'C:/Users/2011j/AppData/Local/Temp/UnrealShaderWorkingDir/E8E7FC8B4B66966524739CA7AEAF0E32/'.
[2019.11.16-02.11.20:974][  0]LogXGEController: Cannot use XGE Controller as Incredibuild is not installed on this machine.
[2019.11.16-02.11.20:974][  0]LogShaderCompilers: Cannot use XGE Shader Compiler as Incredibuild is not installed on this machine.
[2019.11.16-02.11.20:974][  0]LogShaderCompilers: Display: Using Local Shader Compiler.
[2019.11.16-02.11.22:060][  0]LogDerivedDataCache: Display: Max Cache Size: 512 MB
[2019.11.16-02.11.22:578][  0]LogDerivedDataCache: Loaded boot cache 0.51s 71MB C:/Users/2011j/AppData/Local/UnrealEngine/4.22/DerivedDataCache/Boot.ddc.
[2019.11.16-02.11.22:578][  0]LogDerivedDataCache: Display: Loaded Boot cache: C:/Users/2011j/AppData/Local/UnrealEngine/4.22/DerivedDataCache/Boot.ddc
[2019.11.16-02.11.22:578][  0]LogDerivedDataCache: FDerivedDataBackendGraph:  Pak pak cache file ../../../../../Universidade Europeia/GitHub/TimeRush/TimeRush/DerivedDataCache/DDC.ddp not found, will not use a pak cache.
[2019.11.16-02.11.22:578][  0]LogDerivedDataCache: Unable to find inner node Pak for hierarchical cache Hierarchy.
[2019.11.16-02.11.22:578][  0]LogDerivedDataCache: FDerivedDataBackendGraph:  CompressedPak pak cache file ../../../../../Universidade Europeia/GitHub/TimeRush/TimeRush/DerivedDataCache/Compressed.ddp not found, will not use a pak cache.
[2019.11.16-02.11.22:578][  0]LogDerivedDataCache: Unable to find inner node CompressedPak for hierarchical cache Hierarchy.
[2019.11.16-02.11.22:597][  0]LogDerivedDataCache: Display: Pak cache opened for reading ../../../Engine/DerivedDataCache/Compressed.ddp.
[2019.11.16-02.11.22:597][  0]LogDerivedDataCache: FDerivedDataBackendGraph:  EnterprisePak pak cache file ../../../Enterprise/DerivedDataCache/Compressed.ddp not found, will not use a pak cache.
[2019.11.16-02.11.22:597][  0]LogDerivedDataCache: Unable to find inner node EnterprisePak for hierarchical cache Hierarchy.
[2019.11.16-02.11.22:610][  0]LogDerivedDataCache: Using Local data cache path C:/Users/2011j/AppData/Local/UnrealEngine/Common/DerivedDataCache: Writable
[2019.11.16-02.11.22:610][  0]LogDerivedDataCache: Shared data cache path not found in *engine.ini, will not use an Shared cache.
[2019.11.16-02.11.22:610][  0]LogDerivedDataCache: Unable to find inner node Shared for hierarchical cache Hierarchy.
[2019.11.16-02.11.22:651][  0]LogMaterial: Verifying Global Shaders for PCD3D_SM5
[2019.11.16-02.11.22:713][  0]LogSlate: Using FreeType 2.6.0
[2019.11.16-02.11.22:755][  0]LogSlate: SlateFontServices - WITH_FREETYPE: 1, WITH_HARFBUZZ: 1
[2019.11.16-02.11.23:405][  0]LogInit: Using OS detected language (en-US).
[2019.11.16-02.11.23:405][  0]LogInit: Using OS detected locale (en-US).
[2019.11.16-02.11.23:405][  0]LogTextLocalizationManager: No localization for 'en-US' exists, so 'en' will be used for the language.
[2019.11.16-02.11.23:405][  0]LogTextLocalizationManager: No localization for 'en-US' exists, so 'en' will be used for the locale.
[2019.11.16-02.11.23:405][  0]LogSlate: FontCache flush requested. Reason: Culture for localization was changed
[2019.11.16-02.11.23:405][  0]LogSlate: FontCache flush requested. Reason: Culture for localization was changed
[2019.11.16-02.11.23:415][  0]LogTextLocalizationManager: Compacting localization data took   0.01ms
[2019.11.16-02.11.23:443][  0]LogAssetRegistry: FAssetRegistry took 0.0063 seconds to start up
[2019.11.16-02.11.24:031][  0]LogPackageLocalizationCache: Processed 10 localized package path(s) for 1 prioritized culture(s) in 0.000938 seconds
[2019.11.16-02.11.24:314][  0]LogInit: Selected Device Profile: [Windows]
[2019.11.16-02.11.24:877][  0]LogMeshReduction: Using QuadricMeshReduction for automatic static mesh reduction
[2019.11.16-02.11.24:877][  0]LogMeshReduction: Using SimplygonMeshReduction for automatic skeletal mesh reduction
[2019.11.16-02.11.24:877][  0]LogMeshReduction: Using ProxyLODMeshReduction for automatic mesh merging
[2019.11.16-02.11.24:877][  0]LogMeshReduction: No distributed automatic mesh merging module available
[2019.11.16-02.11.24:877][  0]LogMeshMerging: No distributed automatic mesh merging module available
[2019.11.16-02.11.24:891][  0]LogNetVersion: TimeRush 1.0.0, NetCL: 5660361, EngineNetVer: 10, GameNetVer: 0 (Checksum: 1373495878)
[2019.11.16-02.11.27:531][  0]LogMoviePlayer: Initializing movie player
[2019.11.16-02.11.28:509][  0]LogTcpMessaging: Initializing TcpMessaging bridge
[2019.11.16-02.11.28:567][  0]LogUdpMessaging: Initializing bridge on interface 0.0.0.0:0 to multicast group 230.0.0.1:6666.
[2019.11.16-02.11.28:979][  0]SourceControl: Source control is disabled
[2019.11.16-02.11.28:979][  0]SourceControl: Source control is disabled
[2019.11.16-02.11.28:993][  0]SourceControl: Source control is disabled
[2019.11.16-02.11.29:686][  0]LogAndroidPermission: UAndroidPermissionCallbackProxy::GetInstance
[2019.11.16-02.11.30:054][  0]LogOcInput: OculusInput pre-init called
[2019.11.16-02.11.30:101][  0]LogUObjectArray: 46505 objects as part of root set at end of initial load.
[2019.11.16-02.11.30:101][  0]LogUObjectAllocator: 8193672 out of 0 bytes used by permanent object pool.
[2019.11.16-02.11.30:101][  0]LogUObjectArray: CloseDisregardForGC: 0/0 objects in disregard for GC pool
[2019.11.16-02.11.30:446][  0]LogEngine: Initializing Engine...
[2019.11.16-02.11.30:448][  0]LogHMD: Failed to initialize OpenVR with code 110
[2019.11.16-02.11.30:529][  0]LogStats: UGameplayTagsManager::InitializeManager -  0.069 s
[2019.11.16-02.11.30:934][  0]LogInit: Initializing FReadOnlyCVARCache
[2019.11.16-02.11.30:989][  0]LogInit: XAudio2 using 'Speakers (Conexant SmartAudio HD)' : 2 channels at 48 kHz using 32 bits per sample (channel mask 0x3)
[2019.11.16-02.11.31:130][  0]LogInit: FAudioDevice initialized.
[2019.11.16-02.11.31:142][  0]LogNetVersion: Set ProjectVersion to 1.0.0.0. Version Checksum will be recalculated on next use.
[2019.11.16-02.11.31:154][  0]LogInit: Texture streaming: Enabled
[2019.11.16-02.11.32:516][  0]LogSlate: Updating window title bar state: overlay mode, drag disabled, window buttons hidden, title bar hidden
[2019.11.16-02.11.32:517][  0]LogInit: Display: Game Engine Initialized.
[2019.11.16-02.11.33:246][  0]LogInit: Display: Starting Game.
[2019.11.16-02.11.33:334][  0]LogNet: Browse: /Game/Maps/Prototype?Name=Player
[2019.11.16-02.11.33:598][  0]LogLoad: LoadMap: /Game/Maps/Prototype?Name=Player
[2019.11.16-02.11.33:974][  0]LogUObjectHash: Compacting FUObjectHashTables data took   1.56ms
[2019.11.16-02.11.36:473][  0]LogBlueprint: Warning: Node '/Game/PrototypeWeap/Sound/SniperRifle/SR_Fire_Cue.SR_Fire_Cue:SoundCueGraph_69.EdGraphNode_Comment_1' missing NodeGuid because of upgrade from old package version, this can cause deterministic cooking issues please resave package.
[2019.11.16-02.11.36:473][  0]LogBlueprint: Warning: Node '/Game/PrototypeWeap/Sound/SniperRifle/SR_Fire_Cue.SR_Fire_Cue:SoundCueGraph_69.EdGraphNode_Comment_3' missing NodeGuid because of upgrade from old package version, this can cause deterministic cooking issues please resave package.
[2019.11.16-02.11.36:473][  0]LogBlueprint: Warning: Node '/Game/PrototypeWeap/Sound/SniperRifle/SR_Fire_Cue.SR_Fire_Cue:SoundCueGraph_69.SoundCueGraphNode_10' missing NodeGuid because of upgrade from old package version, this can cause deterministic cooking issues please resave package.
[2019.11.16-02.11.36:473][  0]LogBlueprint: Warning: Node '/Game/PrototypeWeap/Sound/SniperRifle/SR_Fire_Cue.SR_Fire_Cue:SoundCueGraph_69.SoundCueGraphNode_11' missing NodeGuid because of upgrade from old package version, this can cause deterministic cooking issues please resave package.
[2019.11.16-02.11.36:473][  0]LogBlueprint: Warning: Node '/Game/PrototypeWeap/Sound/SniperRifle/SR_Fire_Cue.SR_Fire_Cue:SoundCueGraph_69.SoundCueGraphNode_12' missing NodeGuid because of upgrade from old package version, this can cause deterministic cooking issues please resave package.
[2019.11.16-02.11.36:473][  0]LogBlueprint: Warning: Node '/Game/PrototypeWeap/Sound/SniperRifle/SR_Fire_Cue.SR_Fire_Cue:SoundCueGraph_69.SoundCueGraphNode_13' missing NodeGuid because of upgrade from old package version, this can cause deterministic cooking issues please resave package.
[2019.11.16-02.11.36:473][  0]LogBlueprint: Warning: Node '/Game/PrototypeWeap/Sound/SniperRifle/SR_Fire_Cue.SR_Fire_Cue:SoundCueGraph_69.SoundCueGraphNode_14' missing NodeGuid because of upgrade from old package version, this can cause deterministic cooking issues please resave package.
[2019.11.16-02.11.36:473][  0]LogBlueprint: Warning: Node '/Game/PrototypeWeap/Sound/SniperRifle/SR_Fire_Cue.SR_Fire_Cue:SoundCueGraph_69.SoundCueGraphNode_15' missing NodeGuid because of upgrade from old package version, this can cause deterministic cooking issues please resave package.
[2019.11.16-02.11.36:473][  0]LogBlueprint: Warning: Node '/Game/PrototypeWeap/Sound/SniperRifle/SR_Fire_Cue.SR_Fire_Cue:SoundCueGraph_69.SoundCueGraphNode_16' missing NodeGuid because of upgrade from old package version, this can cause deterministic cooking issues please resave package.
[2019.11.16-02.11.36:473][  0]LogBlueprint: Warning: Node '/Game/PrototypeWeap/Sound/SniperRifle/SR_Fire_Cue.SR_Fire_Cue:SoundCueGraph_69.SoundCueGraphNode_17' missing NodeGuid because of upgrade from old package version, this can cause deterministic cooking issues please resave package.
[2019.11.16-02.11.36:473][  0]LogBlueprint: Warning: Node '/Game/PrototypeWeap/Sound/SniperRifle/SR_Fire_Cue.SR_Fire_Cue:SoundCueGraph_69.SoundCueGraphNode_3' missing NodeGuid because of upgrade from old package version, this can cause deterministic cooking issues please resave package.
[2019.11.16-02.11.36:473][  0]LogBlueprint: Warning: Node '/Game/PrototypeWeap/Sound/SniperRifle/SR_Fire_Cue.SR_Fire_Cue:SoundCueGraph_69.SoundCueGraphNode_4' missing NodeGuid because of upgrade from old package version, this can cause deterministic cooking issues please resave package.
[2019.11.16-02.11.36:474][  0]LogBlueprint: Warning: Node '/Game/PrototypeWeap/Sound/SniperRifle/SR_Fire_Cue.SR_Fire_Cue:SoundCueGraph_69.SoundCueGraphNode_5' missing NodeGuid because of upgrade from old package version, this can cause deterministic cooking issues please resave package.
[2019.11.16-02.11.36:474][  0]LogBlueprint: Warning: Node '/Game/PrototypeWeap/Sound/SniperRifle/SR_Fire_Cue.SR_Fire_Cue:SoundCueGraph_69.SoundCueGraphNode_6' missing NodeGuid because of upgrade from old package version, this can cause deterministic cooking issues please resave package.
[2019.11.16-02.11.36:474][  0]LogBlueprint: Warning: Node '/Game/PrototypeWeap/Sound/SniperRifle/SR_Fire_Cue.SR_Fire_Cue:SoundCueGraph_69.SoundCueGraphNode_7' missing NodeGuid because of upgrade from old package version, this can cause deterministic cooking issues please resave package.
[2019.11.16-02.11.36:474][  0]LogBlueprint: Warning: Node '/Game/PrototypeWeap/Sound/SniperRifle/SR_Fire_Cue.SR_Fire_Cue:SoundCueGraph_69.SoundCueGraphNode_8' missing NodeGuid because of upgrade from old package version, this can cause deterministic cooking issues please resave package.
[2019.11.16-02.11.36:474][  0]LogBlueprint: Warning: Node '/Game/PrototypeWeap/Sound/SniperRifle/SR_Fire_Cue.SR_Fire_Cue:SoundCueGraph_69.SoundCueGraphNode_9' missing NodeGuid because of upgrade from old package version, this can cause deterministic cooking issues please resave package.
[2019.11.16-02.11.36:474][  0]LogBlueprint: Warning: Node '/Game/PrototypeWeap/Sound/SniperRifle/SR_Fire_Cue.SR_Fire_Cue:SoundCueGraph_69.SoundCueGraphNode_90' missing NodeGuid because of upgrade from old package version, this can cause deterministic cooking issues please resave package.
[2019.11.16-02.11.36:474][  0]LogBlueprint: Warning: Node '/Game/PrototypeWeap/Sound/SniperRifle/SR_Fire_Cue.SR_Fire_Cue:SoundCueGraph_69.SoundCueGraphNode_Root_69' missing NodeGuid because of upgrade from old package version, this can cause deterministic cooking issues please resave package.
[2019.11.16-02.11.36:586][  0]LogAIModule: Creating AISystem for world Prototype
[2019.11.16-02.11.36:586][  0]LogLoad: Game class is 'BP_MyGameMode_C'
[2019.11.16-02.11.36:608][  0]LogWorld: Bringing World /Game/Maps/Prototype.Prototype up for play (max tick rate 0) at 2019.11.16-02.11.36
[2019.11.16-02.11.36:608][  0]LogWorld: Bringing up level for play took: 0.004717
[2019.11.16-02.11.36:630][  0]LogLoad: Took 3.031866 seconds to LoadMap(/Game/Maps/Prototype)
[2019.11.16-02.11.37:059][  0]LogRenderer: Reallocating scene render targets to support 1280x720 Format 10 NumSamples 1 (Frame:1).
[2019.11.16-02.11.37:059][  0]LogLoad: (Engine Initialization) Total time: 24.88 seconds
[2019.11.16-02.11.37:059][  0]LogLoad: (Engine Initialization) Total Blueprint compile time: 0.00 seconds
[2019.11.16-02.11.37:094][  0]LogContentStreaming: Texture pool size now 1000 MB
[2019.11.16-02.11.37:262][  0]LogRenderer: Reallocating scene render targets to support 128x128 Format 10 NumSamples 1 (Frame:1).
[2019.11.16-02.11.37:305][  0]LogRenderer: Reallocating scene render targets to support 1280x720 Format 10 NumSamples 1 (Frame:2).
[2019.11.16-02.11.44:638][854]LogTemp: Warning: shooting
[2019.11.16-02.11.45:056][901]LogTemp: Warning: shooting
[2019.11.16-02.11.45:250][923]LogTemp: Warning: shooting
[2019.11.16-02.11.46:018][  9]LogTemp: Warning: shooting
[2019.11.16-02.11.46:676][ 83]LogTemp: Warning: shooting
[2019.11.16-02.11.46:873][105]LogTemp: Warning: shooting
[2019.11.16-02.11.47:010][120]LogTemp: Warning: shooting
[2019.11.16-02.11.47:174][138]LogTemp: Warning: shooting
[2019.11.16-02.11.47:320][154]LogTemp: Warning: shooting
[2019.11.16-02.11.47:728][199]LogTemp: Warning: shooting
[2019.11.16-02.11.47:887][217]LogTemp: Warning: shooting
[2019.11.16-02.11.48:430][277]LogTemp: Warning: shooting
[2019.11.16-02.11.48:883][328]LogTemp: Warning: shooting
[2019.11.16-02.11.49:075][350]LogTemp: Warning: shooting
[2019.11.16-02.11.49:560][406]LogTemp: Warning: shooting
[2019.11.16-02.11.50:140][473]LogTemp: Warning: shooting
[2019.11.16-02.11.50:372][500]LogTemp: Warning: shooting
[2019.11.16-02.11.50:600][527]LogTemp: Warning: shooting
[2019.11.16-02.11.50:803][551]LogTemp: Warning: shooting
[2019.11.16-02.11.51:022][577]LogTemp: Warning: shooting
[2019.11.16-02.11.51:245][603]LogTemp: Warning: shooting
[2019.11.16-02.11.51:414][623]LogTemp: Warning: shooting
[2019.11.16-02.11.51:588][644]LogTemp: Warning: shooting
[2019.11.16-02.11.51:862][677]LogTemp: Warning: shooting
[2019.11.16-02.11.52:072][701]LogTemp: Warning: shooting
[2019.11.16-02.11.52:227][719]LogTemp: Warning: shooting
[2019.11.16-02.11.52:403][739]LogTemp: Warning: shooting
[2019.11.16-02.11.52:553][756]LogTemp: Warning: shooting
[2019.11.16-02.11.52:745][777]LogTemp: Warning: shooting
[2019.11.16-02.11.52:909][795]LogTemp: Warning: shooting
[2019.11.16-02.11.53:223][828]LogTemp: Warning: shooting
[2019.11.16-02.11.53:389][845]LogTemp: Warning: shooting
[2019.11.16-02.11.53:575][864]LogTemp: Warning: shooting
[2019.11.16-02.12.05:151][592]LogSlate: Window 'TimeRush (64-bit Development PCD3D_SM5) ' being destroyed
[2019.11.16-02.12.05:166][592]LogWindowsTextInputMethodSystem: Display: IME system now deactivated.
[2019.11.16-02.12.05:173][593]LogSlate: Updating window title bar state: overlay mode, drag disabled, window buttons hidden, title bar hidden
[2019.11.16-02.12.05:173][593]LogEngine: All Windows Closed
[2019.11.16-02.12.05:173][593]LogWindows: FPlatformMisc::RequestExit(0)
[2019.11.16-02.12.05:508][594]LogExit: Preparing to exit.
[2019.11.16-02.12.05:508][594]LogMoviePlayer: Shutting down movie player
[2019.11.16-02.12.05:915][594]LogSlate: Updating window title bar state: overlay mode, drag disabled, window buttons hidden, title bar hidden
[2019.11.16-02.12.06:044][594]LogExit: Game engine shut down
[2019.11.16-02.12.07:295][594]LogExit: Object subsystem successfully closed.
[2019.11.16-02.12.07:472][594]LogShaderCompilers: Display: Shaders left to compile 0
[2019.11.16-02.12.07:486][594]LogD3D11RHI: Shutdown
[2019.11.16-02.12.07:486][594]LogD3D11RHI: CleanupD3DDevice
[2019.11.16-02.12.07:495][594]LogRendererCore: FGlobalReadBuffer::ReleaseRHI
[2019.11.16-02.12.07:495][594]LogRendererCore: FGlobalDynamicReadBuffer::Cleanup()
[2019.11.16-02.12.07:504][594]LogRendererCore: FGlobalReadBuffer::ReleaseRHI
[2019.11.16-02.12.07:504][594]LogRendererCore: FGlobalDynamicReadBuffer::Cleanup()
[2019.11.16-02.12.07:504][594]LogRendererCore: FGlobalReadBuffer::ReleaseRHI
[2019.11.16-02.12.07:504][594]LogRendererCore: FGlobalDynamicReadBuffer::Cleanup()
[2019.11.16-02.12.07:607][594]LogD3D11RHI: ~FD3D11DynamicRHI
[2019.11.16-02.12.08:409][594]LogModuleManager: Shutting down and abandoning module SequenceRecorderSections (400)
[2019.11.16-02.12.08:409][594]LogModuleManager: Shutting down and abandoning module SequenceRecorder (398)
[2019.11.16-02.12.08:415][594]LogModuleManager: Shutting down and abandoning module AutomationController (396)
[2019.11.16-02.12.08:432][594]LogModuleManager: Shutting down and abandoning module AutomationWorker (394)
[2019.11.16-02.12.08:450][594]LogModuleManager: Shutting down and abandoning module Voice (392)
[2019.11.16-02.12.08:459][594]LogModuleManager: Shutting down and abandoning module AIModule (390)
[2019.11.16-02.12.08:471][594]LogModuleManager: Shutting down and abandoning module GameplayDebugger (389)
[2019.11.16-02.12.08:483][594]LogModuleManager: Shutting down and abandoning module AITestSuite (387)
[2019.11.16-02.12.08:498][594]LogModuleManager: Shutting down and abandoning module NavigationSystem (385)
[2019.11.16-02.12.08:498][594]LogModuleManager: Shutting down and abandoning module OculusMR (382)
[2019.11.16-02.12.08:498][594]LogModuleManager: Shutting down and abandoning module WmfMediaFactory (380)
[2019.11.16-02.12.08:498][594]LogModuleManager: Shutting down and abandoning module WebMMediaFactory (378)
[2019.11.16-02.12.08:499][594]LogModuleManager: Shutting down and abandoning module WebMMedia (376)
[2019.11.16-02.12.08:559][594]LogModuleManager: Shutting down and abandoning module OpenExrWrapper (374)
[2019.11.16-02.12.08:559][594]LogModuleManager: Shutting down and abandoning module ImgMediaFactory (372)
[2019.11.16-02.12.08:559][594]LogModuleManager: Shutting down and abandoning module AvfMediaFactory (370)
[2019.11.16-02.12.08:559][594]LogModuleManager: Shutting down and abandoning module MagicLeapCameraPreviewFactory (368)
[2019.11.16-02.12.08:559][594]LogModuleManager: Shutting down and abandoning module MagicLeapMediaCodecFactory (366)
[2019.11.16-02.12.08:559][594]LogModuleManager: Shutting down and abandoning module MagicLeapMediaFactory (364)
[2019.11.16-02.12.08:560][594]LogModuleManager: Shutting down and abandoning module CharacterAI (362)
[2019.11.16-02.12.08:560][594]LogModuleManager: Shutting down and abandoning module SessionServices (360)
[2019.11.16-02.12.08:560][594]LogModuleManager: Shutting down and abandoning module MovieSceneCapture (358)
[2019.11.16-02.12.08:560][594]LogModuleManager: Shutting down and abandoning module LiveCoding (356)
[2019.11.16-02.12.08:560][594]LogModuleManager: Shutting down and abandoning module LevelSequence (354)
[2019.11.16-02.12.08:560][594]LogModuleManager: Shutting down and abandoning module MovieSceneTracks (352)
[2019.11.16-02.12.08:560][594]LogModuleManager: Shutting down and abandoning module MovieScene (350)
[2019.11.16-02.12.08:560][594]LogModuleManager: Shutting down and abandoning module StreamingPauseRendering (348)
[2019.11.16-02.12.08:560][594]LogModuleManager: Shutting down and abandoning module PortalServices (346)
[2019.11.16-02.12.08:560][594]LogModuleManager: Shutting down and abandoning module PortalRpc (344)
[2019.11.16-02.12.08:560][594]LogModuleManager: Shutting down and abandoning module MessagingRpc (342)
[2019.11.16-02.12.08:560][594]LogModuleManager: Shutting down and abandoning module ImageWriteQueue (340)
[2019.11.16-02.12.08:565][594]LogModuleManager: Shutting down and abandoning module ProfilerService (338)
[2019.11.16-02.12.08:752][594]LogModuleManager: Shutting down and abandoning module TaskGraph (336)
[2019.11.16-02.12.08:753][594]LogModuleManager: Shutting down and abandoning module SteamVRController (334)
[2019.11.16-02.12.08:753][594]LogModuleManager: Shutting down and abandoning module ProceduralMeshComponent (332)
[2019.11.16-02.12.08:753][594]LogModuleManager: Shutting down and abandoning module OculusInput (330)
[2019.11.16-02.12.08:753][594]LogModuleManager: Shutting down and abandoning module MobilePatchingUtils (328)
[2019.11.16-02.12.08:753][594]LogModuleManager: Shutting down and abandoning module EditableMesh (326)
[2019.11.16-02.12.08:754][594]LogModuleManager: Shutting down and abandoning module CustomMeshComponent (324)
[2019.11.16-02.12.08:754][594]LogModuleManager: Shutting down and abandoning module CableComponent (322)
[2019.11.16-02.12.08:765][594]LogModuleManager: Shutting down and abandoning module AudioCapture (320)
[2019.11.16-02.12.08:765][594]LogModuleManager: Shutting down and abandoning module ArchVisCharacter (318)
[2019.11.16-02.12.08:765][594]LogModuleManager: Shutting down and abandoning module AndroidPermission (316)
[2019.11.16-02.12.08:765][594]LogModuleManager: Shutting down and abandoning module NUTUnrealEngine4 (314)
[2019.11.16-02.12.08:799][594]LogModuleManager: Shutting down and abandoning module NetcodeUnitTest (312)
[2019.11.16-02.12.08:814][594]LogModuleManager: Shutting down and abandoning module MediaCompositing (310)
[2019.11.16-02.12.08:815][594]LogModuleManager: Shutting down and abandoning module LinearTimecode (308)
[2019.11.16-02.12.08:815][594]LogModuleManager: Shutting down and abandoning module ImgMedia (306)
[2019.11.16-02.12.08:815][594]LogModuleManager: Shutting down and abandoning module MagicLeapHelperVulkan (304)
[2019.11.16-02.12.08:815][594]LogModuleManager: Shutting down and abandoning module MagicLeapHelperOpenGL (302)
[2019.11.16-02.12.08:828][594]LogModuleManager: Shutting down and abandoning module MagicLeapAudio (300)
[2019.11.16-02.12.08:837][594]LogModuleManager: Shutting down and abandoning module HTML5Networking (298)
[2019.11.16-02.12.08:837][594]LogModuleManager: Shutting down and abandoning module GeometryCacheTracks (296)
[2019.11.16-02.12.08:837][594]LogModuleManager: Shutting down and abandoning module GeometryCacheSequencer (295)
[2019.11.16-02.12.08:837][594]LogModuleManager: Shutting down and abandoning module GeometryCache (292)
[2019.11.16-02.12.08:837][594]LogModuleManager: Shutting down and abandoning module GeometryCacheEd (291)
[2019.11.16-02.12.08:837][594]LogModuleManager: Shutting down and abandoning module BackChannel (288)
[2019.11.16-02.12.08:848][594]LogModuleManager: Shutting down and abandoning module AppleVision (286)
[2019.11.16-02.12.08:848][594]LogModuleManager: Shutting down and abandoning module AppleImageUtilsBlueprintSupport (284)
[2019.11.16-02.12.08:848][594]LogModuleManager: Shutting down and abandoning module AppleImageUtils (282)
[2019.11.16-02.12.08:848][594]LogModuleManager: Shutting down and abandoning module VariantManagerContent (280)
[2019.11.16-02.12.08:848][594]LogModuleManager: Shutting down and abandoning module CryptoKeysOpenSSL (278)
[2019.11.16-02.12.08:848][594]LogModuleManager: Shutting down and abandoning module CryptoKeys (276)
[2019.11.16-02.12.08:848][594]LogModuleManager: Shutting down and abandoning module VisualStudioSourceCodeAccess (274)
[2019.11.16-02.12.08:848][594]LogModuleManager: Shutting down and abandoning module HotReload (273)
[2019.11.16-02.12.08:849][594]LogModuleManager: Shutting down and abandoning module DirectoryWatcher (272)
[2019.11.16-02.12.08:849][594]LogModuleManager: Shutting down and abandoning module VisualStudioCodeSourceCodeAccess (268)
[2019.11.16-02.12.08:849][594]LogModuleManager: Shutting down and abandoning module UObjectPlugin (266)
[2019.11.16-02.12.08:849][594]LogModuleManager: Shutting down and abandoning module SubversionSourceControl (264)
[2019.11.16-02.12.08:858][594]LogModuleManager: Shutting down and abandoning module PerforceSourceControl (262)
[2019.11.16-02.12.08:875][594]LogModuleManager: Shutting down and abandoning module SourceControl (261)
[2019.11.16-02.12.08:884][594]LogModuleManager: Shutting down and abandoning module CLionSourceCodeAccess (258)
[2019.11.16-02.12.08:884][594]LogModuleManager: Shutting down and abandoning module ActorLayerUtilities (256)
[2019.11.16-02.12.08:884][594]LogModuleManager: Shutting down and abandoning module TimeRush (254)
[2019.11.16-02.12.08:884][594]LogModuleManager: Shutting down and abandoning module SignificanceManager (252)
[2019.11.16-02.12.08:884][594]LogModuleManager: Shutting down and abandoning module RuntimePhysXCooking (250)
[2019.11.16-02.12.08:884][594]LogModuleManager: Shutting down and abandoning module PhysXVehiclesEditor (248)
[2019.11.16-02.12.08:884][594]LogModuleManager: Shutting down and abandoning module PhysXVehicles (246)
[2019.11.16-02.12.08:884][594]LogModuleManager: Shutting down and abandoning module LocationServicesBPLibrary (244)
[2019.11.16-02.12.08:884][594]LogModuleManager: Shutting down and abandoning module ActorSequence (242)
[2019.11.16-02.12.08:884][594]LogModuleManager: Shutting down and abandoning module UdpMessaging (240)
[2019.11.16-02.12.08:985][594]LogModuleManager: Shutting down and abandoning module TcpMessaging (238)
