Log file open, 11/13/19 16:48:45
LogWindows: Failed to load 'aqProf.dll' (GetLastError=126)
LogWindows: File 'aqProf.dll' does not exist
LogWindows: Failed to load 'VtuneApi.dll' (GetLastError=126)
LogWindows: File 'VtuneApi.dll' does not exist
LogWindows: Failed to load 'VtuneApi32e.dll' (GetLastError=126)
LogWindows: File 'VtuneApi32e.dll' does not exist
LogConsoleResponse: Display: Failed to find resolution value strings in scalability ini. Falling back to default.
LogInit: Display: Running engine for game: TimeRush
LogPakFile: Registered encryption key '00000000000000000000000000000000': 0 pak files mounted, 0 remain pending
LogPlatformFile: Not using cached read wrapper
LogTaskGraph: Started task graph with 5 named threads and 23 total threads with 3 sets of task threads.
LogStats: Stats thread started at 0.290027
LogD3D11RHI: Loaded GFSDK_Aftermath_Lib.x64.dll
LogICUInternationalization: ICU TimeZone Detection - Raw Offset: +0:00, Platform Override: ''
LogPluginManager: Mounting plugin Paper2D
LogPluginManager: Mounting plugin AISupport
LogPluginManager: Mounting plugin LightPropagationVolume
LogPluginManager: Mounting plugin ActorLayerUtilities
LogPluginManager: Mounting plugin AnimationSharing
LogPluginManager: Mounting plugin CLionSourceCodeAccess
LogPluginManager: Mounting plugin CodeLiteSourceCodeAccess
LogPluginManager: Mounting plugin GitSourceControl
LogPluginManager: Mounting plugin KDevelopSourceCodeAccess
LogPluginManager: Mounting plugin NullSourceCodeAccess
LogPluginManager: Mounting plugin PerforceSourceControl
LogPluginManager: Mounting plugin SubversionSourceControl
LogPluginManager: Mounting plugin UObjectPlugin
LogPluginManager: Mounting plugin VisualStudioCodeSourceCodeAccess
LogPluginManager: Mounting plugin VisualStudioSourceCodeAccess
LogPluginManager: Mounting plugin XCodeSourceCodeAccess
LogPluginManager: Mounting plugin AssetManagerEditor
LogPluginManager: Mounting plugin CryptoKeys
LogPluginManager: Mounting plugin DataValidation
LogPluginManager: Mounting plugin FacialAnimation
LogPluginManager: Mounting plugin GameplayTagsEditor
LogPluginManager: Mounting plugin MacGraphicsSwitching
LogPluginManager: Mounting plugin MaterialAnalyzer
LogPluginManager: Mounting plugin MobileLauncherProfileWizard
LogPluginManager: Mounting plugin PluginBrowser
LogPluginManager: Mounting plugin SpeedTreeImporter
LogPluginManager: Mounting plugin DatasmithContent
LogPluginManager: Mounting plugin VariantManagerContent
LogPluginManager: Mounting plugin AlembicImporter
LogPluginManager: Mounting plugin AppleImageUtils
LogPluginManager: Mounting plugin AppleVision
LogPluginManager: Mounting plugin BackChannel
LogPluginManager: Mounting plugin CharacterAI
LogPluginManager: Mounting plugin GeometryCache
LogPluginManager: Mounting plugin HTML5Networking
LogPluginManager: Mounting plugin ProxyLODPlugin
LogPluginManager: Mounting plugin SkeletalReduction
LogPluginManager: Mounting plugin MagicLeap
LogPluginManager: Mounting plugin MagicLeapMedia
LogPluginManager: Mounting plugin AndroidMedia
LogPluginManager: Mounting plugin AvfMedia
LogPluginManager: Mounting plugin ImgMedia
LogPluginManager: Mounting plugin LinearTimecode
LogPluginManager: Mounting plugin MediaCompositing
LogPluginManager: Mounting plugin MediaPlayerEditor
LogPluginManager: Mounting plugin WebMMedia
LogPluginManager: Mounting plugin WmfMedia
LogPluginManager: Mounting plugin TcpMessaging
LogPluginManager: Mounting plugin UdpMessaging
LogPluginManager: Mounting plugin ActorSequence
LogPluginManager: Mounting plugin LevelSequenceEditor
LogPluginManager: Mounting plugin MatineeToLevelSequence
LogPluginManager: Mounting plugin NetcodeUnitTest
LogPluginManager: Mounting plugin NUTUnrealEngine4
LogPluginManager: Mounting plugin OnlineSubsystemGooglePlay
LogPluginManager: Mounting plugin OnlineSubsystemIOS
LogPluginManager: Mounting plugin OnlineSubsystem
LogPluginManager: Mounting plugin OnlineSubsystemNull
LogPluginManager: Mounting plugin OnlineSubsystemUtils
LogPluginManager: Mounting plugin LauncherChunkInstaller
LogPluginManager: Mounting plugin AndroidDeviceProfileSelector
LogPluginManager: Mounting plugin AndroidMoviePlayer
LogPluginManager: Mounting plugin AndroidPermission
LogPluginManager: Mounting plugin AppleMoviePlayer
LogPluginManager: Mounting plugin ArchVisCharacter
LogPluginManager: Mounting plugin AudioCapture
LogPluginManager: Mounting plugin CableComponent
LogPluginManager: Mounting plugin CustomMeshComponent
LogPluginManager: Mounting plugin EditableMesh
LogPluginManager: Mounting plugin ExampleDeviceProfileSelector
LogPluginManager: Mounting plugin Firebase
LogPluginManager: Mounting plugin GoogleCloudMessaging
LogPluginManager: Mounting plugin IOSDeviceProfileSelector
LogPluginManager: Mounting plugin LinuxDeviceProfileSelector
LogPluginManager: Mounting plugin LocationServicesBPLibrary
LogPluginManager: Mounting plugin MobilePatchingUtils
LogPluginManager: Mounting plugin OculusVR
LogPluginManager: Mounting plugin PhysXVehicles
LogPluginManager: Mounting plugin ProceduralMeshComponent
LogPluginManager: Mounting plugin RuntimePhysXCooking
LogPluginManager: Mounting plugin SignificanceManager
LogPluginManager: Mounting plugin SteamVR
LogPluginManager: Mounting plugin WebMMoviePlayer
LogPluginManager: Mounting plugin WindowsMoviePlayer
LogInit: Using libcurl 7.55.1-DEV
LogInit:  - built for x86_64-pc-win32
LogInit:  - supports SSL with OpenSSL/1.1.1
LogInit:  - supports HTTP deflate (compression) using libz 1.2.8
LogInit:  - other features:
LogInit:      CURL_VERSION_SSL
LogInit:      CURL_VERSION_LIBZ
LogInit:      CURL_VERSION_IPV6
LogInit:      CURL_VERSION_ASYNCHDNS
LogInit:      CURL_VERSION_LARGEFILE
LogInit:      CURL_VERSION_IDN
LogInit:  CurlRequestOptions (configurable via config and command line):
LogInit:  - bVerifyPeer = true  - Libcurl will verify peer certificate
LogInit:  - bUseHttpProxy = false  - Libcurl will NOT use HTTP proxy
LogInit:  - bDontReuseConnections = false  - Libcurl will reuse connections
LogInit:  - MaxHostConnections = 16  - Libcurl will limit the number of connections to a host
LogInit:  - LocalHostAddr = Default
LogInit:  - BufferSize = 65536
LogInit: WinSock: version 1.1 (2.2), MaxSocks=32767, MaxUdp=65467
LogInit: Build: ++UE4+Release-4.22-CL-7053642
LogInit: Engine Version: 4.22.3-7053642+++UE4+Release-4.22
LogInit: Compatible Engine Version: 4.22.0-5660361+++UE4+Release-4.22
LogInit: Net CL: 5660361
LogInit: OS: Windows 10 (Release 1809) (), CPU: Intel(R) Core(TM) i7-6700HQ CPU @ 2.60GHz, GPU: Intel(R) HD Graphics 530
LogInit: Compiled (64-bit): Jun 18 2019 03:09:11
LogInit: Compiled with Visual C++: 19.16.27025.01
LogInit: Build Configuration: Development
LogInit: Branch Name: ++UE4+Release-4.22
LogInit: Command Line:  -skipcompile
LogInit: Base Directory: D:/Games/UE_4.22/Engine/Binaries/Win64/
LogInit: Installed Engine Build: 1
LogDevObjectVersion: Number of dev versions registered: 23
LogDevObjectVersion:   Dev-Blueprints (B0D832E4-1F89-4F0D-ACCF-7EB736FD4AA2): 10
LogDevObjectVersion:   Dev-Build (E1C64328-A22C-4D53-A36C-8E866417BD8C): 0
LogDevObjectVersion:   Dev-Core (375EC13C-06E4-48FB-B500-84F0262A717E): 3
LogDevObjectVersion:   Dev-Editor (E4B068ED-F494-42E9-A231-DA0B2E46BB41): 30
LogDevObjectVersion:   Dev-Framework (CFFC743F-43B0-4480-9391-14DF171D2073): 35
LogDevObjectVersion:   Dev-Mobile (B02B49B5-BB20-44E9-A304-32B752E40360): 2
LogDevObjectVersion:   Dev-Networking (A4E4105C-59A1-49B5-A7C5-40C4547EDFEE): 0
LogDevObjectVersion:   Dev-Online (39C831C9-5AE6-47DC-9A44-9C173E1C8E7C): 0
LogDevObjectVersion:   Dev-Physics (78F01B33-EBEA-4F98-B9B4-84EACCB95AA2): 0
LogDevObjectVersion:   Dev-Platform (6631380F-2D4D-43E0-8009-CF276956A95A): 0
LogDevObjectVersion:   Dev-Rendering (12F88B9F-8875-4AFC-A67C-D90C383ABD29): 28
LogDevObjectVersion:   Dev-Sequencer (7B5AE74C-D270-4C10-A958-57980B212A5A): 11
LogDevObjectVersion:   Dev-VR (D7296918-1DD6-4BDD-9DE2-64A83CC13884): 2
LogDevObjectVersion:   Dev-LoadTimes (C2A15278-BFE7-4AFE-6C17-90FF531DF755): 1
LogDevObjectVersion:   Private-Geometry (6EACA3D4-40EC-4CC1-B786-8BED09428FC5): 3
LogDevObjectVersion:   Dev-AnimPhys (29E575DD-E0A3-4627-9D10-D276232CDCEA): 17
LogDevObjectVersion:   Dev-Anim (AF43A65D-7FD3-4947-9873-3E8ED9C1BB05): 2
LogDevObjectVersion:   Dev-ReflectionCapture (6B266CEC-1EC7-4B8F-A30B-E4D90942FC07): 1
LogDevObjectVersion:   Dev-Automation (0DF73D61-A23F-47EA-B727-89E90C41499A): 1
LogDevObjectVersion:   FortniteMain (601D1886-AC64-4F84-AA16-D3DE0DEAC7D6): 25
LogDevObjectVersion:   Dev-Enterprise (9DFFBCD6-494F-0158-E221-12823C92A888): 6
LogDevObjectVersion:   Dev-Niagara (F2AED0AC-9AFE-416F-8664-AA7FFA26D6FC): 1
LogDevObjectVersion:   Dev-Destruction (174F1F0B-B4C6-45A5-B13F-2EE8D0FB917D): 2
LogInit: Presizing for max 16777216 objects, including 0 objects not considered by GC, pre-allocating 0 bytes for permanent pool.
LogInit: Object subsystem initialized
LogConfig: Setting CVar [[con.DebugEarlyDefault:1]]
LogConfig: Setting CVar [[r.setres:1280x720]]
[2019.11.13-16.48.46:239][  0]LogConfig: Setting CVar [[r.VSync:0]]
[2019.11.13-16.48.46:239][  0]LogConfig: Setting CVar [[r.RHICmdBypass:0]]
[2019.11.13-16.48.46:239][  0]LogConfig: Applying CVar settings from Section [/Script/Engine.RendererSettings] File [D:/Universidade Europeia/GitHub/TimeRush/TimeRush/Saved/Config/Windows/Engine.ini]
[2019.11.13-16.48.46:239][  0]LogConfig: Setting CVar [[r.GPUCrashDebugging:0]]
[2019.11.13-16.48.46:239][  0]LogConfig: Setting CVar [[r.DefaultFeature.AutoExposure.ExtendDefaultLuminanceRange:1]]
[2019.11.13-16.48.46:239][  0]LogConfig: Applying CVar settings from Section [/Script/Engine.RendererOverrideSettings] File [D:/Universidade Europeia/GitHub/TimeRush/TimeRush/Saved/Config/Windows/Engine.ini]
[2019.11.13-16.48.46:239][  0]LogConfig: Applying CVar settings from Section [/Script/Engine.StreamingSettings] File [D:/Universidade Europeia/GitHub/TimeRush/TimeRush/Saved/Config/Windows/Engine.ini]
[2019.11.13-16.48.46:239][  0]LogConfig: Setting CVar [[s.MinBulkDataSizeForAsyncLoading:131072]]
[2019.11.13-16.48.46:239][  0]LogConfig: Setting CVar [[s.AsyncLoadingThreadEnabled:0]]
[2019.11.13-16.48.46:239][  0]LogConfig: Setting CVar [[s.EventDrivenLoaderEnabled:1]]
[2019.11.13-16.48.46:239][  0]LogConfig: Setting CVar [[s.WarnIfTimeLimitExceeded:0]]
[2019.11.13-16.48.46:239][  0]LogConfig: Setting CVar [[s.TimeLimitExceededMultiplier:1.5]]
[2019.11.13-16.48.46:239][  0]LogConfig: Setting CVar [[s.TimeLimitExceededMinTime:0.005]]
[2019.11.13-16.48.46:239][  0]LogConfig: Setting CVar [[s.UseBackgroundLevelStreaming:1]]
[2019.11.13-16.48.46:239][  0]LogConfig: Setting CVar [[s.PriorityAsyncLoadingExtraTime:15.0]]
[2019.11.13-16.48.46:239][  0]LogConfig: Setting CVar [[s.LevelStreamingActorsUpdateTimeLimit:5.0]]
[2019.11.13-16.48.46:239][  0]LogConfig: Setting CVar [[s.PriorityLevelStreamingActorsUpdateExtraTime:5.0]]
[2019.11.13-16.48.46:239][  0]LogConfig: Setting CVar [[s.LevelStreamingComponentsRegistrationGranularity:10]]
[2019.11.13-16.48.46:239][  0]LogConfig: Setting CVar [[s.UnregisterComponentsTimeLimit:1.0]]
[2019.11.13-16.48.46:239][  0]LogConfig: Setting CVar [[s.LevelStreamingComponentsUnregistrationGranularity:5]]
[2019.11.13-16.48.46:239][  0]LogConfig: Applying CVar settings from Section [/Script/Engine.GarbageCollectionSettings] File [D:/Universidade Europeia/GitHub/TimeRush/TimeRush/Saved/Config/Windows/Engine.ini]
[2019.11.13-16.48.46:239][  0]LogConfig: Setting CVar [[gc.MaxObjectsNotConsideredByGC:1]]
[2019.11.13-16.48.46:239][  0]LogConfig: Setting CVar [[gc.SizeOfPermanentObjectPool:0]]
[2019.11.13-16.48.46:239][  0]LogConfig: Setting CVar [[gc.FlushStreamingOnGC:0]]
[2019.11.13-16.48.46:239][  0]LogConfig: Setting CVar [[gc.NumRetriesBeforeForcingGC:10]]
[2019.11.13-16.48.46:239][  0]LogConfig: Setting CVar [[gc.AllowParallelGC:1]]
[2019.11.13-16.48.46:239][  0]LogConfig: Setting CVar [[gc.TimeBetweenPurgingPendingKillObjects:61.1]]
[2019.11.13-16.48.46:239][  0]LogConfig: Setting CVar [[gc.MaxObjectsInEditor:16777216]]
[2019.11.13-16.48.46:239][  0]LogConfig: Setting CVar [[gc.IncrementalBeginDestroyEnabled:1]]
[2019.11.13-16.48.46:239][  0]LogConfig: Setting CVar [[gc.CreateGCClusters:1]]
[2019.11.13-16.48.46:239][  0]LogConfig: Setting CVar [[gc.MinGCClusterSize:5]]
[2019.11.13-16.48.46:239][  0]LogConfig: Setting CVar [[gc.ActorClusteringEnabled:0]]
[2019.11.13-16.48.46:239][  0]LogConfig: Setting CVar [[gc.BlueprintClusteringEnabled:0]]
[2019.11.13-16.48.46:239][  0]LogConfig: Setting CVar [[gc.UseDisregardForGCOnDedicatedServers:0]]
[2019.11.13-16.48.46:240][  0]LogConfig: Applying CVar settings from Section [/Script/Engine.NetworkSettings] File [D:/Universidade Europeia/GitHub/TimeRush/TimeRush/Saved/Config/Windows/Engine.ini]
[2019.11.13-16.48.46:240][  0]LogConfig: Applying CVar settings from Section [/Script/UnrealEd.CookerSettings] File [D:/Universidade Europeia/GitHub/TimeRush/TimeRush/Saved/Config/Windows/Engine.ini]
[2019.11.13-16.48.46:243][  0]LogConfig: Applying CVar settings from Section [ViewDistanceQuality@3] File [D:/Universidade Europeia/GitHub/TimeRush/TimeRush/Saved/Config/Windows/Scalability.ini]
[2019.11.13-16.48.46:243][  0]LogConfig: Setting CVar [[r.SkeletalMeshLODBias:0]]
[2019.11.13-16.48.46:243][  0]LogConfig: Setting CVar [[r.ViewDistanceScale:1.0]]
[2019.11.13-16.48.46:243][  0]LogConfig: Applying CVar settings from Section [AntiAliasingQuality@3] File [D:/Universidade Europeia/GitHub/TimeRush/TimeRush/Saved/Config/Windows/Scalability.ini]
[2019.11.13-16.48.46:243][  0]LogConfig: Setting CVar [[r.PostProcessAAQuality:4]]
[2019.11.13-16.48.46:243][  0]LogConfig: Applying CVar settings from Section [ShadowQuality@3] File [D:/Universidade Europeia/GitHub/TimeRush/TimeRush/Saved/Config/Windows/Scalability.ini]
[2019.11.13-16.48.46:243][  0]LogConfig: Setting CVar [[r.LightFunctionQuality:1]]
[2019.11.13-16.48.46:243][  0]LogConfig: Setting CVar [[r.ShadowQuality:5]]
[2019.11.13-16.48.46:243][  0]LogConfig: Setting CVar [[r.Shadow.CSM.MaxCascades:10]]
[2019.11.13-16.48.46:243][  0]LogConfig: Setting CVar [[r.Shadow.MaxResolution:2048]]
[2019.11.13-16.48.46:243][  0]LogConfig: Setting CVar [[r.Shadow.MaxCSMResolution:2048]]
[2019.11.13-16.48.46:243][  0]LogConfig: Setting CVar [[r.Shadow.RadiusThreshold:0.01]]
[2019.11.13-16.48.46:243][  0]LogConfig: Setting CVar [[r.Shadow.DistanceScale:1.0]]
[2019.11.13-16.48.46:243][  0]LogConfig: Setting CVar [[r.Shadow.CSM.TransitionScale:1.0]]
[2019.11.13-16.48.46:243][  0]LogConfig: Setting CVar [[r.Shadow.PreShadowResolutionFactor:1.0]]
[2019.11.13-16.48.46:243][  0]LogConfig: Setting CVar [[r.DistanceFieldShadowing:1]]
[2019.11.13-16.48.46:243][  0]LogConfig: Setting CVar [[r.DistanceFieldAO:1]]
[2019.11.13-16.48.46:243][  0]LogConfig: Setting CVar [[r.AOQuality:2]]
[2019.11.13-16.48.46:243][  0]LogConfig: Setting CVar [[r.VolumetricFog:1]]
[2019.11.13-16.48.46:243][  0]LogConfig: Setting CVar [[r.VolumetricFog.GridPixelSize:8]]
[2019.11.13-16.48.46:243][  0]LogConfig: Setting CVar [[r.VolumetricFog.GridSizeZ:128]]
[2019.11.13-16.48.46:243][  0]LogConfig: Setting CVar [[r.VolumetricFog.HistoryMissSupersampleCount:4]]
[2019.11.13-16.48.46:243][  0]LogConfig: Setting CVar [[r.LightMaxDrawDistanceScale:1]]
[2019.11.13-16.48.46:243][  0]LogConfig: Setting CVar [[r.CapsuleShadows:1]]
[2019.11.13-16.48.46:243][  0]LogConfig: Applying CVar settings from Section [PostProcessQuality@3] File [D:/Universidade Europeia/GitHub/TimeRush/TimeRush/Saved/Config/Windows/Scalability.ini]
[2019.11.13-16.48.46:243][  0]LogConfig: Setting CVar [[r.MotionBlurQuality:4]]
[2019.11.13-16.48.46:243][  0]LogConfig: Setting CVar [[r.AmbientOcclusionMipLevelFactor:0.4]]
[2019.11.13-16.48.46:243][  0]LogConfig: Setting CVar [[r.AmbientOcclusionMaxQuality:100]]
[2019.11.13-16.48.46:243][  0]LogConfig: Setting CVar [[r.AmbientOcclusionLevels:-1]]
[2019.11.13-16.48.46:243][  0]LogConfig: Setting CVar [[r.AmbientOcclusionRadiusScale:1.0]]
[2019.11.13-16.48.46:243][  0]LogConfig: Setting CVar [[r.DepthOfFieldQuality:2]]
[2019.11.13-16.48.46:243][  0]LogConfig: Setting CVar [[r.RenderTargetPoolMin:400]]
[2019.11.13-16.48.46:243][  0]LogConfig: Setting CVar [[r.LensFlareQuality:2]]
[2019.11.13-16.48.46:243][  0]LogConfig: Setting CVar [[r.SceneColorFringeQuality:1]]
[2019.11.13-16.48.46:243][  0]LogConfig: Setting CVar [[r.EyeAdaptationQuality:2]]
[2019.11.13-16.48.46:243][  0]LogConfig: Setting CVar [[r.BloomQuality:5]]
[2019.11.13-16.48.46:243][  0]LogConfig: Setting CVar [[r.FastBlurThreshold:100]]
[2019.11.13-16.48.46:243][  0]LogConfig: Setting CVar [[r.Upscale.Quality:3]]
[2019.11.13-16.48.46:243][  0]LogConfig: Setting CVar [[r.Tonemapper.GrainQuantization:1]]
[2019.11.13-16.48.46:243][  0]LogConfig: Setting CVar [[r.LightShaftQuality:1]]
[2019.11.13-16.48.46:243][  0]LogConfig: Setting CVar [[r.Filter.SizeScale:1]]
[2019.11.13-16.48.46:243][  0]LogConfig: Setting CVar [[r.Tonemapper.Quality:5]]
[2019.11.13-16.48.46:243][  0]LogConfig: Setting CVar [[r.DOF.Gather.AccumulatorQuality:1        ; higher gathering accumulator quality]]
[2019.11.13-16.48.46:244][  0]LogConfig: Setting CVar [[r.DOF.Gather.PostfilterMethod:1          ; Median3x3 postfilering method]]
[2019.11.13-16.48.46:244][  0]LogConfig: Setting CVar [[r.DOF.Gather.EnableBokehSettings:0       ; no bokeh simulation when gathering]]
[2019.11.13-16.48.46:244][  0]LogConfig: Setting CVar [[r.DOF.Gather.RingCount:4                 ; medium number of samples when gathering]]
[2019.11.13-16.48.46:244][  0]LogConfig: Setting CVar [[r.DOF.Scatter.ForegroundCompositing:1    ; additive foreground scattering]]
[2019.11.13-16.48.46:244][  0]LogConfig: Setting CVar [[r.DOF.Scatter.BackgroundCompositing:2    ; additive background scattering]]
[2019.11.13-16.48.46:244][  0]LogConfig: Setting CVar [[r.DOF.Scatter.EnableBokehSettings:1      ; bokeh simulation when scattering]]
[2019.11.13-16.48.46:244][  0]LogConfig: Setting CVar [[r.DOF.Scatter.MaxSpriteRatio:0.1         ; only a maximum of 10% of scattered bokeh]]
[2019.11.13-16.48.46:244][  0]LogConfig: Setting CVar [[r.DOF.Recombine.Quality:1                ; cheap slight out of focus]]
[2019.11.13-16.48.46:244][  0]LogConfig: Setting CVar [[r.DOF.Recombine.EnableBokehSettings:0    ; no bokeh simulation on slight out of focus]]
[2019.11.13-16.48.46:244][  0]LogConfig: Setting CVar [[r.DOF.TemporalAAQuality:1                ; more stable temporal accumulation]]
[2019.11.13-16.48.46:244][  0]LogConfig: Setting CVar [[r.DOF.Kernel.MaxForegroundRadius:0.025]]
[2019.11.13-16.48.46:244][  0]LogConfig: Setting CVar [[r.DOF.Kernel.MaxBackgroundRadius:0.025]]
[2019.11.13-16.48.46:244][  0]LogConfig: Applying CVar settings from Section [TextureQuality@3] File [D:/Universidade Europeia/GitHub/TimeRush/TimeRush/Saved/Config/Windows/Scalability.ini]
[2019.11.13-16.48.46:244][  0]LogConfig: Setting CVar [[r.Streaming.MipBias:0]]
[2019.11.13-16.48.46:244][  0]LogConfig: Setting CVar [[r.Streaming.AmortizeCPUToGPUCopy:0]]
[2019.11.13-16.48.46:244][  0]LogConfig: Setting CVar [[r.Streaming.MaxNumTexturesToStreamPerFrame:0]]
[2019.11.13-16.48.46:244][  0]LogConfig: Setting CVar [[r.Streaming.Boost:1]]
[2019.11.13-16.48.46:244][  0]LogConfig: Setting CVar [[r.MaxAnisotropy:8]]
[2019.11.13-16.48.46:244][  0]LogConfig: Setting CVar [[r.Streaming.LimitPoolSizeToVRAM:0]]
[2019.11.13-16.48.46:244][  0]LogConfig: Setting CVar [[r.Streaming.PoolSize:1000]]
[2019.11.13-16.48.46:244][  0]LogConfig: Setting CVar [[r.Streaming.MaxEffectiveScreenSize:0]]
[2019.11.13-16.48.46:244][  0]LogConfig: Applying CVar settings from Section [EffectsQuality@3] File [D:/Universidade Europeia/GitHub/TimeRush/TimeRush/Saved/Config/Windows/Scalability.ini]
[2019.11.13-16.48.46:244][  0]LogConfig: Setting CVar [[r.TranslucencyLightingVolumeDim:64]]
[2019.11.13-16.48.46:244][  0]LogConfig: Setting CVar [[r.RefractionQuality:2]]
[2019.11.13-16.48.46:244][  0]LogConfig: Setting CVar [[r.SSR.Quality:3]]
[2019.11.13-16.48.46:244][  0]LogConfig: Setting CVar [[r.SceneColorFormat:4]]
[2019.11.13-16.48.46:244][  0]LogConfig: Setting CVar [[r.DetailMode:2]]
[2019.11.13-16.48.46:244][  0]LogConfig: Setting CVar [[r.TranslucencyVolumeBlur:1]]
[2019.11.13-16.48.46:244][  0]LogConfig: Setting CVar [[r.MaterialQualityLevel:1 ; High quality]]
[2019.11.13-16.48.46:244][  0]LogConfig: Setting CVar [[r.SSS.Scale:1]]
[2019.11.13-16.48.46:244][  0]LogConfig: Setting CVar [[r.SSS.SampleSet:2]]
[2019.11.13-16.48.46:244][  0]LogConfig: Setting CVar [[r.SSS.Quality:1]]
[2019.11.13-16.48.46:244][  0]LogConfig: Setting CVar [[r.SSS.HalfRes:1]]
[2019.11.13-16.48.46:244][  0]LogConfig: Setting CVar [[r.EmitterSpawnRateScale:1.0]]
[2019.11.13-16.48.46:244][  0]LogConfig: Setting CVar [[r.ParticleLightQuality:2]]
[2019.11.13-16.48.46:244][  0]LogConfig: Applying CVar settings from Section [FoliageQuality@3] File [D:/Universidade Europeia/GitHub/TimeRush/TimeRush/Saved/Config/Windows/Scalability.ini]
[2019.11.13-16.48.46:244][  0]LogConfig: Setting CVar [[foliage.DensityScale:1.0]]
[2019.11.13-16.48.46:244][  0]LogConfig: Setting CVar [[grass.DensityScale:1.0]]
[2019.11.13-16.48.46:244][  0]LogInit: Selected Device Profile: [Windows]
[2019.11.13-16.48.46:244][  0]LogInit: Applying CVar settings loaded from the selected device profile: [Windows]
[2019.11.13-16.48.46:255][  0]LogHAL: Display: Platform has ~ 16 GB [17073463296 / 17179869184 / 16], which maps to Larger [LargestMinGB=32, LargerMinGB=12, DefaultMinGB=8, SmallerMinGB=6, SmallestMinGB=0)
[2019.11.13-16.48.46:255][  0]LogConfig: Setting CVar [[r.Vulkan.UseRealUBs:0		; Required until we fix HLR fall-out]]
[2019.11.13-16.48.46:255][  0]LogInit: Going up to parent DeviceProfile []
[2019.11.13-16.48.46:255][  0]LogConfig: Applying CVar settings from Section [ViewDistanceQuality@3] File [D:/Universidade Europeia/GitHub/TimeRush/TimeRush/Saved/Config/Windows/Scalability.ini]
[2019.11.13-16.48.46:255][  0]LogConfig: Setting CVar [[r.SkeletalMeshLODBias:0]]
[2019.11.13-16.48.46:255][  0]LogConfig: Setting CVar [[r.ViewDistanceScale:1.0]]
[2019.11.13-16.48.46:255][  0]LogConfig: Applying CVar settings from Section [AntiAliasingQuality@3] File [D:/Universidade Europeia/GitHub/TimeRush/TimeRush/Saved/Config/Windows/Scalability.ini]
[2019.11.13-16.48.46:255][  0]LogConfig: Setting CVar [[r.PostProcessAAQuality:4]]
[2019.11.13-16.48.46:255][  0]LogConfig: Applying CVar settings from Section [ShadowQuality@3] File [D:/Universidade Europeia/GitHub/TimeRush/TimeRush/Saved/Config/Windows/Scalability.ini]
[2019.11.13-16.48.46:255][  0]LogConfig: Setting CVar [[r.LightFunctionQuality:1]]
[2019.11.13-16.48.46:255][  0]LogConfig: Setting CVar [[r.ShadowQuality:5]]
[2019.11.13-16.48.46:255][  0]LogConfig: Setting CVar [[r.Shadow.CSM.MaxCascades:10]]
[2019.11.13-16.48.46:255][  0]LogConfig: Setting CVar [[r.Shadow.MaxResolution:2048]]
[2019.11.13-16.48.46:255][  0]LogConfig: Setting CVar [[r.Shadow.MaxCSMResolution:2048]]
[2019.11.13-16.48.46:255][  0]LogConfig: Setting CVar [[r.Shadow.RadiusThreshold:0.01]]
[2019.11.13-16.48.46:255][  0]LogConfig: Setting CVar [[r.Shadow.DistanceScale:1.0]]
[2019.11.13-16.48.46:255][  0]LogConfig: Setting CVar [[r.Shadow.CSM.TransitionScale:1.0]]
[2019.11.13-16.48.46:255][  0]LogConfig: Setting CVar [[r.Shadow.PreShadowResolutionFactor:1.0]]
[2019.11.13-16.48.46:255][  0]LogConfig: Setting CVar [[r.DistanceFieldShadowing:1]]
[2019.11.13-16.48.46:255][  0]LogConfig: Setting CVar [[r.DistanceFieldAO:1]]
[2019.11.13-16.48.46:255][  0]LogConfig: Setting CVar [[r.AOQuality:2]]
[2019.11.13-16.48.46:255][  0]LogConfig: Setting CVar [[r.VolumetricFog:1]]
[2019.11.13-16.48.46:255][  0]LogConfig: Setting CVar [[r.VolumetricFog.GridPixelSize:8]]
[2019.11.13-16.48.46:255][  0]LogConfig: Setting CVar [[r.VolumetricFog.GridSizeZ:128]]
[2019.11.13-16.48.46:255][  0]LogConfig: Setting CVar [[r.VolumetricFog.HistoryMissSupersampleCount:4]]
[2019.11.13-16.48.46:255][  0]LogConfig: Setting CVar [[r.LightMaxDrawDistanceScale:1]]
[2019.11.13-16.48.46:255][  0]LogConfig: Setting CVar [[r.CapsuleShadows:1]]
[2019.11.13-16.48.46:255][  0]LogConfig: Applying CVar settings from Section [PostProcessQuality@3] File [D:/Universidade Europeia/GitHub/TimeRush/TimeRush/Saved/Config/Windows/Scalability.ini]
[2019.11.13-16.48.46:255][  0]LogConfig: Setting CVar [[r.MotionBlurQuality:4]]
[2019.11.13-16.48.46:255][  0]LogConfig: Setting CVar [[r.AmbientOcclusionMipLevelFactor:0.4]]
[2019.11.13-16.48.46:255][  0]LogConfig: Setting CVar [[r.AmbientOcclusionMaxQuality:100]]
[2019.11.13-16.48.46:255][  0]LogConfig: Setting CVar [[r.AmbientOcclusionLevels:-1]]
[2019.11.13-16.48.46:255][  0]LogConfig: Setting CVar [[r.AmbientOcclusionRadiusScale:1.0]]
[2019.11.13-16.48.46:255][  0]LogConfig: Setting CVar [[r.DepthOfFieldQuality:2]]
[2019.11.13-16.48.46:255][  0]LogConfig: Setting CVar [[r.RenderTargetPoolMin:400]]
[2019.11.13-16.48.46:255][  0]LogConfig: Setting CVar [[r.LensFlareQuality:2]]
[2019.11.13-16.48.46:255][  0]LogConfig: Setting CVar [[r.SceneColorFringeQuality:1]]
[2019.11.13-16.48.46:255][  0]LogConfig: Setting CVar [[r.EyeAdaptationQuality:2]]
[2019.11.13-16.48.46:255][  0]LogConfig: Setting CVar [[r.BloomQuality:5]]
[2019.11.13-16.48.46:255][  0]LogConfig: Setting CVar [[r.FastBlurThreshold:100]]
[2019.11.13-16.48.46:255][  0]LogConfig: Setting CVar [[r.Upscale.Quality:3]]
[2019.11.13-16.48.46:255][  0]LogConfig: Setting CVar [[r.Tonemapper.GrainQuantization:1]]
[2019.11.13-16.48.46:255][  0]LogConfig: Setting CVar [[r.LightShaftQuality:1]]
[2019.11.13-16.48.46:255][  0]LogConfig: Setting CVar [[r.Filter.SizeScale:1]]
[2019.11.13-16.48.46:255][  0]LogConfig: Setting CVar [[r.Tonemapper.Quality:5]]
[2019.11.13-16.48.46:255][  0]LogConfig: Setting CVar [[r.DOF.Gather.AccumulatorQuality:1        ; higher gathering accumulator quality]]
[2019.11.13-16.48.46:255][  0]LogConfig: Setting CVar [[r.DOF.Gather.PostfilterMethod:1          ; Median3x3 postfilering method]]
[2019.11.13-16.48.46:255][  0]LogConfig: Setting CVar [[r.DOF.Gather.EnableBokehSettings:0       ; no bokeh simulation when gathering]]
[2019.11.13-16.48.46:255][  0]LogConfig: Setting CVar [[r.DOF.Gather.RingCount:4                 ; medium number of samples when gathering]]
[2019.11.13-16.48.46:255][  0]LogConfig: Setting CVar [[r.DOF.Scatter.ForegroundCompositing:1    ; additive foreground scattering]]
[2019.11.13-16.48.46:255][  0]LogConfig: Setting CVar [[r.DOF.Scatter.BackgroundCompositing:2    ; additive background scattering]]
[2019.11.13-16.48.46:255][  0]LogConfig: Setting CVar [[r.DOF.Scatter.EnableBokehSettings:1      ; bokeh simulation when scattering]]
[2019.11.13-16.48.46:255][  0]LogConfig: Setting CVar [[r.DOF.Scatter.MaxSpriteRatio:0.1         ; only a maximum of 10% of scattered bokeh]]
[2019.11.13-16.48.46:255][  0]LogConfig: Setting CVar [[r.DOF.Recombine.Quality:1                ; cheap slight out of focus]]
[2019.11.13-16.48.46:255][  0]LogConfig: Setting CVar [[r.DOF.Recombine.EnableBokehSettings:0    ; no bokeh simulation on slight out of focus]]
[2019.11.13-16.48.46:255][  0]LogConfig: Setting CVar [[r.DOF.TemporalAAQuality:1                ; more stable temporal accumulation]]
[2019.11.13-16.48.46:255][  0]LogConfig: Setting CVar [[r.DOF.Kernel.MaxForegroundRadius:0.025]]
[2019.11.13-16.48.46:256][  0]LogConfig: Setting CVar [[r.DOF.Kernel.MaxBackgroundRadius:0.025]]
[2019.11.13-16.48.46:256][  0]LogConfig: Applying CVar settings from Section [TextureQuality@3] File [D:/Universidade Europeia/GitHub/TimeRush/TimeRush/Saved/Config/Windows/Scalability.ini]
[2019.11.13-16.48.46:256][  0]LogConfig: Setting CVar [[r.Streaming.MipBias:0]]
[2019.11.13-16.48.46:256][  0]LogConfig: Setting CVar [[r.Streaming.AmortizeCPUToGPUCopy:0]]
[2019.11.13-16.48.46:256][  0]LogConfig: Setting CVar [[r.Streaming.MaxNumTexturesToStreamPerFrame:0]]
[2019.11.13-16.48.46:256][  0]LogConfig: Setting CVar [[r.Streaming.Boost:1]]
[2019.11.13-16.48.46:256][  0]LogConfig: Setting CVar [[r.MaxAnisotropy:8]]
[2019.11.13-16.48.46:256][  0]LogConfig: Setting CVar [[r.Streaming.LimitPoolSizeToVRAM:0]]
[2019.11.13-16.48.46:256][  0]LogConfig: Setting CVar [[r.Streaming.PoolSize:1000]]
[2019.11.13-16.48.46:256][  0]LogConfig: Setting CVar [[r.Streaming.MaxEffectiveScreenSize:0]]
[2019.11.13-16.48.46:256][  0]LogConfig: Applying CVar settings from Section [EffectsQuality@3] File [D:/Universidade Europeia/GitHub/TimeRush/TimeRush/Saved/Config/Windows/Scalability.ini]
[2019.11.13-16.48.46:256][  0]LogConfig: Setting CVar [[r.TranslucencyLightingVolumeDim:64]]
[2019.11.13-16.48.46:256][  0]LogConfig: Setting CVar [[r.RefractionQuality:2]]
[2019.11.13-16.48.46:256][  0]LogConfig: Setting CVar [[r.SSR.Quality:3]]
[2019.11.13-16.48.46:256][  0]LogConfig: Setting CVar [[r.SceneColorFormat:4]]
[2019.11.13-16.48.46:256][  0]LogConfig: Setting CVar [[r.DetailMode:2]]
[2019.11.13-16.48.46:256][  0]LogConfig: Setting CVar [[r.TranslucencyVolumeBlur:1]]
[2019.11.13-16.48.46:256][  0]LogConfig: Setting CVar [[r.MaterialQualityLevel:1 ; High quality]]
[2019.11.13-16.48.46:256][  0]LogConfig: Setting CVar [[r.SSS.Scale:1]]
[2019.11.13-16.48.46:256][  0]LogConfig: Setting CVar [[r.SSS.SampleSet:2]]
[2019.11.13-16.48.46:256][  0]LogConfig: Setting CVar [[r.SSS.Quality:1]]
[2019.11.13-16.48.46:256][  0]LogConfig: Setting CVar [[r.SSS.HalfRes:1]]
[2019.11.13-16.48.46:256][  0]LogConfig: Setting CVar [[r.EmitterSpawnRateScale:1.0]]
[2019.11.13-16.48.46:256][  0]LogConfig: Setting CVar [[r.ParticleLightQuality:2]]
[2019.11.13-16.48.46:256][  0]LogConfig: Applying CVar settings from Section [FoliageQuality@3] File [D:/Universidade Europeia/GitHub/TimeRush/TimeRush/Saved/Config/Windows/Scalability.ini]
[2019.11.13-16.48.46:256][  0]LogConfig: Setting CVar [[foliage.DensityScale:1.0]]
[2019.11.13-16.48.46:256][  0]LogConfig: Setting CVar [[grass.DensityScale:1.0]]
[2019.11.13-16.48.46:256][  0]LogConfig: Applying CVar settings from Section [Startup] File [../../../Engine/Config/ConsoleVariables.ini]
[2019.11.13-16.48.46:257][  0]LogConfig: Setting CVar [[net.UseAdaptiveNetUpdateFrequency:0]]
[2019.11.13-16.48.46:257][  0]LogConfig: Setting CVar [[p.chaos.AllowCreatePhysxBodies:1]]
[2019.11.13-16.48.46:257][  0]LogConfig: Applying CVar settings from Section [ConsoleVariables] File [D:/Universidade Europeia/GitHub/TimeRush/TimeRush/Saved/Config/Windows/Engine.ini]
[2019.11.13-16.48.46:257][  0]LogInit: Computer: DESKTOP-P7E93EO
[2019.11.13-16.48.46:257][  0]LogInit: User: riZ
[2019.11.13-16.48.46:257][  0]LogInit: CPU Page size=4096, Cores=4
[2019.11.13-16.48.46:257][  0]LogInit: High frequency timer resolution =10.000000 MHz
[2019.11.13-16.48.46:257][  0]LogMemory: Memory total: Physical=15.9GB (16GB approx)
[2019.11.13-16.48.46:257][  0]LogMemory: Platform Memory Stats for Windows
[2019.11.13-16.48.46:257][  0]LogMemory: Process Physical Memory: 97.69 MB used, 97.70 MB peak
[2019.11.13-16.48.46:257][  0]LogMemory: Process Virtual Memory: 88.98 MB used, 88.98 MB peak
[2019.11.13-16.48.46:257][  0]LogMemory: Physical Memory: 8053.21 MB used,  8229.32 MB free, 16282.52 MB total
[2019.11.13-16.48.46:257][  0]LogMemory: Virtual Memory: 4643.12 MB used,  134213088.00 MB free, 134217728.00 MB total
[2019.11.13-16.48.46:293][  0]LogInit: Using OS detected language (en-US).
[2019.11.13-16.48.46:293][  0]LogInit: Using OS detected locale (en-US).
[2019.11.13-16.48.46:294][  0]LogTextLocalizationManager: No specific localization for 'en-US' exists, so the 'en' localization will be used.
[2019.11.13-16.48.46:472][  0]LogInit: Setting process to per monitor DPI aware
[2019.11.13-16.48.46:522][  0]LogSlate: New Slate User Created.  User Index 0, Is Virtual User: 0
[2019.11.13-16.48.46:522][  0]LogSlate: Slate User Registered.  User Index 0, Is Virtual User: 0
[2019.11.13-16.48.47:392][  0]LogHMD: Failed to initialize OpenVR with code 110
[2019.11.13-16.48.47:393][  0]LogD3D11RHI: D3D11 adapters:
[2019.11.13-16.48.47:475][  0]LogD3D11RHI:    0. 'NVIDIA GeForce GTX 960M' (Feature Level 11_0)
[2019.11.13-16.48.47:475][  0]LogD3D11RHI:       2010/0/8141 MB DedicatedVideo/DedicatedSystem/SharedSystem, Outputs:1, VendorId:0x10de
[2019.11.13-16.48.47:494][  0]LogD3D11RHI:    1. 'Intel(R) HD Graphics 530' (Feature Level 11_0)
[2019.11.13-16.48.47:494][  0]LogD3D11RHI:       128/0/8141 MB DedicatedVideo/DedicatedSystem/SharedSystem, Outputs:0, VendorId:0x8086
[2019.11.13-16.48.47:497][  0]LogD3D11RHI:    2. 'Microsoft Basic Render Driver' (Feature Level 11_0)
[2019.11.13-16.48.47:497][  0]LogD3D11RHI:       0/0/8141 MB DedicatedVideo/DedicatedSystem/SharedSystem, Outputs:0, VendorId:0x1414
[2019.11.13-16.48.47:497][  0]LogD3D11RHI: Chosen D3D11 Adapter: 0
[2019.11.13-16.48.47:541][  0]LogD3D11RHI: Creating new Direct3DDevice
[2019.11.13-16.48.47:542][  0]LogD3D11RHI:     GPU DeviceId: 0x139b (for the marketing name, search the web for "GPU Device Id")
[2019.11.13-16.48.47:542][  0]LogWindows: EnumDisplayDevices:
[2019.11.13-16.48.47:542][  0]LogWindows:    0. 'Intel(R) HD Graphics 530' (P:1 D:1)
[2019.11.13-16.48.47:543][  0]LogWindows:    1. 'Intel(R) HD Graphics 530' (P:0 D:0)
[2019.11.13-16.48.47:543][  0]LogWindows:    2. 'Intel(R) HD Graphics 530' (P:0 D:0)
[2019.11.13-16.48.47:544][  0]LogWindows: DebugString: PrimaryIsNotTheChoosenAdapter PrimaryIsNotTheChoosenAdapter PrimaryIsNotTheChoosenAdapter FoundDriverCount:0 
[2019.11.13-16.48.47:544][  0]LogD3D11RHI:     Adapter Name: NVIDIA GeForce GTX 960M
[2019.11.13-16.48.47:544][  0]LogD3D11RHI:   Driver Version: Unknown (internal:Unknown, unified:Unknown)
[2019.11.13-16.48.47:544][  0]LogD3D11RHI:      Driver Date: Unknown
[2019.11.13-16.48.47:544][  0]LogRHI: Texture pool is 1407 MB (70% of 2010 MB)
[2019.11.13-16.48.47:595][  0]LogD3D11RHI: Async texture creation enabled
[2019.11.13-16.48.47:600][  0]LogRendererCore: FGlobalReadBuffer::InitRHI
[2019.11.13-16.48.47:600][  0]LogRendererCore: FGlobalReadBuffer::InitRHI
[2019.11.13-16.48.47:600][  0]LogRendererCore: FGlobalReadBuffer::InitRHI
[2019.11.13-16.48.47:608][  0]LogD3D11RHI: GPU Timing Frequency: 1000.000000 (Debug: 2 1)
[2019.11.13-16.48.48:008][  0]LogTemp: Display: Module 'AllDesktopTargetPlatform' loaded TargetPlatform 'AllDesktop'
[2019.11.13-16.48.48:027][  0]LogTemp: Display: Module 'MacClientTargetPlatform' loaded TargetPlatform 'MacClient'
[2019.11.13-16.48.48:049][  0]LogTemp: Display: Module 'MacNoEditorTargetPlatform' loaded TargetPlatform 'MacNoEditor'
[2019.11.13-16.48.48:069][  0]LogTemp: Display: Module 'MacServerTargetPlatform' loaded TargetPlatform 'MacServer'
[2019.11.13-16.48.48:087][  0]LogTemp: Display: Module 'MacTargetPlatform' loaded TargetPlatform 'Mac'
[2019.11.13-16.48.48:103][  0]LogTemp: Display: Module 'WindowsClientTargetPlatform' loaded TargetPlatform 'WindowsClient'
[2019.11.13-16.48.48:121][  0]LogTemp: Display: Module 'WindowsNoEditorTargetPlatform' loaded TargetPlatform 'WindowsNoEditor'
[2019.11.13-16.48.48:138][  0]LogTemp: Display: Module 'WindowsServerTargetPlatform' loaded TargetPlatform 'WindowsServer'
[2019.11.13-16.48.48:147][  0]LogTemp: Display: Module 'WindowsTargetPlatform' loaded TargetPlatform 'Windows'
[2019.11.13-16.48.48:262][  0]LogTemp: Display: Module 'AndroidTargetPlatform' loaded TargetPlatform 'Android'
[2019.11.13-16.48.48:262][  0]LogTemp: Display: Module 'AndroidTargetPlatform' loaded TargetPlatform 'Android_ASTC'
[2019.11.13-16.48.48:262][  0]LogTemp: Display: Module 'AndroidTargetPlatform' loaded TargetPlatform 'Android_ATC'
[2019.11.13-16.48.48:262][  0]LogTemp: Display: Module 'AndroidTargetPlatform' loaded TargetPlatform 'Android_DXT'
[2019.11.13-16.48.48:262][  0]LogTemp: Display: Module 'AndroidTargetPlatform' loaded TargetPlatform 'Android_ETC1'
[2019.11.13-16.48.48:262][  0]LogTemp: Display: Module 'AndroidTargetPlatform' loaded TargetPlatform 'Android_ETC1a'
[2019.11.13-16.48.48:262][  0]LogTemp: Display: Module 'AndroidTargetPlatform' loaded TargetPlatform 'Android_ETC2'
[2019.11.13-16.48.48:262][  0]LogTemp: Display: Module 'AndroidTargetPlatform' loaded TargetPlatform 'Android_PVRTC'
[2019.11.13-16.48.48:262][  0]LogTemp: Display: Module 'AndroidTargetPlatform' loaded TargetPlatform 'AndroidClient'
[2019.11.13-16.48.48:262][  0]LogTemp: Display: Module 'AndroidTargetPlatform' loaded TargetPlatform 'Android_ASTCClient'
[2019.11.13-16.48.48:263][  0]LogTemp: Display: Module 'AndroidTargetPlatform' loaded TargetPlatform 'Android_ATCClient'
[2019.11.13-16.48.48:263][  0]LogTemp: Display: Module 'AndroidTargetPlatform' loaded TargetPlatform 'Android_DXTClient'
[2019.11.13-16.48.48:263][  0]LogTemp: Display: Module 'AndroidTargetPlatform' loaded TargetPlatform 'Android_ETC1Client'
[2019.11.13-16.48.48:263][  0]LogTemp: Display: Module 'AndroidTargetPlatform' loaded TargetPlatform 'Android_ETC1aClient'
[2019.11.13-16.48.48:263][  0]LogTemp: Display: Module 'AndroidTargetPlatform' loaded TargetPlatform 'Android_ETC2Client'
[2019.11.13-16.48.48:263][  0]LogTemp: Display: Module 'AndroidTargetPlatform' loaded TargetPlatform 'Android_PVRTCClient'
[2019.11.13-16.48.48:263][  0]LogTemp: Display: Module 'AndroidTargetPlatform' loaded TargetPlatform 'Android_Multi'
[2019.11.13-16.48.48:263][  0]LogTemp: Display: Module 'AndroidTargetPlatform' loaded TargetPlatform 'Android_MultiClient'
[2019.11.13-16.48.48:267][  0]LogTemp: Display: Module 'HTML5TargetPlatform' loaded TargetPlatform 'HTML5'
[2019.11.13-16.48.48:324][  0]LogTemp: Display: Module 'IOSTargetPlatform' loaded TargetPlatform 'IOSClient'
[2019.11.13-16.48.48:324][  0]LogTemp: Display: Module 'IOSTargetPlatform' loaded TargetPlatform 'IOS'
[2019.11.13-16.48.48:358][  0]LogTemp: Display: Module 'TVOSTargetPlatform' loaded TargetPlatform 'TVOSClient'
[2019.11.13-16.48.48:358][  0]LogTemp: Display: Module 'TVOSTargetPlatform' loaded TargetPlatform 'TVOS'
[2019.11.13-16.48.48:375][  0]LogTemp: Display: Module 'LinuxClientTargetPlatform' loaded TargetPlatform 'LinuxClient'
[2019.11.13-16.48.48:391][  0]LogTemp: Display: Module 'LinuxNoEditorTargetPlatform' loaded TargetPlatform 'LinuxNoEditor'
[2019.11.13-16.48.48:407][  0]LogTemp: Display: Module 'LinuxServerTargetPlatform' loaded TargetPlatform 'LinuxServer'
[2019.11.13-16.48.48:425][  0]LogTemp: Display: Module 'LinuxTargetPlatform' loaded TargetPlatform 'Linux'
[2019.11.13-16.48.48:482][  0]LogTemp: Display: Module 'LuminTargetPlatform' loaded TargetPlatform 'Lumin'
[2019.11.13-16.48.48:482][  0]LogTemp: Display: Module 'LuminTargetPlatform' loaded TargetPlatform 'LuminClient'
[2019.11.13-16.48.48:482][  0]LogTargetPlatformManager: Display: Building Assets For Windows
[2019.11.13-16.48.48:494][  0]LogAudioDebug: Display: Lib vorbis DLL was dynamically loaded.
[2019.11.13-16.48.48:576][  0]LogShaderCompilers: Guid format shader working directory is -16 characters bigger than the processId version (../../../../../Universidade Europeia/GitHub/TimeRush/TimeRush/Intermediate/Shaders/WorkingDirectory/21820/).
[2019.11.13-16.48.48:576][  0]LogShaderCompilers: Cleaned the shader compiler working directory 'C:/Users/2011j/AppData/Local/Temp/UnrealShaderWorkingDir/A50089124A1B399217DF3F8A3E6D97DB/'.
[2019.11.13-16.48.48:578][  0]LogXGEController: Cleaning working directory: C:/Users/2011j/AppData/Local/Temp/UnrealXGEWorkingDir/
[2019.11.13-16.48.48:578][  0]LogXGEController: Cannot use XGE Controller as Incredibuild is not installed on this machine.
[2019.11.13-16.48.48:578][  0]LogShaderCompilers: Cannot use XGE Shader Compiler as Incredibuild is not installed on this machine.
[2019.11.13-16.48.48:578][  0]LogShaderCompilers: Display: Using Local Shader Compiler.
[2019.11.13-16.48.49:321][  0]LogDerivedDataCache: Display: Max Cache Size: 512 MB
[2019.11.13-16.48.49:384][  0]LogDerivedDataCache: Loaded boot cache 0.06s 71MB C:/Users/2011j/AppData/Local/UnrealEngine/4.22/DerivedDataCache/Boot.ddc.
[2019.11.13-16.48.49:384][  0]LogDerivedDataCache: Display: Loaded Boot cache: C:/Users/2011j/AppData/Local/UnrealEngine/4.22/DerivedDataCache/Boot.ddc
[2019.11.13-16.48.49:384][  0]LogDerivedDataCache: FDerivedDataBackendGraph:  Pak pak cache file ../../../../../Universidade Europeia/GitHub/TimeRush/TimeRush/DerivedDataCache/DDC.ddp not found, will not use a pak cache.
[2019.11.13-16.48.49:384][  0]LogDerivedDataCache: Unable to find inner node Pak for hierarchical cache Hierarchy.
[2019.11.13-16.48.49:384][  0]LogDerivedDataCache: FDerivedDataBackendGraph:  CompressedPak pak cache file ../../../../../Universidade Europeia/GitHub/TimeRush/TimeRush/DerivedDataCache/Compressed.ddp not found, will not use a pak cache.
[2019.11.13-16.48.49:384][  0]LogDerivedDataCache: Unable to find inner node CompressedPak for hierarchical cache Hierarchy.
[2019.11.13-16.48.49:402][  0]LogDerivedDataCache: Display: Pak cache opened for reading ../../../Engine/DerivedDataCache/Compressed.ddp.
[2019.11.13-16.48.49:402][  0]LogDerivedDataCache: FDerivedDataBackendGraph:  EnterprisePak pak cache file ../../../Enterprise/DerivedDataCache/Compressed.ddp not found, will not use a pak cache.
[2019.11.13-16.48.49:402][  0]LogDerivedDataCache: Unable to find inner node EnterprisePak for hierarchical cache Hierarchy.
[2019.11.13-16.48.49:415][  0]LogDerivedDataCache: Using Local data cache path C:/Users/2011j/AppData/Local/UnrealEngine/Common/DerivedDataCache: Writable
[2019.11.13-16.48.49:415][  0]LogDerivedDataCache: Shared data cache path not found in *engine.ini, will not use an Shared cache.
[2019.11.13-16.48.49:415][  0]LogDerivedDataCache: Unable to find inner node Shared for hierarchical cache Hierarchy.
[2019.11.13-16.48.49:444][  0]LogMaterial: Verifying Global Shaders for PCD3D_SM5
[2019.11.13-16.48.49:446][  0]LogSlate: Using FreeType 2.6.0
[2019.11.13-16.48.49:447][  0]LogSlate: SlateFontServices - WITH_FREETYPE: 1, WITH_HARFBUZZ: 1
[2019.11.13-16.48.49:594][  0]LogAssetRegistry: FAssetRegistry took 0.0515 seconds to start up
[2019.11.13-16.48.50:110][  0]LogInit: Selected Device Profile: [Windows]
[2019.11.13-16.48.50:302][  0]LogMeshReduction: Using QuadricMeshReduction for automatic static mesh reduction
[2019.11.13-16.48.50:302][  0]LogMeshReduction: Using SimplygonMeshReduction for automatic skeletal mesh reduction
[2019.11.13-16.48.50:302][  0]LogMeshReduction: Using ProxyLODMeshReduction for automatic mesh merging
[2019.11.13-16.48.50:302][  0]LogMeshReduction: No distributed automatic mesh merging module available
[2019.11.13-16.48.50:302][  0]LogMeshMerging: No distributed automatic mesh merging module available
[2019.11.13-16.48.50:317][  0]LogNetVersion: TimeRush 1.0.0, NetCL: 5660361, EngineNetVer: 10, GameNetVer: 0 (Checksum: 1373495878)
[2019.11.13-16.48.50:857][  0]LogPackageLocalizationCache: Processed 10 localized package path(s) for 1 prioritized culture(s) in 0.041871 seconds
[2019.11.13-16.48.50:863][  0]LogUObjectArray: 42205 objects as part of root set at end of initial load.
[2019.11.13-16.48.50:863][  0]LogUObjectAllocator: 7325032 out of 0 bytes used by permanent object pool.
[2019.11.13-16.48.50:863][  0]LogUObjectArray: CloseDisregardForGC: 0/0 objects in disregard for GC pool
[2019.11.13-16.48.52:147][  0]LogTcpMessaging: Initializing TcpMessaging bridge
[2019.11.13-16.48.52:162][  0]LogUdpMessaging: Initializing bridge on interface 0.0.0.0:0 to multicast group 230.0.0.1:6666.
[2019.11.13-16.48.52:317][  0]SourceControl: Source control is disabled
[2019.11.13-16.48.52:317][  0]SourceControl: Source control is disabled
[2019.11.13-16.48.52:320][  0]SourceControl: Source control is disabled
[2019.11.13-16.48.52:322][  0]SourceControl: Source control is disabled
[2019.11.13-16.48.52:449][  0]LogAndroidPermission: UAndroidPermissionCallbackProxy::GetInstance
[2019.11.13-16.48.52:581][  0]LogOcInput: OculusInput pre-init called
[2019.11.13-16.48.53:672][  0]LogEngine: Initializing Engine...
[2019.11.13-16.48.53:673][  0]LogHMD: Failed to initialize OpenVR with code 110
[2019.11.13-16.48.53:674][  0]LogStats: UGameplayTagsManager::InitializeManager -  0.000 s
[2019.11.13-16.48.53:919][  0]LogInit: Initializing FReadOnlyCVARCache
[2019.11.13-16.48.53:933][  0]LogAIModule: Creating AISystem for world Untitled
[2019.11.13-16.48.53:970][  0]LogInit: XAudio2 using 'Speakers (Conexant SmartAudio HD)' : 2 channels at 48 kHz using 32 bits per sample (channel mask 0x3)
[2019.11.13-16.48.54:068][  0]LogInit: FAudioDevice initialized.
[2019.11.13-16.48.54:069][  0]LogNetVersion: Set ProjectVersion to 1.0.0.0. Version Checksum will be recalculated on next use.
[2019.11.13-16.48.54:391][  0]LogDerivedDataCache: Saved boot cache 0.32s 71MB C:/Users/2011j/AppData/Local/UnrealEngine/4.22/DerivedDataCache/Boot.ddc.
[2019.11.13-16.48.54:391][  0]LogInit: Texture streaming: Enabled
[2019.11.13-16.48.54:413][  0]LogEngineSessionManager: EngineSessionManager initialized
[2019.11.13-16.48.54:436][  0]LogInit: Transaction tracking system initialized
[2019.11.13-16.48.54:463][  0]BlueprintLog: New page: Editor Load
[2019.11.13-16.48.54:568][  0]LocalizationService: Localization service is disabled
[2019.11.13-16.48.54:957][  0]LogFileCache: Scanning file cache for directory 'D:/Universidade Europeia/GitHub/TimeRush/TimeRush/Content/' took 0.02s
[2019.11.13-16.48.54:957][  0]LogCook: Display: Max memory allowance for cook 16384mb min free memory 0mb
[2019.11.13-16.48.54:957][  0]LogCook: Display: Mobile HDR setting 1
[2019.11.13-16.48.55:202][  0]SourceControl: Source control is disabled
[2019.11.13-16.48.55:203][  0]Cmd: MAP LOAD FILE="../../../../../Universidade Europeia/GitHub/TimeRush/TimeRush/Content/StarterContent/Maps/Minimal_Default.umap" TEMPLATE=0 SHOWPROGRESS=1 FEATURELEVEL=3
[2019.11.13-16.48.55:203][  0]LightingResults: New page: Lighting Build
[2019.11.13-16.48.55:205][  0]MapCheck: New page: Map Check
[2019.11.13-16.48.55:205][  0]LightingResults: New page: Lighting Build
[2019.11.13-16.48.55:237][  0]LogUObjectHash: Compacting FUObjectHashTables data took   1.67ms
[2019.11.13-16.48.55:526][  0]LogAIModule: Creating AISystem for world Minimal_Default
[2019.11.13-16.48.55:537][  0]LogEditorServer: Finished looking for orphan Actors (0.000 secs)
[2019.11.13-16.48.55:567][  0]LogUObjectHash: Compacting FUObjectHashTables data took   2.01ms
[2019.11.13-16.48.55:567][  0]Cmd: MAP CHECKDEP NOCLEARLOG
[2019.11.13-16.48.55:567][  0]MapCheck: Map check complete: 0 Error(s), 0 Warning(s), took 0.34ms to complete.
[2019.11.13-16.48.55:568][  0]LogFileHelpers: Loading map 'Minimal_Default' took 0.365
[2019.11.13-16.48.55:688][  0]LogSlate: Updating window title bar state: overlay mode, drag disabled, window buttons hidden, title bar hidden
[2019.11.13-16.48.55:698][  0]LogSlate: Updating window title bar state: overlay mode, drag disabled, window buttons hidden, title bar hidden
[2019.11.13-16.48.55:708][  0]LogSlate: Updating window title bar state: overlay mode, drag disabled, window buttons hidden, title bar hidden
[2019.11.13-16.48.55:718][  0]LogSlate: Updating window title bar state: overlay mode, drag disabled, window buttons hidden, title bar hidden
[2019.11.13-16.48.55:724][  0]LogCollectionManager: Loaded 0 collections in 0.001860 seconds
[2019.11.13-16.48.55:765][  0]LogFileCache: Scanning file cache for directory 'D:/Universidade Europeia/GitHub/TimeRush/TimeRush/Saved/Collections/' took 0.01s
[2019.11.13-16.48.55:766][  0]LogFileCache: Scanning file cache for directory 'D:/Universidade Europeia/GitHub/TimeRush/TimeRush/Content/Developers/riZ/Collections/' took 0.01s
[2019.11.13-16.48.55:766][  0]LogFileCache: Scanning file cache for directory 'D:/Universidade Europeia/GitHub/TimeRush/TimeRush/Content/Collections/' took 0.01s
[2019.11.13-16.48.55:766][  0]LogCollectionManager: Rebuilt the GUID cache for 0 collections in 0.000002 seconds
[2019.11.13-16.48.55:776][  0]LogContentBrowser: Native class hierarchy populated in 0.0100 seconds. Added 2735 classes and 661 folders.
[2019.11.13-16.48.55:783][  0]LogContentBrowser: Native class hierarchy updated for 'WidgetCarousel' in 0.0006 seconds. Added 0 classes and 0 folders.
[2019.11.13-16.48.55:786][  0]LogPakFile: Registered encryption key '00000000000000000000000000000000': 0 pak files mounted, 0 remain pending
[2019.11.13-16.48.55:787][  0]LogPakFile: Registered encryption key '00000000000000000000000000000000': 0 pak files mounted, 0 remain pending
[2019.11.13-16.48.55:788][  0]LogPakFile: Registered encryption key '00000000000000000000000000000000': 0 pak files mounted, 0 remain pending
[2019.11.13-16.48.55:789][  0]LogPakFile: Registered encryption key '00000000000000000000000000000000': 0 pak files mounted, 0 remain pending
[2019.11.13-16.48.55:790][  0]LogPakFile: Registered encryption key '00000000000000000000000000000000': 0 pak files mounted, 0 remain pending
[2019.11.13-16.48.55:791][  0]LogPakFile: Registered encryption key '00000000000000000000000000000000': 0 pak files mounted, 0 remain pending
[2019.11.13-16.48.55:792][  0]LogPakFile: Registered encryption key '00000000000000000000000000000000': 0 pak files mounted, 0 remain pending
[2019.11.13-16.48.55:793][  0]LogPakFile: Registered encryption key '00000000000000000000000000000000': 0 pak files mounted, 0 remain pending
[2019.11.13-16.48.55:794][  0]LogPakFile: Registered encryption key '00000000000000000000000000000000': 0 pak files mounted, 0 remain pending
[2019.11.13-16.48.55:795][  0]LogPakFile: Registered encryption key '00000000000000000000000000000000': 0 pak files mounted, 0 remain pending
[2019.11.13-16.48.55:796][  0]LogPakFile: Registered encryption key '00000000000000000000000000000000': 0 pak files mounted, 0 remain pending
[2019.11.13-16.48.55:797][  0]LogPakFile: Registered encryption key '00000000000000000000000000000000': 0 pak files mounted, 0 remain pending
[2019.11.13-16.48.55:798][  0]LogPakFile: Registered encryption key '00000000000000000000000000000000': 0 pak files mounted, 0 remain pending
[2019.11.13-16.48.55:799][  0]LogPakFile: Registered encryption key '00000000000000000000000000000000': 0 pak files mounted, 0 remain pending
[2019.11.13-16.48.55:801][  0]LogPakFile: Registered encryption key '00000000000000000000000000000000': 0 pak files mounted, 0 remain pending
[2019.11.13-16.48.55:802][  0]LogPakFile: Registered encryption key '00000000000000000000000000000000': 0 pak files mounted, 0 remain pending
[2019.11.13-16.48.55:803][  0]LogPakFile: Registered encryption key '00000000000000000000000000000000': 0 pak files mounted, 0 remain pending
[2019.11.13-16.48.55:804][  0]LogPakFile: Registered encryption key '00000000000000000000000000000000': 0 pak files mounted, 0 remain pending
[2019.11.13-16.48.55:805][  0]LogPakFile: Registered encryption key '00000000000000000000000000000000': 0 pak files mounted, 0 remain pending
[2019.11.13-16.48.55:806][  0]LogPakFile: Registered encryption key '00000000000000000000000000000000': 0 pak files mounted, 0 remain pending
[2019.11.13-16.48.55:807][  0]LogPakFile: Registered encryption key '00000000000000000000000000000000': 0 pak files mounted, 0 remain pending
[2019.11.13-16.48.55:808][  0]LogPakFile: Registered encryption key '00000000000000000000000000000000': 0 pak files mounted, 0 remain pending
[2019.11.13-16.48.55:809][  0]LogPakFile: Registered encryption key '00000000000000000000000000000000': 0 pak files mounted, 0 remain pending
[2019.11.13-16.48.55:810][  0]LogPakFile: Registered encryption key '00000000000000000000000000000000': 0 pak files mounted, 0 remain pending
[2019.11.13-16.48.55:812][  0]LogPakFile: Registered encryption key '00000000000000000000000000000000': 0 pak files mounted, 0 remain pending
[2019.11.13-16.48.55:813][  0]LogPakFile: Registered encryption key '00000000000000000000000000000000': 0 pak files mounted, 0 remain pending
[2019.11.13-16.48.55:893][  0]LogContentBrowser: Native class hierarchy updated for 'AddContentDialog' in 0.0006 seconds. Added 0 classes and 0 folders.
[2019.11.13-16.48.55:901][  0]LogContentBrowser: Native class hierarchy updated for 'SceneOutliner' in 0.0007 seconds. Added 1 classes and 2 folders.
[2019.11.13-16.48.57:220][  0]LogSlate: Only BGRA pngs, bmps or icos are supported in by External Image Picker
[2019.11.13-16.48.57:248][  0]LogSlate: Took 0.000348 seconds to synchronously load lazily loaded font '../../../Engine/Content/Slate/Fonts/Roboto-Regular.ttf' (155K)
[2019.11.13-16.48.57:252][  0]LogSlate: Took 0.000390 seconds to synchronously load lazily loaded font '../../../Engine/Content/Slate/Fonts/Roboto-Bold.ttf' (160K)
[2019.11.13-16.48.57:261][  0]LogSlate: Took 0.000438 seconds to synchronously load lazily loaded font '../../../Engine/Content/Editor/Slate/Fonts/FontAwesome.ttf' (139K)
[2019.11.13-16.48.57:392][  0]LogRenderer: Reallocating scene render targets to support 1208x580 Format 10 NumSamples 1 (Frame:1).
[2019.11.13-16.48.57:549][  0]LogContentBrowser: Native class hierarchy updated for 'HierarchicalLODOutliner' in 0.0009 seconds. Added 0 classes and 0 folders.
[2019.11.13-16.48.57:549][  0]LogLoad: (Engine Initialization) Total time: 13.98 seconds
[2019.11.13-16.48.57:549][  0]LogLoad: (Engine Initialization) Total Blueprint compile time: 0.00 seconds
[2019.11.13-16.48.57:739][  0]LogAssetRegistry: Asset discovery search completed in 8.1686 seconds
[2019.11.13-16.48.57:742][  0]LogCollectionManager: Rebuilt the object cache for 0 collections in 0.000000 seconds (found 0 objects)
[2019.11.13-16.48.57:742][  0]LogCollectionManager: Fixed up redirectors for 0 collections in 0.000081 seconds (updated 0 objects)
[2019.11.13-16.48.57:744][  0]LogContentStreaming: Texture pool size now 1000 MB
[2019.11.13-16.48.57:785][  0]LogSlate: Took 0.000322 seconds to synchronously load lazily loaded font '../../../Engine/Content/Slate/Fonts/Roboto-Light.ttf' (167K)
[2019.11.13-16.48.58:586][ 45]LogSlate: Took 0.000373 seconds to synchronously load lazily loaded font '../../../Engine/Content/Slate/Fonts/Roboto-Light.ttf' (167K)
[2019.11.13-16.49.01:014][188]LogSlate: FSceneViewport::OnFocusLost() reason 0
[2019.11.13-16.49.04:793][391]LogAnimationCompression: Building Anim DDC data for AnimSequence /Game/AnimStarterPack/Crouch_Walk_Rt_Rifle_Hip.Crouch_Walk_Rt_Rifle_Hip
[2019.11.13-16.49.04:850][391]LogAnimationCompression: Recompressing (AnimSequence /Game/AnimStarterPack/Crouch_Walk_Rt_Rifle_Hip.Crouch_Walk_Rt_Rifle_Hip) using current/default (AnimCompress_BitwiseCompressOnly_12) bFirstRecompressUsingCurrentOrDefault(1) bTryAlternateCompressor(0) IsCompressedDataValid(0)
[2019.11.13-16.49.04:880][391]LogAnimationCompression: Building Anim DDC data for AnimSequence /Game/AnimStarterPack/Jog_Bwd_Rifle.Jog_Bwd_Rifle
[2019.11.13-16.49.04:881][391]LogAnimationCompression: Recompressing (AnimSequence /Game/AnimStarterPack/Jog_Bwd_Rifle.Jog_Bwd_Rifle) using current/default (AnimCompress_BitwiseCompressOnly_34) bFirstRecompressUsingCurrentOrDefault(1) bTryAlternateCompressor(0) IsCompressedDataValid(0)
[2019.11.13-16.49.04:882][391]LogAnimationCompression: Building Anim DDC data for AnimSequence /Game/AnimStarterPack/Crouch_Walk_Fwd_Rifle_Hip.Crouch_Walk_Fwd_Rifle_Hip
[2019.11.13-16.49.04:882][391]LogAnimationCompression: Recompressing (AnimSequence /Game/AnimStarterPack/Crouch_Walk_Fwd_Rifle_Hip.Crouch_Walk_Fwd_Rifle_Hip) using current/default (AnimCompress_BitwiseCompressOnly_8) bFirstRecompressUsingCurrentOrDefault(1) bTryAlternateCompressor(0) IsCompressedDataValid(0)
[2019.11.13-16.49.04:883][391]LogAnimationCompression: Building Anim DDC data for AnimSequence /Game/AnimStarterPack/Crouch_Walk_Lt_Rifle_Hip.Crouch_Walk_Lt_Rifle_Hip
[2019.11.13-16.49.04:883][391]LogAnimationCompression: Recompressing (AnimSequence /Game/AnimStarterPack/Crouch_Walk_Lt_Rifle_Hip.Crouch_Walk_Lt_Rifle_Hip) using current/default (AnimCompress_BitwiseCompressOnly_10) bFirstRecompressUsingCurrentOrDefault(1) bTryAlternateCompressor(0) IsCompressedDataValid(0)
[2019.11.13-16.49.04:885][391]LogAnimationCompression: Building Anim DDC data for AnimSequence /Game/AnimStarterPack/Crouch_Walk_Bwd_Rifle_Hip.Crouch_Walk_Bwd_Rifle_Hip
[2019.11.13-16.49.04:885][391]LogAnimationCompression: Recompressing (AnimSequence /Game/AnimStarterPack/Crouch_Walk_Bwd_Rifle_Hip.Crouch_Walk_Bwd_Rifle_Hip) using current/default (AnimCompress_BitwiseCompressOnly_6) bFirstRecompressUsingCurrentOrDefault(1) bTryAlternateCompressor(0) IsCompressedDataValid(0)
[2019.11.13-16.49.04:886][391]LogAnimationCompression: Building Anim DDC data for AnimSequence /Game/AnimStarterPack/Jump_From_Jog.Jump_From_Jog
[2019.11.13-16.49.04:886][391]LogAnimationCompression: Recompressing (AnimSequence /Game/AnimStarterPack/Jump_From_Jog.Jump_From_Jog) using current/default (AnimCompress_BitwiseCompressOnly_38) bFirstRecompressUsingCurrentOrDefault(1) bTryAlternateCompressor(0) IsCompressedDataValid(0)
[2019.11.13-16.49.04:887][391]LogAnimationCompression: Building Anim DDC data for AnimSequence /Game/AnimStarterPack/Jump_From_Stand.Jump_From_Stand
[2019.11.13-16.49.04:887][391]LogAnimationCompression: Recompressing (AnimSequence /Game/AnimStarterPack/Jump_From_Stand.Jump_From_Stand) using current/default (AnimCompress_BitwiseCompressOnly_39) bFirstRecompressUsingCurrentOrDefault(1) bTryAlternateCompressor(0) IsCompressedDataValid(0)
[2019.11.13-16.49.04:889][391]LogAnimationCompression: Building Anim DDC data for AnimSequence /Game/AnimStarterPack/Idle_Rifle_Hip.Idle_Rifle_Hip
[2019.11.13-16.49.04:889][391]LogAnimationCompression: Recompressing (AnimSequence /Game/AnimStarterPack/Idle_Rifle_Hip.Idle_Rifle_Hip) using current/default (AnimCompress_BitwiseCompressOnly_30) bFirstRecompressUsingCurrentOrDefault(1) bTryAlternateCompressor(0) IsCompressedDataValid(0)
[2019.11.13-16.49.04:894][391]LogAnimationCompression: Building Anim DDC data for AnimSequence /Game/AnimStarterPack/Jog_Lt_Rifle.Jog_Lt_Rifle
[2019.11.13-16.49.04:895][391]LogAnimationCompression: Recompressing (AnimSequence /Game/AnimStarterPack/Jog_Lt_Rifle.Jog_Lt_Rifle) using current/default (AnimCompress_BitwiseCompressOnly_0) bFirstRecompressUsingCurrentOrDefault(1) bTryAlternateCompressor(0) IsCompressedDataValid(0)
[2019.11.13-16.49.04:896][391]LogAnimationCompression: Building Anim DDC data for AnimSequence /Game/AnimStarterPack/Jog_Fwd_Rifle.Jog_Fwd_Rifle
[2019.11.13-16.49.04:896][391]LogAnimationCompression: Recompressing (AnimSequence /Game/AnimStarterPack/Jog_Fwd_Rifle.Jog_Fwd_Rifle) using current/default (AnimCompress_BitwiseCompressOnly_35) bFirstRecompressUsingCurrentOrDefault(1) bTryAlternateCompressor(0) IsCompressedDataValid(0)
[2019.11.13-16.49.04:898][391]LogAnimationCompression: Building Anim DDC data for AnimSequence /Game/AnimStarterPack/Jog_Rt_Rifle.Jog_Rt_Rifle
[2019.11.13-16.49.04:898][391]LogAnimationCompression: Recompressing (AnimSequence /Game/AnimStarterPack/Jog_Rt_Rifle.Jog_Rt_Rifle) using current/default (AnimCompress_BitwiseCompressOnly_37) bFirstRecompressUsingCurrentOrDefault(1) bTryAlternateCompressor(0) IsCompressedDataValid(0)
[2019.11.13-16.49.04:899][391]LogAnimationCompression: Building Anim DDC data for AnimSequence /Game/AnimStarterPack/Crouch_Idle_Rifle_Hip.Crouch_Idle_Rifle_Hip
[2019.11.13-16.49.04:899][391]LogAnimationCompression: Recompressing (AnimSequence /Game/AnimStarterPack/Crouch_Idle_Rifle_Hip.Crouch_Idle_Rifle_Hip) using current/default (AnimCompress_BitwiseCompressOnly_2) bFirstRecompressUsingCurrentOrDefault(1) bTryAlternateCompressor(0) IsCompressedDataValid(0)
[2019.11.13-16.49.04:907][391]LogAIModule: Creating AISystem for world Prototype
[2019.11.13-16.49.04:917][391]LogAssetEditorManager: Opening Asset editor for World /Game/Maps/Prototype.Prototype
[2019.11.13-16.49.04:946][391]LogUObjectHash: Compacting FUObjectHashTables data took   2.62ms
[2019.11.13-16.49.04:948][391]Cmd: MAP LOAD FILE="../../../../../Universidade Europeia/GitHub/TimeRush/TimeRush/Content/Maps/Prototype.umap" TEMPLATE=0 SHOWPROGRESS=1 FEATURELEVEL=3
[2019.11.13-16.49.04:948][391]LightingResults: New page: Lighting Build
[2019.11.13-16.49.04:948][391]LoadErrors: New page: Loading map: Prototype.umap
[2019.11.13-16.49.04:949][391]MapCheck: New page: Map Check
[2019.11.13-16.49.04:950][391]LightingResults: New page: Lighting Build
[2019.11.13-16.49.04:978][391]LogUObjectHash: Compacting FUObjectHashTables data took   2.74ms
[2019.11.13-16.49.05:075][391]LogEditorServer: Finished looking for orphan Actors (0.000 secs)
[2019.11.13-16.49.05:107][391]LogUObjectHash: Compacting FUObjectHashTables data took   1.72ms
[2019.11.13-16.49.05:132][391]Cmd: MAP CHECKDEP NOCLEARLOG
[2019.11.13-16.49.05:134][391]MapCheck: Map check complete: 0 Error(s), 0 Warning(s), took 1.884ms to complete.
[2019.11.13-16.49.05:134][391]LogFileHelpers: Loading map 'Prototype' took 0.187
[2019.11.13-16.49.09:396][637]LogAssetEditorManager: Opening Asset editor for Blueprint /Game/Blueprints/BP_MyCharacter.BP_MyCharacter
[2019.11.13-16.49.09:789][637]LogContentBrowser: Native class hierarchy updated for 'BlueprintGraph' in 0.0010 seconds. Added 121 classes and 0 folders.
[2019.11.13-16.49.12:907][742]LogSlate: Window 'BP_MyCharacter' being destroyed
[2019.11.13-16.49.12:998][742]LogAssetEditorManager: Opening Asset editor for Blueprint /Game/Blueprints/BP_MyCharacter.BP_MyCharacter
[2019.11.13-16.49.13:545][742]LogSlate: Took 0.000557 seconds to synchronously load lazily loaded font '../../../Engine/Content/Slate/Fonts/Roboto-BoldCondensed.ttf' (158K)
[2019.11.13-16.49.15:813][873]LogSlate: Took 0.000432 seconds to synchronously load lazily loaded font '../../../Engine/Content/Slate/Fonts/Roboto-Italic.ttf' (157K)
[2019.11.13-16.49.17:935][996]LogRenderer: Reallocating scene render targets to support 1208x720 Format 10 NumSamples 1 (Frame:1).
[2019.11.13-16.50.23:972][932]LogSlate: Window 'BP_MyCharacter' being destroyed
[2019.11.13-16.52.12:073][581]Candidate modules for hot reload:
[2019.11.13-16.52.12:073][581]  TimeRush
[2019.11.13-16.52.12:073][581]Launching UnrealBuildTool... [D:/Games/UE_4.22/Engine/Binaries/DotNET/UnrealBuildTool.exe  -ModuleWithSuffix=TimeRush,7550 Win64 Development -TargetType=Editor -Project="D:/Universidade Europeia/GitHub/TimeRush/TimeRush/TimeRush.uproject" "D:/Universidade Europeia/GitHub/TimeRush/TimeRush/TimeRush.uproject"  -IgnoreJunk]
[2019.11.13-16.52.12:109][581]Warning: Starting HotReload took  0.1s.
[2019.11.13-16.52.27:729][146]CompilerResultsLog: New page: Compilation - Nov 13, 2019, 4:52:27 PM
[2019.11.13-16.52.27:730][146]CompilerResultsLog: Using 'git status' to determine working set for adaptive non-unity build (D:\Universidade Europeia\GitHub\TimeRush).
[2019.11.13-16.52.27:730][146]CompilerResultsLog: Creating makefile for TimeRushEditor (ini files are newer than makefile)
[2019.11.13-16.52.27:730][146]CompilerResultsLog: Parsing headers for TimeRushEditor
[2019.11.13-16.52.27:730][146]CompilerResultsLog:   Running UnrealHeaderTool "D:\Universidade Europeia\GitHub\TimeRush\TimeRush\TimeRush.uproject" "D:\Universidade Europeia\GitHub\TimeRush\TimeRush\Intermediate\Build\Win64\TimeRushEditor\Development\TimeRushEditor.uhtmanifest" -LogCmds="loginit warning, logexit warning, logdatabase error" -Unattended -WarningsAsErrors -installed
[2019.11.13-16.52.27:730][146]CompilerResultsLog: Reflection code generated for TimeRushEditor in 10.0052831 seconds
[2019.11.13-16.52.27:730][146]CompilerResultsLog: Using Visual Studio 2017 14.16.27023 toolchain (C:\Program Files (x86)\Microsoft Visual Studio\2017\Community\VC\Tools\MSVC\14.16.27023) and Windows 10.0.16299.0 SDK (C:\Program Files (x86)\Windows Kits\10).
[2019.11.13-16.52.27:730][146]CompilerResultsLog: Building 4 actions with 8 processes...
[2019.11.13-16.52.27:730][146]CompilerResultsLog:   [1/4] MyCharacter.cpp
[2019.11.13-16.52.27:730][146]CompilerResultsLog:    D:\Universidade Europeia\GitHub\TimeRush\TimeRush\Source\TimeRush\MyCharacter.cpp(20) : error C2664: 'bool USceneComponent::AttachToComponent(USceneComponent *,const FAttachmentTransformRules &,FName)': cannot convert argument 2 from 'FName' to 'const FAttachmentTransformRules &'
[2019.11.13-16.52.27:731][146]CompilerResultsLog:   D:\Universidade Europeia\GitHub\TimeRush\TimeRush\Source\TimeRush\MyCharacter.cpp(20): note: Reason: cannot convert from 'FName' to 'const FAttachmentTransformRules'
[2019.11.13-16.52.27:731][146]CompilerResultsLog:   D:\Universidade Europeia\GitHub\TimeRush\TimeRush\Source\TimeRush\MyCharacter.cpp(20): note: No user-defined-conversion operator available that can perform this conversion, or the operator cannot be called
[2019.11.13-16.52.27:731][146]LogMainFrame: MainFrame: Module compiling took 15.661 seconds
[2019.11.13-16.52.27:731][146]Warning: HotReload failed, recompile failed
[2019.11.13-16.52.31:982][400]LogAssetEditorManager: Opening Asset editor for Blueprint /Game/Blueprints/BP_MyCharacter.BP_MyCharacter
[2019.11.13-16.52.57:425][896]LogSlate: Window 'Message Log' being destroyed
[2019.11.13-16.52.57:431][896]LogSlate: Window 'Message Log' being destroyed
[2019.11.13-16.53.13:231][454]Candidate modules for hot reload:
[2019.11.13-16.53.13:231][454]  TimeRush
[2019.11.13-16.53.13:231][454]Launching UnrealBuildTool... [D:/Games/UE_4.22/Engine/Binaries/DotNET/UnrealBuildTool.exe  -ModuleWithSuffix=TimeRush,2169 Win64 Development -TargetType=Editor -Project="D:/Universidade Europeia/GitHub/TimeRush/TimeRush/TimeRush.uproject" "D:/Universidade Europeia/GitHub/TimeRush/TimeRush/TimeRush.uproject"  -IgnoreJunk]
[2019.11.13-16.53.13:254][454]Warning: Starting HotReload took  0.0s.
[2019.11.13-16.53.29:178][741]CompilerResultsLog: New page: Compilation - Nov 13, 2019, 4:53:29 PM
[2019.11.13-16.53.29:178][741]CompilerResultsLog: Using 'git status' to determine working set for adaptive non-unity build (D:\Universidade Europeia\GitHub\TimeRush).
[2019.11.13-16.53.29:178][741]CompilerResultsLog: Creating makefile for TimeRushEditor (ini files are newer than makefile)
[2019.11.13-16.53.29:178][741]CompilerResultsLog: Parsing headers for TimeRushEditor
[2019.11.13-16.53.29:178][741]CompilerResultsLog:   Running UnrealHeaderTool "D:\Universidade Europeia\GitHub\TimeRush\TimeRush\TimeRush.uproject" "D:\Universidade Europeia\GitHub\TimeRush\TimeRush\Intermediate\Build\Win64\TimeRushEditor\Development\TimeRushEditor.uhtmanifest" -LogCmds="loginit warning, logexit warning, logdatabase error" -Unattended -WarningsAsErrors -installed
[2019.11.13-16.53.29:178][741]CompilerResultsLog: Reflection code generated for TimeRushEditor in 8.8766618 seconds
[2019.11.13-16.53.29:178][741]CompilerResultsLog: Using Visual Studio 2017 14.16.27023 toolchain (C:\Program Files (x86)\Microsoft Visual Studio\2017\Community\VC\Tools\MSVC\14.16.27023) and Windows 10.0.16299.0 SDK (C:\Program Files (x86)\Windows Kits\10).
[2019.11.13-16.53.29:178][741]CompilerResultsLog: Building 4 actions with 8 processes...
[2019.11.13-16.53.29:178][741]CompilerResultsLog:   [1/4] MyCharacter.cpp
[2019.11.13-16.53.29:178][741]CompilerResultsLog:   D:\Universidade Europeia\GitHub\TimeRush\TimeRush\Source\TimeRush\MyCharacter.cpp(20): warning C4996: 'USceneComponent::AttachTo': This function is deprecated, please use AttachToComponent instead. Please update your code to the new API before upgrading to the next release, otherwise your project will no longer compile.
[2019.11.13-16.53.29:178][741]CompilerResultsLog:   D:\Games\UE_4.22\Engine\Source\Runtime\Engine\Classes\Components/SceneComponent.h(659): note: see declaration of 'USceneComponent::AttachTo'
[2019.11.13-16.53.29:179][741]CompilerResultsLog:   [2/4] UE4Editor-TimeRush-2169.lib
[2019.11.13-16.53.29:179][741]CompilerResultsLog:      Creating library D:\Universidade Europeia\GitHub\TimeRush\TimeRush\Intermediate\Build\Win64\UE4Editor\Development\TimeRush\UE4Editor-TimeRush-2169.lib and object D:\Universidade Europeia\GitHub\TimeRush\TimeRush\Intermediate\Build\Win64\UE4Editor\Development\TimeRush\UE4Editor-TimeRush-2169.exp
[2019.11.13-16.53.29:179][741]CompilerResultsLog:   [3/4] UE4Editor-TimeRush-2169.dll
[2019.11.13-16.53.29:179][741]CompilerResultsLog:      Creating library D:\Universidade Europeia\GitHub\TimeRush\TimeRush\Intermediate\Build\Win64\UE4Editor\Development\TimeRush\UE4Editor-TimeRush-2169.suppressed.lib and object D:\Universidade Europeia\GitHub\TimeRush\TimeRush\Intermediate\Build\Win64\UE4Editor\Development\TimeRush\UE4Editor-TimeRush-2169.suppressed.exp
[2019.11.13-16.53.29:179][741]CompilerResultsLog:   [4/4] TimeRushEditor.target
[2019.11.13-16.53.29:179][741]CompilerResultsLog: Total time in Parallel executor: 2.96 seconds
[2019.11.13-16.53.29:179][741]CompilerResultsLog: Total execution time: 15.72 seconds
[2019.11.13-16.53.29:179][741]LogMainFrame: MainFrame: Module compiling took 15.952 seconds
[2019.11.13-16.53.29:239][741]LogUObjectHash: Compacting FUObjectHashTables data took   6.22ms
[2019.11.13-16.53.29:239][741]LogBlueprintActionDatabase: Requesting refresh due to module change: TimeRush (unloaded)
[2019.11.13-16.53.29:283][741]LogBlueprintActionDatabase: Requesting refresh due to module change: TimeRush (loaded)
[2019.11.13-16.53.29:284][741]LogContentBrowser: Native class hierarchy updated for 'TimeRush' in 0.0008 seconds. Added 3 classes and 2 folders.
[2019.11.13-16.53.29:288][741]Display: HotReload successful (0 functions remapped  0 scriptstructs remapped)
[2019.11.13-16.53.29:439][741]LogUObjectHash: Compacting FUObjectHashTables data took   1.78ms
[2019.11.13-16.53.29:439][741]LogBlueprintActionDatabase: Requesting refresh due to hot reload
[2019.11.13-16.53.29:458][741]LogContentBrowser: Native class hierarchy populated in 0.0109 seconds. Added 2736 classes and 663 folders.
[2019.11.13-16.53.29:458][741]Display: HotReload took 16.2s.
[2019.11.13-16.54.11:257][107]LogAssetEditorManager: Opening Asset editor for Blueprint /Game/Blueprints/BP_MyCharacter.BP_MyCharacter
[2019.11.13-17.02.42:038][478]LogSlate: FSceneViewport::OnFocusLost() reason 0
[2019.11.13-17.02.42:121][483]BlueprintLog: New page: Compile BP_MyCharacter
[2019.11.13-17.02.42:487][483]LogUObjectHash: Compacting FUObjectHashTables data took   6.59ms
[2019.11.13-17.02.43:212][515]Cmd: OBJ SAVEPACKAGE PACKAGE="/Game/Blueprints/BP_MyCharacter" FILE="../../../../../Universidade Europeia/GitHub/TimeRush/TimeRush/Content/Blueprints/BP_MyCharacter.uasset" SILENT=true
[2019.11.13-17.02.43:242][515]LogSavePackage: Moving '../../../../../Universidade Europeia/GitHub/TimeRush/TimeRush/Saved/BP_MyCharacter3B94EADD423E56BBFA5D1194AFB3A802.tmp' to '../../../../../Universidade Europeia/GitHub/TimeRush/TimeRush/Content/Blueprints/BP_MyCharacter.uasset'
[2019.11.13-17.03.04:605][786]LogSlate: FSceneViewport::OnFocusLost() reason 0
[2019.11.13-17.03.04:687][791]BlueprintLog: New page: Compile BP_MyCharacter
[2019.11.13-17.03.05:041][791]LogUObjectHash: Compacting FUObjectHashTables data took   4.14ms
[2019.11.13-17.03.09:021][ 18]Cmd: OBJ SAVEPACKAGE PACKAGE="/Game/Blueprints/BP_MyCharacter" FILE="../../../../../Universidade Europeia/GitHub/TimeRush/TimeRush/Content/Blueprints/BP_MyCharacter.uasset" SILENT=true
[2019.11.13-17.03.09:055][ 18]LogSavePackage: Moving '../../../../../Universidade Europeia/GitHub/TimeRush/TimeRush/Saved/BP_MyCharacterC2F824CD42F86D63238E6DB5EE6968BE.tmp' to '../../../../../Universidade Europeia/GitHub/TimeRush/TimeRush/Content/Blueprints/BP_MyCharacter.uasset'
[2019.11.13-17.03.18:318][474]LogAssetEditorManager: Opening Asset editor for SkeletalMesh /Game/AnimStarterPack/UE4_Mannequin/Mesh/SK_Mannequin.SK_Mannequin
[2019.11.13-17.03.18:387][474]LogBlueprintActionDatabase: Requesting refresh due to module change: SkeletonEditor (loaded)
[2019.11.13-17.03.18:389][474]LogContentBrowser: Native class hierarchy updated for 'SkeletonEditor' in 0.0011 seconds. Added 1 classes and 2 folders.
[2019.11.13-17.03.18:622][474]LogActorComponent: RegisterComponentWithWorld: (/Engine/Transient.World_8:PersistentLevel.AnimationEditorPreviewActor_0.DebugSkelMeshComponent_0) Already registered. Aborting.
[2019.11.13-17.03.18:626][474]LogBlueprintActionDatabase: Requesting refresh due to module change: PinnedCommandList (loaded)
[2019.11.13-17.03.18:626][474]LogContentBrowser: Native class hierarchy updated for 'PinnedCommandList' in 0.0007 seconds. Added 1 classes and 0 folders.
[2019.11.13-17.03.18:665][474]LogSkeletalMesh: USkeletalMeshComponent::InitArticulated : Bodies already created (/Engine/Transient.World_8:PersistentLevel.AnimationEditorPreviewActor_0.DebugSkelMeshComponent_0) - call TermArticulated first.
[2019.11.13-17.03.19:313][474]LogRenderer: Reallocating scene render targets to support 1208x896 Format 10 NumSamples 1 (Frame:1).
[2019.11.13-17.03.20:904][553]LogAssetEditorManager: Opening Asset editor for Skeleton /Game/AnimStarterPack/UE4_Mannequin/Mesh/UE4_Mannequin_Skeleton.UE4_Mannequin_Skeleton
[2019.11.13-17.03.20:919][553]LogActorComponent: RegisterComponentWithWorld: (/Engine/Transient.World_11:PersistentLevel.AnimationEditorPreviewActor_0.DebugSkelMeshComponent_0) Already registered. Aborting.
[2019.11.13-17.03.20:946][553]LogSkeletalMesh: USkeletalMeshComponent::InitArticulated : Bodies already created (/Engine/Transient.World_11:PersistentLevel.AnimationEditorPreviewActor_0.DebugSkelMeshComponent_0) - call TermArticulated first.
[2019.11.13-17.03.34:432][252]LogSlate: FSceneViewport::OnFocusLost() reason 0
[2019.11.13-17.03.34:519][257]LogSlate: Window 'UE4_Mannequin_Skeleton' being destroyed
[2019.11.13-17.03.34:530][257]LogSlate: Window 'UE4_Mannequin_Skeleton' being destroyed
[2019.11.13-17.08.23:719][549]LogSlate: FSceneViewport::OnFocusLost() reason 0
[2019.11.13-17.08.40:154][499]LogAssetEditorManager: Opening Asset editor for WidgetBlueprint /Game/Assets/HUD_SniperScope.HUD_SniperScope
[2019.11.13-17.08.40:688][499]LogBlueprintActionDatabase: Requesting refresh due to module change: SequencerWidgets (loaded)
[2019.11.13-17.08.43:839][655]LogSlate: Window 'HUD_SniperScope' being destroyed
[2019.11.13-17.11.39:859][981]LogUnrealEdMisc: Warning: Heartbeat event firing too frequently (0.000 sec). This should never happen. Something is wrong with the timer delegate!
[2019.11.13-17.11.57:630][ 34]LogUnrealEdMisc: Warning: Heartbeat event firing too frequently (17.770 sec). This should never happen. Something is wrong with the timer delegate!
[2019.11.13-17.13.00:882][799]LogSlate: FSceneViewport::OnFocusLost() reason 0
[2019.11.13-17.13.05:002][ 33]LogAssetEditorManager: Opening Asset editor for Skeleton /Game/AnimStarterPack/UE4_Mannequin/Mesh/UE4_Mannequin_Skeleton.UE4_Mannequin_Skeleton
[2019.11.13-17.13.05:062][ 33]LogActorComponent: RegisterComponentWithWorld: (/Engine/Transient.World_16:PersistentLevel.AnimationEditorPreviewActor_0.DebugSkelMeshComponent_0) Already registered. Aborting.
[2019.11.13-17.13.05:092][ 33]LogSkeletalMesh: USkeletalMeshComponent::InitArticulated : Bodies already created (/Engine/Transient.World_16:PersistentLevel.AnimationEditorPreviewActor_0.DebugSkelMeshComponent_0) - call TermArticulated first.
[2019.11.13-17.13.13:233][476]LogSlate: FSceneViewport::OnFocusLost() reason 0
[2019.11.13-17.16.27:844][931]Candidate modules for hot reload:
[2019.11.13-17.16.27:844][931]  TimeRush
[2019.11.13-17.16.27:845][931]Launching UnrealBuildTool... [D:/Games/UE_4.22/Engine/Binaries/DotNET/UnrealBuildTool.exe  -ModuleWithSuffix=TimeRush,3236 Win64 Development -TargetType=Editor -Project="D:/Universidade Europeia/GitHub/TimeRush/TimeRush/TimeRush.uproject" "D:/Universidade Europeia/GitHub/TimeRush/TimeRush/TimeRush.uproject"  -IgnoreJunk]
[2019.11.13-17.16.27:870][931]Warning: Starting HotReload took  0.0s.
[2019.11.13-17.16.52:877][419]CompilerResultsLog: New page: Compilation - Nov 13, 2019, 5:16:52 PM
[2019.11.13-17.16.52:877][419]CompilerResultsLog: Using 'git status' to determine working set for adaptive non-unity build (D:\Universidade Europeia\GitHub\TimeRush).
[2019.11.13-17.16.52:877][419]CompilerResultsLog: Creating makefile for TimeRushEditor (ini files are newer than makefile)
[2019.11.13-17.16.52:877][419]CompilerResultsLog: Parsing headers for TimeRushEditor
[2019.11.13-17.16.52:877][419]CompilerResultsLog:   Running UnrealHeaderTool "D:\Universidade Europeia\GitHub\TimeRush\TimeRush\TimeRush.uproject" "D:\Universidade Europeia\GitHub\TimeRush\TimeRush\Intermediate\Build\Win64\TimeRushEditor\Development\TimeRushEditor.uhtmanifest" -LogCmds="loginit warning, logexit warning, logdatabase error" -Unattended -WarningsAsErrors -installed
[2019.11.13-17.16.52:877][419]CompilerResultsLog: Reflection code generated for TimeRushEditor in 11.241338 seconds
[2019.11.13-17.16.52:877][419]CompilerResultsLog: Using Visual Studio 2017 14.16.27023 toolchain (C:\Program Files (x86)\Microsoft Visual Studio\2017\Community\VC\Tools\MSVC\14.16.27023) and Windows 10.0.16299.0 SDK (C:\Program Files (x86)\Windows Kits\10).
[2019.11.13-17.16.52:877][419]CompilerResultsLog: Building 4 actions with 8 processes...
[2019.11.13-17.16.52:877][419]CompilerResultsLog:   [1/4] MyCharacter.cpp
[2019.11.13-17.16.52:877][419]CompilerResultsLog:   [2/4] UE4Editor-TimeRush-3236.lib
[2019.11.13-17.16.52:877][419]CompilerResultsLog:      Creating library D:\Universidade Europeia\GitHub\TimeRush\TimeRush\Intermediate\Build\Win64\UE4Editor\Development\TimeRush\UE4Editor-TimeRush-3236.lib and object D:\Universidade Europeia\GitHub\TimeRush\TimeRush\Intermediate\Build\Win64\UE4Editor\Development\TimeRush\UE4Editor-TimeRush-3236.exp
[2019.11.13-17.16.52:877][419]CompilerResultsLog:   [3/4] UE4Editor-TimeRush-3236.dll
[2019.11.13-17.16.52:877][419]CompilerResultsLog:      Creating library D:\Universidade Europeia\GitHub\TimeRush\TimeRush\Intermediate\Build\Win64\UE4Editor\Development\TimeRush\UE4Editor-TimeRush-3236.suppressed.lib and object D:\Universidade Europeia\GitHub\TimeRush\TimeRush\Intermediate\Build\Win64\UE4Editor\Development\TimeRush\UE4Editor-TimeRush-3236.suppressed.exp
[2019.11.13-17.16.52:877][419]CompilerResultsLog:   [4/4] TimeRushEditor.target
[2019.11.13-17.16.52:878][419]CompilerResultsLog: Total time in Parallel executor: 9.90 seconds
[2019.11.13-17.16.52:878][419]CompilerResultsLog: Total execution time: 24.68 seconds
[2019.11.13-17.16.52:878][419]LogMainFrame: MainFrame: Module compiling took 25.037 seconds
[2019.11.13-17.16.53:052][419]LogUObjectHash: Compacting FUObjectHashTables data took   8.99ms
[2019.11.13-17.16.53:052][419]LogBlueprintActionDatabase: Requesting refresh due to module change: TimeRush (unloaded)
[2019.11.13-17.16.53:103][419]LogHotReload: Re-instancing MyCharacter after hot-reload.
[2019.11.13-17.16.53:587][419]LogBlueprintActionDatabase: Requesting refresh due to module change: TimeRush (loaded)
[2019.11.13-17.16.53:588][419]LogContentBrowser: Native class hierarchy updated for 'TimeRush' in 0.0008 seconds. Added 3 classes and 2 folders.
[2019.11.13-17.16.53:593][419]Display: HotReload successful (0 functions remapped  0 scriptstructs remapped)
[2019.11.13-17.16.53:718][419]LogUObjectHash: Compacting FUObjectHashTables data took   5.12ms
[2019.11.13-17.16.53:718][419]LogBlueprintActionDatabase: Requesting refresh due to hot reload
[2019.11.13-17.16.53:737][419]LogContentBrowser: Native class hierarchy populated in 0.0100 seconds. Added 2737 classes and 665 folders.
[2019.11.13-17.16.53:737][419]Display: HotReload took 25.9s.
[2019.11.13-17.17.43:148][298]LogSlate: FSceneViewport::OnFocusLost() reason 0
[2019.11.13-17.17.58:730][219]LogSlate: FSceneViewport::OnFocusLost() reason 0
[2019.11.13-17.18.15:887][240]LogSlate: FSceneViewport::OnFocusLost() reason 0
[2019.11.13-17.19.08:174][732]LogSlate: FSceneViewport::OnFocusLost() reason 2
[2019.11.13-17.19.28:950][956]BlueprintLog: New page: Compile BP_MyCharacter
[2019.11.13-17.19.29:439][956]LogUObjectHash: Compacting FUObjectHashTables data took   9.05ms
[2019.11.13-17.19.31:012][ 47]Cmd: OBJ SAVEPACKAGE PACKAGE="/Game/Blueprints/BP_MyCharacter" FILE="../../../../../Universidade Europeia/GitHub/TimeRush/TimeRush/Content/Blueprints/BP_MyCharacter.uasset" SILENT=true
[2019.11.13-17.19.31:090][ 47]LogSavePackage: Moving '../../../../../Universidade Europeia/GitHub/TimeRush/TimeRush/Saved/BP_MyCharacterA077839B4FC07ABDDA903A979F8B3CA7.tmp' to '../../../../../Universidade Europeia/GitHub/TimeRush/TimeRush/Content/Blueprints/BP_MyCharacter.uasset'
