Log file open, 11/15/19 20:52:52
LogWindows: Failed to load 'aqProf.dll' (GetLastError=126)
LogWindows: File 'aqProf.dll' does not exist
LogWindows: Failed to load 'VtuneApi.dll' (GetLastError=126)
LogWindows: File 'VtuneApi.dll' does not exist
LogWindows: Failed to load 'VtuneApi32e.dll' (GetLastError=126)
LogWindows: File 'VtuneApi32e.dll' does not exist
LogConsoleResponse: Display: Failed to find resolution value strings in scalability ini. Falling back to default.
LogInit: Display: Running engine for game: TimeRush
LogPakFile: Registered encryption key '00000000000000000000000000000000': 0 pak files mounted, 0 remain pending
LogPlatformFile: Not using cached read wrapper
LogTaskGraph: Started task graph with 5 named threads and 23 total threads with 3 sets of task threads.
LogStats: Stats thread started at 0.297705
LogD3D11RHI: Loaded GFSDK_Aftermath_Lib.x64.dll
LogICUInternationalization: ICU TimeZone Detection - Raw Offset: +0:00, Platform Override: ''
LogPluginManager: Mounting plugin Paper2D
LogPluginManager: Mounting plugin AISupport
LogPluginManager: Mounting plugin LightPropagationVolume
LogPluginManager: Mounting plugin ActorLayerUtilities
LogPluginManager: Mounting plugin AnimationSharing
LogPluginManager: Mounting plugin CLionSourceCodeAccess
LogPluginManager: Mounting plugin CodeLiteSourceCodeAccess
LogPluginManager: Mounting plugin GitSourceControl
LogPluginManager: Mounting plugin KDevelopSourceCodeAccess
LogPluginManager: Mounting plugin NullSourceCodeAccess
LogPluginManager: Mounting plugin PerforceSourceControl
LogPluginManager: Mounting plugin SubversionSourceControl
LogPluginManager: Mounting plugin UObjectPlugin
LogPluginManager: Mounting plugin VisualStudioCodeSourceCodeAccess
LogPluginManager: Mounting plugin VisualStudioSourceCodeAccess
LogPluginManager: Mounting plugin XCodeSourceCodeAccess
LogPluginManager: Mounting plugin AssetManagerEditor
LogPluginManager: Mounting plugin CryptoKeys
LogPluginManager: Mounting plugin DataValidation
LogPluginManager: Mounting plugin FacialAnimation
LogPluginManager: Mounting plugin GameplayTagsEditor
LogPluginManager: Mounting plugin MacGraphicsSwitching
LogPluginManager: Mounting plugin MaterialAnalyzer
LogPluginManager: Mounting plugin MobileLauncherProfileWizard
LogPluginManager: Mounting plugin PluginBrowser
LogPluginManager: Mounting plugin SpeedTreeImporter
LogPluginManager: Mounting plugin DatasmithContent
LogPluginManager: Mounting plugin VariantManagerContent
LogPluginManager: Mounting plugin AlembicImporter
LogPluginManager: Mounting plugin AppleImageUtils
LogPluginManager: Mounting plugin AppleVision
LogPluginManager: Mounting plugin BackChannel
LogPluginManager: Mounting plugin CharacterAI
LogPluginManager: Mounting plugin GeometryCache
LogPluginManager: Mounting plugin HTML5Networking
LogPluginManager: Mounting plugin ProxyLODPlugin
LogPluginManager: Mounting plugin SkeletalReduction
LogPluginManager: Mounting plugin MagicLeap
LogPluginManager: Mounting plugin MagicLeapMedia
LogPluginManager: Mounting plugin AndroidMedia
LogPluginManager: Mounting plugin AvfMedia
LogPluginManager: Mounting plugin ImgMedia
LogPluginManager: Mounting plugin LinearTimecode
LogPluginManager: Mounting plugin MediaCompositing
LogPluginManager: Mounting plugin MediaPlayerEditor
LogPluginManager: Mounting plugin WebMMedia
LogPluginManager: Mounting plugin WmfMedia
LogPluginManager: Mounting plugin TcpMessaging
LogPluginManager: Mounting plugin UdpMessaging
LogPluginManager: Mounting plugin ActorSequence
LogPluginManager: Mounting plugin LevelSequenceEditor
LogPluginManager: Mounting plugin MatineeToLevelSequence
LogPluginManager: Mounting plugin NetcodeUnitTest
LogPluginManager: Mounting plugin NUTUnrealEngine4
LogPluginManager: Mounting plugin OnlineSubsystemGooglePlay
LogPluginManager: Mounting plugin OnlineSubsystemIOS
LogPluginManager: Mounting plugin OnlineSubsystem
LogPluginManager: Mounting plugin OnlineSubsystemNull
LogPluginManager: Mounting plugin OnlineSubsystemUtils
LogPluginManager: Mounting plugin LauncherChunkInstaller
LogPluginManager: Mounting plugin AndroidDeviceProfileSelector
LogPluginManager: Mounting plugin AndroidMoviePlayer
LogPluginManager: Mounting plugin AndroidPermission
LogPluginManager: Mounting plugin AppleMoviePlayer
LogPluginManager: Mounting plugin ArchVisCharacter
LogPluginManager: Mounting plugin AudioCapture
LogPluginManager: Mounting plugin CableComponent
LogPluginManager: Mounting plugin CustomMeshComponent
LogPluginManager: Mounting plugin EditableMesh
LogPluginManager: Mounting plugin ExampleDeviceProfileSelector
LogPluginManager: Mounting plugin Firebase
LogPluginManager: Mounting plugin GoogleCloudMessaging
LogPluginManager: Mounting plugin IOSDeviceProfileSelector
LogPluginManager: Mounting plugin LinuxDeviceProfileSelector
LogPluginManager: Mounting plugin LocationServicesBPLibrary
LogPluginManager: Mounting plugin MobilePatchingUtils
LogPluginManager: Mounting plugin OculusVR
LogPluginManager: Mounting plugin PhysXVehicles
LogPluginManager: Mounting plugin ProceduralMeshComponent
LogPluginManager: Mounting plugin RuntimePhysXCooking
LogPluginManager: Mounting plugin SignificanceManager
LogPluginManager: Mounting plugin SteamVR
LogPluginManager: Mounting plugin WebMMoviePlayer
LogPluginManager: Mounting plugin WindowsMoviePlayer
LogInit: Using libcurl 7.55.1-DEV
LogInit:  - built for x86_64-pc-win32
LogInit:  - supports SSL with OpenSSL/1.1.1
LogInit:  - supports HTTP deflate (compression) using libz 1.2.8
LogInit:  - other features:
LogInit:      CURL_VERSION_SSL
LogInit:      CURL_VERSION_LIBZ
LogInit:      CURL_VERSION_IPV6
LogInit:      CURL_VERSION_ASYNCHDNS
LogInit:      CURL_VERSION_LARGEFILE
LogInit:      CURL_VERSION_IDN
LogInit:  CurlRequestOptions (configurable via config and command line):
LogInit:  - bVerifyPeer = true  - Libcurl will verify peer certificate
LogInit:  - bUseHttpProxy = false  - Libcurl will NOT use HTTP proxy
LogInit:  - bDontReuseConnections = false  - Libcurl will reuse connections
LogInit:  - MaxHostConnections = 16  - Libcurl will limit the number of connections to a host
LogInit:  - LocalHostAddr = Default
LogInit:  - BufferSize = 65536
LogInit: WinSock: version 1.1 (2.2), MaxSocks=32767, MaxUdp=65467
LogInit: Build: ++UE4+Release-4.22-CL-7053642
LogInit: Engine Version: 4.22.3-7053642+++UE4+Release-4.22
LogInit: Compatible Engine Version: 4.22.0-5660361+++UE4+Release-4.22
LogInit: Net CL: 5660361
LogInit: OS: Windows 10 (Release 1809) (), CPU: Intel(R) Core(TM) i7-6700HQ CPU @ 2.60GHz, GPU: Intel(R) HD Graphics 530
LogInit: Compiled (64-bit): Jun 18 2019 03:09:11
LogInit: Compiled with Visual C++: 19.16.27025.01
LogInit: Build Configuration: Development
LogInit: Branch Name: ++UE4+Release-4.22
LogInit: Command Line:  -EpicPortal -epicusername=sneaKyPie -epicuserid=0ec919422b334695a8bb8c80de01ba99 -epiclocale=en-US
LogInit: Base Directory: D:/Games/UE_4.22/Engine/Binaries/Win64/
LogInit: Installed Engine Build: 1
LogDevObjectVersion: Number of dev versions registered: 23
LogDevObjectVersion:   Dev-Blueprints (B0D832E4-1F89-4F0D-ACCF-7EB736FD4AA2): 10
LogDevObjectVersion:   Dev-Build (E1C64328-A22C-4D53-A36C-8E866417BD8C): 0
LogDevObjectVersion:   Dev-Core (375EC13C-06E4-48FB-B500-84F0262A717E): 3
LogDevObjectVersion:   Dev-Editor (E4B068ED-F494-42E9-A231-DA0B2E46BB41): 30
LogDevObjectVersion:   Dev-Framework (CFFC743F-43B0-4480-9391-14DF171D2073): 35
LogDevObjectVersion:   Dev-Mobile (B02B49B5-BB20-44E9-A304-32B752E40360): 2
LogDevObjectVersion:   Dev-Networking (A4E4105C-59A1-49B5-A7C5-40C4547EDFEE): 0
LogDevObjectVersion:   Dev-Online (39C831C9-5AE6-47DC-9A44-9C173E1C8E7C): 0
LogDevObjectVersion:   Dev-Physics (78F01B33-EBEA-4F98-B9B4-84EACCB95AA2): 0
LogDevObjectVersion:   Dev-Platform (6631380F-2D4D-43E0-8009-CF276956A95A): 0
LogDevObjectVersion:   Dev-Rendering (12F88B9F-8875-4AFC-A67C-D90C383ABD29): 28
LogDevObjectVersion:   Dev-Sequencer (7B5AE74C-D270-4C10-A958-57980B212A5A): 11
LogDevObjectVersion:   Dev-VR (D7296918-1DD6-4BDD-9DE2-64A83CC13884): 2
LogDevObjectVersion:   Dev-LoadTimes (C2A15278-BFE7-4AFE-6C17-90FF531DF755): 1
LogDevObjectVersion:   Private-Geometry (6EACA3D4-40EC-4CC1-B786-8BED09428FC5): 3
LogDevObjectVersion:   Dev-AnimPhys (29E575DD-E0A3-4627-9D10-D276232CDCEA): 17
LogDevObjectVersion:   Dev-Anim (AF43A65D-7FD3-4947-9873-3E8ED9C1BB05): 2
LogDevObjectVersion:   Dev-ReflectionCapture (6B266CEC-1EC7-4B8F-A30B-E4D90942FC07): 1
LogDevObjectVersion:   Dev-Automation (0DF73D61-A23F-47EA-B727-89E90C41499A): 1
LogDevObjectVersion:   FortniteMain (601D1886-AC64-4F84-AA16-D3DE0DEAC7D6): 25
LogDevObjectVersion:   Dev-Enterprise (9DFFBCD6-494F-0158-E221-12823C92A888): 6
LogDevObjectVersion:   Dev-Niagara (F2AED0AC-9AFE-416F-8664-AA7FFA26D6FC): 1
LogDevObjectVersion:   Dev-Destruction (174F1F0B-B4C6-45A5-B13F-2EE8D0FB917D): 2
LogInit: Presizing for max 16777216 objects, including 0 objects not considered by GC, pre-allocating 0 bytes for permanent pool.
LogInit: Object subsystem initialized
LogConfig: Setting CVar [[con.DebugEarlyDefault:1]]
LogConfig: Setting CVar [[r.setres:1280x720]]
[2019.11.15-20.52.52:800][  0]LogConfig: Setting CVar [[r.VSync:0]]
[2019.11.15-20.52.52:800][  0]LogConfig: Setting CVar [[r.RHICmdBypass:0]]
[2019.11.15-20.52.52:800][  0]LogConfig: Applying CVar settings from Section [/Script/Engine.RendererSettings] File [D:/Universidade Europeia/GitHub/TimeRush/TimeRush/Saved/Config/Windows/Engine.ini]
[2019.11.15-20.52.52:800][  0]LogConfig: Setting CVar [[r.GPUCrashDebugging:0]]
[2019.11.15-20.52.52:800][  0]LogConfig: Setting CVar [[r.DefaultFeature.AutoExposure.ExtendDefaultLuminanceRange:1]]
[2019.11.15-20.52.52:800][  0]LogConfig: Applying CVar settings from Section [/Script/Engine.RendererOverrideSettings] File [D:/Universidade Europeia/GitHub/TimeRush/TimeRush/Saved/Config/Windows/Engine.ini]
[2019.11.15-20.52.52:800][  0]LogConfig: Applying CVar settings from Section [/Script/Engine.StreamingSettings] File [D:/Universidade Europeia/GitHub/TimeRush/TimeRush/Saved/Config/Windows/Engine.ini]
[2019.11.15-20.52.52:800][  0]LogConfig: Setting CVar [[s.MinBulkDataSizeForAsyncLoading:131072]]
[2019.11.15-20.52.52:800][  0]LogConfig: Setting CVar [[s.AsyncLoadingThreadEnabled:0]]
[2019.11.15-20.52.52:800][  0]LogConfig: Setting CVar [[s.EventDrivenLoaderEnabled:1]]
[2019.11.15-20.52.52:800][  0]LogConfig: Setting CVar [[s.WarnIfTimeLimitExceeded:0]]
[2019.11.15-20.52.52:800][  0]LogConfig: Setting CVar [[s.TimeLimitExceededMultiplier:1.5]]
[2019.11.15-20.52.52:800][  0]LogConfig: Setting CVar [[s.TimeLimitExceededMinTime:0.005]]
[2019.11.15-20.52.52:800][  0]LogConfig: Setting CVar [[s.UseBackgroundLevelStreaming:1]]
[2019.11.15-20.52.52:800][  0]LogConfig: Setting CVar [[s.PriorityAsyncLoadingExtraTime:15.0]]
[2019.11.15-20.52.52:800][  0]LogConfig: Setting CVar [[s.LevelStreamingActorsUpdateTimeLimit:5.0]]
[2019.11.15-20.52.52:800][  0]LogConfig: Setting CVar [[s.PriorityLevelStreamingActorsUpdateExtraTime:5.0]]
[2019.11.15-20.52.52:800][  0]LogConfig: Setting CVar [[s.LevelStreamingComponentsRegistrationGranularity:10]]
[2019.11.15-20.52.52:800][  0]LogConfig: Setting CVar [[s.UnregisterComponentsTimeLimit:1.0]]
[2019.11.15-20.52.52:800][  0]LogConfig: Setting CVar [[s.LevelStreamingComponentsUnregistrationGranularity:5]]
[2019.11.15-20.52.52:800][  0]LogConfig: Applying CVar settings from Section [/Script/Engine.GarbageCollectionSettings] File [D:/Universidade Europeia/GitHub/TimeRush/TimeRush/Saved/Config/Windows/Engine.ini]
[2019.11.15-20.52.52:800][  0]LogConfig: Setting CVar [[gc.MaxObjectsNotConsideredByGC:1]]
[2019.11.15-20.52.52:800][  0]LogConfig: Setting CVar [[gc.SizeOfPermanentObjectPool:0]]
[2019.11.15-20.52.52:800][  0]LogConfig: Setting CVar [[gc.FlushStreamingOnGC:0]]
[2019.11.15-20.52.52:800][  0]LogConfig: Setting CVar [[gc.NumRetriesBeforeForcingGC:10]]
[2019.11.15-20.52.52:800][  0]LogConfig: Setting CVar [[gc.AllowParallelGC:1]]
[2019.11.15-20.52.52:800][  0]LogConfig: Setting CVar [[gc.TimeBetweenPurgingPendingKillObjects:61.1]]
[2019.11.15-20.52.52:800][  0]LogConfig: Setting CVar [[gc.MaxObjectsInEditor:16777216]]
[2019.11.15-20.52.52:800][  0]LogConfig: Setting CVar [[gc.IncrementalBeginDestroyEnabled:1]]
[2019.11.15-20.52.52:800][  0]LogConfig: Setting CVar [[gc.CreateGCClusters:1]]
[2019.11.15-20.52.52:800][  0]LogConfig: Setting CVar [[gc.MinGCClusterSize:5]]
[2019.11.15-20.52.52:800][  0]LogConfig: Setting CVar [[gc.ActorClusteringEnabled:0]]
[2019.11.15-20.52.52:800][  0]LogConfig: Setting CVar [[gc.BlueprintClusteringEnabled:0]]
[2019.11.15-20.52.52:800][  0]LogConfig: Setting CVar [[gc.UseDisregardForGCOnDedicatedServers:0]]
[2019.11.15-20.52.52:800][  0]LogConfig: Applying CVar settings from Section [/Script/Engine.NetworkSettings] File [D:/Universidade Europeia/GitHub/TimeRush/TimeRush/Saved/Config/Windows/Engine.ini]
[2019.11.15-20.52.52:800][  0]LogConfig: Applying CVar settings from Section [/Script/UnrealEd.CookerSettings] File [D:/Universidade Europeia/GitHub/TimeRush/TimeRush/Saved/Config/Windows/Engine.ini]
[2019.11.15-20.52.52:804][  0]LogConfig: Applying CVar settings from Section [ViewDistanceQuality@3] File [D:/Universidade Europeia/GitHub/TimeRush/TimeRush/Saved/Config/Windows/Scalability.ini]
[2019.11.15-20.52.52:804][  0]LogConfig: Setting CVar [[r.SkeletalMeshLODBias:0]]
[2019.11.15-20.52.52:804][  0]LogConfig: Setting CVar [[r.ViewDistanceScale:1.0]]
[2019.11.15-20.52.52:804][  0]LogConfig: Applying CVar settings from Section [AntiAliasingQuality@3] File [D:/Universidade Europeia/GitHub/TimeRush/TimeRush/Saved/Config/Windows/Scalability.ini]
[2019.11.15-20.52.52:804][  0]LogConfig: Setting CVar [[r.PostProcessAAQuality:4]]
[2019.11.15-20.52.52:804][  0]LogConfig: Applying CVar settings from Section [ShadowQuality@3] File [D:/Universidade Europeia/GitHub/TimeRush/TimeRush/Saved/Config/Windows/Scalability.ini]
[2019.11.15-20.52.52:804][  0]LogConfig: Setting CVar [[r.LightFunctionQuality:1]]
[2019.11.15-20.52.52:804][  0]LogConfig: Setting CVar [[r.ShadowQuality:5]]
[2019.11.15-20.52.52:804][  0]LogConfig: Setting CVar [[r.Shadow.CSM.MaxCascades:10]]
[2019.11.15-20.52.52:804][  0]LogConfig: Setting CVar [[r.Shadow.MaxResolution:2048]]
[2019.11.15-20.52.52:804][  0]LogConfig: Setting CVar [[r.Shadow.MaxCSMResolution:2048]]
[2019.11.15-20.52.52:804][  0]LogConfig: Setting CVar [[r.Shadow.RadiusThreshold:0.01]]
[2019.11.15-20.52.52:804][  0]LogConfig: Setting CVar [[r.Shadow.DistanceScale:1.0]]
[2019.11.15-20.52.52:804][  0]LogConfig: Setting CVar [[r.Shadow.CSM.TransitionScale:1.0]]
[2019.11.15-20.52.52:804][  0]LogConfig: Setting CVar [[r.Shadow.PreShadowResolutionFactor:1.0]]
[2019.11.15-20.52.52:804][  0]LogConfig: Setting CVar [[r.DistanceFieldShadowing:1]]
[2019.11.15-20.52.52:804][  0]LogConfig: Setting CVar [[r.DistanceFieldAO:1]]
[2019.11.15-20.52.52:804][  0]LogConfig: Setting CVar [[r.AOQuality:2]]
[2019.11.15-20.52.52:805][  0]LogConfig: Setting CVar [[r.VolumetricFog:1]]
[2019.11.15-20.52.52:805][  0]LogConfig: Setting CVar [[r.VolumetricFog.GridPixelSize:8]]
[2019.11.15-20.52.52:805][  0]LogConfig: Setting CVar [[r.VolumetricFog.GridSizeZ:128]]
[2019.11.15-20.52.52:805][  0]LogConfig: Setting CVar [[r.VolumetricFog.HistoryMissSupersampleCount:4]]
[2019.11.15-20.52.52:805][  0]LogConfig: Setting CVar [[r.LightMaxDrawDistanceScale:1]]
[2019.11.15-20.52.52:805][  0]LogConfig: Setting CVar [[r.CapsuleShadows:1]]
[2019.11.15-20.52.52:805][  0]LogConfig: Applying CVar settings from Section [PostProcessQuality@3] File [D:/Universidade Europeia/GitHub/TimeRush/TimeRush/Saved/Config/Windows/Scalability.ini]
[2019.11.15-20.52.52:805][  0]LogConfig: Setting CVar [[r.MotionBlurQuality:4]]
[2019.11.15-20.52.52:805][  0]LogConfig: Setting CVar [[r.AmbientOcclusionMipLevelFactor:0.4]]
[2019.11.15-20.52.52:805][  0]LogConfig: Setting CVar [[r.AmbientOcclusionMaxQuality:100]]
[2019.11.15-20.52.52:805][  0]LogConfig: Setting CVar [[r.AmbientOcclusionLevels:-1]]
[2019.11.15-20.52.52:805][  0]LogConfig: Setting CVar [[r.AmbientOcclusionRadiusScale:1.0]]
[2019.11.15-20.52.52:805][  0]LogConfig: Setting CVar [[r.DepthOfFieldQuality:2]]
[2019.11.15-20.52.52:805][  0]LogConfig: Setting CVar [[r.RenderTargetPoolMin:400]]
[2019.11.15-20.52.52:805][  0]LogConfig: Setting CVar [[r.LensFlareQuality:2]]
[2019.11.15-20.52.52:805][  0]LogConfig: Setting CVar [[r.SceneColorFringeQuality:1]]
[2019.11.15-20.52.52:805][  0]LogConfig: Setting CVar [[r.EyeAdaptationQuality:2]]
[2019.11.15-20.52.52:805][  0]LogConfig: Setting CVar [[r.BloomQuality:5]]
[2019.11.15-20.52.52:805][  0]LogConfig: Setting CVar [[r.FastBlurThreshold:100]]
[2019.11.15-20.52.52:805][  0]LogConfig: Setting CVar [[r.Upscale.Quality:3]]
[2019.11.15-20.52.52:805][  0]LogConfig: Setting CVar [[r.Tonemapper.GrainQuantization:1]]
[2019.11.15-20.52.52:805][  0]LogConfig: Setting CVar [[r.LightShaftQuality:1]]
[2019.11.15-20.52.52:805][  0]LogConfig: Setting CVar [[r.Filter.SizeScale:1]]
[2019.11.15-20.52.52:805][  0]LogConfig: Setting CVar [[r.Tonemapper.Quality:5]]
[2019.11.15-20.52.52:805][  0]LogConfig: Setting CVar [[r.DOF.Gather.AccumulatorQuality:1        ; higher gathering accumulator quality]]
[2019.11.15-20.52.52:805][  0]LogConfig: Setting CVar [[r.DOF.Gather.PostfilterMethod:1          ; Median3x3 postfilering method]]
[2019.11.15-20.52.52:805][  0]LogConfig: Setting CVar [[r.DOF.Gather.EnableBokehSettings:0       ; no bokeh simulation when gathering]]
[2019.11.15-20.52.52:805][  0]LogConfig: Setting CVar [[r.DOF.Gather.RingCount:4                 ; medium number of samples when gathering]]
[2019.11.15-20.52.52:805][  0]LogConfig: Setting CVar [[r.DOF.Scatter.ForegroundCompositing:1    ; additive foreground scattering]]
[2019.11.15-20.52.52:805][  0]LogConfig: Setting CVar [[r.DOF.Scatter.BackgroundCompositing:2    ; additive background scattering]]
[2019.11.15-20.52.52:805][  0]LogConfig: Setting CVar [[r.DOF.Scatter.EnableBokehSettings:1      ; bokeh simulation when scattering]]
[2019.11.15-20.52.52:805][  0]LogConfig: Setting CVar [[r.DOF.Scatter.MaxSpriteRatio:0.1         ; only a maximum of 10% of scattered bokeh]]
[2019.11.15-20.52.52:805][  0]LogConfig: Setting CVar [[r.DOF.Recombine.Quality:1                ; cheap slight out of focus]]
[2019.11.15-20.52.52:805][  0]LogConfig: Setting CVar [[r.DOF.Recombine.EnableBokehSettings:0    ; no bokeh simulation on slight out of focus]]
[2019.11.15-20.52.52:805][  0]LogConfig: Setting CVar [[r.DOF.TemporalAAQuality:1                ; more stable temporal accumulation]]
[2019.11.15-20.52.52:805][  0]LogConfig: Setting CVar [[r.DOF.Kernel.MaxForegroundRadius:0.025]]
[2019.11.15-20.52.52:805][  0]LogConfig: Setting CVar [[r.DOF.Kernel.MaxBackgroundRadius:0.025]]
[2019.11.15-20.52.52:805][  0]LogConfig: Applying CVar settings from Section [TextureQuality@3] File [D:/Universidade Europeia/GitHub/TimeRush/TimeRush/Saved/Config/Windows/Scalability.ini]
[2019.11.15-20.52.52:805][  0]LogConfig: Setting CVar [[r.Streaming.MipBias:0]]
[2019.11.15-20.52.52:805][  0]LogConfig: Setting CVar [[r.Streaming.AmortizeCPUToGPUCopy:0]]
[2019.11.15-20.52.52:805][  0]LogConfig: Setting CVar [[r.Streaming.MaxNumTexturesToStreamPerFrame:0]]
[2019.11.15-20.52.52:805][  0]LogConfig: Setting CVar [[r.Streaming.Boost:1]]
[2019.11.15-20.52.52:805][  0]LogConfig: Setting CVar [[r.MaxAnisotropy:8]]
[2019.11.15-20.52.52:805][  0]LogConfig: Setting CVar [[r.Streaming.LimitPoolSizeToVRAM:0]]
[2019.11.15-20.52.52:805][  0]LogConfig: Setting CVar [[r.Streaming.PoolSize:1000]]
[2019.11.15-20.52.52:805][  0]LogConfig: Setting CVar [[r.Streaming.MaxEffectiveScreenSize:0]]
[2019.11.15-20.52.52:805][  0]LogConfig: Applying CVar settings from Section [EffectsQuality@3] File [D:/Universidade Europeia/GitHub/TimeRush/TimeRush/Saved/Config/Windows/Scalability.ini]
[2019.11.15-20.52.52:805][  0]LogConfig: Setting CVar [[r.TranslucencyLightingVolumeDim:64]]
[2019.11.15-20.52.52:805][  0]LogConfig: Setting CVar [[r.RefractionQuality:2]]
[2019.11.15-20.52.52:805][  0]LogConfig: Setting CVar [[r.SSR.Quality:3]]
[2019.11.15-20.52.52:805][  0]LogConfig: Setting CVar [[r.SceneColorFormat:4]]
[2019.11.15-20.52.52:805][  0]LogConfig: Setting CVar [[r.DetailMode:2]]
[2019.11.15-20.52.52:805][  0]LogConfig: Setting CVar [[r.TranslucencyVolumeBlur:1]]
[2019.11.15-20.52.52:805][  0]LogConfig: Setting CVar [[r.MaterialQualityLevel:1 ; High quality]]
[2019.11.15-20.52.52:806][  0]LogConfig: Setting CVar [[r.SSS.Scale:1]]
[2019.11.15-20.52.52:806][  0]LogConfig: Setting CVar [[r.SSS.SampleSet:2]]
[2019.11.15-20.52.52:806][  0]LogConfig: Setting CVar [[r.SSS.Quality:1]]
[2019.11.15-20.52.52:806][  0]LogConfig: Setting CVar [[r.SSS.HalfRes:1]]
[2019.11.15-20.52.52:806][  0]LogConfig: Setting CVar [[r.EmitterSpawnRateScale:1.0]]
[2019.11.15-20.52.52:806][  0]LogConfig: Setting CVar [[r.ParticleLightQuality:2]]
[2019.11.15-20.52.52:806][  0]LogConfig: Applying CVar settings from Section [FoliageQuality@3] File [D:/Universidade Europeia/GitHub/TimeRush/TimeRush/Saved/Config/Windows/Scalability.ini]
[2019.11.15-20.52.52:806][  0]LogConfig: Setting CVar [[foliage.DensityScale:1.0]]
[2019.11.15-20.52.52:806][  0]LogConfig: Setting CVar [[grass.DensityScale:1.0]]
[2019.11.15-20.52.52:806][  0]LogInit: Selected Device Profile: [Windows]
[2019.11.15-20.52.52:806][  0]LogInit: Applying CVar settings loaded from the selected device profile: [Windows]
[2019.11.15-20.52.52:838][  0]LogHAL: Display: Platform has ~ 16 GB [17073463296 / 17179869184 / 16], which maps to Larger [LargestMinGB=32, LargerMinGB=12, DefaultMinGB=8, SmallerMinGB=6, SmallestMinGB=0)
[2019.11.15-20.52.52:838][  0]LogConfig: Setting CVar [[r.Vulkan.UseRealUBs:0		; Required until we fix HLR fall-out]]
[2019.11.15-20.52.52:838][  0]LogInit: Going up to parent DeviceProfile []
[2019.11.15-20.52.52:838][  0]LogConfig: Applying CVar settings from Section [ViewDistanceQuality@3] File [D:/Universidade Europeia/GitHub/TimeRush/TimeRush/Saved/Config/Windows/Scalability.ini]
[2019.11.15-20.52.52:838][  0]LogConfig: Setting CVar [[r.SkeletalMeshLODBias:0]]
[2019.11.15-20.52.52:838][  0]LogConfig: Setting CVar [[r.ViewDistanceScale:1.0]]
[2019.11.15-20.52.52:838][  0]LogConfig: Applying CVar settings from Section [AntiAliasingQuality@3] File [D:/Universidade Europeia/GitHub/TimeRush/TimeRush/Saved/Config/Windows/Scalability.ini]
[2019.11.15-20.52.52:838][  0]LogConfig: Setting CVar [[r.PostProcessAAQuality:4]]
[2019.11.15-20.52.52:838][  0]LogConfig: Applying CVar settings from Section [ShadowQuality@3] File [D:/Universidade Europeia/GitHub/TimeRush/TimeRush/Saved/Config/Windows/Scalability.ini]
[2019.11.15-20.52.52:838][  0]LogConfig: Setting CVar [[r.LightFunctionQuality:1]]
[2019.11.15-20.52.52:838][  0]LogConfig: Setting CVar [[r.ShadowQuality:5]]
[2019.11.15-20.52.52:838][  0]LogConfig: Setting CVar [[r.Shadow.CSM.MaxCascades:10]]
[2019.11.15-20.52.52:838][  0]LogConfig: Setting CVar [[r.Shadow.MaxResolution:2048]]
[2019.11.15-20.52.52:838][  0]LogConfig: Setting CVar [[r.Shadow.MaxCSMResolution:2048]]
[2019.11.15-20.52.52:838][  0]LogConfig: Setting CVar [[r.Shadow.RadiusThreshold:0.01]]
[2019.11.15-20.52.52:838][  0]LogConfig: Setting CVar [[r.Shadow.DistanceScale:1.0]]
[2019.11.15-20.52.52:838][  0]LogConfig: Setting CVar [[r.Shadow.CSM.TransitionScale:1.0]]
[2019.11.15-20.52.52:838][  0]LogConfig: Setting CVar [[r.Shadow.PreShadowResolutionFactor:1.0]]
[2019.11.15-20.52.52:838][  0]LogConfig: Setting CVar [[r.DistanceFieldShadowing:1]]
[2019.11.15-20.52.52:838][  0]LogConfig: Setting CVar [[r.DistanceFieldAO:1]]
[2019.11.15-20.52.52:838][  0]LogConfig: Setting CVar [[r.AOQuality:2]]
[2019.11.15-20.52.52:838][  0]LogConfig: Setting CVar [[r.VolumetricFog:1]]
[2019.11.15-20.52.52:838][  0]LogConfig: Setting CVar [[r.VolumetricFog.GridPixelSize:8]]
[2019.11.15-20.52.52:838][  0]LogConfig: Setting CVar [[r.VolumetricFog.GridSizeZ:128]]
[2019.11.15-20.52.52:838][  0]LogConfig: Setting CVar [[r.VolumetricFog.HistoryMissSupersampleCount:4]]
[2019.11.15-20.52.52:838][  0]LogConfig: Setting CVar [[r.LightMaxDrawDistanceScale:1]]
[2019.11.15-20.52.52:838][  0]LogConfig: Setting CVar [[r.CapsuleShadows:1]]
[2019.11.15-20.52.52:838][  0]LogConfig: Applying CVar settings from Section [PostProcessQuality@3] File [D:/Universidade Europeia/GitHub/TimeRush/TimeRush/Saved/Config/Windows/Scalability.ini]
[2019.11.15-20.52.52:838][  0]LogConfig: Setting CVar [[r.MotionBlurQuality:4]]
[2019.11.15-20.52.52:838][  0]LogConfig: Setting CVar [[r.AmbientOcclusionMipLevelFactor:0.4]]
[2019.11.15-20.52.52:839][  0]LogConfig: Setting CVar [[r.AmbientOcclusionMaxQuality:100]]
[2019.11.15-20.52.52:839][  0]LogConfig: Setting CVar [[r.AmbientOcclusionLevels:-1]]
[2019.11.15-20.52.52:839][  0]LogConfig: Setting CVar [[r.AmbientOcclusionRadiusScale:1.0]]
[2019.11.15-20.52.52:839][  0]LogConfig: Setting CVar [[r.DepthOfFieldQuality:2]]
[2019.11.15-20.52.52:839][  0]LogConfig: Setting CVar [[r.RenderTargetPoolMin:400]]
[2019.11.15-20.52.52:839][  0]LogConfig: Setting CVar [[r.LensFlareQuality:2]]
[2019.11.15-20.52.52:839][  0]LogConfig: Setting CVar [[r.SceneColorFringeQuality:1]]
[2019.11.15-20.52.52:839][  0]LogConfig: Setting CVar [[r.EyeAdaptationQuality:2]]
[2019.11.15-20.52.52:839][  0]LogConfig: Setting CVar [[r.BloomQuality:5]]
[2019.11.15-20.52.52:839][  0]LogConfig: Setting CVar [[r.FastBlurThreshold:100]]
[2019.11.15-20.52.52:839][  0]LogConfig: Setting CVar [[r.Upscale.Quality:3]]
[2019.11.15-20.52.52:839][  0]LogConfig: Setting CVar [[r.Tonemapper.GrainQuantization:1]]
[2019.11.15-20.52.52:839][  0]LogConfig: Setting CVar [[r.LightShaftQuality:1]]
[2019.11.15-20.52.52:839][  0]LogConfig: Setting CVar [[r.Filter.SizeScale:1]]
[2019.11.15-20.52.52:839][  0]LogConfig: Setting CVar [[r.Tonemapper.Quality:5]]
[2019.11.15-20.52.52:839][  0]LogConfig: Setting CVar [[r.DOF.Gather.AccumulatorQuality:1        ; higher gathering accumulator quality]]
[2019.11.15-20.52.52:839][  0]LogConfig: Setting CVar [[r.DOF.Gather.PostfilterMethod:1          ; Median3x3 postfilering method]]
[2019.11.15-20.52.52:839][  0]LogConfig: Setting CVar [[r.DOF.Gather.EnableBokehSettings:0       ; no bokeh simulation when gathering]]
[2019.11.15-20.52.52:839][  0]LogConfig: Setting CVar [[r.DOF.Gather.RingCount:4                 ; medium number of samples when gathering]]
[2019.11.15-20.52.52:839][  0]LogConfig: Setting CVar [[r.DOF.Scatter.ForegroundCompositing:1    ; additive foreground scattering]]
[2019.11.15-20.52.52:839][  0]LogConfig: Setting CVar [[r.DOF.Scatter.BackgroundCompositing:2    ; additive background scattering]]
[2019.11.15-20.52.52:839][  0]LogConfig: Setting CVar [[r.DOF.Scatter.EnableBokehSettings:1      ; bokeh simulation when scattering]]
[2019.11.15-20.52.52:839][  0]LogConfig: Setting CVar [[r.DOF.Scatter.MaxSpriteRatio:0.1         ; only a maximum of 10% of scattered bokeh]]
[2019.11.15-20.52.52:839][  0]LogConfig: Setting CVar [[r.DOF.Recombine.Quality:1                ; cheap slight out of focus]]
[2019.11.15-20.52.52:839][  0]LogConfig: Setting CVar [[r.DOF.Recombine.EnableBokehSettings:0    ; no bokeh simulation on slight out of focus]]
[2019.11.15-20.52.52:839][  0]LogConfig: Setting CVar [[r.DOF.TemporalAAQuality:1                ; more stable temporal accumulation]]
[2019.11.15-20.52.52:839][  0]LogConfig: Setting CVar [[r.DOF.Kernel.MaxForegroundRadius:0.025]]
[2019.11.15-20.52.52:839][  0]LogConfig: Setting CVar [[r.DOF.Kernel.MaxBackgroundRadius:0.025]]
[2019.11.15-20.52.52:839][  0]LogConfig: Applying CVar settings from Section [TextureQuality@3] File [D:/Universidade Europeia/GitHub/TimeRush/TimeRush/Saved/Config/Windows/Scalability.ini]
[2019.11.15-20.52.52:839][  0]LogConfig: Setting CVar [[r.Streaming.MipBias:0]]
[2019.11.15-20.52.52:839][  0]LogConfig: Setting CVar [[r.Streaming.AmortizeCPUToGPUCopy:0]]
[2019.11.15-20.52.52:839][  0]LogConfig: Setting CVar [[r.Streaming.MaxNumTexturesToStreamPerFrame:0]]
[2019.11.15-20.52.52:839][  0]LogConfig: Setting CVar [[r.Streaming.Boost:1]]
[2019.11.15-20.52.52:839][  0]LogConfig: Setting CVar [[r.MaxAnisotropy:8]]
[2019.11.15-20.52.52:839][  0]LogConfig: Setting CVar [[r.Streaming.LimitPoolSizeToVRAM:0]]
[2019.11.15-20.52.52:839][  0]LogConfig: Setting CVar [[r.Streaming.PoolSize:1000]]
[2019.11.15-20.52.52:839][  0]LogConfig: Setting CVar [[r.Streaming.MaxEffectiveScreenSize:0]]
[2019.11.15-20.52.52:839][  0]LogConfig: Applying CVar settings from Section [EffectsQuality@3] File [D:/Universidade Europeia/GitHub/TimeRush/TimeRush/Saved/Config/Windows/Scalability.ini]
[2019.11.15-20.52.52:839][  0]LogConfig: Setting CVar [[r.TranslucencyLightingVolumeDim:64]]
[2019.11.15-20.52.52:839][  0]LogConfig: Setting CVar [[r.RefractionQuality:2]]
[2019.11.15-20.52.52:839][  0]LogConfig: Setting CVar [[r.SSR.Quality:3]]
[2019.11.15-20.52.52:839][  0]LogConfig: Setting CVar [[r.SceneColorFormat:4]]
[2019.11.15-20.52.52:840][  0]LogConfig: Setting CVar [[r.DetailMode:2]]
[2019.11.15-20.52.52:840][  0]LogConfig: Setting CVar [[r.TranslucencyVolumeBlur:1]]
[2019.11.15-20.52.52:840][  0]LogConfig: Setting CVar [[r.MaterialQualityLevel:1 ; High quality]]
[2019.11.15-20.52.52:840][  0]LogConfig: Setting CVar [[r.SSS.Scale:1]]
[2019.11.15-20.52.52:840][  0]LogConfig: Setting CVar [[r.SSS.SampleSet:2]]
[2019.11.15-20.52.52:840][  0]LogConfig: Setting CVar [[r.SSS.Quality:1]]
[2019.11.15-20.52.52:840][  0]LogConfig: Setting CVar [[r.SSS.HalfRes:1]]
[2019.11.15-20.52.52:840][  0]LogConfig: Setting CVar [[r.EmitterSpawnRateScale:1.0]]
[2019.11.15-20.52.52:840][  0]LogConfig: Setting CVar [[r.ParticleLightQuality:2]]
[2019.11.15-20.52.52:840][  0]LogConfig: Applying CVar settings from Section [FoliageQuality@3] File [D:/Universidade Europeia/GitHub/TimeRush/TimeRush/Saved/Config/Windows/Scalability.ini]
[2019.11.15-20.52.52:840][  0]LogConfig: Setting CVar [[foliage.DensityScale:1.0]]
[2019.11.15-20.52.52:840][  0]LogConfig: Setting CVar [[grass.DensityScale:1.0]]
[2019.11.15-20.52.52:840][  0]LogConfig: Applying CVar settings from Section [Startup] File [../../../Engine/Config/ConsoleVariables.ini]
[2019.11.15-20.52.52:841][  0]LogConfig: Setting CVar [[net.UseAdaptiveNetUpdateFrequency:0]]
[2019.11.15-20.52.52:841][  0]LogConfig: Setting CVar [[p.chaos.AllowCreatePhysxBodies:1]]
[2019.11.15-20.52.52:841][  0]LogConfig: Applying CVar settings from Section [ConsoleVariables] File [D:/Universidade Europeia/GitHub/TimeRush/TimeRush/Saved/Config/Windows/Engine.ini]
[2019.11.15-20.52.52:841][  0]LogInit: Computer: DESKTOP-P7E93EO
[2019.11.15-20.52.52:841][  0]LogInit: User: riZ
[2019.11.15-20.52.52:841][  0]LogInit: CPU Page size=4096, Cores=4
[2019.11.15-20.52.52:841][  0]LogInit: High frequency timer resolution =10.000000 MHz
[2019.11.15-20.52.52:841][  0]LogMemory: Memory total: Physical=15.9GB (16GB approx)
[2019.11.15-20.52.52:841][  0]LogMemory: Platform Memory Stats for Windows
[2019.11.15-20.52.52:841][  0]LogMemory: Process Physical Memory: 98.33 MB used, 98.33 MB peak
[2019.11.15-20.52.52:841][  0]LogMemory: Process Virtual Memory: 93.22 MB used, 93.22 MB peak
[2019.11.15-20.52.52:841][  0]LogMemory: Physical Memory: 8689.57 MB used,  7592.95 MB free, 16282.52 MB total
[2019.11.15-20.52.52:841][  0]LogMemory: Virtual Memory: 4647.12 MB used,  134213080.00 MB free, 134217728.00 MB total
[2019.11.15-20.52.52:881][  0]LogInit: Using OS detected language (en-US).
[2019.11.15-20.52.52:881][  0]LogInit: Using OS detected locale (en-US).
[2019.11.15-20.52.52:883][  0]LogTextLocalizationManager: No specific localization for 'en-US' exists, so the 'en' localization will be used.
[2019.11.15-20.52.53:135][  0]LogInit: Setting process to per monitor DPI aware
[2019.11.15-20.52.53:172][  0]LogSlate: New Slate User Created.  User Index 0, Is Virtual User: 0
[2019.11.15-20.52.53:172][  0]LogSlate: Slate User Registered.  User Index 0, Is Virtual User: 0
[2019.11.15-20.52.53:722][  0]LogHMD: Failed to initialize OpenVR with code 110
[2019.11.15-20.52.53:722][  0]LogD3D11RHI: D3D11 adapters:
[2019.11.15-20.52.53:814][  0]LogD3D11RHI:    0. 'NVIDIA GeForce GTX 960M' (Feature Level 11_0)
[2019.11.15-20.52.53:814][  0]LogD3D11RHI:       2010/0/8141 MB DedicatedVideo/DedicatedSystem/SharedSystem, Outputs:1, VendorId:0x10de
[2019.11.15-20.52.53:830][  0]LogD3D11RHI:    1. 'Intel(R) HD Graphics 530' (Feature Level 11_0)
[2019.11.15-20.52.53:830][  0]LogD3D11RHI:       128/0/8141 MB DedicatedVideo/DedicatedSystem/SharedSystem, Outputs:0, VendorId:0x8086
[2019.11.15-20.52.53:833][  0]LogD3D11RHI:    2. 'Microsoft Basic Render Driver' (Feature Level 11_0)
[2019.11.15-20.52.53:833][  0]LogD3D11RHI:       0/0/8141 MB DedicatedVideo/DedicatedSystem/SharedSystem, Outputs:0, VendorId:0x1414
[2019.11.15-20.52.53:833][  0]LogD3D11RHI: Chosen D3D11 Adapter: 0
[2019.11.15-20.52.53:881][  0]LogD3D11RHI: Creating new Direct3DDevice
[2019.11.15-20.52.53:882][  0]LogD3D11RHI:     GPU DeviceId: 0x139b (for the marketing name, search the web for "GPU Device Id")
[2019.11.15-20.52.53:882][  0]LogWindows: EnumDisplayDevices:
[2019.11.15-20.52.53:882][  0]LogWindows:    0. 'Intel(R) HD Graphics 530' (P:1 D:1)
[2019.11.15-20.52.53:882][  0]LogWindows:    1. 'Intel(R) HD Graphics 530' (P:0 D:0)
[2019.11.15-20.52.53:883][  0]LogWindows:    2. 'Intel(R) HD Graphics 530' (P:0 D:0)
[2019.11.15-20.52.53:883][  0]LogWindows: DebugString: PrimaryIsNotTheChoosenAdapter PrimaryIsNotTheChoosenAdapter PrimaryIsNotTheChoosenAdapter FoundDriverCount:0 
[2019.11.15-20.52.53:883][  0]LogD3D11RHI:     Adapter Name: NVIDIA GeForce GTX 960M
[2019.11.15-20.52.53:883][  0]LogD3D11RHI:   Driver Version: Unknown (internal:Unknown, unified:Unknown)
[2019.11.15-20.52.53:883][  0]LogD3D11RHI:      Driver Date: Unknown
[2019.11.15-20.52.53:883][  0]LogRHI: Texture pool is 1407 MB (70% of 2010 MB)
[2019.11.15-20.52.53:939][  0]LogD3D11RHI: Async texture creation enabled
[2019.11.15-20.52.53:945][  0]LogRendererCore: FGlobalReadBuffer::InitRHI
[2019.11.15-20.52.53:945][  0]LogRendererCore: FGlobalReadBuffer::InitRHI
[2019.11.15-20.52.53:945][  0]LogRendererCore: FGlobalReadBuffer::InitRHI
[2019.11.15-20.52.53:954][  0]LogD3D11RHI: GPU Timing Frequency: 1000.000000 (Debug: 2 1)
[2019.11.15-20.52.54:427][  0]LogTemp: Display: Module 'AllDesktopTargetPlatform' loaded TargetPlatform 'AllDesktop'
[2019.11.15-20.52.54:455][  0]LogTemp: Display: Module 'MacClientTargetPlatform' loaded TargetPlatform 'MacClient'
[2019.11.15-20.52.54:479][  0]LogTemp: Display: Module 'MacNoEditorTargetPlatform' loaded TargetPlatform 'MacNoEditor'
[2019.11.15-20.52.54:500][  0]LogTemp: Display: Module 'MacServerTargetPlatform' loaded TargetPlatform 'MacServer'
[2019.11.15-20.52.54:522][  0]LogTemp: Display: Module 'MacTargetPlatform' loaded TargetPlatform 'Mac'
[2019.11.15-20.52.54:541][  0]LogTemp: Display: Module 'WindowsClientTargetPlatform' loaded TargetPlatform 'WindowsClient'
[2019.11.15-20.52.54:561][  0]LogTemp: Display: Module 'WindowsNoEditorTargetPlatform' loaded TargetPlatform 'WindowsNoEditor'
[2019.11.15-20.52.54:583][  0]LogTemp: Display: Module 'WindowsServerTargetPlatform' loaded TargetPlatform 'WindowsServer'
[2019.11.15-20.52.54:593][  0]LogTemp: Display: Module 'WindowsTargetPlatform' loaded TargetPlatform 'Windows'
[2019.11.15-20.52.54:717][  0]LogTemp: Display: Module 'AndroidTargetPlatform' loaded TargetPlatform 'Android'
[2019.11.15-20.52.54:718][  0]LogTemp: Display: Module 'AndroidTargetPlatform' loaded TargetPlatform 'Android_ASTC'
[2019.11.15-20.52.54:718][  0]LogTemp: Display: Module 'AndroidTargetPlatform' loaded TargetPlatform 'Android_ATC'
[2019.11.15-20.52.54:718][  0]LogTemp: Display: Module 'AndroidTargetPlatform' loaded TargetPlatform 'Android_DXT'
[2019.11.15-20.52.54:718][  0]LogTemp: Display: Module 'AndroidTargetPlatform' loaded TargetPlatform 'Android_ETC1'
[2019.11.15-20.52.54:718][  0]LogTemp: Display: Module 'AndroidTargetPlatform' loaded TargetPlatform 'Android_ETC1a'
[2019.11.15-20.52.54:718][  0]LogTemp: Display: Module 'AndroidTargetPlatform' loaded TargetPlatform 'Android_ETC2'
[2019.11.15-20.52.54:718][  0]LogTemp: Display: Module 'AndroidTargetPlatform' loaded TargetPlatform 'Android_PVRTC'
[2019.11.15-20.52.54:718][  0]LogTemp: Display: Module 'AndroidTargetPlatform' loaded TargetPlatform 'AndroidClient'
[2019.11.15-20.52.54:718][  0]LogTemp: Display: Module 'AndroidTargetPlatform' loaded TargetPlatform 'Android_ASTCClient'
[2019.11.15-20.52.54:718][  0]LogTemp: Display: Module 'AndroidTargetPlatform' loaded TargetPlatform 'Android_ATCClient'
[2019.11.15-20.52.54:718][  0]LogTemp: Display: Module 'AndroidTargetPlatform' loaded TargetPlatform 'Android_DXTClient'
[2019.11.15-20.52.54:718][  0]LogTemp: Display: Module 'AndroidTargetPlatform' loaded TargetPlatform 'Android_ETC1Client'
[2019.11.15-20.52.54:718][  0]LogTemp: Display: Module 'AndroidTargetPlatform' loaded TargetPlatform 'Android_ETC1aClient'
[2019.11.15-20.52.54:718][  0]LogTemp: Display: Module 'AndroidTargetPlatform' loaded TargetPlatform 'Android_ETC2Client'
[2019.11.15-20.52.54:718][  0]LogTemp: Display: Module 'AndroidTargetPlatform' loaded TargetPlatform 'Android_PVRTCClient'
[2019.11.15-20.52.54:718][  0]LogTemp: Display: Module 'AndroidTargetPlatform' loaded TargetPlatform 'Android_Multi'
[2019.11.15-20.52.54:718][  0]LogTemp: Display: Module 'AndroidTargetPlatform' loaded TargetPlatform 'Android_MultiClient'
[2019.11.15-20.52.54:722][  0]LogTemp: Display: Module 'HTML5TargetPlatform' loaded TargetPlatform 'HTML5'
[2019.11.15-20.52.54:789][  0]LogTemp: Display: Module 'IOSTargetPlatform' loaded TargetPlatform 'IOSClient'
[2019.11.15-20.52.54:789][  0]LogTemp: Display: Module 'IOSTargetPlatform' loaded TargetPlatform 'IOS'
[2019.11.15-20.52.54:824][  0]LogTemp: Display: Module 'TVOSTargetPlatform' loaded TargetPlatform 'TVOSClient'
[2019.11.15-20.52.54:824][  0]LogTemp: Display: Module 'TVOSTargetPlatform' loaded TargetPlatform 'TVOS'
[2019.11.15-20.52.54:842][  0]LogTemp: Display: Module 'LinuxClientTargetPlatform' loaded TargetPlatform 'LinuxClient'
[2019.11.15-20.52.54:863][  0]LogTemp: Display: Module 'LinuxNoEditorTargetPlatform' loaded TargetPlatform 'LinuxNoEditor'
[2019.11.15-20.52.54:881][  0]LogTemp: Display: Module 'LinuxServerTargetPlatform' loaded TargetPlatform 'LinuxServer'
[2019.11.15-20.52.54:900][  0]LogTemp: Display: Module 'LinuxTargetPlatform' loaded TargetPlatform 'Linux'
[2019.11.15-20.52.54:972][  0]LogTemp: Display: Module 'LuminTargetPlatform' loaded TargetPlatform 'Lumin'
[2019.11.15-20.52.54:972][  0]LogTemp: Display: Module 'LuminTargetPlatform' loaded TargetPlatform 'LuminClient'
[2019.11.15-20.52.54:972][  0]LogTargetPlatformManager: Display: Building Assets For Windows
[2019.11.15-20.52.54:988][  0]LogAudioDebug: Display: Lib vorbis DLL was dynamically loaded.
[2019.11.15-20.52.55:071][  0]LogShaderCompilers: Guid format shader working directory is -16 characters bigger than the processId version (../../../../../Universidade Europeia/GitHub/TimeRush/TimeRush/Intermediate/Shaders/WorkingDirectory/14832/).
[2019.11.15-20.52.55:071][  0]LogShaderCompilers: Cleaned the shader compiler working directory 'C:/Users/2011j/AppData/Local/Temp/UnrealShaderWorkingDir/0C7902684BA4AE5BEFFE48887842F74F/'.
[2019.11.15-20.52.55:073][  0]LogXGEController: Cannot use XGE Controller as Incredibuild is not installed on this machine.
[2019.11.15-20.52.55:073][  0]LogShaderCompilers: Cannot use XGE Shader Compiler as Incredibuild is not installed on this machine.
[2019.11.15-20.52.55:073][  0]LogShaderCompilers: Display: Using Local Shader Compiler.
[2019.11.15-20.52.55:881][  0]LogDerivedDataCache: Display: Max Cache Size: 512 MB
[2019.11.15-20.52.55:940][  0]LogDerivedDataCache: Loaded boot cache 0.06s 74MB C:/Users/2011j/AppData/Local/UnrealEngine/4.22/DerivedDataCache/Boot.ddc.
[2019.11.15-20.52.55:940][  0]LogDerivedDataCache: Display: Loaded Boot cache: C:/Users/2011j/AppData/Local/UnrealEngine/4.22/DerivedDataCache/Boot.ddc
[2019.11.15-20.52.55:940][  0]LogDerivedDataCache: FDerivedDataBackendGraph:  Pak pak cache file ../../../../../Universidade Europeia/GitHub/TimeRush/TimeRush/DerivedDataCache/DDC.ddp not found, will not use a pak cache.
[2019.11.15-20.52.55:940][  0]LogDerivedDataCache: Unable to find inner node Pak for hierarchical cache Hierarchy.
[2019.11.15-20.52.55:940][  0]LogDerivedDataCache: FDerivedDataBackendGraph:  CompressedPak pak cache file ../../../../../Universidade Europeia/GitHub/TimeRush/TimeRush/DerivedDataCache/Compressed.ddp not found, will not use a pak cache.
[2019.11.15-20.52.55:940][  0]LogDerivedDataCache: Unable to find inner node CompressedPak for hierarchical cache Hierarchy.
[2019.11.15-20.52.55:955][  0]LogDerivedDataCache: Display: Pak cache opened for reading ../../../Engine/DerivedDataCache/Compressed.ddp.
[2019.11.15-20.52.55:955][  0]LogDerivedDataCache: FDerivedDataBackendGraph:  EnterprisePak pak cache file ../../../Enterprise/DerivedDataCache/Compressed.ddp not found, will not use a pak cache.
[2019.11.15-20.52.55:955][  0]LogDerivedDataCache: Unable to find inner node EnterprisePak for hierarchical cache Hierarchy.
[2019.11.15-20.52.55:967][  0]LogDerivedDataCache: Using Local data cache path C:/Users/2011j/AppData/Local/UnrealEngine/Common/DerivedDataCache: Writable
[2019.11.15-20.52.55:967][  0]LogDerivedDataCache: Shared data cache path not found in *engine.ini, will not use an Shared cache.
[2019.11.15-20.52.55:967][  0]LogDerivedDataCache: Unable to find inner node Shared for hierarchical cache Hierarchy.
[2019.11.15-20.52.55:994][  0]LogMaterial: Verifying Global Shaders for PCD3D_SM5
[2019.11.15-20.52.55:995][  0]LogSlate: Using FreeType 2.6.0
[2019.11.15-20.52.55:996][  0]LogSlate: SlateFontServices - WITH_FREETYPE: 1, WITH_HARFBUZZ: 1
[2019.11.15-20.52.56:159][  0]LogAssetRegistry: FAssetRegistry took 0.0433 seconds to start up
[2019.11.15-20.52.56:921][  0]LogInit: Selected Device Profile: [Windows]
[2019.11.15-20.52.57:596][  0]LogMeshReduction: Using QuadricMeshReduction for automatic static mesh reduction
[2019.11.15-20.52.57:596][  0]LogMeshReduction: Using SimplygonMeshReduction for automatic skeletal mesh reduction
[2019.11.15-20.52.57:596][  0]LogMeshReduction: Using ProxyLODMeshReduction for automatic mesh merging
[2019.11.15-20.52.57:596][  0]LogMeshReduction: No distributed automatic mesh merging module available
[2019.11.15-20.52.57:596][  0]LogMeshMerging: No distributed automatic mesh merging module available
[2019.11.15-20.52.57:649][  0]LogNetVersion: TimeRush 1.0.0, NetCL: 5660361, EngineNetVer: 10, GameNetVer: 0 (Checksum: 1373495878)
[2019.11.15-20.52.59:593][  0]LogPackageLocalizationCache: Processed 10 localized package path(s) for 1 prioritized culture(s) in 0.169529 seconds
[2019.11.15-20.52.59:611][  0]LogUObjectArray: 42205 objects as part of root set at end of initial load.
[2019.11.15-20.52.59:612][  0]LogUObjectAllocator: 7325032 out of 0 bytes used by permanent object pool.
[2019.11.15-20.52.59:612][  0]LogUObjectArray: CloseDisregardForGC: 0/0 objects in disregard for GC pool
[2019.11.15-20.53.03:944][  0]LogTcpMessaging: Initializing TcpMessaging bridge
[2019.11.15-20.53.03:959][  0]LogUdpMessaging: Initializing bridge on interface 0.0.0.0:0 to multicast group 230.0.0.1:6666.
[2019.11.15-20.53.04:276][  0]SourceControl: Source control is disabled
[2019.11.15-20.53.04:276][  0]SourceControl: Source control is disabled
[2019.11.15-20.53.04:279][  0]SourceControl: Source control is disabled
[2019.11.15-20.53.04:282][  0]SourceControl: Source control is disabled
[2019.11.15-20.53.04:420][  0]LogAndroidPermission: UAndroidPermissionCallbackProxy::GetInstance
[2019.11.15-20.53.04:555][  0]LogOcInput: OculusInput pre-init called
[2019.11.15-20.53.05:755][  0]LogEngine: Initializing Engine...
[2019.11.15-20.53.05:756][  0]LogHMD: Failed to initialize OpenVR with code 110
[2019.11.15-20.53.05:758][  0]LogStats: UGameplayTagsManager::InitializeManager -  0.000 s
[2019.11.15-20.53.06:045][  0]LogInit: Initializing FReadOnlyCVARCache
[2019.11.15-20.53.06:061][  0]LogAIModule: Creating AISystem for world Untitled
[2019.11.15-20.53.06:102][  0]LogInit: XAudio2 using 'Speakers (Conexant SmartAudio HD)' : 2 channels at 48 kHz using 32 bits per sample (channel mask 0x3)
[2019.11.15-20.53.06:201][  0]LogInit: FAudioDevice initialized.
[2019.11.15-20.53.06:202][  0]LogNetVersion: Set ProjectVersion to 1.0.0.0. Version Checksum will be recalculated on next use.
[2019.11.15-20.53.06:392][  0]LogDerivedDataCache: Saved boot cache 0.19s 71MB C:/Users/2011j/AppData/Local/UnrealEngine/4.22/DerivedDataCache/Boot.ddc.
[2019.11.15-20.53.06:392][  0]LogInit: Texture streaming: Enabled
[2019.11.15-20.53.06:413][  0]LogEngineSessionManager: EngineSessionManager initialized
[2019.11.15-20.53.06:449][  0]LogInit: Transaction tracking system initialized
[2019.11.15-20.53.06:484][  0]BlueprintLog: New page: Editor Load
[2019.11.15-20.53.06:597][  0]LocalizationService: Localization service is disabled
[2019.11.15-20.53.07:162][  0]LogFileCache: Scanning file cache for directory 'D:/Universidade Europeia/GitHub/TimeRush/TimeRush/Content/' took 0.02s
[2019.11.15-20.53.07:162][  0]LogCook: Display: Max memory allowance for cook 16384mb min free memory 0mb
[2019.11.15-20.53.07:163][  0]LogCook: Display: Mobile HDR setting 1
[2019.11.15-20.53.07:443][  0]SourceControl: Source control is disabled
[2019.11.15-20.53.07:443][  0]Cmd: MAP LOAD FILE="../../../../../Universidade Europeia/GitHub/TimeRush/TimeRush/Content/StarterContent/Maps/Minimal_Default.umap" TEMPLATE=0 SHOWPROGRESS=1 FEATURELEVEL=3
[2019.11.15-20.53.07:454][  0]LightingResults: New page: Lighting Build
[2019.11.15-20.53.07:459][  0]MapCheck: New page: Map Check
[2019.11.15-20.53.07:459][  0]LightingResults: New page: Lighting Build
[2019.11.15-20.53.07:494][  0]LogUObjectHash: Compacting FUObjectHashTables data took   2.86ms
[2019.11.15-20.53.08:704][  0]LogAIModule: Creating AISystem for world Minimal_Default
[2019.11.15-20.53.08:756][  0]LogEditorServer: Finished looking for orphan Actors (0.000 secs)
[2019.11.15-20.53.08:803][  0]LogUObjectHash: Compacting FUObjectHashTables data took   2.04ms
[2019.11.15-20.53.08:803][  0]Cmd: MAP CHECKDEP NOCLEARLOG
[2019.11.15-20.53.08:803][  0]MapCheck: Map check complete: 0 Error(s), 0 Warning(s), took 0.339ms to complete.
[2019.11.15-20.53.08:803][  0]LogFileHelpers: Loading map 'Minimal_Default' took 1.360
[2019.11.15-20.53.09:342][  0]LogSlate: Updating window title bar state: overlay mode, drag disabled, window buttons hidden, title bar hidden
[2019.11.15-20.53.09:354][  0]LogSlate: Updating window title bar state: overlay mode, drag disabled, window buttons hidden, title bar hidden
[2019.11.15-20.53.09:365][  0]LogSlate: Updating window title bar state: overlay mode, drag disabled, window buttons hidden, title bar hidden
[2019.11.15-20.53.09:375][  0]LogSlate: Updating window title bar state: overlay mode, drag disabled, window buttons hidden, title bar hidden
[2019.11.15-20.53.09:454][  0]LogCollectionManager: Loaded 0 collections in 0.002068 seconds
[2019.11.15-20.53.09:636][  0]LogFileCache: Scanning file cache for directory 'D:/Universidade Europeia/GitHub/TimeRush/TimeRush/Saved/Collections/' took 0.01s
[2019.11.15-20.53.09:636][  0]LogFileCache: Scanning file cache for directory 'D:/Universidade Europeia/GitHub/TimeRush/TimeRush/Content/Developers/riZ/Collections/' took 0.01s
[2019.11.15-20.53.09:636][  0]LogFileCache: Scanning file cache for directory 'D:/Universidade Europeia/GitHub/TimeRush/TimeRush/Content/Collections/' took 0.01s
[2019.11.15-20.53.09:636][  0]LogCollectionManager: Rebuilt the GUID cache for 0 collections in 0.000000 seconds
[2019.11.15-20.53.09:652][  0]LogContentBrowser: Native class hierarchy populated in 0.0157 seconds. Added 2737 classes and 661 folders.
[2019.11.15-20.53.09:724][  0]LogContentBrowser: Native class hierarchy updated for 'WidgetCarousel' in 0.0008 seconds. Added 0 classes and 0 folders.
[2019.11.15-20.53.09:840][  0]LogPakFile: Registered encryption key '00000000000000000000000000000000': 0 pak files mounted, 0 remain pending
[2019.11.15-20.53.09:906][  0]LogPakFile: Registered encryption key '00000000000000000000000000000000': 0 pak files mounted, 0 remain pending
[2019.11.15-20.53.09:908][  0]LogPakFile: Registered encryption key '00000000000000000000000000000000': 0 pak files mounted, 0 remain pending
[2019.11.15-20.53.09:910][  0]LogPakFile: Registered encryption key '00000000000000000000000000000000': 0 pak files mounted, 0 remain pending
[2019.11.15-20.53.09:913][  0]LogPakFile: Registered encryption key '00000000000000000000000000000000': 0 pak files mounted, 0 remain pending
[2019.11.15-20.53.09:915][  0]LogPakFile: Registered encryption key '00000000000000000000000000000000': 0 pak files mounted, 0 remain pending
[2019.11.15-20.53.09:917][  0]LogPakFile: Registered encryption key '00000000000000000000000000000000': 0 pak files mounted, 0 remain pending
[2019.11.15-20.53.09:920][  0]LogPakFile: Registered encryption key '00000000000000000000000000000000': 0 pak files mounted, 0 remain pending
[2019.11.15-20.53.09:922][  0]LogPakFile: Registered encryption key '00000000000000000000000000000000': 0 pak files mounted, 0 remain pending
[2019.11.15-20.53.09:937][  0]LogPakFile: Registered encryption key '00000000000000000000000000000000': 0 pak files mounted, 0 remain pending
[2019.11.15-20.53.09:999][  0]LogPakFile: Registered encryption key '00000000000000000000000000000000': 0 pak files mounted, 0 remain pending
[2019.11.15-20.53.10:001][  0]LogPakFile: Registered encryption key '00000000000000000000000000000000': 0 pak files mounted, 0 remain pending
[2019.11.15-20.53.10:027][  0]LogPakFile: Registered encryption key '00000000000000000000000000000000': 0 pak files mounted, 0 remain pending
[2019.11.15-20.53.10:034][  0]LogPakFile: Registered encryption key '00000000000000000000000000000000': 0 pak files mounted, 0 remain pending
[2019.11.15-20.53.10:036][  0]LogPakFile: Registered encryption key '00000000000000000000000000000000': 0 pak files mounted, 0 remain pending
[2019.11.15-20.53.10:038][  0]LogPakFile: Registered encryption key '00000000000000000000000000000000': 0 pak files mounted, 0 remain pending
[2019.11.15-20.53.10:155][  0]LogPakFile: Registered encryption key '00000000000000000000000000000000': 0 pak files mounted, 0 remain pending
[2019.11.15-20.53.10:189][  0]LogPakFile: Registered encryption key '00000000000000000000000000000000': 0 pak files mounted, 0 remain pending
[2019.11.15-20.53.10:191][  0]LogPakFile: Registered encryption key '00000000000000000000000000000000': 0 pak files mounted, 0 remain pending
[2019.11.15-20.53.10:193][  0]LogPakFile: Registered encryption key '00000000000000000000000000000000': 0 pak files mounted, 0 remain pending
[2019.11.15-20.53.10:195][  0]LogPakFile: Registered encryption key '00000000000000000000000000000000': 0 pak files mounted, 0 remain pending
[2019.11.15-20.53.10:213][  0]LogPakFile: Registered encryption key '00000000000000000000000000000000': 0 pak files mounted, 0 remain pending
[2019.11.15-20.53.10:215][  0]LogPakFile: Registered encryption key '00000000000000000000000000000000': 0 pak files mounted, 0 remain pending
[2019.11.15-20.53.10:218][  0]LogPakFile: Registered encryption key '00000000000000000000000000000000': 0 pak files mounted, 0 remain pending
[2019.11.15-20.53.10:227][  0]LogPakFile: Registered encryption key '00000000000000000000000000000000': 0 pak files mounted, 0 remain pending
[2019.11.15-20.53.10:250][  0]LogPakFile: Registered encryption key '00000000000000000000000000000000': 0 pak files mounted, 0 remain pending
[2019.11.15-20.53.10:868][  0]LogContentBrowser: Native class hierarchy updated for 'AddContentDialog' in 0.0007 seconds. Added 0 classes and 0 folders.
[2019.11.15-20.53.10:973][  0]LogContentBrowser: Native class hierarchy updated for 'SceneOutliner' in 0.0012 seconds. Added 1 classes and 2 folders.
[2019.11.15-20.53.14:642][  0]LogSlate: Only BGRA pngs, bmps or icos are supported in by External Image Picker
[2019.11.15-20.53.14:750][  0]LogSlate: Took 0.000393 seconds to synchronously load lazily loaded font '../../../Engine/Content/Slate/Fonts/Roboto-Regular.ttf' (155K)
[2019.11.15-20.53.14:762][  0]LogSlate: Took 0.000392 seconds to synchronously load lazily loaded font '../../../Engine/Content/Slate/Fonts/Roboto-Bold.ttf' (160K)
[2019.11.15-20.53.14:804][  0]LogSlate: Took 0.011979 seconds to synchronously load lazily loaded font '../../../Engine/Content/Editor/Slate/Fonts/FontAwesome.ttf' (139K)
[2019.11.15-20.53.15:233][  0]LogRenderer: Reallocating scene render targets to support 1208x580 Format 10 NumSamples 1 (Frame:1).
[2019.11.15-20.53.15:412][  0]LogSlate: Took 0.014666 seconds to synchronously load lazily loaded font '../../../Engine/Content/Slate/Fonts/Roboto-Light.ttf' (167K)
[2019.11.15-20.53.15:583][  0]LogContentBrowser: Native class hierarchy updated for 'HierarchicalLODOutliner' in 0.0008 seconds. Added 0 classes and 0 folders.
[2019.11.15-20.53.15:583][  0]LogLoad: (Engine Initialization) Total time: 27.01 seconds
[2019.11.15-20.53.15:583][  0]LogLoad: (Engine Initialization) Total Blueprint compile time: 0.00 seconds
[2019.11.15-20.53.15:737][  0]LogAssetRegistry: Asset discovery search completed in 19.6004 seconds
[2019.11.15-20.53.15:748][  0]LogCollectionManager: Rebuilt the object cache for 0 collections in 0.000000 seconds (found 0 objects)
[2019.11.15-20.53.15:748][  0]LogCollectionManager: Fixed up redirectors for 0 collections in 0.000079 seconds (updated 0 objects)
[2019.11.15-20.53.15:763][  0]LogContentStreaming: Texture pool size now 1000 MB
[2019.11.15-20.53.16:624][ 30]LogSlate: Took 0.000333 seconds to synchronously load lazily loaded font '../../../Engine/Content/Slate/Fonts/Roboto-Light.ttf' (167K)
[2019.11.15-20.53.43:976][600]LogSlate: FSceneViewport::OnFocusLost() reason 0
[2019.11.15-20.53.46:266][606]LogAssetEditorManager: Opening Asset editor for Blueprint /Game/Blueprints/BP_MyCharacter.BP_MyCharacter
[2019.11.15-20.53.48:306][606]LogContentBrowser: Native class hierarchy updated for 'BlueprintGraph' in 0.0038 seconds. Added 121 classes and 0 folders.
[2019.11.15-20.53.52:046][606]LogAssetEditorManager: Opening Asset editor for Blueprint /Game/Blueprints/BP_SniperProjectile.BP_SniperProjectile
[2019.11.15-20.53.54:869][717]LogAssetEditorManager: Opening Asset editor for Blueprint /Game/Blueprints/BP_SniperProjectile.BP_SniperProjectile
[2019.11.15-20.53.55:315][717]LogSlate: Took 0.015103 seconds to synchronously load lazily loaded font '../../../Engine/Content/Slate/Fonts/Roboto-BoldCondensed.ttf' (158K)
[2019.11.15-20.53.59:440][911]LogAIModule: Creating AISystem for world Prototype
[2019.11.15-20.53.59:476][911]LogAssetEditorManager: Opening Asset editor for World /Game/Maps/Prototype.Prototype
[2019.11.15-20.53.59:670][911]LogUObjectHash: Compacting FUObjectHashTables data took  14.86ms
[2019.11.15-20.53.59:675][911]Cmd: MAP LOAD FILE="../../../../../Universidade Europeia/GitHub/TimeRush/TimeRush/Content/Maps/Prototype.umap" TEMPLATE=0 SHOWPROGRESS=1 FEATURELEVEL=3
[2019.11.15-20.53.59:678][911]LightingResults: New page: Lighting Build
[2019.11.15-20.53.59:680][911]LoadErrors: New page: Loading map: Prototype.umap
[2019.11.15-20.53.59:693][911]MapCheck: New page: Map Check
[2019.11.15-20.53.59:694][911]LightingResults: New page: Lighting Build
[2019.11.15-20.53.59:823][911]LogUObjectHash: Compacting FUObjectHashTables data took   8.92ms
[2019.11.15-20.54.00:269][911]LogEditorServer: Finished looking for orphan Actors (0.000 secs)
[2019.11.15-20.54.00:406][911]LogUObjectHash: Compacting FUObjectHashTables data took   8.16ms
[2019.11.15-20.54.00:508][911]Cmd: MAP CHECKDEP NOCLEARLOG
[2019.11.15-20.54.00:518][911]MapCheck: Map check complete: 0 Error(s), 0 Warning(s), took 9.137ms to complete.
[2019.11.15-20.54.00:518][911]LogFileHelpers: Loading map 'Prototype' took 0.847
[2019.11.15-20.54.02:647][995]LogAssetEditorManager: Opening Asset editor for Class /Script/TimeRush.SniperProjectile
[2019.11.15-20.55.15:739][596]LogUnrealEdMisc: Warning: Heartbeat event firing too frequently (45.479 sec). This should never happen. Something is wrong with the timer delegate!
[2019.11.15-21.07.27:218][871]Candidate modules for hot reload:
[2019.11.15-21.07.27:218][871]  TimeRush
[2019.11.15-21.07.27:219][871]Launching UnrealBuildTool... [D:/Games/UE_4.22/Engine/Binaries/DotNET/UnrealBuildTool.exe  -ModuleWithSuffix=TimeRush,4500 Win64 Development -TargetType=Editor -Project="D:/Universidade Europeia/GitHub/TimeRush/TimeRush/TimeRush.uproject" "D:/Universidade Europeia/GitHub/TimeRush/TimeRush/TimeRush.uproject"  -IgnoreJunk]
[2019.11.15-21.07.27:243][871]Warning: Starting HotReload took  0.1s.
[2019.11.15-21.11.59:573][902]CompilerResultsLog: New page: Compilation - Nov 15, 2019, 9:11:59 PM
[2019.11.15-21.11.59:574][902]CompilerResultsLog: Using 'git status' to determine working set for adaptive non-unity build (D:\Universidade Europeia\GitHub\TimeRush).
[2019.11.15-21.11.59:575][902]CompilerResultsLog: Creating makefile for TimeRushEditor (ini files are newer than makefile)
[2019.11.15-21.11.59:575][902]CompilerResultsLog: Parsing headers for TimeRushEditor
[2019.11.15-21.11.59:575][902]CompilerResultsLog:   Running UnrealHeaderTool "D:\Universidade Europeia\GitHub\TimeRush\TimeRush\TimeRush.uproject" "D:\Universidade Europeia\GitHub\TimeRush\TimeRush\Intermediate\Build\Win64\TimeRushEditor\Development\TimeRushEditor.uhtmanifest" -LogCmds="loginit warning, logexit warning, logdatabase error" -Unattended -WarningsAsErrors -installed
[2019.11.15-21.11.59:576][902]CompilerResultsLog: Reflection code generated for TimeRushEditor in 56.4875225 seconds
[2019.11.15-21.11.59:576][902]CompilerResultsLog: Using Visual Studio 2017 14.16.27023 toolchain (C:\Program Files (x86)\Microsoft Visual Studio\2017\Community\VC\Tools\MSVC\14.16.27023) and Windows 10.0.16299.0 SDK (C:\Program Files (x86)\Windows Kits\10).
[2019.11.15-21.11.59:576][902]CompilerResultsLog: Building 4 actions with 8 processes...
[2019.11.15-21.11.59:576][902]CompilerResultsLog:   [1/4] MyCharacter.cpp
[2019.11.15-21.11.59:576][902]CompilerResultsLog:   [2/4] UE4Editor-TimeRush-4500.lib
[2019.11.15-21.11.59:577][902]CompilerResultsLog:      Creating library D:\Universidade Europeia\GitHub\TimeRush\TimeRush\Intermediate\Build\Win64\UE4Editor\Development\TimeRush\UE4Editor-TimeRush-4500.lib and object D:\Universidade Europeia\GitHub\TimeRush\TimeRush\Intermediate\Build\Win64\UE4Editor\Development\TimeRush\UE4Editor-TimeRush-4500.exp
[2019.11.15-21.11.59:577][902]CompilerResultsLog:   [3/4] UE4Editor-TimeRush-4500.dll
[2019.11.15-21.11.59:577][902]CompilerResultsLog:      Creating library D:\Universidade Europeia\GitHub\TimeRush\TimeRush\Intermediate\Build\Win64\UE4Editor\Development\TimeRush\UE4Editor-TimeRush-4500.suppressed.lib and object D:\Universidade Europeia\GitHub\TimeRush\TimeRush\Intermediate\Build\Win64\UE4Editor\Development\TimeRush\UE4Editor-TimeRush-4500.suppressed.exp
[2019.11.15-21.11.59:577][902]CompilerResultsLog:   [4/4] TimeRushEditor.target
[2019.11.15-21.11.59:577][902]CompilerResultsLog: Total time in Parallel executor: 193.41 seconds
[2019.11.15-21.11.59:578][902]CompilerResultsLog: Total execution time: 272.07 seconds
[2019.11.15-21.11.59:578][902]LogMainFrame: MainFrame: Module compiling took 272.374 seconds
[2019.11.15-21.11.59:733][902]LogUObjectHash: Compacting FUObjectHashTables data took   3.40ms
[2019.11.15-21.11.59:734][902]LogBlueprintActionDatabase: Requesting refresh due to module change: TimeRush (unloaded)
[2019.11.15-21.11.59:771][902]LogClass: Could not find existing class MyCharacter in package /Script/TimeRush for HotReload, assuming new class
[2019.11.15-21.11.59:850][902]LogHotReload: Re-instancing MyCharacter after hot-reload.
[2019.11.15-21.12.01:750][902]LogBlueprintActionDatabase: Requesting refresh due to module change: TimeRush (loaded)
[2019.11.15-21.12.01:753][902]LogContentBrowser: Native class hierarchy updated for 'TimeRush' in 0.0029 seconds. Added 5 classes and 2 folders.
[2019.11.15-21.12.01:763][902]Display: HotReload successful (2 functions remapped  0 scriptstructs remapped)
[2019.11.15-21.12.02:129][902]LogUObjectHash: Compacting FUObjectHashTables data took  11.11ms
[2019.11.15-21.12.02:129][902]LogBlueprintActionDatabase: Requesting refresh due to hot reload
[2019.11.15-21.12.02:237][902]LogContentBrowser: Native class hierarchy populated in 0.0352 seconds. Added 2738 classes and 663 folders.
[2019.11.15-21.12.02:301][902]Display: HotReload took 275.1s.
[2019.11.15-21.12.21:105][864]LogSlate: Window 'Message Log' being destroyed
[2019.11.15-21.12.35:282][716]LogSlate: Took 0.020597 seconds to synchronously load lazily loaded font '../../../Engine/Content/Slate/Fonts/Roboto-Italic.ttf' (157K)
[2019.11.15-21.31.32:689][805]BlueprintLog: New page: Compile BP_MyCharacter
[2019.11.15-21.31.33:087][805]LogUObjectHash: Compacting FUObjectHashTables data took   9.63ms
[2019.11.15-21.31.34:139][848]Cmd: OBJ SAVEPACKAGE PACKAGE="/Game/Blueprints/BP_MyCharacter" FILE="../../../../../Universidade Europeia/GitHub/TimeRush/TimeRush/Content/Blueprints/BP_MyCharacter.uasset" SILENT=true
[2019.11.15-21.31.34:492][848]LogSavePackage: Moving '../../../../../Universidade Europeia/GitHub/TimeRush/TimeRush/Saved/BP_MyCharacter7EBAC78D40035235316E81A46208F1B1.tmp' to '../../../../../Universidade Europeia/GitHub/TimeRush/TimeRush/Content/Blueprints/BP_MyCharacter.uasset'
[2019.11.15-21.36.43:218][901]BlueprintLog: New page: Compile BP_MyCharacter
[2019.11.15-21.36.43:476][901]LogUObjectHash: Compacting FUObjectHashTables data took   6.07ms
[2019.11.15-21.36.44:128][936]Cmd: OBJ SAVEPACKAGE PACKAGE="/Game/Blueprints/BP_MyCharacter" FILE="../../../../../Universidade Europeia/GitHub/TimeRush/TimeRush/Content/Blueprints/BP_MyCharacter.uasset" SILENT=true
[2019.11.15-21.36.44:195][936]LogSavePackage: Moving '../../../../../Universidade Europeia/GitHub/TimeRush/TimeRush/Saved/BP_MyCharacter1B1178584068E5ED52CDCE9C245EBB92.tmp' to '../../../../../Universidade Europeia/GitHub/TimeRush/TimeRush/Content/Blueprints/BP_MyCharacter.uasset'
[2019.11.15-21.37.28:621][749]LogSlate: Took 0.012691 seconds to synchronously load lazily loaded font '../../../Engine/Content/Slate/Fonts/Roboto-BoldCondensedItalic.ttf' (160K)
[2019.11.15-21.37.35:031][129]BlueprintLog: New page: Compile BP_MyCharacter
[2019.11.15-21.37.35:310][129]LogUObjectHash: Compacting FUObjectHashTables data took   5.65ms
[2019.11.15-21.37.35:727][149]Cmd: OBJ SAVEPACKAGE PACKAGE="/Game/Blueprints/BP_MyCharacter" FILE="../../../../../Universidade Europeia/GitHub/TimeRush/TimeRush/Content/Blueprints/BP_MyCharacter.uasset" SILENT=true
[2019.11.15-21.37.35:815][149]LogSavePackage: Moving '../../../../../Universidade Europeia/GitHub/TimeRush/TimeRush/Saved/BP_MyCharacter5FDC18FC426D4D44E1273688AECB4BB3.tmp' to '../../../../../Universidade Europeia/GitHub/TimeRush/TimeRush/Content/Blueprints/BP_MyCharacter.uasset'
[2019.11.15-21.38.19:299][413]BlueprintLog: New page: Compile BP_MyCharacter
[2019.11.15-21.38.19:302][413]LogBlueprint: Error: [Compiler BP_MyCharacter] Spawn node  Create Widget  must have a class specified.
[2019.11.15-21.38.19:591][413]LogUObjectHash: Compacting FUObjectHashTables data took   4.95ms
[2019.11.15-21.38.19:604][413]LogBlueprint: Warning: [Compiler BP_MyCharacter] [2731.03] Compile of BP_MyCharacter failed. 1 Fatal Issue(s) 0 Warning(s) [in 303 ms] (/Game/Blueprints/BP_MyCharacter.BP_MyCharacter)
[2019.11.15-21.38.20:241][448]Cmd: OBJ SAVEPACKAGE PACKAGE="/Game/Blueprints/BP_MyCharacter" FILE="../../../../../Universidade Europeia/GitHub/TimeRush/TimeRush/Content/Blueprints/BP_MyCharacter.uasset" SILENT=true
[2019.11.15-21.38.20:286][448]LogSavePackage: Moving '../../../../../Universidade Europeia/GitHub/TimeRush/TimeRush/Saved/BP_MyCharacter4312EA4C4A2188EA35D1C5A72B908E95.tmp' to '../../../../../Universidade Europeia/GitHub/TimeRush/TimeRush/Content/Blueprints/BP_MyCharacter.uasset'
[2019.11.15-21.38.34:027][262]LogSlate: Prevented a slow task dialog from being summoned while a context menu was open
[2019.11.15-21.38.35:802][367]LogSlate: Prevented a slow task dialog from being summoned while a context menu was open
[2019.11.15-21.38.38:467][514]BlueprintLog: New page: Compile BP_MyCharacter
[2019.11.15-21.38.38:774][514]LogUObjectHash: Compacting FUObjectHashTables data took   4.52ms
[2019.11.15-21.38.39:757][569]Cmd: OBJ SAVEPACKAGE PACKAGE="/Game/Blueprints/BP_MyCharacter" FILE="../../../../../Universidade Europeia/GitHub/TimeRush/TimeRush/Content/Blueprints/BP_MyCharacter.uasset" SILENT=true
[2019.11.15-21.38.39:800][569]LogSavePackage: Moving '../../../../../Universidade Europeia/GitHub/TimeRush/TimeRush/Saved/BP_MyCharacter52194AC04DF12FA565104D844140DDE5.tmp' to '../../../../../Universidade Europeia/GitHub/TimeRush/TimeRush/Content/Blueprints/BP_MyCharacter.uasset'
[2019.11.15-21.39.18:477][964]BlueprintLog: New page: Compile BP_MyCharacter
[2019.11.15-21.39.18:751][964]LogUObjectHash: Compacting FUObjectHashTables data took   5.45ms
[2019.11.15-21.39.19:252][990]Cmd: OBJ SAVEPACKAGE PACKAGE="/Game/Blueprints/BP_MyCharacter" FILE="../../../../../Universidade Europeia/GitHub/TimeRush/TimeRush/Content/Blueprints/BP_MyCharacter.uasset" SILENT=true
[2019.11.15-21.39.19:303][990]LogSavePackage: Moving '../../../../../Universidade Europeia/GitHub/TimeRush/TimeRush/Saved/BP_MyCharacter038C4F764D65183811F281ABCE0305CD.tmp' to '../../../../../Universidade Europeia/GitHub/TimeRush/TimeRush/Content/Blueprints/BP_MyCharacter.uasset'
[2019.11.15-21.41.11:227][465]BlueprintLog: New page: Compile BP_MyCharacter
[2019.11.15-21.41.11:518][465]LogUObjectHash: Compacting FUObjectHashTables data took   5.43ms
[2019.11.15-21.41.36:400][558]LogUObjectHash: Compacting FUObjectHashTables data took   5.56ms
[2019.11.15-21.41.36:400][558]LogFileHelpers: Editor autosave (incl. sublevels) for '/Game/Maps/Prototype' took 0.060
[2019.11.15-21.41.36:445][558]OBJ SavePackage: Generating thumbnails for [1] asset(s) in package [/Game/Blueprints/BP_MyCharacter] ([1] browsable assets)...
[2019.11.15-21.41.36:492][558]OBJ SavePackage:     Rendered thumbnail for [Blueprint /Game/Blueprints/BP_MyCharacter.BP_MyCharacter]
[2019.11.15-21.41.36:492][558]OBJ SavePackage: Finished generating thumbnails for package [/Game/Blueprints/BP_MyCharacter]
[2019.11.15-21.41.36:550][558]LogSavePackage: Moving '../../../../../Universidade Europeia/GitHub/TimeRush/TimeRush/Saved/BP_MyCharacter_Auto1497810A64CD7F32CC314728004194346.tmp' to '../../../../../Universidade Europeia/GitHub/TimeRush/TimeRush/Saved/Autosaves/Game/Blueprints/BP_MyCharacter_Auto1.uasset'
[2019.11.15-21.41.36:555][558]LogFileHelpers: Auto-saving content packages took 0.153
[2019.11.15-21.44.05:354][616]BlueprintLog: New page: Compile BP_MyCharacter
[2019.11.15-21.44.05:678][616]LogUObjectHash: Compacting FUObjectHashTables data took   3.81ms
[2019.11.15-21.44.06:126][638]Cmd: OBJ SAVEPACKAGE PACKAGE="/Game/Blueprints/BP_MyCharacter" FILE="../../../../../Universidade Europeia/GitHub/TimeRush/TimeRush/Content/Blueprints/BP_MyCharacter.uasset" SILENT=true
[2019.11.15-21.44.06:178][638]LogSavePackage: Moving '../../../../../Universidade Europeia/GitHub/TimeRush/TimeRush/Saved/BP_MyCharacter307B8EC447EAFA12F3A03E99C18C45F4.tmp' to '../../../../../Universidade Europeia/GitHub/TimeRush/TimeRush/Content/Blueprints/BP_MyCharacter.uasset'
[2019.11.15-21.45.24:644][540]Candidate modules for hot reload:
[2019.11.15-21.45.24:644][540]  TimeRush
[2019.11.15-21.45.24:645][540]Launching UnrealBuildTool... [D:/Games/UE_4.22/Engine/Binaries/DotNET/UnrealBuildTool.exe  -ModuleWithSuffix=TimeRush,1538 Win64 Development -TargetType=Editor -Project="D:/Universidade Europeia/GitHub/TimeRush/TimeRush/TimeRush.uproject" "D:/Universidade Europeia/GitHub/TimeRush/TimeRush/TimeRush.uproject"  -IgnoreJunk]
[2019.11.15-21.45.24:668][540]Warning: Starting HotReload took  0.0s.
[2019.11.15-21.45.42:422][574]CompilerResultsLog: New page: Compilation - Nov 15, 2019, 9:45:42 PM
[2019.11.15-21.45.42:422][574]CompilerResultsLog: Using 'git status' to determine working set for adaptive non-unity build (D:\Universidade Europeia\GitHub\TimeRush).
[2019.11.15-21.45.42:422][574]CompilerResultsLog: Creating makefile for TimeRushEditor (ini files are newer than makefile)
[2019.11.15-21.45.42:422][574]CompilerResultsLog: Parsing headers for TimeRushEditor
[2019.11.15-21.45.42:422][574]CompilerResultsLog:   Running UnrealHeaderTool "D:\Universidade Europeia\GitHub\TimeRush\TimeRush\TimeRush.uproject" "D:\Universidade Europeia\GitHub\TimeRush\TimeRush\Intermediate\Build\Win64\TimeRushEditor\Development\TimeRushEditor.uhtmanifest" -LogCmds="loginit warning, logexit warning, logdatabase error" -Unattended -WarningsAsErrors -installed
[2019.11.15-21.45.42:422][574]CompilerResultsLog: Reflection code generated for TimeRushEditor in 11.8168246 seconds
[2019.11.15-21.45.42:423][574]CompilerResultsLog: Using Visual Studio 2017 14.16.27023 toolchain (C:\Program Files (x86)\Microsoft Visual Studio\2017\Community\VC\Tools\MSVC\14.16.27023) and Windows 10.0.16299.0 SDK (C:\Program Files (x86)\Windows Kits\10).
[2019.11.15-21.45.42:423][574]CompilerResultsLog: Building 3 actions with 8 processes...
[2019.11.15-21.45.42:423][574]CompilerResultsLog:   [1/3] UE4Editor-TimeRush-1538.lib
[2019.11.15-21.45.42:423][574]CompilerResultsLog:      Creating library D:\Universidade Europeia\GitHub\TimeRush\TimeRush\Intermediate\Build\Win64\UE4Editor\Development\TimeRush\UE4Editor-TimeRush-1538.lib and object D:\Universidade Europeia\GitHub\TimeRush\TimeRush\Intermediate\Build\Win64\UE4Editor\Development\TimeRush\UE4Editor-TimeRush-1538.exp
[2019.11.15-21.45.42:423][574]CompilerResultsLog:   [2/3] UE4Editor-TimeRush-1538.dll
[2019.11.15-21.45.42:423][574]CompilerResultsLog:      Creating library D:\Universidade Europeia\GitHub\TimeRush\TimeRush\Intermediate\Build\Win64\UE4Editor\Development\TimeRush\UE4Editor-TimeRush-1538.suppressed.lib and object D:\Universidade Europeia\GitHub\TimeRush\TimeRush\Intermediate\Build\Win64\UE4Editor\Development\TimeRush\UE4Editor-TimeRush-1538.suppressed.exp
[2019.11.15-21.45.42:423][574]CompilerResultsLog:   [3/3] TimeRushEditor.target
[2019.11.15-21.45.42:423][574]CompilerResultsLog: Total time in Parallel executor: 2.01 seconds
[2019.11.15-21.45.42:423][574]CompilerResultsLog: Total execution time: 17.60 seconds
[2019.11.15-21.45.42:423][574]LogMainFrame: MainFrame: Module compiling took 17.783 seconds
[2019.11.15-21.45.42:486][574]LogUObjectHash: Compacting FUObjectHashTables data took   6.43ms
[2019.11.15-21.45.42:488][574]LogBlueprintActionDatabase: Requesting refresh due to module change: TimeRush (unloaded)
[2019.11.15-21.45.42:597][574]LogBlueprintActionDatabase: Requesting refresh due to module change: TimeRush (loaded)
[2019.11.15-21.45.42:598][574]LogContentBrowser: Native class hierarchy updated for 'TimeRush' in 0.0012 seconds. Added 5 classes and 2 folders.
[2019.11.15-21.45.42:606][574]Display: HotReload successful (2 functions remapped  0 scriptstructs remapped)
[2019.11.15-21.45.42:722][574]LogUObjectHash: Compacting FUObjectHashTables data took   2.25ms
[2019.11.15-21.45.42:724][574]LogBlueprintActionDatabase: Requesting refresh due to hot reload
[2019.11.15-21.45.42:744][574]LogContentBrowser: Native class hierarchy populated in 0.0114 seconds. Added 2738 classes and 663 folders.
[2019.11.15-21.45.42:744][574]Display: HotReload took 18.1s.
[2019.11.15-21.45.46:999][801]LogTemp: Repeating last play command: Selected Viewport
[2019.11.15-21.45.47:151][801]LogBlueprintUserMessages: Early PlayInEditor Detection: Level '/Game/Maps/Prototype.Prototype:PersistentLevel' has LevelScriptBlueprint '/Game/Maps/Prototype.Prototype:PersistentLevel.Prototype' with GeneratedClass '/Game/Maps/Prototype.Prototype_C' with ClassGeneratedBy '/Game/Maps/Prototype.Prototype:PersistentLevel.Prototype'
[2019.11.15-21.45.47:162][801]LogPlayLevel: PlayLevel: No blueprints needed recompiling
[2019.11.15-21.45.47:162][801]PIE: New page: PIE session: Prototype (Nov 15, 2019, 9:45:47 PM)
[2019.11.15-21.45.47:227][801]LogPlayLevel: Creating play world package: /Game/Maps/UEDPIE_0_Prototype
[2019.11.15-21.45.47:270][801]LogPlayLevel: PIE: StaticDuplicateObject took: (0.043117s)
[2019.11.15-21.45.47:284][801]LogAIModule: Creating AISystem for world Prototype
[2019.11.15-21.45.47:299][801]LogPlayLevel: PIE: World Init took: (0.028093s)
[2019.11.15-21.45.47:299][801]LogPlayLevel: PIE: Created PIE world by copying editor world from /Game/Maps/Prototype.Prototype to /Game/Maps/UEDPIE_0_Prototype.Prototype (0.072526s)
[2019.11.15-21.45.47:434][801]LogUObjectHash: Compacting FUObjectHashTables data took   6.85ms
[2019.11.15-21.45.47:500][801]LogInit: XAudio2 using 'Speakers (Conexant SmartAudio HD)' : 2 channels at 48 kHz using 32 bits per sample (channel mask 0x3)
[2019.11.15-21.45.47:610][801]LogInit: FAudioDevice initialized.
[2019.11.15-21.45.47:683][801]LogLoad: Game class is 'BP_MyGameMode_C'
[2019.11.15-21.45.47:822][801]LogWorld: Bringing World /Game/Maps/UEDPIE_0_Prototype.Prototype up for play (max tick rate 60) at 2019.11.15-21.45.47
[2019.11.15-21.45.47:835][801]LogWorld: Bringing up level for play took: 0.012877
[2019.11.15-21.45.48:067][801]LogBlueprintActionDatabase: Requesting refresh due to module change: Voice (loaded)
[2019.11.15-21.45.48:093][801]LogBlueprintActionDatabase: Requesting refresh due to module change: MovieSceneCapture (loaded)
[2019.11.15-21.45.48:094][801]LogContentBrowser: Native class hierarchy updated for 'MovieSceneCapture' in 0.0010 seconds. Added 20 classes and 0 folders.
[2019.11.15-21.45.48:191][801]PIE: Play in editor start time for /Game/Maps/UEDPIE_0_Prototype 1.731
[2019.11.15-21.45.48:191][801]LogBlueprintUserMessages: Late PlayInEditor Detection: Level '/Game/Maps/Prototype.Prototype:PersistentLevel' has LevelScriptBlueprint '/Game/Maps/Prototype.Prototype:PersistentLevel.Prototype' with GeneratedClass '/Game/Maps/Prototype.Prototype_C' with ClassGeneratedBy '/Game/Maps/Prototype.Prototype:PersistentLevel.Prototype'
[2019.11.15-21.46.00:077][865]LogWindows: Error: === Critical error: ===
[2019.11.15-21.46.00:077][865]LogWindows: Error: 
[2019.11.15-21.46.00:077][865]LogWindows: Error: Fatal error!
[2019.11.15-21.46.00:077][865]LogWindows: Error: 
[2019.11.15-21.46.00:078][865]LogWindows: Error: Unhandled Exception: EXCEPTION_ACCESS_VIOLATION reading address 0x00000000
[2019.11.15-21.46.00:078][865]LogWindows: Error: 
[2019.11.15-21.46.00:078][865]LogWindows: Error: [Callstack] 0x00007ff8887a47b2 UE4Editor-TimeRush-1538.dll!AMyCharacter::ToggleAiming() [d:\universidade europeia\github\timerush\timerush\source\timerush\mycharacter.cpp:120]
[2019.11.15-21.46.00:078][865]LogWindows: Error: [Callstack] 0x00007ff825a76ac7 UE4Editor-Engine.dll!UnknownFunction []
[2019.11.15-21.46.00:078][865]LogWindows: Error: [Callstack] 0x00007ff825aa0ef1 UE4Editor-Engine.dll!UnknownFunction []
[2019.11.15-21.46.00:078][865]LogWindows: Error: [Callstack] 0x00007ff825610dc4 UE4Editor-Engine.dll!UnknownFunction []
[2019.11.15-21.46.00:078][865]LogWindows: Error: [Callstack] 0x00007ff825623c88 UE4Editor-Engine.dll!UnknownFunction []
[2019.11.15-21.46.00:078][865]LogWindows: Error: [Callstack] 0x00007ff82560f1cb UE4Editor-Engine.dll!UnknownFunction []
[2019.11.15-21.46.00:078][865]LogWindows: Error: [Callstack] 0x00007ff825622697 UE4Editor-Engine.dll!UnknownFunction []
[2019.11.15-21.46.00:078][865]LogWindows: Error: [Callstack] 0x00007ff824a0aeed UE4Editor-Engine.dll!UnknownFunction []
[2019.11.15-21.46.00:078][865]LogWindows: Error: [Callstack] 0x00007ff8259c72bc UE4Editor-Engine.dll!UnknownFunction []
[2019.11.15-21.46.00:078][865]LogWindows: Error: [Callstack] 0x00007ff83f7222d8 UE4Editor-Core.dll!UnknownFunction []
[2019.11.15-21.46.00:078][865]LogWindows: Error: [Callstack] 0x00007ff83f722563 UE4Editor-Core.dll!UnknownFunction []
[2019.11.15-21.46.00:078][865]LogWindows: Error: [Callstack] 0x00007ff83f732309 UE4Editor-Core.dll!UnknownFunction []
[2019.11.15-21.46.00:078][865]LogWindows: Error: [Callstack] 0x00007ff825a0f9e3 UE4Editor-Engine.dll!UnknownFunction []
[2019.11.15-21.46.00:078][865]LogWindows: Error: [Callstack] 0x00007ff825a1bd12 UE4Editor-Engine.dll!UnknownFunction []
[2019.11.15-21.46.00:078][865]LogWindows: Error: [Callstack] 0x00007ff82523dc4f UE4Editor-Engine.dll!UnknownFunction []
[2019.11.15-21.46.00:078][865]LogWindows: Error: [Callstack] 0x00007ff825247e28 UE4Editor-Engine.dll!UnknownFunction []
[2019.11.15-21.46.00:078][865]LogWindows: Error: [Callstack] 0x00007ff8235902f7 UE4Editor-UnrealEd.dll!UnknownFunction []
[2019.11.15-21.46.00:078][865]LogWindows: Error: [Callstack] 0x00007ff823dad396 UE4Editor-UnrealEd.dll!UnknownFunction []
[2019.11.15-21.46.00:078][865]LogWindows: Error: [Callstack] 0x00007ff62df96bb1 UE4Editor.exe!UnknownFunction []
[2019.11.15-21.46.00:078][865]LogWindows: Error: [Callstack] 0x00007ff62dfa554c UE4Editor.exe!UnknownFunction []
[2019.11.15-21.46.00:078][865]LogWindows: Error: [Callstack] 0x00007ff62dfa55ca UE4Editor.exe!UnknownFunction []
[2019.11.15-21.46.00:078][865]LogWindows: Error: [Callstack] 0x00007ff62dfb316c UE4Editor.exe!UnknownFunction []
[2019.11.15-21.46.00:078][865]LogWindows: Error: [Callstack] 0x00007ff62dfb5b8e UE4Editor.exe!UnknownFunction []
[2019.11.15-21.46.00:078][865]LogWindows: Error: [Callstack] 0x00007ff8a4a67974 KERNEL32.DLL!UnknownFunction []
[2019.11.15-21.46.00:078][865]LogWindows: Error: [Callstack] 0x00007ff8a5caa271 ntdll.dll!UnknownFunction []
[2019.11.15-21.46.00:078][865]LogWindows: Error: 
[2019.11.15-21.46.00:123][865]LogExit: Executing StaticShutdownAfterError
[2019.11.15-21.46.00:181][865]LogWindows: FPlatformMisc::RequestExit(1)
[2019.11.15-21.46.00:315][865]Log file closed, 11/15/19 21:46:00
