Log file open, 11/15/19 19:04:04
LogWindows: Failed to load 'aqProf.dll' (GetLastError=126)
LogWindows: File 'aqProf.dll' does not exist
LogWindows: Failed to load 'VtuneApi.dll' (GetLastError=126)
LogWindows: File 'VtuneApi.dll' does not exist
LogWindows: Failed to load 'VtuneApi32e.dll' (GetLastError=126)
LogWindows: File 'VtuneApi32e.dll' does not exist
LogConsoleResponse: Display: Failed to find resolution value strings in scalability ini. Falling back to default.
LogInit: Display: Running engine for game: TimeRush
LogPakFile: Registered encryption key '00000000000000000000000000000000': 0 pak files mounted, 0 remain pending
LogPlatformFile: Not using cached read wrapper
LogTaskGraph: Started task graph with 5 named threads and 23 total threads with 3 sets of task threads.
LogStats: Stats thread started at 0.323841
LogD3D11RHI: Loaded GFSDK_Aftermath_Lib.x64.dll
LogICUInternationalization: ICU TimeZone Detection - Raw Offset: +0:00, Platform Override: ''
LogPluginManager: Mounting plugin Paper2D
LogPluginManager: Mounting plugin AISupport
LogPluginManager: Mounting plugin LightPropagationVolume
LogPluginManager: Mounting plugin ActorLayerUtilities
LogPluginManager: Mounting plugin AnimationSharing
LogPluginManager: Mounting plugin CLionSourceCodeAccess
LogPluginManager: Mounting plugin CodeLiteSourceCodeAccess
LogPluginManager: Mounting plugin GitSourceControl
LogPluginManager: Mounting plugin KDevelopSourceCodeAccess
LogPluginManager: Mounting plugin NullSourceCodeAccess
LogPluginManager: Mounting plugin PerforceSourceControl
LogPluginManager: Mounting plugin SubversionSourceControl
LogPluginManager: Mounting plugin UObjectPlugin
LogPluginManager: Mounting plugin VisualStudioCodeSourceCodeAccess
LogPluginManager: Mounting plugin VisualStudioSourceCodeAccess
LogPluginManager: Mounting plugin XCodeSourceCodeAccess
LogPluginManager: Mounting plugin AssetManagerEditor
LogPluginManager: Mounting plugin CryptoKeys
LogPluginManager: Mounting plugin DataValidation
LogPluginManager: Mounting plugin FacialAnimation
LogPluginManager: Mounting plugin GameplayTagsEditor
LogPluginManager: Mounting plugin MacGraphicsSwitching
LogPluginManager: Mounting plugin MaterialAnalyzer
LogPluginManager: Mounting plugin MobileLauncherProfileWizard
LogPluginManager: Mounting plugin PluginBrowser
LogPluginManager: Mounting plugin SpeedTreeImporter
LogPluginManager: Mounting plugin DatasmithContent
LogPluginManager: Mounting plugin VariantManagerContent
LogPluginManager: Mounting plugin AlembicImporter
LogPluginManager: Mounting plugin AppleImageUtils
LogPluginManager: Mounting plugin AppleVision
LogPluginManager: Mounting plugin BackChannel
LogPluginManager: Mounting plugin CharacterAI
LogPluginManager: Mounting plugin GeometryCache
LogPluginManager: Mounting plugin HTML5Networking
LogPluginManager: Mounting plugin ProxyLODPlugin
LogPluginManager: Mounting plugin SkeletalReduction
LogPluginManager: Mounting plugin MagicLeap
LogPluginManager: Mounting plugin MagicLeapMedia
LogPluginManager: Mounting plugin AndroidMedia
LogPluginManager: Mounting plugin AvfMedia
LogPluginManager: Mounting plugin ImgMedia
LogPluginManager: Mounting plugin LinearTimecode
LogPluginManager: Mounting plugin MediaCompositing
LogPluginManager: Mounting plugin MediaPlayerEditor
LogPluginManager: Mounting plugin WebMMedia
LogPluginManager: Mounting plugin WmfMedia
LogPluginManager: Mounting plugin TcpMessaging
LogPluginManager: Mounting plugin UdpMessaging
LogPluginManager: Mounting plugin ActorSequence
LogPluginManager: Mounting plugin LevelSequenceEditor
LogPluginManager: Mounting plugin MatineeToLevelSequence
LogPluginManager: Mounting plugin NetcodeUnitTest
LogPluginManager: Mounting plugin NUTUnrealEngine4
LogPluginManager: Mounting plugin OnlineSubsystemGooglePlay
LogPluginManager: Mounting plugin OnlineSubsystemIOS
LogPluginManager: Mounting plugin OnlineSubsystem
LogPluginManager: Mounting plugin OnlineSubsystemNull
LogPluginManager: Mounting plugin OnlineSubsystemUtils
LogPluginManager: Mounting plugin LauncherChunkInstaller
LogPluginManager: Mounting plugin AndroidDeviceProfileSelector
LogPluginManager: Mounting plugin AndroidMoviePlayer
LogPluginManager: Mounting plugin AndroidPermission
LogPluginManager: Mounting plugin AppleMoviePlayer
LogPluginManager: Mounting plugin ArchVisCharacter
LogPluginManager: Mounting plugin AudioCapture
LogPluginManager: Mounting plugin CableComponent
LogPluginManager: Mounting plugin CustomMeshComponent
LogPluginManager: Mounting plugin EditableMesh
LogPluginManager: Mounting plugin ExampleDeviceProfileSelector
LogPluginManager: Mounting plugin Firebase
LogPluginManager: Mounting plugin GoogleCloudMessaging
LogPluginManager: Mounting plugin IOSDeviceProfileSelector
LogPluginManager: Mounting plugin LinuxDeviceProfileSelector
LogPluginManager: Mounting plugin LocationServicesBPLibrary
LogPluginManager: Mounting plugin MobilePatchingUtils
LogPluginManager: Mounting plugin OculusVR
LogPluginManager: Mounting plugin PhysXVehicles
LogPluginManager: Mounting plugin ProceduralMeshComponent
LogPluginManager: Mounting plugin RuntimePhysXCooking
LogPluginManager: Mounting plugin SignificanceManager
LogPluginManager: Mounting plugin SteamVR
LogPluginManager: Mounting plugin WebMMoviePlayer
LogPluginManager: Mounting plugin WindowsMoviePlayer
LogInit: Using libcurl 7.55.1-DEV
LogInit:  - built for x86_64-pc-win32
LogInit:  - supports SSL with OpenSSL/1.1.1
LogInit:  - supports HTTP deflate (compression) using libz 1.2.8
LogInit:  - other features:
LogInit:      CURL_VERSION_SSL
LogInit:      CURL_VERSION_LIBZ
LogInit:      CURL_VERSION_IPV6
LogInit:      CURL_VERSION_ASYNCHDNS
LogInit:      CURL_VERSION_LARGEFILE
LogInit:      CURL_VERSION_IDN
LogInit:  CurlRequestOptions (configurable via config and command line):
LogInit:  - bVerifyPeer = true  - Libcurl will verify peer certificate
LogInit:  - bUseHttpProxy = false  - Libcurl will NOT use HTTP proxy
LogInit:  - bDontReuseConnections = false  - Libcurl will reuse connections
LogInit:  - MaxHostConnections = 16  - Libcurl will limit the number of connections to a host
LogInit:  - LocalHostAddr = Default
LogInit:  - BufferSize = 65536
LogInit: WinSock: version 1.1 (2.2), MaxSocks=32767, MaxUdp=65467
LogInit: Build: ++UE4+Release-4.22-CL-7053642
LogInit: Engine Version: 4.22.3-7053642+++UE4+Release-4.22
LogInit: Compatible Engine Version: 4.22.0-5660361+++UE4+Release-4.22
LogInit: Net CL: 5660361
LogInit: OS: Windows 10 (Release 1809) (), CPU: Intel(R) Core(TM) i7-6700HQ CPU @ 2.60GHz, GPU: Intel(R) HD Graphics 530
LogInit: Compiled (64-bit): Jun 18 2019 03:09:11
LogInit: Compiled with Visual C++: 19.16.27025.01
LogInit: Build Configuration: Development
LogInit: Branch Name: ++UE4+Release-4.22
LogInit: Command Line:  -EpicPortal -epicusername=sneaKyPie -epicuserid=0ec919422b334695a8bb8c80de01ba99 -epiclocale=en-US
LogInit: Base Directory: D:/Games/UE_4.22/Engine/Binaries/Win64/
LogInit: Installed Engine Build: 1
LogDevObjectVersion: Number of dev versions registered: 23
LogDevObjectVersion:   Dev-Blueprints (B0D832E4-1F89-4F0D-ACCF-7EB736FD4AA2): 10
LogDevObjectVersion:   Dev-Build (E1C64328-A22C-4D53-A36C-8E866417BD8C): 0
LogDevObjectVersion:   Dev-Core (375EC13C-06E4-48FB-B500-84F0262A717E): 3
LogDevObjectVersion:   Dev-Editor (E4B068ED-F494-42E9-A231-DA0B2E46BB41): 30
LogDevObjectVersion:   Dev-Framework (CFFC743F-43B0-4480-9391-14DF171D2073): 35
LogDevObjectVersion:   Dev-Mobile (B02B49B5-BB20-44E9-A304-32B752E40360): 2
LogDevObjectVersion:   Dev-Networking (A4E4105C-59A1-49B5-A7C5-40C4547EDFEE): 0
LogDevObjectVersion:   Dev-Online (39C831C9-5AE6-47DC-9A44-9C173E1C8E7C): 0
LogDevObjectVersion:   Dev-Physics (78F01B33-EBEA-4F98-B9B4-84EACCB95AA2): 0
LogDevObjectVersion:   Dev-Platform (6631380F-2D4D-43E0-8009-CF276956A95A): 0
LogDevObjectVersion:   Dev-Rendering (12F88B9F-8875-4AFC-A67C-D90C383ABD29): 28
LogDevObjectVersion:   Dev-Sequencer (7B5AE74C-D270-4C10-A958-57980B212A5A): 11
LogDevObjectVersion:   Dev-VR (D7296918-1DD6-4BDD-9DE2-64A83CC13884): 2
LogDevObjectVersion:   Dev-LoadTimes (C2A15278-BFE7-4AFE-6C17-90FF531DF755): 1
LogDevObjectVersion:   Private-Geometry (6EACA3D4-40EC-4CC1-B786-8BED09428FC5): 3
LogDevObjectVersion:   Dev-AnimPhys (29E575DD-E0A3-4627-9D10-D276232CDCEA): 17
LogDevObjectVersion:   Dev-Anim (AF43A65D-7FD3-4947-9873-3E8ED9C1BB05): 2
LogDevObjectVersion:   Dev-ReflectionCapture (6B266CEC-1EC7-4B8F-A30B-E4D90942FC07): 1
LogDevObjectVersion:   Dev-Automation (0DF73D61-A23F-47EA-B727-89E90C41499A): 1
LogDevObjectVersion:   FortniteMain (601D1886-AC64-4F84-AA16-D3DE0DEAC7D6): 25
LogDevObjectVersion:   Dev-Enterprise (9DFFBCD6-494F-0158-E221-12823C92A888): 6
LogDevObjectVersion:   Dev-Niagara (F2AED0AC-9AFE-416F-8664-AA7FFA26D6FC): 1
LogDevObjectVersion:   Dev-Destruction (174F1F0B-B4C6-45A5-B13F-2EE8D0FB917D): 2
LogInit: Presizing for max 16777216 objects, including 0 objects not considered by GC, pre-allocating 0 bytes for permanent pool.
LogInit: Object subsystem initialized
LogConfig: Setting CVar [[con.DebugEarlyDefault:1]]
LogConfig: Setting CVar [[r.setres:1280x720]]
[2019.11.15-19.04.04:649][  0]LogConfig: Setting CVar [[r.VSync:0]]
[2019.11.15-19.04.04:649][  0]LogConfig: Setting CVar [[r.RHICmdBypass:0]]
[2019.11.15-19.04.04:649][  0]LogConfig: Applying CVar settings from Section [/Script/Engine.RendererSettings] File [D:/Universidade Europeia/GitHub/TimeRush/TimeRush/Saved/Config/Windows/Engine.ini]
[2019.11.15-19.04.04:649][  0]LogConfig: Setting CVar [[r.GPUCrashDebugging:0]]
[2019.11.15-19.04.04:649][  0]LogConfig: Setting CVar [[r.DefaultFeature.AutoExposure.ExtendDefaultLuminanceRange:1]]
[2019.11.15-19.04.04:649][  0]LogConfig: Applying CVar settings from Section [/Script/Engine.RendererOverrideSettings] File [D:/Universidade Europeia/GitHub/TimeRush/TimeRush/Saved/Config/Windows/Engine.ini]
[2019.11.15-19.04.04:649][  0]LogConfig: Applying CVar settings from Section [/Script/Engine.StreamingSettings] File [D:/Universidade Europeia/GitHub/TimeRush/TimeRush/Saved/Config/Windows/Engine.ini]
[2019.11.15-19.04.04:649][  0]LogConfig: Setting CVar [[s.MinBulkDataSizeForAsyncLoading:131072]]
[2019.11.15-19.04.04:649][  0]LogConfig: Setting CVar [[s.AsyncLoadingThreadEnabled:0]]
[2019.11.15-19.04.04:649][  0]LogConfig: Setting CVar [[s.EventDrivenLoaderEnabled:1]]
[2019.11.15-19.04.04:649][  0]LogConfig: Setting CVar [[s.WarnIfTimeLimitExceeded:0]]
[2019.11.15-19.04.04:649][  0]LogConfig: Setting CVar [[s.TimeLimitExceededMultiplier:1.5]]
[2019.11.15-19.04.04:649][  0]LogConfig: Setting CVar [[s.TimeLimitExceededMinTime:0.005]]
[2019.11.15-19.04.04:649][  0]LogConfig: Setting CVar [[s.UseBackgroundLevelStreaming:1]]
[2019.11.15-19.04.04:649][  0]LogConfig: Setting CVar [[s.PriorityAsyncLoadingExtraTime:15.0]]
[2019.11.15-19.04.04:649][  0]LogConfig: Setting CVar [[s.LevelStreamingActorsUpdateTimeLimit:5.0]]
[2019.11.15-19.04.04:649][  0]LogConfig: Setting CVar [[s.PriorityLevelStreamingActorsUpdateExtraTime:5.0]]
[2019.11.15-19.04.04:649][  0]LogConfig: Setting CVar [[s.LevelStreamingComponentsRegistrationGranularity:10]]
[2019.11.15-19.04.04:649][  0]LogConfig: Setting CVar [[s.UnregisterComponentsTimeLimit:1.0]]
[2019.11.15-19.04.04:649][  0]LogConfig: Setting CVar [[s.LevelStreamingComponentsUnregistrationGranularity:5]]
[2019.11.15-19.04.04:649][  0]LogConfig: Applying CVar settings from Section [/Script/Engine.GarbageCollectionSettings] File [D:/Universidade Europeia/GitHub/TimeRush/TimeRush/Saved/Config/Windows/Engine.ini]
[2019.11.15-19.04.04:649][  0]LogConfig: Setting CVar [[gc.MaxObjectsNotConsideredByGC:1]]
[2019.11.15-19.04.04:649][  0]LogConfig: Setting CVar [[gc.SizeOfPermanentObjectPool:0]]
[2019.11.15-19.04.04:649][  0]LogConfig: Setting CVar [[gc.FlushStreamingOnGC:0]]
[2019.11.15-19.04.04:649][  0]LogConfig: Setting CVar [[gc.NumRetriesBeforeForcingGC:10]]
[2019.11.15-19.04.04:649][  0]LogConfig: Setting CVar [[gc.AllowParallelGC:1]]
[2019.11.15-19.04.04:649][  0]LogConfig: Setting CVar [[gc.TimeBetweenPurgingPendingKillObjects:61.1]]
[2019.11.15-19.04.04:649][  0]LogConfig: Setting CVar [[gc.MaxObjectsInEditor:16777216]]
[2019.11.15-19.04.04:649][  0]LogConfig: Setting CVar [[gc.IncrementalBeginDestroyEnabled:1]]
[2019.11.15-19.04.04:649][  0]LogConfig: Setting CVar [[gc.CreateGCClusters:1]]
[2019.11.15-19.04.04:649][  0]LogConfig: Setting CVar [[gc.MinGCClusterSize:5]]
[2019.11.15-19.04.04:649][  0]LogConfig: Setting CVar [[gc.ActorClusteringEnabled:0]]
[2019.11.15-19.04.04:649][  0]LogConfig: Setting CVar [[gc.BlueprintClusteringEnabled:0]]
[2019.11.15-19.04.04:649][  0]LogConfig: Setting CVar [[gc.UseDisregardForGCOnDedicatedServers:0]]
[2019.11.15-19.04.04:649][  0]LogConfig: Applying CVar settings from Section [/Script/Engine.NetworkSettings] File [D:/Universidade Europeia/GitHub/TimeRush/TimeRush/Saved/Config/Windows/Engine.ini]
[2019.11.15-19.04.04:649][  0]LogConfig: Applying CVar settings from Section [/Script/UnrealEd.CookerSettings] File [D:/Universidade Europeia/GitHub/TimeRush/TimeRush/Saved/Config/Windows/Engine.ini]
[2019.11.15-19.04.04:652][  0]LogConfig: Applying CVar settings from Section [ViewDistanceQuality@3] File [D:/Universidade Europeia/GitHub/TimeRush/TimeRush/Saved/Config/Windows/Scalability.ini]
[2019.11.15-19.04.04:652][  0]LogConfig: Setting CVar [[r.SkeletalMeshLODBias:0]]
[2019.11.15-19.04.04:652][  0]LogConfig: Setting CVar [[r.ViewDistanceScale:1.0]]
[2019.11.15-19.04.04:652][  0]LogConfig: Applying CVar settings from Section [AntiAliasingQuality@3] File [D:/Universidade Europeia/GitHub/TimeRush/TimeRush/Saved/Config/Windows/Scalability.ini]
[2019.11.15-19.04.04:652][  0]LogConfig: Setting CVar [[r.PostProcessAAQuality:4]]
[2019.11.15-19.04.04:652][  0]LogConfig: Applying CVar settings from Section [ShadowQuality@3] File [D:/Universidade Europeia/GitHub/TimeRush/TimeRush/Saved/Config/Windows/Scalability.ini]
[2019.11.15-19.04.04:653][  0]LogConfig: Setting CVar [[r.LightFunctionQuality:1]]
[2019.11.15-19.04.04:653][  0]LogConfig: Setting CVar [[r.ShadowQuality:5]]
[2019.11.15-19.04.04:653][  0]LogConfig: Setting CVar [[r.Shadow.CSM.MaxCascades:10]]
[2019.11.15-19.04.04:653][  0]LogConfig: Setting CVar [[r.Shadow.MaxResolution:2048]]
[2019.11.15-19.04.04:653][  0]LogConfig: Setting CVar [[r.Shadow.MaxCSMResolution:2048]]
[2019.11.15-19.04.04:653][  0]LogConfig: Setting CVar [[r.Shadow.RadiusThreshold:0.01]]
[2019.11.15-19.04.04:653][  0]LogConfig: Setting CVar [[r.Shadow.DistanceScale:1.0]]
[2019.11.15-19.04.04:653][  0]LogConfig: Setting CVar [[r.Shadow.CSM.TransitionScale:1.0]]
[2019.11.15-19.04.04:653][  0]LogConfig: Setting CVar [[r.Shadow.PreShadowResolutionFactor:1.0]]
[2019.11.15-19.04.04:653][  0]LogConfig: Setting CVar [[r.DistanceFieldShadowing:1]]
[2019.11.15-19.04.04:653][  0]LogConfig: Setting CVar [[r.DistanceFieldAO:1]]
[2019.11.15-19.04.04:653][  0]LogConfig: Setting CVar [[r.AOQuality:2]]
[2019.11.15-19.04.04:653][  0]LogConfig: Setting CVar [[r.VolumetricFog:1]]
[2019.11.15-19.04.04:653][  0]LogConfig: Setting CVar [[r.VolumetricFog.GridPixelSize:8]]
[2019.11.15-19.04.04:653][  0]LogConfig: Setting CVar [[r.VolumetricFog.GridSizeZ:128]]
[2019.11.15-19.04.04:653][  0]LogConfig: Setting CVar [[r.VolumetricFog.HistoryMissSupersampleCount:4]]
[2019.11.15-19.04.04:653][  0]LogConfig: Setting CVar [[r.LightMaxDrawDistanceScale:1]]
[2019.11.15-19.04.04:653][  0]LogConfig: Setting CVar [[r.CapsuleShadows:1]]
[2019.11.15-19.04.04:653][  0]LogConfig: Applying CVar settings from Section [PostProcessQuality@3] File [D:/Universidade Europeia/GitHub/TimeRush/TimeRush/Saved/Config/Windows/Scalability.ini]
[2019.11.15-19.04.04:653][  0]LogConfig: Setting CVar [[r.MotionBlurQuality:4]]
[2019.11.15-19.04.04:653][  0]LogConfig: Setting CVar [[r.AmbientOcclusionMipLevelFactor:0.4]]
[2019.11.15-19.04.04:653][  0]LogConfig: Setting CVar [[r.AmbientOcclusionMaxQuality:100]]
[2019.11.15-19.04.04:653][  0]LogConfig: Setting CVar [[r.AmbientOcclusionLevels:-1]]
[2019.11.15-19.04.04:653][  0]LogConfig: Setting CVar [[r.AmbientOcclusionRadiusScale:1.0]]
[2019.11.15-19.04.04:653][  0]LogConfig: Setting CVar [[r.DepthOfFieldQuality:2]]
[2019.11.15-19.04.04:653][  0]LogConfig: Setting CVar [[r.RenderTargetPoolMin:400]]
[2019.11.15-19.04.04:653][  0]LogConfig: Setting CVar [[r.LensFlareQuality:2]]
[2019.11.15-19.04.04:653][  0]LogConfig: Setting CVar [[r.SceneColorFringeQuality:1]]
[2019.11.15-19.04.04:653][  0]LogConfig: Setting CVar [[r.EyeAdaptationQuality:2]]
[2019.11.15-19.04.04:653][  0]LogConfig: Setting CVar [[r.BloomQuality:5]]
[2019.11.15-19.04.04:653][  0]LogConfig: Setting CVar [[r.FastBlurThreshold:100]]
[2019.11.15-19.04.04:653][  0]LogConfig: Setting CVar [[r.Upscale.Quality:3]]
[2019.11.15-19.04.04:653][  0]LogConfig: Setting CVar [[r.Tonemapper.GrainQuantization:1]]
[2019.11.15-19.04.04:653][  0]LogConfig: Setting CVar [[r.LightShaftQuality:1]]
[2019.11.15-19.04.04:653][  0]LogConfig: Setting CVar [[r.Filter.SizeScale:1]]
[2019.11.15-19.04.04:653][  0]LogConfig: Setting CVar [[r.Tonemapper.Quality:5]]
[2019.11.15-19.04.04:653][  0]LogConfig: Setting CVar [[r.DOF.Gather.AccumulatorQuality:1        ; higher gathering accumulator quality]]
[2019.11.15-19.04.04:653][  0]LogConfig: Setting CVar [[r.DOF.Gather.PostfilterMethod:1          ; Median3x3 postfilering method]]
[2019.11.15-19.04.04:653][  0]LogConfig: Setting CVar [[r.DOF.Gather.EnableBokehSettings:0       ; no bokeh simulation when gathering]]
[2019.11.15-19.04.04:653][  0]LogConfig: Setting CVar [[r.DOF.Gather.RingCount:4                 ; medium number of samples when gathering]]
[2019.11.15-19.04.04:653][  0]LogConfig: Setting CVar [[r.DOF.Scatter.ForegroundCompositing:1    ; additive foreground scattering]]
[2019.11.15-19.04.04:653][  0]LogConfig: Setting CVar [[r.DOF.Scatter.BackgroundCompositing:2    ; additive background scattering]]
[2019.11.15-19.04.04:653][  0]LogConfig: Setting CVar [[r.DOF.Scatter.EnableBokehSettings:1      ; bokeh simulation when scattering]]
[2019.11.15-19.04.04:653][  0]LogConfig: Setting CVar [[r.DOF.Scatter.MaxSpriteRatio:0.1         ; only a maximum of 10% of scattered bokeh]]
[2019.11.15-19.04.04:653][  0]LogConfig: Setting CVar [[r.DOF.Recombine.Quality:1                ; cheap slight out of focus]]
[2019.11.15-19.04.04:653][  0]LogConfig: Setting CVar [[r.DOF.Recombine.EnableBokehSettings:0    ; no bokeh simulation on slight out of focus]]
[2019.11.15-19.04.04:653][  0]LogConfig: Setting CVar [[r.DOF.TemporalAAQuality:1                ; more stable temporal accumulation]]
[2019.11.15-19.04.04:653][  0]LogConfig: Setting CVar [[r.DOF.Kernel.MaxForegroundRadius:0.025]]
[2019.11.15-19.04.04:653][  0]LogConfig: Setting CVar [[r.DOF.Kernel.MaxBackgroundRadius:0.025]]
[2019.11.15-19.04.04:653][  0]LogConfig: Applying CVar settings from Section [TextureQuality@3] File [D:/Universidade Europeia/GitHub/TimeRush/TimeRush/Saved/Config/Windows/Scalability.ini]
[2019.11.15-19.04.04:653][  0]LogConfig: Setting CVar [[r.Streaming.MipBias:0]]
[2019.11.15-19.04.04:653][  0]LogConfig: Setting CVar [[r.Streaming.AmortizeCPUToGPUCopy:0]]
[2019.11.15-19.04.04:653][  0]LogConfig: Setting CVar [[r.Streaming.MaxNumTexturesToStreamPerFrame:0]]
[2019.11.15-19.04.04:653][  0]LogConfig: Setting CVar [[r.Streaming.Boost:1]]
[2019.11.15-19.04.04:653][  0]LogConfig: Setting CVar [[r.MaxAnisotropy:8]]
[2019.11.15-19.04.04:654][  0]LogConfig: Setting CVar [[r.Streaming.LimitPoolSizeToVRAM:0]]
[2019.11.15-19.04.04:654][  0]LogConfig: Setting CVar [[r.Streaming.PoolSize:1000]]
[2019.11.15-19.04.04:654][  0]LogConfig: Setting CVar [[r.Streaming.MaxEffectiveScreenSize:0]]
[2019.11.15-19.04.04:654][  0]LogConfig: Applying CVar settings from Section [EffectsQuality@3] File [D:/Universidade Europeia/GitHub/TimeRush/TimeRush/Saved/Config/Windows/Scalability.ini]
[2019.11.15-19.04.04:654][  0]LogConfig: Setting CVar [[r.TranslucencyLightingVolumeDim:64]]
[2019.11.15-19.04.04:654][  0]LogConfig: Setting CVar [[r.RefractionQuality:2]]
[2019.11.15-19.04.04:654][  0]LogConfig: Setting CVar [[r.SSR.Quality:3]]
[2019.11.15-19.04.04:654][  0]LogConfig: Setting CVar [[r.SceneColorFormat:4]]
[2019.11.15-19.04.04:654][  0]LogConfig: Setting CVar [[r.DetailMode:2]]
[2019.11.15-19.04.04:654][  0]LogConfig: Setting CVar [[r.TranslucencyVolumeBlur:1]]
[2019.11.15-19.04.04:654][  0]LogConfig: Setting CVar [[r.MaterialQualityLevel:1 ; High quality]]
[2019.11.15-19.04.04:654][  0]LogConfig: Setting CVar [[r.SSS.Scale:1]]
[2019.11.15-19.04.04:654][  0]LogConfig: Setting CVar [[r.SSS.SampleSet:2]]
[2019.11.15-19.04.04:654][  0]LogConfig: Setting CVar [[r.SSS.Quality:1]]
[2019.11.15-19.04.04:654][  0]LogConfig: Setting CVar [[r.SSS.HalfRes:1]]
[2019.11.15-19.04.04:654][  0]LogConfig: Setting CVar [[r.EmitterSpawnRateScale:1.0]]
[2019.11.15-19.04.04:654][  0]LogConfig: Setting CVar [[r.ParticleLightQuality:2]]
[2019.11.15-19.04.04:654][  0]LogConfig: Applying CVar settings from Section [FoliageQuality@3] File [D:/Universidade Europeia/GitHub/TimeRush/TimeRush/Saved/Config/Windows/Scalability.ini]
[2019.11.15-19.04.04:654][  0]LogConfig: Setting CVar [[foliage.DensityScale:1.0]]
[2019.11.15-19.04.04:654][  0]LogConfig: Setting CVar [[grass.DensityScale:1.0]]
[2019.11.15-19.04.04:654][  0]LogInit: Selected Device Profile: [Windows]
[2019.11.15-19.04.04:654][  0]LogInit: Applying CVar settings loaded from the selected device profile: [Windows]
[2019.11.15-19.04.04:669][  0]LogHAL: Display: Platform has ~ 16 GB [17073463296 / 17179869184 / 16], which maps to Larger [LargestMinGB=32, LargerMinGB=12, DefaultMinGB=8, SmallerMinGB=6, SmallestMinGB=0)
[2019.11.15-19.04.04:670][  0]LogConfig: Setting CVar [[r.Vulkan.UseRealUBs:0		; Required until we fix HLR fall-out]]
[2019.11.15-19.04.04:670][  0]LogInit: Going up to parent DeviceProfile []
[2019.11.15-19.04.04:670][  0]LogConfig: Applying CVar settings from Section [ViewDistanceQuality@3] File [D:/Universidade Europeia/GitHub/TimeRush/TimeRush/Saved/Config/Windows/Scalability.ini]
[2019.11.15-19.04.04:670][  0]LogConfig: Setting CVar [[r.SkeletalMeshLODBias:0]]
[2019.11.15-19.04.04:670][  0]LogConfig: Setting CVar [[r.ViewDistanceScale:1.0]]
[2019.11.15-19.04.04:670][  0]LogConfig: Applying CVar settings from Section [AntiAliasingQuality@3] File [D:/Universidade Europeia/GitHub/TimeRush/TimeRush/Saved/Config/Windows/Scalability.ini]
[2019.11.15-19.04.04:670][  0]LogConfig: Setting CVar [[r.PostProcessAAQuality:4]]
[2019.11.15-19.04.04:670][  0]LogConfig: Applying CVar settings from Section [ShadowQuality@3] File [D:/Universidade Europeia/GitHub/TimeRush/TimeRush/Saved/Config/Windows/Scalability.ini]
[2019.11.15-19.04.04:670][  0]LogConfig: Setting CVar [[r.LightFunctionQuality:1]]
[2019.11.15-19.04.04:670][  0]LogConfig: Setting CVar [[r.ShadowQuality:5]]
[2019.11.15-19.04.04:670][  0]LogConfig: Setting CVar [[r.Shadow.CSM.MaxCascades:10]]
[2019.11.15-19.04.04:670][  0]LogConfig: Setting CVar [[r.Shadow.MaxResolution:2048]]
[2019.11.15-19.04.04:670][  0]LogConfig: Setting CVar [[r.Shadow.MaxCSMResolution:2048]]
[2019.11.15-19.04.04:670][  0]LogConfig: Setting CVar [[r.Shadow.RadiusThreshold:0.01]]
[2019.11.15-19.04.04:670][  0]LogConfig: Setting CVar [[r.Shadow.DistanceScale:1.0]]
[2019.11.15-19.04.04:670][  0]LogConfig: Setting CVar [[r.Shadow.CSM.TransitionScale:1.0]]
[2019.11.15-19.04.04:670][  0]LogConfig: Setting CVar [[r.Shadow.PreShadowResolutionFactor:1.0]]
[2019.11.15-19.04.04:670][  0]LogConfig: Setting CVar [[r.DistanceFieldShadowing:1]]
[2019.11.15-19.04.04:670][  0]LogConfig: Setting CVar [[r.DistanceFieldAO:1]]
[2019.11.15-19.04.04:670][  0]LogConfig: Setting CVar [[r.AOQuality:2]]
[2019.11.15-19.04.04:670][  0]LogConfig: Setting CVar [[r.VolumetricFog:1]]
[2019.11.15-19.04.04:670][  0]LogConfig: Setting CVar [[r.VolumetricFog.GridPixelSize:8]]
[2019.11.15-19.04.04:670][  0]LogConfig: Setting CVar [[r.VolumetricFog.GridSizeZ:128]]
[2019.11.15-19.04.04:670][  0]LogConfig: Setting CVar [[r.VolumetricFog.HistoryMissSupersampleCount:4]]
[2019.11.15-19.04.04:670][  0]LogConfig: Setting CVar [[r.LightMaxDrawDistanceScale:1]]
[2019.11.15-19.04.04:670][  0]LogConfig: Setting CVar [[r.CapsuleShadows:1]]
[2019.11.15-19.04.04:670][  0]LogConfig: Applying CVar settings from Section [PostProcessQuality@3] File [D:/Universidade Europeia/GitHub/TimeRush/TimeRush/Saved/Config/Windows/Scalability.ini]
[2019.11.15-19.04.04:670][  0]LogConfig: Setting CVar [[r.MotionBlurQuality:4]]
[2019.11.15-19.04.04:670][  0]LogConfig: Setting CVar [[r.AmbientOcclusionMipLevelFactor:0.4]]
[2019.11.15-19.04.04:670][  0]LogConfig: Setting CVar [[r.AmbientOcclusionMaxQuality:100]]
[2019.11.15-19.04.04:670][  0]LogConfig: Setting CVar [[r.AmbientOcclusionLevels:-1]]
[2019.11.15-19.04.04:670][  0]LogConfig: Setting CVar [[r.AmbientOcclusionRadiusScale:1.0]]
[2019.11.15-19.04.04:670][  0]LogConfig: Setting CVar [[r.DepthOfFieldQuality:2]]
[2019.11.15-19.04.04:670][  0]LogConfig: Setting CVar [[r.RenderTargetPoolMin:400]]
[2019.11.15-19.04.04:670][  0]LogConfig: Setting CVar [[r.LensFlareQuality:2]]
[2019.11.15-19.04.04:670][  0]LogConfig: Setting CVar [[r.SceneColorFringeQuality:1]]
[2019.11.15-19.04.04:670][  0]LogConfig: Setting CVar [[r.EyeAdaptationQuality:2]]
[2019.11.15-19.04.04:670][  0]LogConfig: Setting CVar [[r.BloomQuality:5]]
[2019.11.15-19.04.04:670][  0]LogConfig: Setting CVar [[r.FastBlurThreshold:100]]
[2019.11.15-19.04.04:671][  0]LogConfig: Setting CVar [[r.Upscale.Quality:3]]
[2019.11.15-19.04.04:671][  0]LogConfig: Setting CVar [[r.Tonemapper.GrainQuantization:1]]
[2019.11.15-19.04.04:671][  0]LogConfig: Setting CVar [[r.LightShaftQuality:1]]
[2019.11.15-19.04.04:671][  0]LogConfig: Setting CVar [[r.Filter.SizeScale:1]]
[2019.11.15-19.04.04:671][  0]LogConfig: Setting CVar [[r.Tonemapper.Quality:5]]
[2019.11.15-19.04.04:671][  0]LogConfig: Setting CVar [[r.DOF.Gather.AccumulatorQuality:1        ; higher gathering accumulator quality]]
[2019.11.15-19.04.04:671][  0]LogConfig: Setting CVar [[r.DOF.Gather.PostfilterMethod:1          ; Median3x3 postfilering method]]
[2019.11.15-19.04.04:671][  0]LogConfig: Setting CVar [[r.DOF.Gather.EnableBokehSettings:0       ; no bokeh simulation when gathering]]
[2019.11.15-19.04.04:671][  0]LogConfig: Setting CVar [[r.DOF.Gather.RingCount:4                 ; medium number of samples when gathering]]
[2019.11.15-19.04.04:671][  0]LogConfig: Setting CVar [[r.DOF.Scatter.ForegroundCompositing:1    ; additive foreground scattering]]
[2019.11.15-19.04.04:671][  0]LogConfig: Setting CVar [[r.DOF.Scatter.BackgroundCompositing:2    ; additive background scattering]]
[2019.11.15-19.04.04:671][  0]LogConfig: Setting CVar [[r.DOF.Scatter.EnableBokehSettings:1      ; bokeh simulation when scattering]]
[2019.11.15-19.04.04:671][  0]LogConfig: Setting CVar [[r.DOF.Scatter.MaxSpriteRatio:0.1         ; only a maximum of 10% of scattered bokeh]]
[2019.11.15-19.04.04:671][  0]LogConfig: Setting CVar [[r.DOF.Recombine.Quality:1                ; cheap slight out of focus]]
[2019.11.15-19.04.04:671][  0]LogConfig: Setting CVar [[r.DOF.Recombine.EnableBokehSettings:0    ; no bokeh simulation on slight out of focus]]
[2019.11.15-19.04.04:671][  0]LogConfig: Setting CVar [[r.DOF.TemporalAAQuality:1                ; more stable temporal accumulation]]
[2019.11.15-19.04.04:671][  0]LogConfig: Setting CVar [[r.DOF.Kernel.MaxForegroundRadius:0.025]]
[2019.11.15-19.04.04:671][  0]LogConfig: Setting CVar [[r.DOF.Kernel.MaxBackgroundRadius:0.025]]
[2019.11.15-19.04.04:671][  0]LogConfig: Applying CVar settings from Section [TextureQuality@3] File [D:/Universidade Europeia/GitHub/TimeRush/TimeRush/Saved/Config/Windows/Scalability.ini]
[2019.11.15-19.04.04:671][  0]LogConfig: Setting CVar [[r.Streaming.MipBias:0]]
[2019.11.15-19.04.04:671][  0]LogConfig: Setting CVar [[r.Streaming.AmortizeCPUToGPUCopy:0]]
[2019.11.15-19.04.04:671][  0]LogConfig: Setting CVar [[r.Streaming.MaxNumTexturesToStreamPerFrame:0]]
[2019.11.15-19.04.04:671][  0]LogConfig: Setting CVar [[r.Streaming.Boost:1]]
[2019.11.15-19.04.04:671][  0]LogConfig: Setting CVar [[r.MaxAnisotropy:8]]
[2019.11.15-19.04.04:671][  0]LogConfig: Setting CVar [[r.Streaming.LimitPoolSizeToVRAM:0]]
[2019.11.15-19.04.04:671][  0]LogConfig: Setting CVar [[r.Streaming.PoolSize:1000]]
[2019.11.15-19.04.04:671][  0]LogConfig: Setting CVar [[r.Streaming.MaxEffectiveScreenSize:0]]
[2019.11.15-19.04.04:671][  0]LogConfig: Applying CVar settings from Section [EffectsQuality@3] File [D:/Universidade Europeia/GitHub/TimeRush/TimeRush/Saved/Config/Windows/Scalability.ini]
[2019.11.15-19.04.04:671][  0]LogConfig: Setting CVar [[r.TranslucencyLightingVolumeDim:64]]
[2019.11.15-19.04.04:671][  0]LogConfig: Setting CVar [[r.RefractionQuality:2]]
[2019.11.15-19.04.04:671][  0]LogConfig: Setting CVar [[r.SSR.Quality:3]]
[2019.11.15-19.04.04:671][  0]LogConfig: Setting CVar [[r.SceneColorFormat:4]]
[2019.11.15-19.04.04:671][  0]LogConfig: Setting CVar [[r.DetailMode:2]]
[2019.11.15-19.04.04:671][  0]LogConfig: Setting CVar [[r.TranslucencyVolumeBlur:1]]
[2019.11.15-19.04.04:671][  0]LogConfig: Setting CVar [[r.MaterialQualityLevel:1 ; High quality]]
[2019.11.15-19.04.04:671][  0]LogConfig: Setting CVar [[r.SSS.Scale:1]]
[2019.11.15-19.04.04:671][  0]LogConfig: Setting CVar [[r.SSS.SampleSet:2]]
[2019.11.15-19.04.04:671][  0]LogConfig: Setting CVar [[r.SSS.Quality:1]]
[2019.11.15-19.04.04:671][  0]LogConfig: Setting CVar [[r.SSS.HalfRes:1]]
[2019.11.15-19.04.04:671][  0]LogConfig: Setting CVar [[r.EmitterSpawnRateScale:1.0]]
[2019.11.15-19.04.04:671][  0]LogConfig: Setting CVar [[r.ParticleLightQuality:2]]
[2019.11.15-19.04.04:671][  0]LogConfig: Applying CVar settings from Section [FoliageQuality@3] File [D:/Universidade Europeia/GitHub/TimeRush/TimeRush/Saved/Config/Windows/Scalability.ini]
[2019.11.15-19.04.04:671][  0]LogConfig: Setting CVar [[foliage.DensityScale:1.0]]
[2019.11.15-19.04.04:671][  0]LogConfig: Setting CVar [[grass.DensityScale:1.0]]
[2019.11.15-19.04.04:671][  0]LogConfig: Applying CVar settings from Section [Startup] File [../../../Engine/Config/ConsoleVariables.ini]
[2019.11.15-19.04.04:672][  0]LogConfig: Setting CVar [[net.UseAdaptiveNetUpdateFrequency:0]]
[2019.11.15-19.04.04:672][  0]LogConfig: Setting CVar [[p.chaos.AllowCreatePhysxBodies:1]]
[2019.11.15-19.04.04:672][  0]LogConfig: Applying CVar settings from Section [ConsoleVariables] File [D:/Universidade Europeia/GitHub/TimeRush/TimeRush/Saved/Config/Windows/Engine.ini]
[2019.11.15-19.04.04:672][  0]LogInit: Computer: DESKTOP-P7E93EO
[2019.11.15-19.04.04:672][  0]LogInit: User: riZ
[2019.11.15-19.04.04:672][  0]LogInit: CPU Page size=4096, Cores=4
[2019.11.15-19.04.04:672][  0]LogInit: High frequency timer resolution =10.000000 MHz
[2019.11.15-19.04.04:672][  0]LogMemory: Memory total: Physical=15.9GB (16GB approx)
[2019.11.15-19.04.04:672][  0]LogMemory: Platform Memory Stats for Windows
[2019.11.15-19.04.04:672][  0]LogMemory: Process Physical Memory: 98.18 MB used, 98.19 MB peak
[2019.11.15-19.04.04:672][  0]LogMemory: Process Virtual Memory: 93.13 MB used, 93.13 MB peak
[2019.11.15-19.04.04:672][  0]LogMemory: Physical Memory: 10193.89 MB used,  6088.63 MB free, 16282.52 MB total
[2019.11.15-19.04.04:672][  0]LogMemory: Virtual Memory: 4647.12 MB used,  134213080.00 MB free, 134217728.00 MB total
[2019.11.15-19.04.04:712][  0]LogInit: Using OS detected language (en-US).
[2019.11.15-19.04.04:712][  0]LogInit: Using OS detected locale (en-US).
[2019.11.15-19.04.04:714][  0]LogTextLocalizationManager: No specific localization for 'en-US' exists, so the 'en' localization will be used.
[2019.11.15-19.04.04:981][  0]LogInit: Setting process to per monitor DPI aware
[2019.11.15-19.04.05:039][  0]LogSlate: New Slate User Created.  User Index 0, Is Virtual User: 0
[2019.11.15-19.04.05:039][  0]LogSlate: Slate User Registered.  User Index 0, Is Virtual User: 0
[2019.11.15-19.04.05:571][  0]LogHMD: Failed to initialize OpenVR with code 110
[2019.11.15-19.04.05:571][  0]LogD3D11RHI: D3D11 adapters:
[2019.11.15-19.04.05:681][  0]LogD3D11RHI:    0. 'NVIDIA GeForce GTX 960M' (Feature Level 11_0)
[2019.11.15-19.04.05:681][  0]LogD3D11RHI:       2010/0/8141 MB DedicatedVideo/DedicatedSystem/SharedSystem, Outputs:1, VendorId:0x10de
[2019.11.15-19.04.05:701][  0]LogD3D11RHI:    1. 'Intel(R) HD Graphics 530' (Feature Level 11_0)
[2019.11.15-19.04.05:701][  0]LogD3D11RHI:       128/0/8141 MB DedicatedVideo/DedicatedSystem/SharedSystem, Outputs:0, VendorId:0x8086
[2019.11.15-19.04.05:706][  0]LogD3D11RHI:    2. 'Microsoft Basic Render Driver' (Feature Level 11_0)
[2019.11.15-19.04.05:706][  0]LogD3D11RHI:       0/0/8141 MB DedicatedVideo/DedicatedSystem/SharedSystem, Outputs:0, VendorId:0x1414
[2019.11.15-19.04.05:706][  0]LogD3D11RHI: Chosen D3D11 Adapter: 0
[2019.11.15-19.04.05:773][  0]LogD3D11RHI: Creating new Direct3DDevice
[2019.11.15-19.04.05:773][  0]LogD3D11RHI:     GPU DeviceId: 0x139b (for the marketing name, search the web for "GPU Device Id")
[2019.11.15-19.04.05:773][  0]LogWindows: EnumDisplayDevices:
[2019.11.15-19.04.05:774][  0]LogWindows:    0. 'Intel(R) HD Graphics 530' (P:1 D:1)
[2019.11.15-19.04.05:774][  0]LogWindows:    1. 'Intel(R) HD Graphics 530' (P:0 D:0)
[2019.11.15-19.04.05:775][  0]LogWindows:    2. 'Intel(R) HD Graphics 530' (P:0 D:0)
[2019.11.15-19.04.05:776][  0]LogWindows: DebugString: PrimaryIsNotTheChoosenAdapter PrimaryIsNotTheChoosenAdapter PrimaryIsNotTheChoosenAdapter FoundDriverCount:0 
[2019.11.15-19.04.05:776][  0]LogD3D11RHI:     Adapter Name: NVIDIA GeForce GTX 960M
[2019.11.15-19.04.05:776][  0]LogD3D11RHI:   Driver Version: Unknown (internal:Unknown, unified:Unknown)
[2019.11.15-19.04.05:776][  0]LogD3D11RHI:      Driver Date: Unknown
[2019.11.15-19.04.05:776][  0]LogRHI: Texture pool is 1407 MB (70% of 2010 MB)
[2019.11.15-19.04.05:850][  0]LogD3D11RHI: Async texture creation enabled
[2019.11.15-19.04.05:856][  0]LogRendererCore: FGlobalReadBuffer::InitRHI
[2019.11.15-19.04.05:857][  0]LogRendererCore: FGlobalReadBuffer::InitRHI
[2019.11.15-19.04.05:857][  0]LogRendererCore: FGlobalReadBuffer::InitRHI
[2019.11.15-19.04.05:866][  0]LogD3D11RHI: GPU Timing Frequency: 1000.000000 (Debug: 2 1)
[2019.11.15-19.04.06:385][  0]LogTemp: Display: Module 'AllDesktopTargetPlatform' loaded TargetPlatform 'AllDesktop'
[2019.11.15-19.04.06:408][  0]LogTemp: Display: Module 'MacClientTargetPlatform' loaded TargetPlatform 'MacClient'
[2019.11.15-19.04.06:436][  0]LogTemp: Display: Module 'MacNoEditorTargetPlatform' loaded TargetPlatform 'MacNoEditor'
[2019.11.15-19.04.06:459][  0]LogTemp: Display: Module 'MacServerTargetPlatform' loaded TargetPlatform 'MacServer'
[2019.11.15-19.04.06:488][  0]LogTemp: Display: Module 'MacTargetPlatform' loaded TargetPlatform 'Mac'
[2019.11.15-19.04.06:513][  0]LogTemp: Display: Module 'WindowsClientTargetPlatform' loaded TargetPlatform 'WindowsClient'
[2019.11.15-19.04.06:534][  0]LogTemp: Display: Module 'WindowsNoEditorTargetPlatform' loaded TargetPlatform 'WindowsNoEditor'
[2019.11.15-19.04.06:556][  0]LogTemp: Display: Module 'WindowsServerTargetPlatform' loaded TargetPlatform 'WindowsServer'
[2019.11.15-19.04.06:569][  0]LogTemp: Display: Module 'WindowsTargetPlatform' loaded TargetPlatform 'Windows'
[2019.11.15-19.04.06:742][  0]LogTemp: Display: Module 'AndroidTargetPlatform' loaded TargetPlatform 'Android'
[2019.11.15-19.04.06:742][  0]LogTemp: Display: Module 'AndroidTargetPlatform' loaded TargetPlatform 'Android_ASTC'
[2019.11.15-19.04.06:742][  0]LogTemp: Display: Module 'AndroidTargetPlatform' loaded TargetPlatform 'Android_ATC'
[2019.11.15-19.04.06:743][  0]LogTemp: Display: Module 'AndroidTargetPlatform' loaded TargetPlatform 'Android_DXT'
[2019.11.15-19.04.06:743][  0]LogTemp: Display: Module 'AndroidTargetPlatform' loaded TargetPlatform 'Android_ETC1'
[2019.11.15-19.04.06:743][  0]LogTemp: Display: Module 'AndroidTargetPlatform' loaded TargetPlatform 'Android_ETC1a'
[2019.11.15-19.04.06:743][  0]LogTemp: Display: Module 'AndroidTargetPlatform' loaded TargetPlatform 'Android_ETC2'
[2019.11.15-19.04.06:743][  0]LogTemp: Display: Module 'AndroidTargetPlatform' loaded TargetPlatform 'Android_PVRTC'
[2019.11.15-19.04.06:743][  0]LogTemp: Display: Module 'AndroidTargetPlatform' loaded TargetPlatform 'AndroidClient'
[2019.11.15-19.04.06:743][  0]LogTemp: Display: Module 'AndroidTargetPlatform' loaded TargetPlatform 'Android_ASTCClient'
[2019.11.15-19.04.06:743][  0]LogTemp: Display: Module 'AndroidTargetPlatform' loaded TargetPlatform 'Android_ATCClient'
[2019.11.15-19.04.06:743][  0]LogTemp: Display: Module 'AndroidTargetPlatform' loaded TargetPlatform 'Android_DXTClient'
[2019.11.15-19.04.06:743][  0]LogTemp: Display: Module 'AndroidTargetPlatform' loaded TargetPlatform 'Android_ETC1Client'
[2019.11.15-19.04.06:743][  0]LogTemp: Display: Module 'AndroidTargetPlatform' loaded TargetPlatform 'Android_ETC1aClient'
[2019.11.15-19.04.06:743][  0]LogTemp: Display: Module 'AndroidTargetPlatform' loaded TargetPlatform 'Android_ETC2Client'
[2019.11.15-19.04.06:743][  0]LogTemp: Display: Module 'AndroidTargetPlatform' loaded TargetPlatform 'Android_PVRTCClient'
[2019.11.15-19.04.06:743][  0]LogTemp: Display: Module 'AndroidTargetPlatform' loaded TargetPlatform 'Android_Multi'
[2019.11.15-19.04.06:743][  0]LogTemp: Display: Module 'AndroidTargetPlatform' loaded TargetPlatform 'Android_MultiClient'
[2019.11.15-19.04.06:747][  0]LogTemp: Display: Module 'HTML5TargetPlatform' loaded TargetPlatform 'HTML5'
[2019.11.15-19.04.06:826][  0]LogTemp: Display: Module 'IOSTargetPlatform' loaded TargetPlatform 'IOSClient'
[2019.11.15-19.04.06:826][  0]LogTemp: Display: Module 'IOSTargetPlatform' loaded TargetPlatform 'IOS'
[2019.11.15-19.04.06:871][  0]LogTemp: Display: Module 'TVOSTargetPlatform' loaded TargetPlatform 'TVOSClient'
[2019.11.15-19.04.06:871][  0]LogTemp: Display: Module 'TVOSTargetPlatform' loaded TargetPlatform 'TVOS'
[2019.11.15-19.04.06:906][  0]LogTemp: Display: Module 'LinuxClientTargetPlatform' loaded TargetPlatform 'LinuxClient'
[2019.11.15-19.04.06:922][  0]LogTemp: Display: Module 'LinuxNoEditorTargetPlatform' loaded TargetPlatform 'LinuxNoEditor'
[2019.11.15-19.04.06:941][  0]LogTemp: Display: Module 'LinuxServerTargetPlatform' loaded TargetPlatform 'LinuxServer'
[2019.11.15-19.04.06:970][  0]LogTemp: Display: Module 'LinuxTargetPlatform' loaded TargetPlatform 'Linux'
[2019.11.15-19.04.07:063][  0]LogTemp: Display: Module 'LuminTargetPlatform' loaded TargetPlatform 'Lumin'
[2019.11.15-19.04.07:063][  0]LogTemp: Display: Module 'LuminTargetPlatform' loaded TargetPlatform 'LuminClient'
[2019.11.15-19.04.07:063][  0]LogTargetPlatformManager: Display: Building Assets For Windows
[2019.11.15-19.04.07:081][  0]LogAudioDebug: Display: Lib vorbis DLL was dynamically loaded.
[2019.11.15-19.04.07:181][  0]LogShaderCompilers: Guid format shader working directory is -16 characters bigger than the processId version (../../../../../Universidade Europeia/GitHub/TimeRush/TimeRush/Intermediate/Shaders/WorkingDirectory/18704/).
[2019.11.15-19.04.07:181][  0]LogShaderCompilers: Cleaned the shader compiler working directory 'C:/Users/2011j/AppData/Local/Temp/UnrealShaderWorkingDir/D6EA877D4F1142417F803A935E60DC90/'.
[2019.11.15-19.04.07:184][  0]LogXGEController: Cannot use XGE Controller as Incredibuild is not installed on this machine.
[2019.11.15-19.04.07:184][  0]LogShaderCompilers: Cannot use XGE Shader Compiler as Incredibuild is not installed on this machine.
[2019.11.15-19.04.07:184][  0]LogShaderCompilers: Display: Using Local Shader Compiler.
[2019.11.15-19.04.08:187][  0]LogDerivedDataCache: Display: Max Cache Size: 512 MB
[2019.11.15-19.04.08:258][  0]LogDerivedDataCache: Loaded boot cache 0.07s 74MB C:/Users/2011j/AppData/Local/UnrealEngine/4.22/DerivedDataCache/Boot.ddc.
[2019.11.15-19.04.08:258][  0]LogDerivedDataCache: Display: Loaded Boot cache: C:/Users/2011j/AppData/Local/UnrealEngine/4.22/DerivedDataCache/Boot.ddc
[2019.11.15-19.04.08:259][  0]LogDerivedDataCache: FDerivedDataBackendGraph:  Pak pak cache file ../../../../../Universidade Europeia/GitHub/TimeRush/TimeRush/DerivedDataCache/DDC.ddp not found, will not use a pak cache.
[2019.11.15-19.04.08:259][  0]LogDerivedDataCache: Unable to find inner node Pak for hierarchical cache Hierarchy.
[2019.11.15-19.04.08:259][  0]LogDerivedDataCache: FDerivedDataBackendGraph:  CompressedPak pak cache file ../../../../../Universidade Europeia/GitHub/TimeRush/TimeRush/DerivedDataCache/Compressed.ddp not found, will not use a pak cache.
[2019.11.15-19.04.08:259][  0]LogDerivedDataCache: Unable to find inner node CompressedPak for hierarchical cache Hierarchy.
[2019.11.15-19.04.08:278][  0]LogDerivedDataCache: Display: Pak cache opened for reading ../../../Engine/DerivedDataCache/Compressed.ddp.
[2019.11.15-19.04.08:278][  0]LogDerivedDataCache: FDerivedDataBackendGraph:  EnterprisePak pak cache file ../../../Enterprise/DerivedDataCache/Compressed.ddp not found, will not use a pak cache.
[2019.11.15-19.04.08:278][  0]LogDerivedDataCache: Unable to find inner node EnterprisePak for hierarchical cache Hierarchy.
[2019.11.15-19.04.08:290][  0]LogDerivedDataCache: Using Local data cache path C:/Users/2011j/AppData/Local/UnrealEngine/Common/DerivedDataCache: Writable
[2019.11.15-19.04.08:290][  0]LogDerivedDataCache: Shared data cache path not found in *engine.ini, will not use an Shared cache.
[2019.11.15-19.04.08:290][  0]LogDerivedDataCache: Unable to find inner node Shared for hierarchical cache Hierarchy.
[2019.11.15-19.04.08:340][  0]LogMaterial: Verifying Global Shaders for PCD3D_SM5
[2019.11.15-19.04.08:342][  0]LogSlate: Using FreeType 2.6.0
[2019.11.15-19.04.08:343][  0]LogSlate: SlateFontServices - WITH_FREETYPE: 1, WITH_HARFBUZZ: 1
[2019.11.15-19.04.08:508][  0]LogAssetRegistry: FAssetRegistry took 0.0435 seconds to start up
[2019.11.15-19.04.09:167][  0]LogInit: Selected Device Profile: [Windows]
[2019.11.15-19.04.09:368][  0]LogMeshReduction: Using QuadricMeshReduction for automatic static mesh reduction
[2019.11.15-19.04.09:368][  0]LogMeshReduction: Using SimplygonMeshReduction for automatic skeletal mesh reduction
[2019.11.15-19.04.09:368][  0]LogMeshReduction: Using ProxyLODMeshReduction for automatic mesh merging
[2019.11.15-19.04.09:368][  0]LogMeshReduction: No distributed automatic mesh merging module available
[2019.11.15-19.04.09:368][  0]LogMeshMerging: No distributed automatic mesh merging module available
[2019.11.15-19.04.09:382][  0]LogNetVersion: TimeRush 1.0.0, NetCL: 5660361, EngineNetVer: 10, GameNetVer: 0 (Checksum: 1373495878)
[2019.11.15-19.04.10:039][  0]LogPackageLocalizationCache: Processed 10 localized package path(s) for 1 prioritized culture(s) in 0.052063 seconds
[2019.11.15-19.04.10:049][  0]LogUObjectArray: 42205 objects as part of root set at end of initial load.
[2019.11.15-19.04.10:049][  0]LogUObjectAllocator: 7325032 out of 0 bytes used by permanent object pool.
[2019.11.15-19.04.10:049][  0]LogUObjectArray: CloseDisregardForGC: 0/0 objects in disregard for GC pool
[2019.11.15-19.04.11:574][  0]LogTcpMessaging: Initializing TcpMessaging bridge
[2019.11.15-19.04.11:589][  0]LogUdpMessaging: Initializing bridge on interface 0.0.0.0:0 to multicast group 230.0.0.1:6666.
[2019.11.15-19.04.11:797][  0]SourceControl: Source control is disabled
[2019.11.15-19.04.11:797][  0]SourceControl: Source control is disabled
[2019.11.15-19.04.11:799][  0]SourceControl: Source control is disabled
[2019.11.15-19.04.11:800][  0]SourceControl: Source control is disabled
[2019.11.15-19.04.11:939][  0]LogAndroidPermission: UAndroidPermissionCallbackProxy::GetInstance
[2019.11.15-19.04.12:081][  0]LogOcInput: OculusInput pre-init called
[2019.11.15-19.04.13:353][  0]LogEngine: Initializing Engine...
[2019.11.15-19.04.13:355][  0]LogHMD: Failed to initialize OpenVR with code 110
[2019.11.15-19.04.13:356][  0]LogStats: UGameplayTagsManager::InitializeManager -  0.000 s
[2019.11.15-19.04.13:625][  0]LogInit: Initializing FReadOnlyCVARCache
[2019.11.15-19.04.13:642][  0]LogAIModule: Creating AISystem for world Untitled
[2019.11.15-19.04.13:682][  0]LogInit: XAudio2 using 'Speakers (Conexant SmartAudio HD)' : 2 channels at 48 kHz using 32 bits per sample (channel mask 0x3)
[2019.11.15-19.04.13:806][  0]LogInit: FAudioDevice initialized.
[2019.11.15-19.04.13:806][  0]LogNetVersion: Set ProjectVersion to 1.0.0.0. Version Checksum will be recalculated on next use.
[2019.11.15-19.04.14:087][  0]LogDerivedDataCache: Saved boot cache 0.28s 74MB C:/Users/2011j/AppData/Local/UnrealEngine/4.22/DerivedDataCache/Boot.ddc.
[2019.11.15-19.04.14:088][  0]LogInit: Texture streaming: Enabled
[2019.11.15-19.04.14:117][  0]LogEngineSessionManager: EngineSessionManager initialized
[2019.11.15-19.04.14:202][  0]LogEngineSessionManager: EngineSessionManager sent abnormal shutdown report. Type=Crashed, SessionId={A79116EE-4A23-859D-97FA-89B680C73937}
[2019.11.15-19.04.14:228][  0]LogInit: Transaction tracking system initialized
[2019.11.15-19.04.14:259][  0]BlueprintLog: New page: Editor Load
[2019.11.15-19.04.14:372][  0]LocalizationService: Localization service is disabled
[2019.11.15-19.04.14:872][  0]LogFileCache: Scanning file cache for directory 'D:/Universidade Europeia/GitHub/TimeRush/TimeRush/Content/' took 0.02s
[2019.11.15-19.04.14:873][  0]LogCook: Display: Max memory allowance for cook 16384mb min free memory 0mb
[2019.11.15-19.04.14:873][  0]LogCook: Display: Mobile HDR setting 1
[2019.11.15-19.04.15:176][  0]SourceControl: Source control is disabled
[2019.11.15-19.04.15:176][  0]Cmd: MAP LOAD FILE="../../../../../Universidade Europeia/GitHub/TimeRush/TimeRush/Content/StarterContent/Maps/Minimal_Default.umap" TEMPLATE=0 SHOWPROGRESS=1 FEATURELEVEL=3
[2019.11.15-19.04.15:201][  0]LightingResults: New page: Lighting Build
[2019.11.15-19.04.15:206][  0]MapCheck: New page: Map Check
[2019.11.15-19.04.15:206][  0]LightingResults: New page: Lighting Build
[2019.11.15-19.04.15:245][  0]LogUObjectHash: Compacting FUObjectHashTables data took   2.60ms
[2019.11.15-19.04.16:031][  0]LogAIModule: Creating AISystem for world Minimal_Default
[2019.11.15-19.04.16:038][  0]LogEditorServer: Finished looking for orphan Actors (0.000 secs)
[2019.11.15-19.04.16:074][  0]LogUObjectHash: Compacting FUObjectHashTables data took   2.25ms
[2019.11.15-19.04.16:074][  0]Cmd: MAP CHECKDEP NOCLEARLOG
[2019.11.15-19.04.16:074][  0]MapCheck: Map check complete: 0 Error(s), 0 Warning(s), took 0.347ms to complete.
[2019.11.15-19.04.16:074][  0]LogFileHelpers: Loading map 'Minimal_Default' took 0.898
[2019.11.15-19.04.16:221][  0]LogSlate: Updating window title bar state: overlay mode, drag disabled, window buttons hidden, title bar hidden
[2019.11.15-19.04.16:233][  0]LogSlate: Updating window title bar state: overlay mode, drag disabled, window buttons hidden, title bar hidden
[2019.11.15-19.04.16:245][  0]LogSlate: Updating window title bar state: overlay mode, drag disabled, window buttons hidden, title bar hidden
[2019.11.15-19.04.16:259][  0]LogSlate: Updating window title bar state: overlay mode, drag disabled, window buttons hidden, title bar hidden
[2019.11.15-19.04.16:268][  0]LogCollectionManager: Loaded 0 collections in 0.001826 seconds
[2019.11.15-19.04.16:308][  0]LogFileCache: Scanning file cache for directory 'D:/Universidade Europeia/GitHub/TimeRush/TimeRush/Saved/Collections/' took 0.01s
[2019.11.15-19.04.16:308][  0]LogFileCache: Scanning file cache for directory 'D:/Universidade Europeia/GitHub/TimeRush/TimeRush/Content/Developers/riZ/Collections/' took 0.01s
[2019.11.15-19.04.16:308][  0]LogFileCache: Scanning file cache for directory 'D:/Universidade Europeia/GitHub/TimeRush/TimeRush/Content/Collections/' took 0.01s
[2019.11.15-19.04.16:308][  0]LogCollectionManager: Rebuilt the GUID cache for 0 collections in 0.000001 seconds
[2019.11.15-19.04.16:320][  0]LogContentBrowser: Native class hierarchy populated in 0.0115 seconds. Added 2737 classes and 661 folders.
[2019.11.15-19.04.16:329][  0]LogContentBrowser: Native class hierarchy updated for 'WidgetCarousel' in 0.0007 seconds. Added 0 classes and 0 folders.
[2019.11.15-19.04.16:333][  0]LogPakFile: Registered encryption key '00000000000000000000000000000000': 0 pak files mounted, 0 remain pending
[2019.11.15-19.04.16:334][  0]LogPakFile: Registered encryption key '00000000000000000000000000000000': 0 pak files mounted, 0 remain pending
[2019.11.15-19.04.16:336][  0]LogPakFile: Registered encryption key '00000000000000000000000000000000': 0 pak files mounted, 0 remain pending
[2019.11.15-19.04.16:337][  0]LogPakFile: Registered encryption key '00000000000000000000000000000000': 0 pak files mounted, 0 remain pending
[2019.11.15-19.04.16:339][  0]LogPakFile: Registered encryption key '00000000000000000000000000000000': 0 pak files mounted, 0 remain pending
[2019.11.15-19.04.16:340][  0]LogPakFile: Registered encryption key '00000000000000000000000000000000': 0 pak files mounted, 0 remain pending
[2019.11.15-19.04.16:342][  0]LogPakFile: Registered encryption key '00000000000000000000000000000000': 0 pak files mounted, 0 remain pending
[2019.11.15-19.04.16:343][  0]LogPakFile: Registered encryption key '00000000000000000000000000000000': 0 pak files mounted, 0 remain pending
[2019.11.15-19.04.16:344][  0]LogPakFile: Registered encryption key '00000000000000000000000000000000': 0 pak files mounted, 0 remain pending
[2019.11.15-19.04.16:346][  0]LogPakFile: Registered encryption key '00000000000000000000000000000000': 0 pak files mounted, 0 remain pending
[2019.11.15-19.04.16:347][  0]LogPakFile: Registered encryption key '00000000000000000000000000000000': 0 pak files mounted, 0 remain pending
[2019.11.15-19.04.16:348][  0]LogPakFile: Registered encryption key '00000000000000000000000000000000': 0 pak files mounted, 0 remain pending
[2019.11.15-19.04.16:350][  0]LogPakFile: Registered encryption key '00000000000000000000000000000000': 0 pak files mounted, 0 remain pending
[2019.11.15-19.04.16:351][  0]LogPakFile: Registered encryption key '00000000000000000000000000000000': 0 pak files mounted, 0 remain pending
[2019.11.15-19.04.16:353][  0]LogPakFile: Registered encryption key '00000000000000000000000000000000': 0 pak files mounted, 0 remain pending
[2019.11.15-19.04.16:354][  0]LogPakFile: Registered encryption key '00000000000000000000000000000000': 0 pak files mounted, 0 remain pending
[2019.11.15-19.04.16:356][  0]LogPakFile: Registered encryption key '00000000000000000000000000000000': 0 pak files mounted, 0 remain pending
[2019.11.15-19.04.16:357][  0]LogPakFile: Registered encryption key '00000000000000000000000000000000': 0 pak files mounted, 0 remain pending
[2019.11.15-19.04.16:360][  0]LogPakFile: Registered encryption key '00000000000000000000000000000000': 0 pak files mounted, 0 remain pending
[2019.11.15-19.04.16:362][  0]LogPakFile: Registered encryption key '00000000000000000000000000000000': 0 pak files mounted, 0 remain pending
[2019.11.15-19.04.16:364][  0]LogPakFile: Registered encryption key '00000000000000000000000000000000': 0 pak files mounted, 0 remain pending
[2019.11.15-19.04.16:366][  0]LogPakFile: Registered encryption key '00000000000000000000000000000000': 0 pak files mounted, 0 remain pending
[2019.11.15-19.04.16:368][  0]LogPakFile: Registered encryption key '00000000000000000000000000000000': 0 pak files mounted, 0 remain pending
[2019.11.15-19.04.16:370][  0]LogPakFile: Registered encryption key '00000000000000000000000000000000': 0 pak files mounted, 0 remain pending
[2019.11.15-19.04.16:372][  0]LogPakFile: Registered encryption key '00000000000000000000000000000000': 0 pak files mounted, 0 remain pending
[2019.11.15-19.04.16:374][  0]LogPakFile: Registered encryption key '00000000000000000000000000000000': 0 pak files mounted, 0 remain pending
[2019.11.15-19.04.16:487][  0]LogContentBrowser: Native class hierarchy updated for 'AddContentDialog' in 0.0007 seconds. Added 0 classes and 0 folders.
[2019.11.15-19.04.16:496][  0]LogContentBrowser: Native class hierarchy updated for 'SceneOutliner' in 0.0007 seconds. Added 1 classes and 2 folders.
[2019.11.15-19.04.18:128][  0]LogSlate: Only BGRA pngs, bmps or icos are supported in by External Image Picker
[2019.11.15-19.04.18:165][  0]LogSlate: Took 0.000406 seconds to synchronously load lazily loaded font '../../../Engine/Content/Slate/Fonts/Roboto-Regular.ttf' (155K)
[2019.11.15-19.04.18:170][  0]LogSlate: Took 0.000476 seconds to synchronously load lazily loaded font '../../../Engine/Content/Slate/Fonts/Roboto-Bold.ttf' (160K)
[2019.11.15-19.04.18:182][  0]LogSlate: Took 0.000477 seconds to synchronously load lazily loaded font '../../../Engine/Content/Editor/Slate/Fonts/FontAwesome.ttf' (139K)
[2019.11.15-19.04.18:323][  0]LogRenderer: Reallocating scene render targets to support 1208x580 Format 10 NumSamples 1 (Frame:1).
[2019.11.15-19.04.18:499][  0]LogContentBrowser: Native class hierarchy updated for 'HierarchicalLODOutliner' in 0.0009 seconds. Added 0 classes and 0 folders.
[2019.11.15-19.04.18:500][  0]LogLoad: (Engine Initialization) Total time: 17.62 seconds
[2019.11.15-19.04.18:500][  0]LogLoad: (Engine Initialization) Total Blueprint compile time: 0.00 seconds
[2019.11.15-19.04.18:670][  0]LogAssetRegistry: Asset discovery search completed in 10.1834 seconds
[2019.11.15-19.04.18:675][  0]LogCollectionManager: Rebuilt the object cache for 0 collections in 0.000000 seconds (found 0 objects)
[2019.11.15-19.04.18:675][  0]LogCollectionManager: Fixed up redirectors for 0 collections in 0.000098 seconds (updated 0 objects)
[2019.11.15-19.04.18:677][  0]LogContentStreaming: Texture pool size now 1000 MB
[2019.11.15-19.04.18:723][  0]LogSlate: Took 0.000420 seconds to synchronously load lazily loaded font '../../../Engine/Content/Slate/Fonts/Roboto-Light.ttf' (167K)
[2019.11.15-19.04.19:540][ 45]LogSlate: Took 0.000407 seconds to synchronously load lazily loaded font '../../../Engine/Content/Slate/Fonts/Roboto-Light.ttf' (167K)
[2019.11.15-19.04.21:589][168]LogSlate: FSceneViewport::OnFocusLost() reason 0
[2019.11.15-19.04.22:363][173]LogAssetEditorManager: Opening Asset editor for Blueprint /Game/Blueprints/BP_MyCharacter.BP_MyCharacter
[2019.11.15-19.04.22:856][173]LogContentBrowser: Native class hierarchy updated for 'BlueprintGraph' in 0.0011 seconds. Added 121 classes and 0 folders.
[2019.11.15-19.04.24:342][173]LogAssetEditorManager: Opening Asset editor for Blueprint /Game/Blueprints/BP_SniperProjectile.BP_SniperProjectile
[2019.11.15-19.04.27:245][310]LogAssetEditorManager: Opening Asset editor for Blueprint /Game/Blueprints/BP_SniperProjectile.BP_SniperProjectile
[2019.11.15-19.04.27:768][310]LogSlate: Took 0.014265 seconds to synchronously load lazily loaded font '../../../Engine/Content/Slate/Fonts/Roboto-BoldCondensed.ttf' (158K)
[2019.11.15-19.04.29:225][393]LogSlate: Took 0.000326 seconds to synchronously load lazily loaded font '../../../Engine/Content/Slate/Fonts/Roboto-Italic.ttf' (157K)
[2019.11.15-19.04.34:246][686]LogAIModule: Creating AISystem for world Prototype
[2019.11.15-19.04.34:253][686]LogAssetEditorManager: Opening Asset editor for World /Game/Maps/Prototype.Prototype
[2019.11.15-19.04.34:310][686]LogUObjectHash: Compacting FUObjectHashTables data took   5.54ms
[2019.11.15-19.04.34:312][686]Cmd: MAP LOAD FILE="../../../../../Universidade Europeia/GitHub/TimeRush/TimeRush/Content/Maps/Prototype.umap" TEMPLATE=0 SHOWPROGRESS=1 FEATURELEVEL=3
[2019.11.15-19.04.34:312][686]LightingResults: New page: Lighting Build
[2019.11.15-19.04.34:313][686]LoadErrors: New page: Loading map: Prototype.umap
[2019.11.15-19.04.34:314][686]MapCheck: New page: Map Check
[2019.11.15-19.04.34:314][686]LightingResults: New page: Lighting Build
[2019.11.15-19.04.34:366][686]LogUObjectHash: Compacting FUObjectHashTables data took   3.14ms
[2019.11.15-19.04.34:502][686]LogEditorServer: Finished looking for orphan Actors (0.000 secs)
[2019.11.15-19.04.34:549][686]LogUObjectHash: Compacting FUObjectHashTables data took   3.47ms
[2019.11.15-19.04.34:585][686]Cmd: MAP CHECKDEP NOCLEARLOG
[2019.11.15-19.04.34:585][686]MapCheck: Map check complete: 0 Error(s), 0 Warning(s), took 0.425ms to complete.
[2019.11.15-19.04.34:585][686]LogFileHelpers: Loading map 'Prototype' took 0.275
[2019.11.15-19.04.43:682][226]LogRenderer: Reallocating scene render targets to support 1208x716 Format 10 NumSamples 1 (Frame:1).
[2019.11.15-19.16.21:539][262]Candidate modules for hot reload:
[2019.11.15-19.16.21:539][262]  TimeRush
[2019.11.15-19.16.21:540][262]Launching UnrealBuildTool... [D:/Games/UE_4.22/Engine/Binaries/DotNET/UnrealBuildTool.exe  -ModuleWithSuffix=TimeRush,938 Win64 Development -TargetType=Editor -Project="D:/Universidade Europeia/GitHub/TimeRush/TimeRush/TimeRush.uproject" "D:/Universidade Europeia/GitHub/TimeRush/TimeRush/TimeRush.uproject"  -IgnoreJunk]
[2019.11.15-19.16.21:565][262]Warning: Starting HotReload took  0.1s.
[2019.11.15-19.16.42:794][510]CompilerResultsLog: New page: Compilation - Nov 15, 2019, 7:16:42 PM
[2019.11.15-19.16.42:794][510]CompilerResultsLog: Using 'git status' to determine working set for adaptive non-unity build (D:\Universidade Europeia\GitHub\TimeRush).
[2019.11.15-19.16.42:794][510]CompilerResultsLog: Creating makefile for TimeRushEditor (ini files are newer than makefile)
[2019.11.15-19.16.42:794][510]CompilerResultsLog: Parsing headers for TimeRushEditor
[2019.11.15-19.16.42:794][510]CompilerResultsLog:   Running UnrealHeaderTool "D:\Universidade Europeia\GitHub\TimeRush\TimeRush\TimeRush.uproject" "D:\Universidade Europeia\GitHub\TimeRush\TimeRush\Intermediate\Build\Win64\TimeRushEditor\Development\TimeRushEditor.uhtmanifest" -LogCmds="loginit warning, logexit warning, logdatabase error" -Unattended -WarningsAsErrors -installed
[2019.11.15-19.16.42:794][510]CompilerResultsLog: Reflection code generated for TimeRushEditor in 12.5952634 seconds
[2019.11.15-19.16.42:794][510]CompilerResultsLog: Using Visual Studio 2017 14.16.27023 toolchain (C:\Program Files (x86)\Microsoft Visual Studio\2017\Community\VC\Tools\MSVC\14.16.27023) and Windows 10.0.16299.0 SDK (C:\Program Files (x86)\Windows Kits\10).
[2019.11.15-19.16.42:794][510]CompilerResultsLog: Building 6 actions with 8 processes...
[2019.11.15-19.16.42:794][510]CompilerResultsLog:   [1/6] TimeRush.init.gen.cpp
[2019.11.15-19.16.42:794][510]CompilerResultsLog:   [2/6] MyCharacter.cpp
[2019.11.15-19.16.42:794][510]CompilerResultsLog:    D:\Universidade Europeia\GitHub\TimeRush\TimeRush\Source\TimeRush\MyCharacter.cpp(40) : error C2065: 'GunOffset': undeclared identifier
[2019.11.15-19.16.42:794][510]CompilerResultsLog:    D:\Universidade Europeia\GitHub\TimeRush\TimeRush\Source\TimeRush\MyCharacter.cpp(128) : error C2065: 'GunOffset': undeclared identifier
[2019.11.15-19.16.42:794][510]CompilerResultsLog:   [3/6] MyCharacter.gen.cpp
[2019.11.15-19.16.42:794][510]LogMainFrame: MainFrame: Module compiling took 21.297 seconds
[2019.11.15-19.16.42:794][510]Warning: HotReload failed, recompile failed
[2019.11.15-19.18.39:927][138]LogSlate: Window 'Message Log' being destroyed
[2019.11.15-19.18.39:929][138]LogSlate: Window 'Message Log' being destroyed
[2019.11.15-19.18.42:480][226]Candidate modules for hot reload:
[2019.11.15-19.18.42:480][226]  TimeRush
[2019.11.15-19.18.42:481][226]Launching UnrealBuildTool... [D:/Games/UE_4.22/Engine/Binaries/DotNET/UnrealBuildTool.exe  -ModuleWithSuffix=TimeRush,3335 Win64 Development -TargetType=Editor -Project="D:/Universidade Europeia/GitHub/TimeRush/TimeRush/TimeRush.uproject" "D:/Universidade Europeia/GitHub/TimeRush/TimeRush/TimeRush.uproject"  -IgnoreJunk]
[2019.11.15-19.18.42:505][226]Warning: Starting HotReload took  0.0s.
[2019.11.15-19.19.22:671][802]CompilerResultsLog: New page: Compilation - Nov 15, 2019, 7:19:22 PM
[2019.11.15-19.19.22:672][802]CompilerResultsLog: Using 'git status' to determine working set for adaptive non-unity build (D:\Universidade Europeia\GitHub\TimeRush).
[2019.11.15-19.19.22:672][802]CompilerResultsLog: Parsing headers for TimeRushEditor
[2019.11.15-19.19.22:672][802]CompilerResultsLog:   Running UnrealHeaderTool "D:\Universidade Europeia\GitHub\TimeRush\TimeRush\TimeRush.uproject" "D:\Universidade Europeia\GitHub\TimeRush\TimeRush\Intermediate\Build\Win64\TimeRushEditor\Development\TimeRushEditor.uhtmanifest" -LogCmds="loginit warning, logexit warning, logdatabase error" -Unattended -WarningsAsErrors -installed
[2019.11.15-19.19.22:672][802]CompilerResultsLog: Reflection code generated for TimeRushEditor in 26.4610073 seconds
[2019.11.15-19.19.22:672][802]CompilerResultsLog: Using Visual Studio 2017 14.16.27023 toolchain (C:\Program Files (x86)\Microsoft Visual Studio\2017\Community\VC\Tools\MSVC\14.16.27023) and Windows 10.0.16299.0 SDK (C:\Program Files (x86)\Windows Kits\10).
[2019.11.15-19.19.22:672][802]CompilerResultsLog: Building 6 actions with 8 processes...
[2019.11.15-19.19.22:672][802]CompilerResultsLog:   [1/6] TimeRush.init.gen.cpp
[2019.11.15-19.19.22:672][802]CompilerResultsLog:   [2/6] MyCharacter.cpp
[2019.11.15-19.19.22:673][802]CompilerResultsLog:    D:\Games\UE_4.22\Engine\Source\Runtime\CoreUObject\Public\Templates/SubclassOf.h(55) : error C2027: use of undefined type 'ASniperProjectile'
[2019.11.15-19.19.22:673][802]CompilerResultsLog:   d:\universidade europeia\github\timerush\timerush\source\timerush\MyCharacter.h(67): note: see declaration of 'ASniperProjectile'
[2019.11.15-19.19.22:673][802]CompilerResultsLog:   D:\Games\UE_4.22\Engine\Source\Runtime\CoreUObject\Public\Templates/SubclassOf.h(54): note: while compiling class template member function 'UClass *TSubclassOf<ASniperProjectile>::operator *(void) const'
[2019.11.15-19.19.22:673][802]CompilerResultsLog:   D:\Games\UE_4.22\Engine\Source\Runtime\CoreUObject\Public\Templates/SubclassOf.h(77): note: see reference to function template instantiation 'UClass *TSubclassOf<ASniperProjectile>::operator *(void) const' being compiled
[2019.11.15-19.19.22:674][802]CompilerResultsLog:   d:\universidade europeia\github\timerush\timerush\source\timerush\MyCharacter.h(67): note: see reference to class template instantiation 'TSubclassOf<ASniperProjectile>' being compiled
[2019.11.15-19.19.22:674][802]CompilerResultsLog:    D:\Games\UE_4.22\Engine\Source\Runtime\CoreUObject\Public\Templates/SubclassOf.h(55) : error C2672: 'StaticClass': no matching overloaded function found
[2019.11.15-19.19.22:674][802]CompilerResultsLog:    D:\Games\UE_4.22\Engine\Source\Runtime\CoreUObject\Public\Templates/SubclassOf.h(55) : error C2783: 'UClass *StaticClass(void)': could not deduce template argument for 'ClassType'
[2019.11.15-19.19.22:674][802]CompilerResultsLog:   D:\Games\UE_4.22\Engine\Source\Runtime\CoreUObject\Public\UObject/ReflectedTypeAccessors.h(13): note: see declaration of 'StaticClass'
[2019.11.15-19.19.22:674][802]CompilerResultsLog:   [3/6] MyCharacter.gen.cpp
[2019.11.15-19.19.22:674][802]LogMainFrame: MainFrame: Module compiling took 40.196 seconds
[2019.11.15-19.19.22:675][802]Warning: HotReload failed, recompile failed
[2019.11.15-19.19.36:170][551]LogVSAccessor: Warning: Couldn't goto line number '55' in 'D:\Games\UE_4.22\Engine\Source\Runtime\CoreUObject\Public\Templates/SubclassOf.h'
[2019.11.15-19.20.33:487][437]LogSlate: Window 'Message Log' being destroyed
[2019.11.15-19.20.33:489][437]LogSlate: Window 'Message Log' being destroyed
[2019.11.15-19.20.34:818][441]LogUObjectHash: Compacting FUObjectHashTables data took   1.00ms
[2019.11.15-19.20.34:932][441]LogActorComponent: UnregisterComponent: (/Engine/Transient.EditorFloorComp) Not registered. Aborting.
[2019.11.15-19.20.34:985][441]LogSlate: Window 'TimeRush - Unreal Editor' being destroyed
[2019.11.15-19.20.34:986][441]LogWindowsTextInputMethodSystem: Display: IME system now deactivated.
[2019.11.15-19.20.35:200][442]Cmd: QUIT_EDITOR
[2019.11.15-19.20.35:268][442]LogExit: Preparing to exit.
[2019.11.15-19.20.36:250][442]LogExit: Editor shut down
[2019.11.15-19.20.36:254][442]LogExit: Transaction tracking system shut down
[2019.11.15-19.20.36:390][442]LogExit: Object subsystem successfully closed.
[2019.11.15-19.20.36:419][442]LogShaderCompilers: Display: Shaders left to compile 0
[2019.11.15-19.20.36:423][442]LogD3D11RHI: Shutdown
[2019.11.15-19.20.36:423][442]LogD3D11RHI: CleanupD3DDevice
[2019.11.15-19.20.36:423][442]LogRendererCore: FGlobalReadBuffer::ReleaseRHI
[2019.11.15-19.20.36:423][442]LogRendererCore: FGlobalDynamicReadBuffer::Cleanup()
[2019.11.15-19.20.36:423][442]LogRendererCore: FGlobalReadBuffer::ReleaseRHI
[2019.11.15-19.20.36:423][442]LogRendererCore: FGlobalDynamicReadBuffer::Cleanup()
[2019.11.15-19.20.36:423][442]LogRendererCore: FGlobalReadBuffer::ReleaseRHI
[2019.11.15-19.20.36:423][442]LogRendererCore: FGlobalDynamicReadBuffer::Cleanup()
[2019.11.15-19.20.36:523][442]LogD3D11RHI: ~FD3D11DynamicRHI
[2019.11.15-19.20.36:592][442]LogModuleManager: Shutting down and abandoning module BlueprintGraph (648)
[2019.11.15-19.20.36:592][442]LogModuleManager: Shutting down and abandoning module HierarchicalLODOutliner (646)
[2019.11.15-19.20.36:592][442]LogModuleManager: Shutting down and abandoning module ExternalImagePicker (644)
[2019.11.15-19.20.36:592][442]LogModuleManager: Shutting down and abandoning module SceneOutliner (642)
[2019.11.15-19.20.36:592][442]LogModuleManager: Shutting down and abandoning module AddContentDialog (640)
[2019.11.15-19.20.36:593][442]LogModuleManager: Shutting down and abandoning module WidgetCarousel (639)
[2019.11.15-19.20.36:593][442]LogModuleManager: Shutting down and abandoning module EditorWidgets (636)
[2019.11.15-19.20.36:593][442]LogModuleManager: Shutting down and abandoning module CollectionManager (634)
[2019.11.15-19.20.36:593][442]LogModuleManager: Shutting down and abandoning module StatsViewer (632)
[2019.11.15-19.20.36:593][442]LogModuleManager: Shutting down and abandoning module FoliageEdit (630)
[2019.11.15-19.20.36:593][442]LogModuleManager: Shutting down and abandoning module LandscapeEditor (628)
[2019.11.15-19.20.36:593][442]LogModuleManager: Shutting down and abandoning module MeshPaintMode (626)
[2019.11.15-19.20.36:593][442]LogModuleManager: Shutting down and abandoning module SceneDepthPickerMode (624)
[2019.11.15-19.20.36:593][442]LogModuleManager: Shutting down and abandoning module ActorPickerMode (622)
[2019.11.15-19.20.36:593][442]LogModuleManager: Shutting down and abandoning module GeometryMode (620)
[2019.11.15-19.20.36:593][442]LogModuleManager: Shutting down and abandoning module TextureAlignMode (618)
[2019.11.15-19.20.36:593][442]LogModuleManager: Shutting down and abandoning module BspMode (616)
[2019.11.15-19.20.36:593][442]LogModuleManager: Shutting down and abandoning module PIEPreviewDeviceProfileSelector (614)
[2019.11.15-19.20.36:593][442]LogModuleManager: Shutting down and abandoning module SequenceRecorderSections (612)
[2019.11.15-19.20.36:593][442]LogModuleManager: Shutting down and abandoning module AutomationWorker (610)
[2019.11.15-19.20.36:593][442]LogModuleManager: Shutting down and abandoning module OculusMR (608)
[2019.11.15-19.20.36:593][442]LogModuleManager: Shutting down and abandoning module AudioCaptureEditor (606)
[2019.11.15-19.20.36:593][442]LogModuleManager: Shutting down and abandoning module MatineeToLevelSequence (604)
[2019.11.15-19.20.36:593][442]LogModuleManager: Shutting down and abandoning module LevelSequenceEditor (602)
[2019.11.15-19.20.36:593][442]LogModuleManager: Shutting down and abandoning module PlacementMode (601)
[2019.11.15-19.20.36:593][442]LogModuleManager: Shutting down and abandoning module MaterialEditor (600)
[2019.11.15-19.20.36:593][442]LogModuleManager: Shutting down and abandoning module ActorSequenceEditor (596)
[2019.11.15-19.20.36:593][442]LogModuleManager: Shutting down and abandoning module WmfMediaFactory (594)
[2019.11.15-19.20.36:593][442]LogModuleManager: Shutting down and abandoning module WmfMediaEditor (592)
[2019.11.15-19.20.36:593][442]LogModuleManager: Shutting down and abandoning module WebMMediaFactory (590)
[2019.11.15-19.20.36:593][442]LogModuleManager: Shutting down and abandoning module WebMMediaEditor (588)
[2019.11.15-19.20.36:593][442]LogModuleManager: Shutting down and abandoning module WebMMedia (586)
[2019.11.15-19.20.36:593][442]LogModuleManager: Shutting down and abandoning module MediaPlayerEditor (584)
[2019.11.15-19.20.36:593][442]LogModuleManager: Shutting down and abandoning module MediaCompositingEditor (582)
[2019.11.15-19.20.36:593][442]LogModuleManager: Shutting down and abandoning module SequenceRecorder (581)
[2019.11.15-19.20.36:593][442]LogModuleManager: Shutting down and abandoning module OpenExrWrapper (578)
[2019.11.15-19.20.36:593][442]LogModuleManager: Shutting down and abandoning module ImgMediaFactory (576)
[2019.11.15-19.20.36:594][442]LogModuleManager: Shutting down and abandoning module ImgMediaEditor (574)
[2019.11.15-19.20.36:594][442]LogModuleManager: Shutting down and abandoning module AvfMediaFactory (572)
[2019.11.15-19.20.36:594][442]LogModuleManager: Shutting down and abandoning module AvfMediaEditor (570)
[2019.11.15-19.20.36:594][442]LogModuleManager: Shutting down and abandoning module AndroidMediaFactory (568)
[2019.11.15-19.20.36:594][442]LogModuleManager: Shutting down and abandoning module AndroidMediaEditor (566)
[2019.11.15-19.20.36:594][442]LogModuleManager: Shutting down and abandoning module MagicLeapCameraPreviewFactory (564)
[2019.11.15-19.20.36:594][442]LogModuleManager: Shutting down and abandoning module MagicLeapMediaCodecFactory (562)
[2019.11.15-19.20.36:594][442]LogModuleManager: Shutting down and abandoning module MagicLeapMediaFactory (560)
[2019.11.15-19.20.36:594][442]LogModuleManager: Shutting down and abandoning module MagicLeapMediaEditor (558)
[2019.11.15-19.20.36:594][442]LogModuleManager: Shutting down and abandoning module CharacterAI (556)
[2019.11.15-19.20.36:594][442]LogModuleManager: Shutting down and abandoning module SmartSnapping (554)
[2019.11.15-19.20.36:594][442]LogModuleManager: Shutting down and abandoning module SessionServices (552)
[2019.11.15-19.20.36:594][442]LogModuleManager: Shutting down and abandoning module MeshPaint (550)
[2019.11.15-19.20.36:594][442]LogModuleManager: Shutting down and abandoning module ViewportSnapping (548)
[2019.11.15-19.20.36:594][442]LogModuleManager: Shutting down and abandoning module ViewportInteraction (546)
[2019.11.15-19.20.36:594][442]LogModuleManager: Shutting down and abandoning module ClothPainter (544)
[2019.11.15-19.20.36:594][442]LogModuleManager: Shutting down and abandoning module SkeletalMeshEditor (543)
[2019.11.15-19.20.36:594][442]LogModuleManager: Shutting down and abandoning module LogVisualizer (540)
[2019.11.15-19.20.36:594][442]LogModuleManager: Shutting down and abandoning module IntroTutorials (538)
[2019.11.15-19.20.36:594][442]LogModuleManager: Shutting down and abandoning module GameProjectGeneration (537)
[2019.11.15-19.20.36:594][442]LogModuleManager: Shutting down and abandoning module LuminPlatformEditor (534)
[2019.11.15-19.20.36:594][442]LogModuleManager: Shutting down and abandoning module IOSPlatformEditor (532)
[2019.11.15-19.20.36:594][442]LogModuleManager: Shutting down and abandoning module HTML5PlatformEditor (530)
[2019.11.15-19.20.36:594][442]LogModuleManager: Shutting down and abandoning module AndroidPlatformEditor (528)
[2019.11.15-19.20.36:594][442]LogModuleManager: Shutting down and abandoning module AndroidDeviceDetection (527)
[2019.11.15-19.20.37:075][442]LogModuleManager: Shutting down and abandoning module WindowsPlatformEditor (524)
[2019.11.15-19.20.37:075][442]LogModuleManager: Shutting down and abandoning module LuminRuntimeSettings (522)
[2019.11.15-19.20.37:075][442]LogModuleManager: Shutting down and abandoning module IOSRuntimeSettings (520)
[2019.11.15-19.20.37:075][442]LogModuleManager: Shutting down and abandoning module AndroidRuntimeSettings (518)
[2019.11.15-19.20.37:075][442]LogModuleManager: Shutting down and abandoning module TimeManagementEditor (516)
[2019.11.15-19.20.37:075][442]LogModuleManager: Shutting down and abandoning module InputBindingEditor (514)
[2019.11.15-19.20.37:075][442]LogModuleManager: Shutting down and abandoning module MergeActors (512)
[2019.11.15-19.20.37:075][442]LogModuleManager: Shutting down and abandoning module LocalizationDashboard (510)
[2019.11.15-19.20.37:075][442]LogModuleManager: Shutting down and abandoning module LocalizationService (509)
[2019.11.15-19.20.37:075][442]LogModuleManager: Shutting down and abandoning module HardwareTargeting (506)
[2019.11.15-19.20.37:075][442]LogModuleManager: Shutting down and abandoning module DeviceProfileEditor (504)
[2019.11.15-19.20.37:075][442]LogModuleManager: Shutting down and abandoning module UndoHistory (502)
[2019.11.15-19.20.37:075][442]LogModuleManager: Shutting down and abandoning module XmlParser (500)
[2019.11.15-19.20.37:075][442]LogModuleManager: Shutting down and abandoning module Blutility (498)
[2019.11.15-19.20.37:075][442]LogModuleManager: Shutting down and abandoning module ProjectSettingsViewer (496)
[2019.11.15-19.20.37:076][442]LogModuleManager: Shutting down and abandoning module ProjectTargetPlatformEditor (495)
[2019.11.15-19.20.37:076][442]LogModuleManager: Shutting down and abandoning module EditorSettingsViewer (492)
[2019.11.15-19.20.37:076][442]LogModuleManager: Shutting down and abandoning module SettingsEditor (490)
[2019.11.15-19.20.37:076][442]LogModuleManager: Shutting down and abandoning module ProjectLauncher (488)
[2019.11.15-19.20.37:076][442]LogModuleManager: Shutting down and abandoning module SessionFrontend (486)
[2019.11.15-19.20.37:076][442]LogModuleManager: Shutting down and abandoning module ProfilerClient (484)
[2019.11.15-19.20.37:076][442]LogModuleManager: Shutting down and abandoning module DeviceManager (482)
[2019.11.15-19.20.37:076][442]LogModuleManager: Shutting down and abandoning module TargetDeviceServices (481)
[2019.11.15-19.20.37:137][442]LogModuleManager: Shutting down and abandoning module AutomationController (478)
[2019.11.15-19.20.37:137][442]LogModuleManager: Shutting down and abandoning module AutomationWindow (476)
[2019.11.15-19.20.37:137][442]LogModuleManager: Shutting down and abandoning module Layers (474)
[2019.11.15-19.20.37:137][442]LogModuleManager: Shutting down and abandoning module ComponentVisualizers (472)
[2019.11.15-19.20.37:137][442]LogModuleManager: Shutting down and abandoning module DetailCustomizations (470)
[2019.11.15-19.20.37:137][442]LogModuleManager: Shutting down and abandoning module PackagesDialog (468)
[2019.11.15-19.20.37:137][442]LogModuleManager: Shutting down and abandoning module AnimationBlueprintEditor (466)
[2019.11.15-19.20.37:137][442]LogModuleManager: Shutting down and abandoning module Persona (464)
[2019.11.15-19.20.37:137][442]LogModuleManager: Shutting down and abandoning module AdvancedPreviewScene (463)
[2019.11.15-19.20.37:137][442]LogModuleManager: Shutting down and abandoning module AnimGraph (461)
[2019.11.15-19.20.37:137][442]LogModuleManager: Shutting down and abandoning module Kismet (458)
[2019.11.15-19.20.37:142][442]LogModuleManager: Shutting down and abandoning module GraphEditor (456)
[2019.11.15-19.20.37:142][442]LogModuleManager: Shutting down and abandoning module ClassViewer (454)
[2019.11.15-19.20.37:142][442]LogModuleManager: Shutting down and abandoning module Toolbox (452)
[2019.11.15-19.20.37:142][442]LogModuleManager: Shutting down and abandoning module DesktopPlatform (451)
[2019.11.15-19.20.37:143][442]LogModuleManager: Shutting down and abandoning module ModuleUI (448)
[2019.11.15-19.20.37:143][442]LogModuleManager: Shutting down and abandoning module MovieSceneTools (446)
[2019.11.15-19.20.37:143][442]LogModuleManager: Shutting down and abandoning module OutputLog (444)
[2019.11.15-19.20.37:143][442]LogModuleManager: Shutting down and abandoning module GammaUI (442)
[2019.11.15-19.20.37:143][442]LogModuleManager: Shutting down and abandoning module Documentation (440)
[2019.11.15-19.20.37:143][442]LogModuleManager: Shutting down and abandoning module LiveCoding (438)
[2019.11.15-19.20.37:143][442]LogModuleManager: Shutting down and abandoning module LevelSequence (436)
[2019.11.15-19.20.37:143][442]LogModuleManager: Shutting down and abandoning module MovieSceneTracks (434)
[2019.11.15-19.20.37:143][442]LogModuleManager: Shutting down and abandoning module MovieScene (432)
[2019.11.15-19.20.37:143][442]LogModuleManager: Shutting down and abandoning module StreamingPauseRendering (430)
[2019.11.15-19.20.37:143][442]LogModuleManager: Shutting down and abandoning module LauncherPlatform (428)
[2019.11.15-19.20.37:143][442]LogModuleManager: Shutting down and abandoning module AnalyticsET (426)
[2019.11.15-19.20.37:143][442]LogModuleManager: Shutting down and abandoning module PortalServices (424)
[2019.11.15-19.20.37:143][442]LogModuleManager: Shutting down and abandoning module PortalRpc (422)
[2019.11.15-19.20.37:143][442]LogModuleManager: Shutting down and abandoning module MessagingRpc (420)
[2019.11.15-19.20.37:143][442]LogModuleManager: Shutting down and abandoning module AIModule (418)
[2019.11.15-19.20.37:143][442]LogModuleManager: Shutting down and abandoning module GameplayDebugger (417)
[2019.11.15-19.20.37:143][442]LogModuleManager: Shutting down and abandoning module AITestSuite (415)
[2019.11.15-19.20.37:143][442]LogModuleManager: Shutting down and abandoning module NavigationSystem (413)
[2019.11.15-19.20.37:143][442]LogModuleManager: Shutting down and abandoning module ImageWriteQueue (410)
[2019.11.15-19.20.37:147][442]LogModuleManager: Shutting down and abandoning module ProfilerService (408)
[2019.11.15-19.20.37:180][442]LogModuleManager: Shutting down and abandoning module TaskGraph (406)
[2019.11.15-19.20.37:180][442]LogModuleManager: Shutting down and abandoning module SteamVRController (404)
[2019.11.15-19.20.37:180][442]LogModuleManager: Shutting down and abandoning module ProceduralMeshComponentEditor (402)
[2019.11.15-19.20.37:181][442]LogModuleManager: Shutting down and abandoning module ProceduralMeshComponent (400)
[2019.11.15-19.20.37:181][442]LogModuleManager: Shutting down and abandoning module OculusEditor (398)
[2019.11.15-19.20.37:181][442]LogModuleManager: Shutting down and abandoning module OculusInput (396)
[2019.11.15-19.20.37:181][442]LogModuleManager: Shutting down and abandoning module MobilePatchingUtils (394)
[2019.11.15-19.20.37:181][442]LogModuleManager: Shutting down and abandoning module EditableMesh (392)
[2019.11.15-19.20.37:181][442]LogModuleManager: Shutting down and abandoning module CustomMeshComponent (390)
[2019.11.15-19.20.37:181][442]LogModuleManager: Shutting down and abandoning module CableComponent (388)
[2019.11.15-19.20.37:181][442]LogModuleManager: Shutting down and abandoning module AudioCapture (386)
[2019.11.15-19.20.37:181][442]LogModuleManager: Shutting down and abandoning module ArchVisCharacter (384)
[2019.11.15-19.20.37:181][442]LogModuleManager: Shutting down and abandoning module AndroidPermission (382)
[2019.11.15-19.20.37:181][442]LogModuleManager: Shutting down and abandoning module NUTUnrealEngine4 (380)
[2019.11.15-19.20.37:181][442]LogModuleManager: Shutting down and abandoning module NetcodeUnitTest (378)
[2019.11.15-19.20.37:181][442]LogModuleManager: Shutting down and abandoning module MediaCompositing (376)
[2019.11.15-19.20.37:181][442]LogModuleManager: Shutting down and abandoning module LinearTimecode (374)
[2019.11.15-19.20.37:181][442]LogModuleManager: Shutting down and abandoning module ImgMedia (372)
[2019.11.15-19.20.37:181][442]LogModuleManager: Shutting down and abandoning module MagicLeapHelperVulkan (370)
[2019.11.15-19.20.37:181][442]LogModuleManager: Shutting down and abandoning module MagicLeapHelperOpenGL (368)
[2019.11.15-19.20.37:181][442]LogModuleManager: Shutting down and abandoning module MagicLeapAudio (366)
[2019.11.15-19.20.37:181][442]LogModuleManager: Shutting down and abandoning module HTML5Networking (364)
[2019.11.15-19.20.37:181][442]LogModuleManager: Shutting down and abandoning module GeometryCacheTracks (362)
[2019.11.15-19.20.37:181][442]LogModuleManager: Shutting down and abandoning module GeometryCacheSequencer (360)
[2019.11.15-19.20.37:181][442]LogModuleManager: Shutting down and abandoning module BackChannel (358)
[2019.11.15-19.20.37:181][442]LogModuleManager: Shutting down and abandoning module AppleVision (356)
[2019.11.15-19.20.37:181][442]LogModuleManager: Shutting down and abandoning module AppleImageUtilsBlueprintSupport (354)
[2019.11.15-19.20.37:181][442]LogModuleManager: Shutting down and abandoning module AppleImageUtils (352)
[2019.11.15-19.20.37:181][442]LogModuleManager: Shutting down and abandoning module AlembicImporter (350)
[2019.11.15-19.20.37:181][442]LogModuleManager: Shutting down and abandoning module AlembicLibrary (349)
[2019.11.15-19.20.37:182][442]LogModuleManager: Shutting down and abandoning module GeometryCache (348)
[2019.11.15-19.20.37:182][442]LogModuleManager: Shutting down and abandoning module GeometryCacheEd (347)
[2019.11.15-19.20.37:182][442]LogModuleManager: Shutting down and abandoning module VariantManagerContent (342)
[2019.11.15-19.20.37:182][442]LogModuleManager: Shutting down and abandoning module DatasmithContentEditor (340)
[2019.11.15-19.20.37:182][442]LogModuleManager: Shutting down and abandoning module SpeedTreeImporter (338)
[2019.11.15-19.20.37:182][442]LogModuleManager: Shutting down and abandoning module PluginBrowser (336)
[2019.11.15-19.20.37:182][442]LogModuleManager: Shutting down and abandoning module MobileLauncherProfileWizard (334)
[2019.11.15-19.20.37:182][442]LogModuleManager: Shutting down and abandoning module MaterialAnalyzer (332)
[2019.11.15-19.20.37:182][442]LogModuleManager: Shutting down and abandoning module CryptoKeysOpenSSL (330)
[2019.11.15-19.20.37:182][442]LogModuleManager: Shutting down and abandoning module CryptoKeys (328)
[2019.11.15-19.20.37:182][442]LogModuleManager: Shutting down and abandoning module VisualStudioSourceCodeAccess (326)
[2019.11.15-19.20.37:182][442]LogModuleManager: Shutting down and abandoning module VisualStudioCodeSourceCodeAccess (324)
[2019.11.15-19.20.37:182][442]LogModuleManager: Shutting down and abandoning module UObjectPlugin (322)
[2019.11.15-19.20.37:182][442]LogModuleManager: Shutting down and abandoning module SubversionSourceControl (320)
[2019.11.15-19.20.37:182][442]LogModuleManager: Shutting down and abandoning module PerforceSourceControl (318)
[2019.11.15-19.20.37:182][442]LogModuleManager: Shutting down and abandoning module GitSourceControl (316)
[2019.11.15-19.20.37:182][442]LogModuleManager: Shutting down and abandoning module SourceControl (315)
[2019.11.15-19.20.37:182][442]LogModuleManager: Shutting down and abandoning module CLionSourceCodeAccess (312)
[2019.11.15-19.20.37:182][442]LogModuleManager: Shutting down and abandoning module AnimationSharingEd (310)
[2019.11.15-19.20.37:182][442]LogModuleManager: Shutting down and abandoning module ActorLayerUtilitiesEditor (308)
[2019.11.15-19.20.37:182][442]LogModuleManager: Shutting down and abandoning module ActorLayerUtilities (306)
[2019.11.15-19.20.37:182][442]LogModuleManager: Shutting down and abandoning module LightPropagationVolumeEditor (304)
[2019.11.15-19.20.37:182][442]LogModuleManager: Shutting down and abandoning module PaperTiledImporter (302)
[2019.11.15-19.20.37:182][442]LogModuleManager: Shutting down and abandoning module PaperSpriteSheetImporter (300)
[2019.11.15-19.20.37:182][442]LogModuleManager: Shutting down and abandoning module Paper2DEditor (298)
[2019.11.15-19.20.37:182][442]LogModuleManager: Shutting down and abandoning module TimeRush (296)
[2019.11.15-19.20.37:182][442]LogModuleManager: Shutting down and abandoning module SignificanceManager (294)
[2019.11.15-19.20.37:182][442]LogModuleManager: Shutting down and abandoning module RuntimePhysXCooking (292)
[2019.11.15-19.20.37:182][442]LogModuleManager: Shutting down and abandoning module PhysXVehiclesEditor (290)
[2019.11.15-19.20.37:182][442]LogModuleManager: Shutting down and abandoning module PhysXVehicles (288)
[2019.11.15-19.20.37:182][442]LogModuleManager: Shutting down and abandoning module LocationServicesBPLibrary (286)
[2019.11.15-19.20.37:182][442]LogModuleManager: Shutting down and abandoning module ActorSequence (284)
[2019.11.15-19.20.37:182][442]LogModuleManager: Shutting down and abandoning module UdpMessaging (282)
[2019.11.15-19.20.37:284][442]LogModuleManager: Shutting down and abandoning module TcpMessaging (280)
[2019.11.15-19.20.37:385][442]LogModuleManager: Shutting down and abandoning module MagicLeapIdentity (278)
[2019.11.15-19.20.37:385][442]LogModuleManager: Shutting down and abandoning module MagicLeapSecureStorage (276)
[2019.11.15-19.20.37:385][442]LogModuleManager: Shutting down and abandoning module MagicLeapHandTracking (274)
[2019.11.15-19.20.37:385][442]LogModuleManager: Shutting down and abandoning module MagicLeapEyeTracker (272)
[2019.11.15-19.20.37:385][442]LogModuleManager: Shutting down and abandoning module MagicLeapController (270)
[2019.11.15-19.20.37:385][442]LogSlate: Slate User Destroyed.  User Index 0, Is Virtual User: 0
[2019.11.15-19.20.37:385][442]LogModuleManager: Shutting down and abandoning module MagicLeapAR (268)
[2019.11.15-19.20.37:385][442]LogModuleManager: Shutting down and abandoning module AugmentedReality (267)
[2019.11.15-19.20.37:385][442]LogModuleManager: Shutting down and abandoning module GameplayTagsEditor (264)
[2019.11.15-19.20.37:385][442]LogModuleManager: Shutting down and abandoning module FacialAnimationEditor (262)
[2019.11.15-19.20.37:385][442]LogModuleManager: Shutting down and abandoning module FacialAnimation (260)
[2019.11.15-19.20.37:385][442]LogModuleManager: Shutting down and abandoning module DataValidation (258)
[2019.11.15-19.20.37:385][442]LogModuleManager: Shutting down and abandoning module AssetManagerEditor (256)
[2019.11.15-19.20.37:385][442]LogModuleManager: Shutting down and abandoning module LevelEditor (255)
[2019.11.15-19.20.37:386][442]LogModuleManager: Shutting down and abandoning module PixelInspectorModule (254)
[2019.11.15-19.20.37:386][442]LogModuleManager: Shutting down and abandoning module CommonMenuExtensions (252)
[2019.11.15-19.20.37:386][442]LogModuleManager: Shutting down and abandoning module MainFrame (250)
[2019.11.15-19.20.37:386][442]LogModuleManager: Shutting down and abandoning module HotReload (249)
[2019.11.15-19.20.37:386][442]LogModuleManager: Shutting down and abandoning module ContentBrowser (245)
[2019.11.15-19.20.37:387][442]LogModuleManager: Shutting down and abandoning module TreeMap (243)
[2019.11.15-19.20.37:387][442]LogModuleManager: Shutting down and abandoning module AnimationSharing (240)
[2019.11.15-19.20.37:387][442]LogModuleManager: Shutting down and abandoning module LightPropagationVolumeRuntime (238)
[2019.11.15-19.20.37:387][442]LogModuleManager: Shutting down and abandoning module AISupportModule (236)
[2019.11.15-19.20.37:387][442]LogModuleManager: Shutting down and abandoning module Paper2D (234)
[2019.11.15-19.20.37:387][442]LogModuleManager: Shutting down and abandoning module WindowsMoviePlayer (232)
[2019.11.15-19.20.37:387][442]LogModuleManager: Shutting down and abandoning module WebMMoviePlayer (230)
[2019.11.15-19.20.37:387][442]LogModuleManager: Shutting down and abandoning module PacketHandler (228)
[2019.11.15-19.20.37:387][442]LogModuleManager: Shutting down and abandoning module ClothingSystemEditor (226)
[2019.11.15-19.20.37:387][442]LogModuleManager: Shutting down and abandoning module ClothingSystemRuntime (224)
[2019.11.15-19.20.37:387][442]LogModuleManager: Shutting down and abandoning module MediaAssets (222)
[2019.11.15-19.20.37:387][442]LogModuleManager: Shutting down and abandoning module Overlay (220)
[2019.11.15-19.20.37:387][442]LogModuleManager: Shutting down and abandoning module OverlayEditor (219)
[2019.11.15-19.20.37:388][442]LogModuleManager: Shutting down and abandoning module VREditor (216)
[2019.11.15-19.20.37:388][442]LogModuleManager: Shutting down and abandoning module StringTableEditor (214)
[2019.11.15-19.20.37:388][442]LogModuleManager: Shutting down and abandoning module GameplayTasksEditor (212)
[2019.11.15-19.20.37:388][442]LogModuleManager: Shutting down and abandoning module BehaviorTreeEditor (210)
[2019.11.15-19.20.37:388][442]LogModuleManager: Shutting down and abandoning module FunctionalTesting (208)
[2019.11.15-19.20.37:388][442]LogModuleManager: Shutting down and abandoning module CollisionAnalyzer (206)
[2019.11.15-19.20.37:388][442]LogModuleManager: Shutting down and abandoning module WorkspaceMenuStructure (205)
[2019.11.15-19.20.37:388][442]LogModuleManager: Shutting down and abandoning module UMG (202)
[2019.11.15-19.20.37:388][442]LogModuleManager: Shutting down and abandoning module UMGEditor (201)
[2019.11.15-19.20.37:388][442]LogModuleManager: Shutting down and abandoning module Sequencer (200)
[2019.11.15-19.20.37:388][442]LogModuleManager: Shutting down and abandoning module MessageLog (197)
[2019.11.15-19.20.37:388][442]LogModuleManager: Shutting down and abandoning module SlateReflector (192)
[2019.11.15-19.20.37:388][442]LogModuleManager: Shutting down and abandoning module Slate (190)
[2019.11.15-19.20.37:388][442]LogModuleManager: Shutting down and abandoning module EditorStyle (188)
[2019.11.15-19.20.37:390][442]LogModuleManager: Shutting down and abandoning module UnrealEd (186)
[2019.11.15-19.20.37:390][442]LogModuleManager: Shutting down and abandoning module MRMesh (184)
[2019.11.15-19.20.37:390][442]LogModuleManager: Shutting down and abandoning module SourceCodeAccess (182)
[2019.11.15-19.20.37:390][442]LogModuleManager: Shutting down and abandoning module HeadMountedDisplay (180)
[2019.11.15-19.20.37:390][442]LogModuleManager: Shutting down and abandoning module XAudio2 (178)
[2019.11.15-19.20.37:390][442]LogModuleManager: Shutting down and abandoning module Networking (176)
[2019.11.15-19.20.37:390][442]LogModuleManager: Shutting down and abandoning module Core (174)
[2019.11.15-19.20.37:390][442]LogModuleManager: Shutting down and abandoning module KismetCompiler (172)
[2019.11.15-19.20.37:390][442]LogModuleManager: Shutting down and abandoning module MeshUtilities (170)
[2019.11.15-19.20.37:390][442]LogModuleManager: Shutting down and abandoning module MeshMergeUtilities (169)
[2019.11.15-19.20.37:390][442]LogModuleManager: Shutting down and abandoning module MeshReductionInterface (168)
[2019.11.15-19.20.37:390][442]LogModuleManager: Shutting down and abandoning module SkeletalMeshReduction (167)
[2019.11.15-19.20.37:390][442]LogModuleManager: Shutting down and abandoning module ProxyLODMeshReduction (165)
[2019.11.15-19.20.37:390][442]LogModuleManager: Shutting down and abandoning module QuadricMeshReduction (163)
[2019.11.15-19.20.37:390][442]LogModuleManager: Shutting down and abandoning module MaterialBaking (159)
[2019.11.15-19.20.37:390][442]LogModuleManager: Shutting down and abandoning module DerivedDataCache (154)
[2019.11.15-19.20.37:429][442]LogDerivedDataCache: Shutdown
[2019.11.15-19.20.37:429][442]LogModuleManager: Shutting down and abandoning module XGEController (152)
[2019.11.15-19.20.37:429][442]LogModuleManager: Shutting down and abandoning module TargetPlatform (150)
[2019.11.15-19.20.37:429][442]LogModuleManager: Shutting down and abandoning module VulkanShaderFormat (149)
[2019.11.15-19.20.37:429][442]LogModuleManager: Shutting down and abandoning module ShaderFormatVectorVM (147)
[2019.11.15-19.20.37:429][442]LogModuleManager: Shutting down and abandoning module ShaderFormatOpenGL (145)
[2019.11.15-19.20.37:429][442]LogModuleManager: Shutting down and abandoning module ShaderFormatD3D (143)
[2019.11.15-19.20.37:429][442]LogModuleManager: Shutting down and abandoning module MetalShaderFormat (141)
[2019.11.15-19.20.37:429][442]LogModuleManager: Shutting down and abandoning module TextureFormatUncompressed (139)
[2019.11.15-19.20.37:429][442]LogModuleManager: Shutting down and abandoning module TextureFormatPVR (137)
[2019.11.15-19.20.37:429][442]LogModuleManager: Shutting down and abandoning module TextureFormatDXT (135)
[2019.11.15-19.20.37:429][442]LogModuleManager: Shutting down and abandoning module TextureFormatIntelISPCTexComp (133)
[2019.11.15-19.20.37:429][442]LogModuleManager: Shutting down and abandoning module TextureFormatASTC (131)
[2019.11.15-19.20.37:429][442]LogModuleManager: Shutting down and abandoning module ImageWrapper (130)
[2019.11.15-19.20.37:429][442]LogModuleManager: Shutting down and abandoning module TextureFormatAndroid (127)
[2019.11.15-19.20.37:429][442]LogModuleManager: Shutting down and abandoning module AudioFormatOpus (125)
[2019.11.15-19.20.37:429][442]LogModuleManager: Shutting down and abandoning module AudioFormatOgg (123)
[2019.11.15-19.20.37:429][442]LogModuleManager: Shutting down and abandoning module AudioFormatADPCM (121)
[2019.11.15-19.20.37:429][442]LogModuleManager: Shutting down and abandoning module LuminTargetPlatform (119)
[2019.11.15-19.20.37:430][442]LogModuleManager: Shutting down and abandoning module LinuxTargetPlatform (117)
[2019.11.15-19.20.37:430][442]LogModuleManager: Shutting down and abandoning module LinuxServerTargetPlatform (115)
[2019.11.15-19.20.37:430][442]LogModuleManager: Shutting down and abandoning module LinuxNoEditorTargetPlatform (113)
[2019.11.15-19.20.37:430][442]LogModuleManager: Shutting down and abandoning module LinuxClientTargetPlatform (111)
[2019.11.15-19.20.37:430][442]LogModuleManager: Shutting down and abandoning module TVOSTargetPlatform (109)
[2019.11.15-19.20.37:431][442]LogModuleManager: Shutting down and abandoning module Messaging (107)
[2019.11.15-19.20.37:431][442]LogModuleManager: Shutting down and abandoning module IOSTargetPlatform (105)
[2019.11.15-19.20.37:432][442]LogModuleManager: Shutting down and abandoning module HTML5TargetPlatform (103)
[2019.11.15-19.20.37:432][442]LogModuleManager: Shutting down and abandoning module AndroidTargetPlatform (101)
[2019.11.15-19.20.37:438][442]LogModuleManager: Shutting down and abandoning module WindowsTargetPlatform (99)
[2019.11.15-19.20.37:438][442]LogModuleManager: Shutting down and abandoning module WindowsServerTargetPlatform (97)
[2019.11.15-19.20.37:438][442]LogModuleManager: Shutting down and abandoning module WindowsNoEditorTargetPlatform (95)
[2019.11.15-19.20.37:438][442]LogModuleManager: Shutting down and abandoning module WindowsClientTargetPlatform (93)
[2019.11.15-19.20.37:438][442]LogModuleManager: Shutting down and abandoning module MacTargetPlatform (91)
[2019.11.15-19.20.37:438][442]LogModuleManager: Shutting down and abandoning module MacServerTargetPlatform (89)
[2019.11.15-19.20.37:438][442]LogModuleManager: Shutting down and abandoning module MacNoEditorTargetPlatform (87)
[2019.11.15-19.20.37:438][442]LogModuleManager: Shutting down and abandoning module MacClientTargetPlatform (85)
[2019.11.15-19.20.37:438][442]LogModuleManager: Shutting down and abandoning module AllDesktopTargetPlatform (83)
[2019.11.15-19.20.37:438][442]LogModuleManager: Shutting down and abandoning module InputCore (80)
[2019.11.15-19.20.37:438][442]LogModuleManager: Shutting down and abandoning module Settings (78)
[2019.11.15-19.20.37:438][442]LogModuleManager: Shutting down and abandoning module DirectoryWatcher (76)
[2019.11.15-19.20.37:438][442]LogModuleManager: Shutting down and abandoning module PhysXCooking (74)
[2019.11.15-19.20.37:438][442]LogModuleManager: Shutting down and abandoning module SteamVR (72)
[2019.11.15-19.20.37:438][442]LogHMD: Freeing OpenVRDLLHandle.
[2019.11.15-19.20.37:438][442]LogModuleManager: Shutting down and abandoning module OculusHMD (70)
[2019.11.15-19.20.37:439][442]LogModuleManager: Shutting down and abandoning module ExampleDeviceProfileSelector (68)
[2019.11.15-19.20.37:439][442]LogModuleManager: Shutting down and abandoning module LauncherChunkInstaller (66)
[2019.11.15-19.20.37:439][442]LogModuleManager: Shutting down and abandoning module OnlineBlueprintSupport (64)
[2019.11.15-19.20.37:439][442]LogModuleManager: Shutting down and abandoning module OnlineSubsystem (60)
[2019.11.15-19.20.37:439][442]LogModuleManager: Shutting down and abandoning module XMPP (55)
[2019.11.15-19.20.37:440][442]LogModuleManager: Shutting down and abandoning module WebSockets (54)
[2019.11.15-19.20.37:464][442]LogModuleManager: Shutting down and abandoning module HTTP (51)
[2019.11.15-19.20.37:464][442]LogHttp: Display: Http module shutting down, but needs to wait on 1 outstanding Http requests:
[2019.11.15-19.20.37:464][442]LogHttp: Display: 	verb=[POST] url=[https://datarouter.ol.epicgames.com/datarouter/api/v1/public/data?SessionID=%7BEA14B551-44A2-F06D-7EBA-39B9EDB774A9%7D&AppID=UEEditor.Rocket.Release&AppVersion=4.22.3-7053642%2B%2B%2BUE4%2BRelease-4.22&UserID=524ac55447546ede1d9458803efa3999%7C0ec919422b334695a8bb8c80de01ba99%7C89d91ea8-df39-4ffd-950b-d2313e809f2b&AppEnvironment=datacollector-binary&UploadType=eteventstream] status=Processing
[2019.11.15-19.20.37:481][442]LogModuleManager: Shutting down and abandoning module SSL (50)
[2019.11.15-19.20.37:482][442]LogModuleManager: Shutting down and abandoning module WmfMedia (46)
[2019.11.15-19.20.37:483][442]LogModuleManager: Shutting down and abandoning module Media (45)
[2019.11.15-19.20.37:489][442]LogModuleManager: Shutting down and abandoning module MagicLeap (42)
[2019.11.15-19.20.37:489][442]LogModuleManager: Shutting down and abandoning module DatasmithContent (40)
[2019.11.15-19.20.37:490][442]LogModuleManager: Shutting down and abandoning module AnimationModifiers (38)
[2019.11.15-19.20.37:490][442]LogModuleManager: Shutting down and abandoning module PropertyEditor (37)
[2019.11.15-19.20.37:490][442]LogModuleManager: Shutting down and abandoning module AudioEditor (34)
[2019.11.15-19.20.37:491][442]LogModuleManager: Shutting down and abandoning module TextureCompressor (32)
[2019.11.15-19.20.37:491][442]LogModuleManager: Shutting down and abandoning module RenderCore (30)
[2019.11.15-19.20.37:491][442]LogModuleManager: Shutting down and abandoning module Landscape (28)
[2019.11.15-19.20.37:491][442]LogModuleManager: Shutting down and abandoning module SlateRHIRenderer (26)
[2019.11.15-19.20.37:491][442]LogModuleManager: Shutting down and abandoning module OpenGLDrv (24)
[2019.11.15-19.20.37:491][442]LogModuleManager: Shutting down and abandoning module D3D11RHI (22)
[2019.11.15-19.20.37:491][442]LogModuleManager: Shutting down and abandoning module AnimGraphRuntime (20)
[2019.11.15-19.20.37:491][442]LogModuleManager: Shutting down and abandoning module Renderer (18)
[2019.11.15-19.20.37:491][442]LogModuleManager: Shutting down and abandoning module Engine (16)
[2019.11.15-19.20.37:492][442]LogModuleManager: Shutting down and abandoning module CoreUObject (14)
[2019.11.15-19.20.37:492][442]LogModuleManager: Shutting down and abandoning module NetworkFile (12)
[2019.11.15-19.20.37:492][442]LogModuleManager: Shutting down and abandoning module CookedIterativeFile (10)
[2019.11.15-19.20.37:492][442]LogModuleManager: Shutting down and abandoning module StreamingFile (8)
[2019.11.15-19.20.37:492][442]LogModuleManager: Shutting down and abandoning module SandboxFile (6)
[2019.11.15-19.20.37:492][442]LogModuleManager: Shutting down and abandoning module PakFile (4)
[2019.11.15-19.20.37:492][442]LogModuleManager: Shutting down and abandoning module RSA (3)
[2019.11.15-19.20.37:501][442]LogExit: Exiting.
[2019.11.15-19.20.37:551][442]Log file closed, 11/15/19 19:20:37
